=== RCE扫描器调试日志 - 开始于 2025-05-20 13:18:49 ===

格式说明：
[时间] [操作类型] 详细信息

[2025-05-20 13:18:49] [INIT] RCE扫描器初始化完成
[2025-05-20 13:18:49] [RULES] 开始加载RCE规则...
[2025-05-20 13:18:49] [RULES] 尝试获取RCE载荷规则...
[2025-05-20 13:18:49] [DB] 正在从数据库获取规则，类型: command_injection，子类型: payload
[2025-05-20 13:18:49] [DB] 查询到 4 条类型为 command_injection 的规则
[2025-05-20 13:18:49] [DB] 解析规则 1, ID: 10, 名称: RCE匹配模式规则
[2025-05-20 13:18:49] [DB] 规则内容预览: {"subType":"match_patterns","patterns":{"os_command":["cmd_inj_test"],"code_injection":[]}}
[2025-05-20 13:18:49] [DB] 规则子类型: match_patterns
[2025-05-20 13:18:49] [DB] 解析规则 2, ID: 12, 名称: 命令/代码执行规则
[2025-05-20 13:18:49] [DB] 规则内容预览: {"subType":"payload","payloads":["|echo rce_test_cmd"]}
[2025-05-20 13:18:49] [DB] 规则子类型: payload
[2025-05-20 13:18:49] [DB] 已添加匹配的规则，ID: 12
[2025-05-20 13:18:49] [DB] 解析规则 3, ID: 13, 名称: 执行结果匹配模式
[2025-05-20 13:18:49] [DB] 规则内容预览: {"subType":"match_pattern","payloads":["rce_test_cmd"]}
[2025-05-20 13:18:49] [DB] 规则子类型: match_pattern
[2025-05-20 13:18:49] [DB] 解析规则 4, ID: 11, 名称: 系统命令执行规则
[2025-05-20 13:18:49] [DB] 规则内容预览: {"subType":"os_command","payloads":["|echo cmd_inj_test"]}
[2025-05-20 13:18:49] [DB] 规则子类型: os_command
[2025-05-20 13:18:49] [DB] 最终匹配到 1 条规则
[2025-05-20 13:18:49] [RULES] 已加载 1 条命令/代码执行载荷
[2025-05-20 13:18:49] [PAYLOAD] [1] |echo rce_test_cmd
[2025-05-20 13:18:49] [RULES] 尝试获取RCE匹配模式规则...
[2025-05-20 13:18:49] [DB] 正在从数据库获取规则，类型: command_injection，子类型: match_pattern
[2025-05-20 13:18:49] [DB] 查询到 4 条类型为 command_injection 的规则
[2025-05-20 13:18:49] [DB] 解析规则 1, ID: 10, 名称: RCE匹配模式规则
[2025-05-20 13:18:49] [DB] 规则内容预览: {"subType":"match_patterns","patterns":{"os_command":["cmd_inj_test"],"code_injection":[]}}
[2025-05-20 13:18:49] [DB] 规则子类型: match_patterns
[2025-05-20 13:18:49] [DB] 解析规则 2, ID: 12, 名称: 命令/代码执行规则
[2025-05-20 13:18:49] [DB] 规则内容预览: {"subType":"payload","payloads":["|echo rce_test_cmd"]}
[2025-05-20 13:18:49] [DB] 规则子类型: payload
[2025-05-20 13:18:49] [DB] 解析规则 3, ID: 13, 名称: 执行结果匹配模式
[2025-05-20 13:18:49] [DB] 规则内容预览: {"subType":"match_pattern","payloads":["rce_test_cmd"]}
[2025-05-20 13:18:49] [DB] 规则子类型: match_pattern
[2025-05-20 13:18:49] [DB] 已添加匹配的规则，ID: 13
[2025-05-20 13:18:49] [DB] 解析规则 4, ID: 11, 名称: 系统命令执行规则
[2025-05-20 13:18:49] [DB] 规则内容预览: {"subType":"os_command","payloads":["|echo cmd_inj_test"]}
[2025-05-20 13:18:49] [DB] 规则子类型: os_command
[2025-05-20 13:18:49] [DB] 最终匹配到 1 条规则
[2025-05-20 13:18:49] [RULES] 已加载 1 条命令/代码执行匹配模式
[2025-05-20 13:18:49] [PATTERN] [1] rce_test_cmd
[2025-05-20 13:18:49] [RULES] RCE规则加载成功
