=== SSRF扫描器调试日志 - 开始于 2025-05-09 10:27:05 ===

格式说明：
[时间] [操作类型] 详细信息

[2025-05-09 10:27:05] [DB_QUERY] 从数据库获取 ssrf 类型规则，共 2 条
[2025-05-09 10:27:05] [DB_QUERY] 筛选子类型 payload 后，共 1 条规则
[2025-05-09 10:27:05] [LOAD_RULES] 已加载 2 条SSRF测试载荷
[2025-05-09 10:27:05] [PAYLOAD] [1] http://uh1nhi.dnslog.cn
[2025-05-09 10:27:05] [PAYLOAD] [2] http://localhost:3306/
[2025-05-09 10:27:05] [DB_QUERY] 从数据库获取 ssrf 类型规则，共 2 条
[2025-05-09 10:27:05] [DB_QUERY] 筛选子类型 match_pattern 后，共 1 条规则
[2025-05-09 10:27:05] [LOAD_RULES] 已加载 0 条SSRF匹配模式
[2025-05-09 10:27:05] [WARNING] 没有从数据库加载到任何SSRF匹配模式
[2025-05-09 10:27:18] [DB_QUERY] 从数据库获取 ssrf 类型规则，共 2 条
[2025-05-09 10:27:18] [DB_QUERY] 筛选子类型 payload 后，共 1 条规则
[2025-05-09 10:27:18] [LOAD_RULES] 已加载 2 条SSRF测试载荷
[2025-05-09 10:27:18] [PAYLOAD] [1] http://uh1nhi.dnslog.cn
[2025-05-09 10:27:18] [PAYLOAD] [2] http://localhost:3306/
[2025-05-09 10:27:18] [DB_QUERY] 从数据库获取 ssrf 类型规则，共 2 条
[2025-05-09 10:27:18] [DB_QUERY] 筛选子类型 match_pattern 后，共 1 条规则
[2025-05-09 10:27:18] [LOAD_RULES] 已加载 0 条SSRF匹配模式
[2025-05-09 10:27:18] [WARNING] 没有从数据库加载到任何SSRF匹配模式
[2025-05-09 10:27:18] [SCAN] 规则加载失败，跳过扫描
[2025-05-09 10:27:18] [DB_QUERY] 从数据库获取 ssrf 类型规则，共 2 条
[2025-05-09 10:27:18] [DB_QUERY] 筛选子类型 payload 后，共 1 条规则
[2025-05-09 10:27:18] [LOAD_RULES] 已加载 2 条SSRF测试载荷
[2025-05-09 10:27:18] [PAYLOAD] [1] http://uh1nhi.dnslog.cn
[2025-05-09 10:27:18] [PAYLOAD] [2] http://localhost:3306/
[2025-05-09 10:27:18] [DB_QUERY] 从数据库获取 ssrf 类型规则，共 2 条
[2025-05-09 10:27:18] [DB_QUERY] 筛选子类型 match_pattern 后，共 1 条规则
[2025-05-09 10:27:18] [LOAD_RULES] 已加载 0 条SSRF匹配模式
[2025-05-09 10:27:18] [WARNING] 没有从数据库加载到任何SSRF匹配模式
[2025-05-09 10:27:18] [SCAN] 规则加载失败，跳过扫描
[2025-05-09 10:27:18] [DB_QUERY] 从数据库获取 ssrf 类型规则，共 2 条
[2025-05-09 10:27:18] [DB_QUERY] 筛选子类型 payload 后，共 1 条规则
[2025-05-09 10:27:18] [LOAD_RULES] 已加载 2 条SSRF测试载荷
[2025-05-09 10:27:18] [PAYLOAD] [1] http://uh1nhi.dnslog.cn
[2025-05-09 10:27:18] [PAYLOAD] [2] http://localhost:3306/
[2025-05-09 10:27:18] [DB_QUERY] 从数据库获取 ssrf 类型规则，共 2 条
[2025-05-09 10:27:18] [DB_QUERY] 筛选子类型 match_pattern 后，共 1 条规则
[2025-05-09 10:27:18] [LOAD_RULES] 已加载 0 条SSRF匹配模式
[2025-05-09 10:27:18] [WARNING] 没有从数据库加载到任何SSRF匹配模式
[2025-05-09 10:27:18] [SCAN] 规则加载失败，跳过扫描
[2025-05-09 10:27:19] [DB_QUERY] 从数据库获取 ssrf 类型规则，共 2 条
[2025-05-09 10:27:19] [DB_QUERY] 筛选子类型 payload 后，共 1 条规则
[2025-05-09 10:27:19] [LOAD_RULES] 已加载 2 条SSRF测试载荷
[2025-05-09 10:27:19] [PAYLOAD] [1] http://uh1nhi.dnslog.cn
[2025-05-09 10:27:19] [PAYLOAD] [2] http://localhost:3306/
[2025-05-09 10:27:19] [DB_QUERY] 从数据库获取 ssrf 类型规则，共 2 条
[2025-05-09 10:27:19] [DB_QUERY] 筛选子类型 match_pattern 后，共 1 条规则
[2025-05-09 10:27:19] [LOAD_RULES] 已加载 0 条SSRF匹配模式
[2025-05-09 10:27:19] [WARNING] 没有从数据库加载到任何SSRF匹配模式
[2025-05-09 10:27:19] [SCAN] 规则加载失败，跳过扫描
[2025-05-09 10:27:19] [DB_QUERY] 从数据库获取 ssrf 类型规则，共 2 条
[2025-05-09 10:27:19] [DB_QUERY] 筛选子类型 payload 后，共 1 条规则
[2025-05-09 10:27:19] [LOAD_RULES] 已加载 2 条SSRF测试载荷
[2025-05-09 10:27:19] [PAYLOAD] [1] http://uh1nhi.dnslog.cn
[2025-05-09 10:27:19] [PAYLOAD] [2] http://localhost:3306/
[2025-05-09 10:27:19] [DB_QUERY] 从数据库获取 ssrf 类型规则，共 2 条
[2025-05-09 10:27:19] [DB_QUERY] 筛选子类型 match_pattern 后，共 1 条规则
[2025-05-09 10:27:19] [LOAD_RULES] 已加载 0 条SSRF匹配模式
[2025-05-09 10:27:19] [WARNING] 没有从数据库加载到任何SSRF匹配模式
[2025-05-09 10:27:19] [SCAN] 规则加载失败，跳过扫描
[2025-05-09 10:27:19] [DB_QUERY] 从数据库获取 ssrf 类型规则，共 2 条
[2025-05-09 10:27:19] [DB_QUERY] 筛选子类型 payload 后，共 1 条规则
[2025-05-09 10:27:19] [LOAD_RULES] 已加载 2 条SSRF测试载荷
[2025-05-09 10:27:19] [PAYLOAD] [1] http://uh1nhi.dnslog.cn
[2025-05-09 10:27:19] [PAYLOAD] [2] http://localhost:3306/
[2025-05-09 10:27:19] [DB_QUERY] 从数据库获取 ssrf 类型规则，共 2 条
[2025-05-09 10:27:19] [DB_QUERY] 筛选子类型 match_pattern 后，共 1 条规则
[2025-05-09 10:27:19] [LOAD_RULES] 已加载 0 条SSRF匹配模式
[2025-05-09 10:27:19] [WARNING] 没有从数据库加载到任何SSRF匹配模式
[2025-05-09 10:27:19] [SCAN] 规则加载失败，跳过扫描
[2025-05-09 10:27:21] [DB_QUERY] 从数据库获取 ssrf 类型规则，共 2 条
[2025-05-09 10:27:21] [DB_QUERY] 筛选子类型 payload 后，共 1 条规则
[2025-05-09 10:27:21] [LOAD_RULES] 已加载 2 条SSRF测试载荷
[2025-05-09 10:27:21] [PAYLOAD] [1] http://uh1nhi.dnslog.cn
[2025-05-09 10:27:21] [PAYLOAD] [2] http://localhost:3306/
[2025-05-09 10:27:21] [DB_QUERY] 从数据库获取 ssrf 类型规则，共 2 条
[2025-05-09 10:27:21] [DB_QUERY] 筛选子类型 match_pattern 后，共 1 条规则
[2025-05-09 10:27:21] [LOAD_RULES] 已加载 0 条SSRF匹配模式
[2025-05-09 10:27:21] [WARNING] 没有从数据库加载到任何SSRF匹配模式
[2025-05-09 10:27:21] [SCAN] 规则加载失败，跳过扫描
[2025-05-09 10:27:27] [DB_QUERY] 从数据库获取 ssrf 类型规则，共 2 条
[2025-05-09 10:27:27] [DB_QUERY] 筛选子类型 payload 后，共 1 条规则
[2025-05-09 10:27:27] [LOAD_RULES] 已加载 2 条SSRF测试载荷
[2025-05-09 10:27:27] [PAYLOAD] [1] http://uh1nhi.dnslog.cn
[2025-05-09 10:27:27] [PAYLOAD] [2] http://localhost:3306/
[2025-05-09 10:27:27] [DB_QUERY] 从数据库获取 ssrf 类型规则，共 2 条
[2025-05-09 10:27:27] [DB_QUERY] 筛选子类型 match_pattern 后，共 1 条规则
[2025-05-09 10:27:27] [LOAD_RULES] 已加载 0 条SSRF匹配模式
[2025-05-09 10:27:27] [WARNING] 没有从数据库加载到任何SSRF匹配模式
[2025-05-09 10:27:27] [SCAN] 规则加载失败，跳过扫描
[2025-05-09 10:27:27] [DB_QUERY] 从数据库获取 ssrf 类型规则，共 2 条
[2025-05-09 10:27:27] [DB_QUERY] 筛选子类型 payload 后，共 1 条规则
[2025-05-09 10:27:27] [LOAD_RULES] 已加载 2 条SSRF测试载荷
[2025-05-09 10:27:27] [PAYLOAD] [1] http://uh1nhi.dnslog.cn
[2025-05-09 10:27:27] [PAYLOAD] [2] http://localhost:3306/
[2025-05-09 10:27:27] [DB_QUERY] 从数据库获取 ssrf 类型规则，共 2 条
[2025-05-09 10:27:27] [DB_QUERY] 筛选子类型 match_pattern 后，共 1 条规则
[2025-05-09 10:27:27] [LOAD_RULES] 已加载 0 条SSRF匹配模式
[2025-05-09 10:27:27] [WARNING] 没有从数据库加载到任何SSRF匹配模式
[2025-05-09 10:27:27] [SCAN] 规则加载失败，跳过扫描
[2025-05-09 10:27:27] [DB_QUERY] 从数据库获取 ssrf 类型规则，共 2 条
[2025-05-09 10:27:27] [DB_QUERY] 筛选子类型 payload 后，共 1 条规则
[2025-05-09 10:27:27] [LOAD_RULES] 已加载 2 条SSRF测试载荷
[2025-05-09 10:27:27] [PAYLOAD] [1] http://uh1nhi.dnslog.cn
[2025-05-09 10:27:27] [PAYLOAD] [2] http://localhost:3306/
[2025-05-09 10:27:27] [DB_QUERY] 从数据库获取 ssrf 类型规则，共 2 条
[2025-05-09 10:27:27] [DB_QUERY] 筛选子类型 match_pattern 后，共 1 条规则
[2025-05-09 10:27:27] [LOAD_RULES] 已加载 0 条SSRF匹配模式
[2025-05-09 10:27:27] [WARNING] 没有从数据库加载到任何SSRF匹配模式
[2025-05-09 10:27:27] [SCAN] 规则加载失败，跳过扫描
[2025-05-09 10:27:27] [DB_QUERY] 从数据库获取 ssrf 类型规则，共 2 条
[2025-05-09 10:27:27] [DB_QUERY] 筛选子类型 payload 后，共 1 条规则
[2025-05-09 10:27:27] [LOAD_RULES] 已加载 2 条SSRF测试载荷
[2025-05-09 10:27:27] [PAYLOAD] [1] http://uh1nhi.dnslog.cn
[2025-05-09 10:27:27] [PAYLOAD] [2] http://localhost:3306/
[2025-05-09 10:27:27] [DB_QUERY] 从数据库获取 ssrf 类型规则，共 2 条
[2025-05-09 10:27:27] [DB_QUERY] 筛选子类型 match_pattern 后，共 1 条规则
[2025-05-09 10:27:27] [LOAD_RULES] 已加载 0 条SSRF匹配模式
[2025-05-09 10:27:27] [WARNING] 没有从数据库加载到任何SSRF匹配模式
[2025-05-09 10:27:27] [SCAN] 规则加载失败，跳过扫描
[2025-05-09 10:27:27] [DB_QUERY] 从数据库获取 ssrf 类型规则，共 2 条
[2025-05-09 10:27:27] [DB_QUERY] 筛选子类型 payload 后，共 1 条规则
[2025-05-09 10:27:27] [LOAD_RULES] 已加载 2 条SSRF测试载荷
[2025-05-09 10:27:27] [PAYLOAD] [1] http://uh1nhi.dnslog.cn
[2025-05-09 10:27:27] [PAYLOAD] [2] http://localhost:3306/
[2025-05-09 10:27:27] [DB_QUERY] 从数据库获取 ssrf 类型规则，共 2 条
[2025-05-09 10:27:27] [DB_QUERY] 筛选子类型 match_pattern 后，共 1 条规则
[2025-05-09 10:27:27] [LOAD_RULES] 已加载 0 条SSRF匹配模式
[2025-05-09 10:27:27] [WARNING] 没有从数据库加载到任何SSRF匹配模式
[2025-05-09 10:27:27] [SCAN] 规则加载失败，跳过扫描
[2025-05-09 10:27:27] [DB_QUERY] 从数据库获取 ssrf 类型规则，共 2 条
[2025-05-09 10:27:27] [DB_QUERY] 筛选子类型 payload 后，共 1 条规则
[2025-05-09 10:27:27] [LOAD_RULES] 已加载 2 条SSRF测试载荷
[2025-05-09 10:27:27] [PAYLOAD] [1] http://uh1nhi.dnslog.cn
[2025-05-09 10:27:27] [PAYLOAD] [2] http://localhost:3306/
[2025-05-09 10:27:27] [DB_QUERY] 从数据库获取 ssrf 类型规则，共 2 条
[2025-05-09 10:27:27] [DB_QUERY] 筛选子类型 match_pattern 后，共 1 条规则
[2025-05-09 10:27:27] [LOAD_RULES] 已加载 0 条SSRF匹配模式
[2025-05-09 10:27:27] [WARNING] 没有从数据库加载到任何SSRF匹配模式
[2025-05-09 10:27:27] [SCAN] 规则加载失败，跳过扫描
[2025-05-09 10:27:27] [DB_QUERY] 从数据库获取 ssrf 类型规则，共 2 条
[2025-05-09 10:27:27] [DB_QUERY] 筛选子类型 payload 后，共 1 条规则
[2025-05-09 10:27:27] [LOAD_RULES] 已加载 2 条SSRF测试载荷
[2025-05-09 10:27:27] [PAYLOAD] [1] http://uh1nhi.dnslog.cn
[2025-05-09 10:27:27] [PAYLOAD] [2] http://localhost:3306/
[2025-05-09 10:27:27] [DB_QUERY] 从数据库获取 ssrf 类型规则，共 2 条
[2025-05-09 10:27:27] [DB_QUERY] 筛选子类型 match_pattern 后，共 1 条规则
[2025-05-09 10:27:27] [LOAD_RULES] 已加载 0 条SSRF匹配模式
[2025-05-09 10:27:27] [WARNING] 没有从数据库加载到任何SSRF匹配模式
[2025-05-09 10:27:27] [SCAN] 规则加载失败，跳过扫描
[2025-05-09 10:27:28] [DB_QUERY] 从数据库获取 ssrf 类型规则，共 2 条
[2025-05-09 10:27:28] [DB_QUERY] 筛选子类型 payload 后，共 1 条规则
[2025-05-09 10:27:28] [LOAD_RULES] 已加载 2 条SSRF测试载荷
[2025-05-09 10:27:28] [PAYLOAD] [1] http://uh1nhi.dnslog.cn
[2025-05-09 10:27:28] [PAYLOAD] [2] http://localhost:3306/
[2025-05-09 10:27:28] [DB_QUERY] 从数据库获取 ssrf 类型规则，共 2 条
[2025-05-09 10:27:28] [DB_QUERY] 筛选子类型 match_pattern 后，共 1 条规则
[2025-05-09 10:27:28] [LOAD_RULES] 已加载 0 条SSRF匹配模式
[2025-05-09 10:27:28] [WARNING] 没有从数据库加载到任何SSRF匹配模式
[2025-05-09 10:27:28] [SCAN] 规则加载失败，跳过扫描
[2025-05-09 10:27:28] [DB_QUERY] 从数据库获取 ssrf 类型规则，共 2 条
[2025-05-09 10:27:28] [DB_QUERY] 筛选子类型 payload 后，共 1 条规则
[2025-05-09 10:27:28] [LOAD_RULES] 已加载 2 条SSRF测试载荷
[2025-05-09 10:27:28] [PAYLOAD] [1] http://uh1nhi.dnslog.cn
[2025-05-09 10:27:28] [PAYLOAD] [2] http://localhost:3306/
[2025-05-09 10:27:28] [DB_QUERY] 从数据库获取 ssrf 类型规则，共 2 条
[2025-05-09 10:27:28] [DB_QUERY] 筛选子类型 match_pattern 后，共 1 条规则
[2025-05-09 10:27:28] [LOAD_RULES] 已加载 0 条SSRF匹配模式
[2025-05-09 10:27:28] [WARNING] 没有从数据库加载到任何SSRF匹配模式
[2025-05-09 10:27:28] [SCAN] 规则加载失败，跳过扫描
[2025-05-09 10:27:28] [DB_QUERY] 从数据库获取 ssrf 类型规则，共 2 条
[2025-05-09 10:27:28] [DB_QUERY] 筛选子类型 payload 后，共 1 条规则
[2025-05-09 10:27:28] [LOAD_RULES] 已加载 2 条SSRF测试载荷
[2025-05-09 10:27:28] [PAYLOAD] [1] http://uh1nhi.dnslog.cn
[2025-05-09 10:27:28] [PAYLOAD] [2] http://localhost:3306/
[2025-05-09 10:27:28] [DB_QUERY] 从数据库获取 ssrf 类型规则，共 2 条
[2025-05-09 10:27:28] [DB_QUERY] 筛选子类型 match_pattern 后，共 1 条规则
[2025-05-09 10:27:28] [LOAD_RULES] 已加载 0 条SSRF匹配模式
[2025-05-09 10:27:28] [WARNING] 没有从数据库加载到任何SSRF匹配模式
[2025-05-09 10:27:28] [SCAN] 规则加载失败，跳过扫描
[2025-05-09 10:27:28] [DB_QUERY] 从数据库获取 ssrf 类型规则，共 2 条
[2025-05-09 10:27:28] [DB_QUERY] 筛选子类型 payload 后，共 1 条规则
[2025-05-09 10:27:28] [LOAD_RULES] 已加载 2 条SSRF测试载荷
[2025-05-09 10:27:28] [PAYLOAD] [1] http://uh1nhi.dnslog.cn
[2025-05-09 10:27:28] [PAYLOAD] [2] http://localhost:3306/
[2025-05-09 10:27:28] [DB_QUERY] 从数据库获取 ssrf 类型规则，共 2 条
[2025-05-09 10:27:28] [DB_QUERY] 筛选子类型 match_pattern 后，共 1 条规则
[2025-05-09 10:27:28] [LOAD_RULES] 已加载 0 条SSRF匹配模式
[2025-05-09 10:27:28] [WARNING] 没有从数据库加载到任何SSRF匹配模式
[2025-05-09 10:27:28] [SCAN] 规则加载失败，跳过扫描
[2025-05-09 10:27:28] [DB_QUERY] 从数据库获取 ssrf 类型规则，共 2 条
[2025-05-09 10:27:28] [DB_QUERY] 筛选子类型 payload 后，共 1 条规则
[2025-05-09 10:27:28] [LOAD_RULES] 已加载 2 条SSRF测试载荷
[2025-05-09 10:27:28] [PAYLOAD] [1] http://uh1nhi.dnslog.cn
[2025-05-09 10:27:28] [PAYLOAD] [2] http://localhost:3306/
[2025-05-09 10:27:28] [DB_QUERY] 从数据库获取 ssrf 类型规则，共 2 条
[2025-05-09 10:27:28] [DB_QUERY] 筛选子类型 match_pattern 后，共 1 条规则
[2025-05-09 10:27:28] [LOAD_RULES] 已加载 0 条SSRF匹配模式
[2025-05-09 10:27:28] [WARNING] 没有从数据库加载到任何SSRF匹配模式
[2025-05-09 10:27:28] [SCAN] 规则加载失败，跳过扫描
[2025-05-09 10:27:28] [DB_QUERY] 从数据库获取 ssrf 类型规则，共 2 条
[2025-05-09 10:27:28] [DB_QUERY] 筛选子类型 payload 后，共 1 条规则
[2025-05-09 10:27:28] [LOAD_RULES] 已加载 2 条SSRF测试载荷
[2025-05-09 10:27:28] [PAYLOAD] [1] http://uh1nhi.dnslog.cn
[2025-05-09 10:27:28] [PAYLOAD] [2] http://localhost:3306/
[2025-05-09 10:27:28] [DB_QUERY] 从数据库获取 ssrf 类型规则，共 2 条
[2025-05-09 10:27:28] [DB_QUERY] 筛选子类型 match_pattern 后，共 1 条规则
[2025-05-09 10:27:28] [LOAD_RULES] 已加载 0 条SSRF匹配模式
[2025-05-09 10:27:28] [WARNING] 没有从数据库加载到任何SSRF匹配模式
[2025-05-09 10:27:28] [SCAN] 规则加载失败，跳过扫描
[2025-05-09 10:27:29] [DB_QUERY] 从数据库获取 ssrf 类型规则，共 2 条
[2025-05-09 10:27:29] [DB_QUERY] 筛选子类型 payload 后，共 1 条规则
[2025-05-09 10:27:29] [LOAD_RULES] 已加载 2 条SSRF测试载荷
[2025-05-09 10:27:29] [PAYLOAD] [1] http://uh1nhi.dnslog.cn
[2025-05-09 10:27:29] [PAYLOAD] [2] http://localhost:3306/
[2025-05-09 10:27:29] [DB_QUERY] 从数据库获取 ssrf 类型规则，共 2 条
[2025-05-09 10:27:29] [DB_QUERY] 筛选子类型 match_pattern 后，共 1 条规则
[2025-05-09 10:27:29] [LOAD_RULES] 已加载 0 条SSRF匹配模式
[2025-05-09 10:27:29] [WARNING] 没有从数据库加载到任何SSRF匹配模式
[2025-05-09 10:27:29] [SCAN] 规则加载失败，跳过扫描
[2025-05-09 10:27:29] [DB_QUERY] 从数据库获取 ssrf 类型规则，共 2 条
[2025-05-09 10:27:29] [DB_QUERY] 筛选子类型 payload 后，共 1 条规则
[2025-05-09 10:27:29] [LOAD_RULES] 已加载 2 条SSRF测试载荷
[2025-05-09 10:27:29] [PAYLOAD] [1] http://uh1nhi.dnslog.cn
[2025-05-09 10:27:29] [PAYLOAD] [2] http://localhost:3306/
[2025-05-09 10:27:29] [DB_QUERY] 从数据库获取 ssrf 类型规则，共 2 条
[2025-05-09 10:27:29] [DB_QUERY] 筛选子类型 match_pattern 后，共 1 条规则
[2025-05-09 10:27:29] [LOAD_RULES] 已加载 0 条SSRF匹配模式
[2025-05-09 10:27:29] [WARNING] 没有从数据库加载到任何SSRF匹配模式
[2025-05-09 10:27:29] [SCAN] 规则加载失败，跳过扫描
[2025-05-09 10:27:29] [DB_QUERY] 从数据库获取 ssrf 类型规则，共 2 条
[2025-05-09 10:27:29] [DB_QUERY] 筛选子类型 payload 后，共 1 条规则
[2025-05-09 10:27:29] [LOAD_RULES] 已加载 2 条SSRF测试载荷
[2025-05-09 10:27:29] [PAYLOAD] [1] http://uh1nhi.dnslog.cn
[2025-05-09 10:27:29] [PAYLOAD] [2] http://localhost:3306/
[2025-05-09 10:27:29] [DB_QUERY] 从数据库获取 ssrf 类型规则，共 2 条
[2025-05-09 10:27:29] [DB_QUERY] 筛选子类型 match_pattern 后，共 1 条规则
[2025-05-09 10:27:29] [LOAD_RULES] 已加载 0 条SSRF匹配模式
[2025-05-09 10:27:29] [WARNING] 没有从数据库加载到任何SSRF匹配模式
[2025-05-09 10:27:29] [SCAN] 规则加载失败，跳过扫描
[2025-05-09 10:27:29] [DB_QUERY] 从数据库获取 ssrf 类型规则，共 2 条
[2025-05-09 10:27:29] [DB_QUERY] 筛选子类型 payload 后，共 1 条规则
[2025-05-09 10:27:29] [LOAD_RULES] 已加载 2 条SSRF测试载荷
[2025-05-09 10:27:29] [PAYLOAD] [1] http://uh1nhi.dnslog.cn
[2025-05-09 10:27:29] [PAYLOAD] [2] http://localhost:3306/
[2025-05-09 10:27:29] [DB_QUERY] 从数据库获取 ssrf 类型规则，共 2 条
[2025-05-09 10:27:29] [DB_QUERY] 筛选子类型 match_pattern 后，共 1 条规则
[2025-05-09 10:27:29] [LOAD_RULES] 已加载 0 条SSRF匹配模式
[2025-05-09 10:27:29] [WARNING] 没有从数据库加载到任何SSRF匹配模式
[2025-05-09 10:27:29] [SCAN] 规则加载失败，跳过扫描
[2025-05-09 10:27:29] [DB_QUERY] 从数据库获取 ssrf 类型规则，共 2 条
[2025-05-09 10:27:29] [DB_QUERY] 筛选子类型 payload 后，共 1 条规则
[2025-05-09 10:27:29] [LOAD_RULES] 已加载 2 条SSRF测试载荷
[2025-05-09 10:27:29] [PAYLOAD] [1] http://uh1nhi.dnslog.cn
[2025-05-09 10:27:29] [PAYLOAD] [2] http://localhost:3306/
[2025-05-09 10:27:29] [DB_QUERY] 从数据库获取 ssrf 类型规则，共 2 条
[2025-05-09 10:27:29] [DB_QUERY] 筛选子类型 match_pattern 后，共 1 条规则
[2025-05-09 10:27:29] [LOAD_RULES] 已加载 0 条SSRF匹配模式
[2025-05-09 10:27:29] [WARNING] 没有从数据库加载到任何SSRF匹配模式
[2025-05-09 10:27:29] [SCAN] 规则加载失败，跳过扫描
[2025-05-09 10:27:29] [DB_QUERY] 从数据库获取 ssrf 类型规则，共 2 条
[2025-05-09 10:27:29] [DB_QUERY] 筛选子类型 payload 后，共 1 条规则
[2025-05-09 10:27:29] [LOAD_RULES] 已加载 2 条SSRF测试载荷
[2025-05-09 10:27:29] [PAYLOAD] [1] http://uh1nhi.dnslog.cn
[2025-05-09 10:27:29] [PAYLOAD] [2] http://localhost:3306/
[2025-05-09 10:27:29] [DB_QUERY] 从数据库获取 ssrf 类型规则，共 2 条
[2025-05-09 10:27:29] [DB_QUERY] 筛选子类型 match_pattern 后，共 1 条规则
[2025-05-09 10:27:29] [LOAD_RULES] 已加载 0 条SSRF匹配模式
[2025-05-09 10:27:29] [WARNING] 没有从数据库加载到任何SSRF匹配模式
[2025-05-09 10:27:29] [SCAN] 规则加载失败，跳过扫描
[2025-05-09 10:27:29] [DB_QUERY] 从数据库获取 ssrf 类型规则，共 2 条
[2025-05-09 10:27:29] [DB_QUERY] 筛选子类型 payload 后，共 1 条规则
[2025-05-09 10:27:29] [LOAD_RULES] 已加载 2 条SSRF测试载荷
[2025-05-09 10:27:29] [PAYLOAD] [1] http://uh1nhi.dnslog.cn
[2025-05-09 10:27:29] [PAYLOAD] [2] http://localhost:3306/
[2025-05-09 10:27:29] [DB_QUERY] 从数据库获取 ssrf 类型规则，共 2 条
[2025-05-09 10:27:29] [DB_QUERY] 筛选子类型 match_pattern 后，共 1 条规则
[2025-05-09 10:27:29] [LOAD_RULES] 已加载 0 条SSRF匹配模式
[2025-05-09 10:27:29] [WARNING] 没有从数据库加载到任何SSRF匹配模式
[2025-05-09 10:27:29] [SCAN] 规则加载失败，跳过扫描
[2025-05-09 10:29:04] [DB_QUERY] 从数据库获取 ssrf 类型规则，共 2 条
[2025-05-09 10:29:04] [DB_QUERY] 筛选子类型 payload 后，共 1 条规则
[2025-05-09 10:29:04] [LOAD_RULES] 已加载 2 条SSRF测试载荷
[2025-05-09 10:29:04] [PAYLOAD] [1] http://uh1nhi.dnslog.cn
[2025-05-09 10:29:04] [PAYLOAD] [2] http://localhost:3306/
[2025-05-09 10:29:04] [DB_QUERY] 从数据库获取 ssrf 类型规则，共 2 条
[2025-05-09 10:29:04] [DB_QUERY] 筛选子类型 match_pattern 后，共 1 条规则
[2025-05-09 10:29:04] [LOAD_RULES] 已加载 0 条SSRF匹配模式
[2025-05-09 10:29:04] [WARNING] 没有从数据库加载到任何SSRF匹配模式
[2025-05-09 10:29:04] [SCAN] 规则加载失败，跳过扫描
[2025-05-09 10:36:37] [DB_QUERY] 从数据库获取 ssrf 类型规则，共 2 条
[2025-05-09 10:36:37] [DB_QUERY] 筛选子类型 payload 后，共 1 条规则
[2025-05-09 10:36:37] [LOAD_RULES] 已加载 2 条SSRF测试载荷
[2025-05-09 10:36:37] [PAYLOAD] [1] http://uh1nhi.dnslog.cn
[2025-05-09 10:36:37] [PAYLOAD] [2] http://localhost:3306/
[2025-05-09 10:36:37] [DB_QUERY] 从数据库获取 ssrf 类型规则，共 2 条
[2025-05-09 10:36:37] [DB_QUERY] 筛选子类型 match_pattern 后，共 1 条规则
[2025-05-09 10:36:37] [LOAD_RULES] 已加载 0 条SSRF匹配模式
[2025-05-09 10:36:37] [WARNING] 没有从数据库加载到任何SSRF匹配模式
[2025-05-09 10:36:37] [SCAN] 规则加载失败，跳过扫描
[2025-05-09 10:36:56] [DB_QUERY] 从数据库获取 ssrf 类型规则，共 2 条
[2025-05-09 10:36:56] [DB_QUERY] 筛选子类型 payload 后，共 1 条规则
[2025-05-09 10:36:56] [LOAD_RULES] 已加载 2 条SSRF测试载荷
[2025-05-09 10:36:56] [PAYLOAD] [1] http://uh1nhi.dnslog.cn
[2025-05-09 10:36:56] [PAYLOAD] [2] http://localhost:3306/
[2025-05-09 10:36:56] [DB_QUERY] 从数据库获取 ssrf 类型规则，共 2 条
[2025-05-09 10:36:56] [DB_QUERY] 筛选子类型 match_pattern 后，共 1 条规则
[2025-05-09 10:36:56] [LOAD_RULES] 已加载 0 条SSRF匹配模式
[2025-05-09 10:36:56] [WARNING] 没有从数据库加载到任何SSRF匹配模式
[2025-05-09 10:36:56] [SCAN] 规则加载失败，跳过扫描
[2025-05-09 10:37:03] [DB_QUERY] 从数据库获取 ssrf 类型规则，共 2 条
[2025-05-09 10:37:03] [DB_QUERY] 筛选子类型 payload 后，共 1 条规则
[2025-05-09 10:37:03] [LOAD_RULES] 已加载 2 条SSRF测试载荷
[2025-05-09 10:37:03] [PAYLOAD] [1] http://uh1nhi.dnslog.cn
[2025-05-09 10:37:03] [PAYLOAD] [2] http://localhost:3306/
[2025-05-09 10:37:03] [DB_QUERY] 从数据库获取 ssrf 类型规则，共 2 条
[2025-05-09 10:37:03] [DB_QUERY] 筛选子类型 match_pattern 后，共 1 条规则
[2025-05-09 10:37:03] [LOAD_RULES] 已加载 0 条SSRF匹配模式
[2025-05-09 10:37:03] [WARNING] 没有从数据库加载到任何SSRF匹配模式
[2025-05-09 10:37:03] [SCAN] 规则加载失败，跳过扫描
[2025-05-09 10:37:04] [DB_QUERY] 从数据库获取 ssrf 类型规则，共 2 条
[2025-05-09 10:37:04] [DB_QUERY] 筛选子类型 payload 后，共 1 条规则
[2025-05-09 10:37:04] [LOAD_RULES] 已加载 2 条SSRF测试载荷
[2025-05-09 10:37:04] [PAYLOAD] [1] http://uh1nhi.dnslog.cn
[2025-05-09 10:37:04] [PAYLOAD] [2] http://localhost:3306/
[2025-05-09 10:37:04] [DB_QUERY] 从数据库获取 ssrf 类型规则，共 2 条
[2025-05-09 10:37:04] [DB_QUERY] 筛选子类型 match_pattern 后，共 1 条规则
[2025-05-09 10:37:05] [LOAD_RULES] 已加载 0 条SSRF匹配模式
[2025-05-09 10:37:05] [WARNING] 没有从数据库加载到任何SSRF匹配模式
[2025-05-09 10:37:05] [SCAN] 规则加载失败，跳过扫描
[2025-05-09 10:37:05] [DB_QUERY] 从数据库获取 ssrf 类型规则，共 2 条
[2025-05-09 10:37:05] [DB_QUERY] 筛选子类型 payload 后，共 1 条规则
[2025-05-09 10:37:05] [LOAD_RULES] 已加载 2 条SSRF测试载荷
[2025-05-09 10:37:05] [PAYLOAD] [1] http://uh1nhi.dnslog.cn
[2025-05-09 10:37:05] [PAYLOAD] [2] http://localhost:3306/
[2025-05-09 10:37:05] [DB_QUERY] 从数据库获取 ssrf 类型规则，共 2 条
[2025-05-09 10:37:05] [DB_QUERY] 筛选子类型 match_pattern 后，共 1 条规则
[2025-05-09 10:37:05] [LOAD_RULES] 已加载 0 条SSRF匹配模式
[2025-05-09 10:37:05] [WARNING] 没有从数据库加载到任何SSRF匹配模式
[2025-05-09 10:37:05] [SCAN] 规则加载失败，跳过扫描
[2025-05-09 10:37:05] [DB_QUERY] 从数据库获取 ssrf 类型规则，共 2 条
[2025-05-09 10:37:05] [DB_QUERY] 筛选子类型 payload 后，共 1 条规则
[2025-05-09 10:37:05] [LOAD_RULES] 已加载 2 条SSRF测试载荷
[2025-05-09 10:37:05] [PAYLOAD] [1] http://uh1nhi.dnslog.cn
[2025-05-09 10:37:05] [PAYLOAD] [2] http://localhost:3306/
[2025-05-09 10:37:05] [DB_QUERY] 从数据库获取 ssrf 类型规则，共 2 条
[2025-05-09 10:37:05] [DB_QUERY] 筛选子类型 match_pattern 后，共 1 条规则
[2025-05-09 10:37:05] [LOAD_RULES] 已加载 0 条SSRF匹配模式
[2025-05-09 10:37:05] [WARNING] 没有从数据库加载到任何SSRF匹配模式
[2025-05-09 10:37:05] [SCAN] 规则加载失败，跳过扫描
[2025-05-09 10:37:06] [DB_QUERY] 从数据库获取 ssrf 类型规则，共 2 条
[2025-05-09 10:37:06] [DB_QUERY] 筛选子类型 payload 后，共 1 条规则
[2025-05-09 10:37:06] [LOAD_RULES] 已加载 2 条SSRF测试载荷
[2025-05-09 10:37:06] [PAYLOAD] [1] http://uh1nhi.dnslog.cn
[2025-05-09 10:37:06] [PAYLOAD] [2] http://localhost:3306/
[2025-05-09 10:37:06] [DB_QUERY] 从数据库获取 ssrf 类型规则，共 2 条
[2025-05-09 10:37:06] [DB_QUERY] 筛选子类型 match_pattern 后，共 1 条规则
[2025-05-09 10:37:06] [LOAD_RULES] 已加载 0 条SSRF匹配模式
[2025-05-09 10:37:06] [WARNING] 没有从数据库加载到任何SSRF匹配模式
[2025-05-09 10:37:06] [SCAN] 规则加载失败，跳过扫描
[2025-05-09 10:37:07] [DB_QUERY] 从数据库获取 ssrf 类型规则，共 2 条
[2025-05-09 10:37:07] [DB_QUERY] 筛选子类型 payload 后，共 1 条规则
[2025-05-09 10:37:07] [LOAD_RULES] 已加载 2 条SSRF测试载荷
[2025-05-09 10:37:07] [PAYLOAD] [1] http://uh1nhi.dnslog.cn
[2025-05-09 10:37:07] [PAYLOAD] [2] http://localhost:3306/
[2025-05-09 10:37:07] [DB_QUERY] 从数据库获取 ssrf 类型规则，共 2 条
[2025-05-09 10:37:07] [DB_QUERY] 筛选子类型 match_pattern 后，共 1 条规则
[2025-05-09 10:37:07] [LOAD_RULES] 已加载 0 条SSRF匹配模式
[2025-05-09 10:37:07] [WARNING] 没有从数据库加载到任何SSRF匹配模式
[2025-05-09 10:37:07] [SCAN] 规则加载失败，跳过扫描
[2025-05-09 10:37:07] [DB_QUERY] 从数据库获取 ssrf 类型规则，共 2 条
[2025-05-09 10:37:07] [DB_QUERY] 筛选子类型 payload 后，共 1 条规则
[2025-05-09 10:37:07] [LOAD_RULES] 已加载 2 条SSRF测试载荷
[2025-05-09 10:37:07] [PAYLOAD] [1] http://uh1nhi.dnslog.cn
[2025-05-09 10:37:07] [PAYLOAD] [2] http://localhost:3306/
[2025-05-09 10:37:07] [DB_QUERY] 从数据库获取 ssrf 类型规则，共 2 条
[2025-05-09 10:37:07] [DB_QUERY] 筛选子类型 match_pattern 后，共 1 条规则
[2025-05-09 10:37:07] [LOAD_RULES] 已加载 0 条SSRF匹配模式
[2025-05-09 10:37:07] [WARNING] 没有从数据库加载到任何SSRF匹配模式
[2025-05-09 10:37:07] [SCAN] 规则加载失败，跳过扫描
[2025-05-09 10:37:07] [DB_QUERY] 从数据库获取 ssrf 类型规则，共 2 条
[2025-05-09 10:37:07] [DB_QUERY] 筛选子类型 payload 后，共 1 条规则
[2025-05-09 10:37:07] [LOAD_RULES] 已加载 2 条SSRF测试载荷
[2025-05-09 10:37:07] [PAYLOAD] [1] http://uh1nhi.dnslog.cn
[2025-05-09 10:37:07] [PAYLOAD] [2] http://localhost:3306/
[2025-05-09 10:37:08] [DB_QUERY] 从数据库获取 ssrf 类型规则，共 2 条
[2025-05-09 10:37:08] [DB_QUERY] 筛选子类型 match_pattern 后，共 1 条规则
[2025-05-09 10:37:08] [LOAD_RULES] 已加载 0 条SSRF匹配模式
[2025-05-09 10:37:08] [WARNING] 没有从数据库加载到任何SSRF匹配模式
[2025-05-09 10:37:08] [SCAN] 规则加载失败，跳过扫描
[2025-05-09 10:37:08] [DB_QUERY] 从数据库获取 ssrf 类型规则，共 2 条
[2025-05-09 10:37:08] [DB_QUERY] 筛选子类型 payload 后，共 1 条规则
[2025-05-09 10:37:08] [LOAD_RULES] 已加载 2 条SSRF测试载荷
[2025-05-09 10:37:08] [PAYLOAD] [1] http://uh1nhi.dnslog.cn
[2025-05-09 10:37:08] [PAYLOAD] [2] http://localhost:3306/
[2025-05-09 10:37:08] [DB_QUERY] 从数据库获取 ssrf 类型规则，共 2 条
[2025-05-09 10:37:08] [DB_QUERY] 筛选子类型 match_pattern 后，共 1 条规则
[2025-05-09 10:37:08] [LOAD_RULES] 已加载 0 条SSRF匹配模式
[2025-05-09 10:37:08] [WARNING] 没有从数据库加载到任何SSRF匹配模式
[2025-05-09 10:37:08] [SCAN] 规则加载失败，跳过扫描
[2025-05-09 10:37:09] [DB_QUERY] 从数据库获取 ssrf 类型规则，共 2 条
[2025-05-09 10:37:09] [DB_QUERY] 筛选子类型 payload 后，共 1 条规则
[2025-05-09 10:37:09] [LOAD_RULES] 已加载 2 条SSRF测试载荷
[2025-05-09 10:37:09] [PAYLOAD] [1] http://uh1nhi.dnslog.cn
[2025-05-09 10:37:09] [PAYLOAD] [2] http://localhost:3306/
[2025-05-09 10:37:09] [DB_QUERY] 从数据库获取 ssrf 类型规则，共 2 条
[2025-05-09 10:37:09] [DB_QUERY] 筛选子类型 match_pattern 后，共 1 条规则
[2025-05-09 10:37:09] [LOAD_RULES] 已加载 0 条SSRF匹配模式
[2025-05-09 10:37:09] [WARNING] 没有从数据库加载到任何SSRF匹配模式
[2025-05-09 10:37:09] [SCAN] 规则加载失败，跳过扫描
[2025-05-09 10:37:10] [DB_QUERY] 从数据库获取 ssrf 类型规则，共 2 条
[2025-05-09 10:37:10] [DB_QUERY] 筛选子类型 payload 后，共 1 条规则
[2025-05-09 10:37:10] [LOAD_RULES] 已加载 2 条SSRF测试载荷
[2025-05-09 10:37:10] [PAYLOAD] [1] http://uh1nhi.dnslog.cn
[2025-05-09 10:37:10] [PAYLOAD] [2] http://localhost:3306/
[2025-05-09 10:37:10] [DB_QUERY] 从数据库获取 ssrf 类型规则，共 2 条
[2025-05-09 10:37:10] [DB_QUERY] 筛选子类型 match_pattern 后，共 1 条规则
[2025-05-09 10:37:10] [LOAD_RULES] 已加载 0 条SSRF匹配模式
[2025-05-09 10:37:10] [WARNING] 没有从数据库加载到任何SSRF匹配模式
[2025-05-09 10:37:10] [SCAN] 规则加载失败，跳过扫描
[2025-05-09 10:37:10] [DB_QUERY] 从数据库获取 ssrf 类型规则，共 2 条
[2025-05-09 10:37:10] [DB_QUERY] 筛选子类型 payload 后，共 1 条规则
[2025-05-09 10:37:10] [LOAD_RULES] 已加载 2 条SSRF测试载荷
[2025-05-09 10:37:10] [PAYLOAD] [1] http://uh1nhi.dnslog.cn
[2025-05-09 10:37:10] [PAYLOAD] [2] http://localhost:3306/
[2025-05-09 10:37:10] [DB_QUERY] 从数据库获取 ssrf 类型规则，共 2 条
[2025-05-09 10:37:10] [DB_QUERY] 筛选子类型 match_pattern 后，共 1 条规则
[2025-05-09 10:37:10] [LOAD_RULES] 已加载 0 条SSRF匹配模式
[2025-05-09 10:37:10] [WARNING] 没有从数据库加载到任何SSRF匹配模式
[2025-05-09 10:37:10] [SCAN] 规则加载失败，跳过扫描
[2025-05-09 10:37:10] [DB_QUERY] 从数据库获取 ssrf 类型规则，共 2 条
[2025-05-09 10:37:10] [DB_QUERY] 筛选子类型 payload 后，共 1 条规则
[2025-05-09 10:37:10] [LOAD_RULES] 已加载 2 条SSRF测试载荷
[2025-05-09 10:37:10] [PAYLOAD] [1] http://uh1nhi.dnslog.cn
[2025-05-09 10:37:10] [PAYLOAD] [2] http://localhost:3306/
[2025-05-09 10:37:10] [DB_QUERY] 从数据库获取 ssrf 类型规则，共 2 条
[2025-05-09 10:37:10] [DB_QUERY] 筛选子类型 match_pattern 后，共 1 条规则
[2025-05-09 10:37:10] [LOAD_RULES] 已加载 0 条SSRF匹配模式
[2025-05-09 10:37:10] [WARNING] 没有从数据库加载到任何SSRF匹配模式
[2025-05-09 10:37:10] [SCAN] 规则加载失败，跳过扫描
[2025-05-09 10:37:13] [DB_QUERY] 从数据库获取 ssrf 类型规则，共 2 条
[2025-05-09 10:37:13] [DB_QUERY] 筛选子类型 payload 后，共 1 条规则
[2025-05-09 10:37:13] [LOAD_RULES] 已加载 2 条SSRF测试载荷
[2025-05-09 10:37:13] [PAYLOAD] [1] http://uh1nhi.dnslog.cn
[2025-05-09 10:37:13] [PAYLOAD] [2] http://localhost:3306/
[2025-05-09 10:37:13] [DB_QUERY] 从数据库获取 ssrf 类型规则，共 2 条
[2025-05-09 10:37:13] [DB_QUERY] 筛选子类型 match_pattern 后，共 1 条规则
[2025-05-09 10:37:13] [LOAD_RULES] 已加载 0 条SSRF匹配模式
[2025-05-09 10:37:13] [WARNING] 没有从数据库加载到任何SSRF匹配模式
[2025-05-09 10:37:13] [SCAN] 规则加载失败，跳过扫描
[2025-05-09 10:37:14] [DB_QUERY] 从数据库获取 ssrf 类型规则，共 2 条
[2025-05-09 10:37:14] [DB_QUERY] 筛选子类型 payload 后，共 1 条规则
[2025-05-09 10:37:14] [LOAD_RULES] 已加载 2 条SSRF测试载荷
[2025-05-09 10:37:14] [PAYLOAD] [1] http://uh1nhi.dnslog.cn
[2025-05-09 10:37:14] [PAYLOAD] [2] http://localhost:3306/
[2025-05-09 10:37:14] [DB_QUERY] 从数据库获取 ssrf 类型规则，共 2 条
[2025-05-09 10:37:14] [DB_QUERY] 筛选子类型 match_pattern 后，共 1 条规则
[2025-05-09 10:37:14] [DB_QUERY] 从数据库获取 ssrf 类型规则，共 2 条
[2025-05-09 10:37:14] [DB_QUERY] 筛选子类型 payload 后，共 1 条规则
[2025-05-09 10:37:14] [LOAD_RULES] 已加载 0 条SSRF匹配模式
[2025-05-09 10:37:14] [WARNING] 没有从数据库加载到任何SSRF匹配模式
[2025-05-09 10:37:14] [SCAN] 规则加载失败，跳过扫描
[2025-05-09 10:37:14] [LOAD_RULES] 已加载 2 条SSRF测试载荷
[2025-05-09 10:37:14] [PAYLOAD] [1] http://uh1nhi.dnslog.cn
[2025-05-09 10:37:14] [PAYLOAD] [2] http://localhost:3306/
[2025-05-09 10:37:14] [DB_QUERY] 从数据库获取 ssrf 类型规则，共 2 条
[2025-05-09 10:37:14] [DB_QUERY] 筛选子类型 match_pattern 后，共 1 条规则
[2025-05-09 10:37:14] [LOAD_RULES] 已加载 0 条SSRF匹配模式
[2025-05-09 10:37:14] [WARNING] 没有从数据库加载到任何SSRF匹配模式
[2025-05-09 10:37:14] [SCAN] 规则加载失败，跳过扫描
[2025-05-09 10:37:14] [DB_QUERY] 从数据库获取 ssrf 类型规则，共 2 条
[2025-05-09 10:37:14] [DB_QUERY] 筛选子类型 payload 后，共 1 条规则
[2025-05-09 10:37:14] [LOAD_RULES] 已加载 2 条SSRF测试载荷
[2025-05-09 10:37:14] [PAYLOAD] [1] http://uh1nhi.dnslog.cn
[2025-05-09 10:37:14] [PAYLOAD] [2] http://localhost:3306/
[2025-05-09 10:37:14] [DB_QUERY] 从数据库获取 ssrf 类型规则，共 2 条
[2025-05-09 10:37:14] [DB_QUERY] 筛选子类型 match_pattern 后，共 1 条规则
[2025-05-09 10:37:14] [LOAD_RULES] 已加载 0 条SSRF匹配模式
[2025-05-09 10:37:14] [WARNING] 没有从数据库加载到任何SSRF匹配模式
[2025-05-09 10:37:14] [SCAN] 规则加载失败，跳过扫描
[2025-05-09 10:37:23] [DB_QUERY] 从数据库获取 ssrf 类型规则，共 2 条
[2025-05-09 10:37:23] [DB_QUERY] 筛选子类型 payload 后，共 1 条规则
[2025-05-09 10:37:23] [LOAD_RULES] 已加载 2 条SSRF测试载荷
[2025-05-09 10:37:23] [PAYLOAD] [1] http://uh1nhi.dnslog.cn
[2025-05-09 10:37:23] [PAYLOAD] [2] http://localhost:3306/
[2025-05-09 10:37:23] [DB_QUERY] 从数据库获取 ssrf 类型规则，共 2 条
[2025-05-09 10:37:23] [DB_QUERY] 筛选子类型 match_pattern 后，共 1 条规则
[2025-05-09 10:37:23] [LOAD_RULES] 已加载 0 条SSRF匹配模式
[2025-05-09 10:37:23] [WARNING] 没有从数据库加载到任何SSRF匹配模式
[2025-05-09 10:37:23] [SCAN] 规则加载失败，跳过扫描
[2025-05-09 10:37:23] [DB_QUERY] 从数据库获取 ssrf 类型规则，共 2 条
[2025-05-09 10:37:23] [DB_QUERY] 筛选子类型 payload 后，共 1 条规则
[2025-05-09 10:37:23] [LOAD_RULES] 已加载 2 条SSRF测试载荷
[2025-05-09 10:37:23] [PAYLOAD] [1] http://uh1nhi.dnslog.cn
[2025-05-09 10:37:23] [PAYLOAD] [2] http://localhost:3306/
[2025-05-09 10:37:23] [DB_QUERY] 从数据库获取 ssrf 类型规则，共 2 条
[2025-05-09 10:37:23] [DB_QUERY] 筛选子类型 match_pattern 后，共 1 条规则
[2025-05-09 10:37:24] [LOAD_RULES] 已加载 0 条SSRF匹配模式
[2025-05-09 10:37:24] [WARNING] 没有从数据库加载到任何SSRF匹配模式
[2025-05-09 10:37:24] [SCAN] 规则加载失败，跳过扫描
[2025-05-09 10:37:24] [DB_QUERY] 从数据库获取 ssrf 类型规则，共 2 条
[2025-05-09 10:37:24] [DB_QUERY] 筛选子类型 payload 后，共 1 条规则
[2025-05-09 10:37:24] [LOAD_RULES] 已加载 2 条SSRF测试载荷
[2025-05-09 10:37:24] [PAYLOAD] [1] http://uh1nhi.dnslog.cn
[2025-05-09 10:37:24] [PAYLOAD] [2] http://localhost:3306/
[2025-05-09 10:37:24] [DB_QUERY] 从数据库获取 ssrf 类型规则，共 2 条
[2025-05-09 10:37:24] [DB_QUERY] 筛选子类型 match_pattern 后，共 1 条规则
[2025-05-09 10:37:24] [LOAD_RULES] 已加载 0 条SSRF匹配模式
[2025-05-09 10:37:24] [WARNING] 没有从数据库加载到任何SSRF匹配模式
[2025-05-09 10:37:24] [SCAN] 规则加载失败，跳过扫描
[2025-05-09 10:37:30] [DB_QUERY] 从数据库获取 ssrf 类型规则，共 2 条
[2025-05-09 10:37:30] [DB_QUERY] 筛选子类型 payload 后，共 1 条规则
[2025-05-09 10:37:30] [LOAD_RULES] 已加载 2 条SSRF测试载荷
[2025-05-09 10:37:30] [PAYLOAD] [1] http://uh1nhi.dnslog.cn
[2025-05-09 10:37:30] [PAYLOAD] [2] http://localhost:3306/
[2025-05-09 10:37:30] [DB_QUERY] 从数据库获取 ssrf 类型规则，共 2 条
[2025-05-09 10:37:30] [DB_QUERY] 筛选子类型 match_pattern 后，共 1 条规则
[2025-05-09 10:37:30] [LOAD_RULES] 已加载 0 条SSRF匹配模式
[2025-05-09 10:37:30] [WARNING] 没有从数据库加载到任何SSRF匹配模式
[2025-05-09 10:37:30] [SCAN] 规则加载失败，跳过扫描
[2025-05-09 10:37:31] [DB_QUERY] 从数据库获取 ssrf 类型规则，共 2 条
[2025-05-09 10:37:31] [DB_QUERY] 筛选子类型 payload 后，共 1 条规则
[2025-05-09 10:37:31] [LOAD_RULES] 已加载 2 条SSRF测试载荷
[2025-05-09 10:37:31] [PAYLOAD] [1] http://uh1nhi.dnslog.cn
[2025-05-09 10:37:31] [PAYLOAD] [2] http://localhost:3306/
[2025-05-09 10:37:31] [DB_QUERY] 从数据库获取 ssrf 类型规则，共 2 条
[2025-05-09 10:37:31] [DB_QUERY] 筛选子类型 match_pattern 后，共 1 条规则
[2025-05-09 10:37:31] [LOAD_RULES] 已加载 0 条SSRF匹配模式
[2025-05-09 10:37:31] [WARNING] 没有从数据库加载到任何SSRF匹配模式
[2025-05-09 10:37:31] [SCAN] 规则加载失败，跳过扫描
[2025-05-09 10:37:31] [DB_QUERY] 从数据库获取 ssrf 类型规则，共 2 条
[2025-05-09 10:37:31] [DB_QUERY] 筛选子类型 payload 后，共 1 条规则
[2025-05-09 10:37:31] [LOAD_RULES] 已加载 2 条SSRF测试载荷
[2025-05-09 10:37:31] [PAYLOAD] [1] http://uh1nhi.dnslog.cn
[2025-05-09 10:37:31] [PAYLOAD] [2] http://localhost:3306/
[2025-05-09 10:37:31] [DB_QUERY] 从数据库获取 ssrf 类型规则，共 2 条
[2025-05-09 10:37:31] [DB_QUERY] 筛选子类型 match_pattern 后，共 1 条规则
[2025-05-09 10:37:31] [LOAD_RULES] 已加载 0 条SSRF匹配模式
[2025-05-09 10:37:31] [WARNING] 没有从数据库加载到任何SSRF匹配模式
[2025-05-09 10:37:31] [SCAN] 规则加载失败，跳过扫描
[2025-05-09 10:37:32] [DB_QUERY] 从数据库获取 ssrf 类型规则，共 2 条
[2025-05-09 10:37:32] [DB_QUERY] 筛选子类型 payload 后，共 1 条规则
[2025-05-09 10:37:32] [DB_QUERY] 从数据库获取 ssrf 类型规则，共 2 条
[2025-05-09 10:37:32] [DB_QUERY] 筛选子类型 payload 后，共 1 条规则
[2025-05-09 10:37:32] [LOAD_RULES] 已加载 2 条SSRF测试载荷
[2025-05-09 10:37:32] [PAYLOAD] [1] http://uh1nhi.dnslog.cn
[2025-05-09 10:37:32] [PAYLOAD] [2] http://localhost:3306/
[2025-05-09 10:37:32] [DB_QUERY] 从数据库获取 ssrf 类型规则，共 2 条
[2025-05-09 10:37:32] [DB_QUERY] 筛选子类型 match_pattern 后，共 1 条规则
[2025-05-09 10:37:32] [LOAD_RULES] 已加载 2 条SSRF测试载荷
[2025-05-09 10:37:32] [PAYLOAD] [1] http://uh1nhi.dnslog.cn
[2025-05-09 10:37:32] [PAYLOAD] [2] http://localhost:3306/
[2025-05-09 10:37:32] [DB_QUERY] 从数据库获取 ssrf 类型规则，共 2 条
[2025-05-09 10:37:32] [DB_QUERY] 筛选子类型 match_pattern 后，共 1 条规则
[2025-05-09 10:37:32] [LOAD_RULES] 已加载 0 条SSRF匹配模式
[2025-05-09 10:37:32] [WARNING] 没有从数据库加载到任何SSRF匹配模式
[2025-05-09 10:37:32] [SCAN] 规则加载失败，跳过扫描
[2025-05-09 10:37:32] [LOAD_RULES] 已加载 0 条SSRF匹配模式
[2025-05-09 10:37:32] [WARNING] 没有从数据库加载到任何SSRF匹配模式
[2025-05-09 10:37:32] [SCAN] 规则加载失败，跳过扫描
[2025-05-09 10:37:32] [DB_QUERY] 从数据库获取 ssrf 类型规则，共 2 条
[2025-05-09 10:37:32] [DB_QUERY] 筛选子类型 payload 后，共 1 条规则
[2025-05-09 10:37:32] [DB_QUERY] 从数据库获取 ssrf 类型规则，共 2 条
[2025-05-09 10:37:32] [DB_QUERY] 筛选子类型 payload 后，共 1 条规则
[2025-05-09 10:37:32] [DB_QUERY] 从数据库获取 ssrf 类型规则，共 2 条
[2025-05-09 10:37:32] [DB_QUERY] 筛选子类型 payload 后，共 1 条规则
[2025-05-09 10:37:32] [LOAD_RULES] 已加载 2 条SSRF测试载荷
[2025-05-09 10:37:32] [PAYLOAD] [1] http://uh1nhi.dnslog.cn
[2025-05-09 10:37:32] [PAYLOAD] [2] http://localhost:3306/
[2025-05-09 10:37:32] [DB_QUERY] 从数据库获取 ssrf 类型规则，共 2 条
[2025-05-09 10:37:32] [DB_QUERY] 筛选子类型 match_pattern 后，共 1 条规则
[2025-05-09 10:37:32] [LOAD_RULES] 已加载 2 条SSRF测试载荷
[2025-05-09 10:37:32] [PAYLOAD] [1] http://uh1nhi.dnslog.cn
[2025-05-09 10:37:32] [PAYLOAD] [2] http://localhost:3306/
[2025-05-09 10:37:32] [DB_QUERY] 从数据库获取 ssrf 类型规则，共 2 条
[2025-05-09 10:37:32] [DB_QUERY] 筛选子类型 match_pattern 后，共 1 条规则
[2025-05-09 10:37:32] [LOAD_RULES] 已加载 2 条SSRF测试载荷
[2025-05-09 10:37:32] [PAYLOAD] [1] http://uh1nhi.dnslog.cn
[2025-05-09 10:37:32] [PAYLOAD] [2] http://localhost:3306/
[2025-05-09 10:37:32] [DB_QUERY] 从数据库获取 ssrf 类型规则，共 2 条
[2025-05-09 10:37:32] [DB_QUERY] 筛选子类型 match_pattern 后，共 1 条规则
[2025-05-09 10:37:32] [LOAD_RULES] 已加载 0 条SSRF匹配模式
[2025-05-09 10:37:32] [WARNING] 没有从数据库加载到任何SSRF匹配模式
[2025-05-09 10:37:32] [SCAN] 规则加载失败，跳过扫描
[2025-05-09 10:37:32] [LOAD_RULES] 已加载 0 条SSRF匹配模式
[2025-05-09 10:37:32] [WARNING] 没有从数据库加载到任何SSRF匹配模式
[2025-05-09 10:37:32] [SCAN] 规则加载失败，跳过扫描
[2025-05-09 10:37:32] [LOAD_RULES] 已加载 0 条SSRF匹配模式
[2025-05-09 10:37:32] [WARNING] 没有从数据库加载到任何SSRF匹配模式
[2025-05-09 10:37:32] [SCAN] 规则加载失败，跳过扫描
[2025-05-09 10:37:32] [DB_QUERY] 从数据库获取 ssrf 类型规则，共 2 条
[2025-05-09 10:37:32] [DB_QUERY] 筛选子类型 payload 后，共 1 条规则
[2025-05-09 10:37:32] [LOAD_RULES] 已加载 2 条SSRF测试载荷
[2025-05-09 10:37:32] [PAYLOAD] [1] http://uh1nhi.dnslog.cn
[2025-05-09 10:37:32] [PAYLOAD] [2] http://localhost:3306/
[2025-05-09 10:37:32] [DB_QUERY] 从数据库获取 ssrf 类型规则，共 2 条
[2025-05-09 10:37:32] [DB_QUERY] 筛选子类型 match_pattern 后，共 1 条规则
[2025-05-09 10:37:32] [LOAD_RULES] 已加载 0 条SSRF匹配模式
[2025-05-09 10:37:32] [WARNING] 没有从数据库加载到任何SSRF匹配模式
[2025-05-09 10:37:32] [SCAN] 规则加载失败，跳过扫描
[2025-05-09 10:37:32] [DB_QUERY] 从数据库获取 ssrf 类型规则，共 2 条
[2025-05-09 10:37:32] [DB_QUERY] 筛选子类型 payload 后，共 1 条规则
[2025-05-09 10:37:32] [LOAD_RULES] 已加载 2 条SSRF测试载荷
[2025-05-09 10:37:32] [PAYLOAD] [1] http://uh1nhi.dnslog.cn
[2025-05-09 10:37:32] [PAYLOAD] [2] http://localhost:3306/
[2025-05-09 10:37:32] [DB_QUERY] 从数据库获取 ssrf 类型规则，共 2 条
[2025-05-09 10:37:32] [DB_QUERY] 筛选子类型 match_pattern 后，共 1 条规则
[2025-05-09 10:37:32] [LOAD_RULES] 已加载 0 条SSRF匹配模式
[2025-05-09 10:37:32] [WARNING] 没有从数据库加载到任何SSRF匹配模式
[2025-05-09 10:37:32] [SCAN] 规则加载失败，跳过扫描
[2025-05-09 10:37:33] [DB_QUERY] 从数据库获取 ssrf 类型规则，共 2 条
[2025-05-09 10:37:33] [DB_QUERY] 筛选子类型 payload 后，共 1 条规则
[2025-05-09 10:37:33] [LOAD_RULES] 已加载 2 条SSRF测试载荷
[2025-05-09 10:37:33] [PAYLOAD] [1] http://uh1nhi.dnslog.cn
[2025-05-09 10:37:33] [PAYLOAD] [2] http://localhost:3306/
[2025-05-09 10:37:33] [DB_QUERY] 从数据库获取 ssrf 类型规则，共 2 条
[2025-05-09 10:37:33] [DB_QUERY] 筛选子类型 match_pattern 后，共 1 条规则
[2025-05-09 10:37:33] [LOAD_RULES] 已加载 0 条SSRF匹配模式
[2025-05-09 10:37:33] [WARNING] 没有从数据库加载到任何SSRF匹配模式
[2025-05-09 10:37:33] [SCAN] 规则加载失败，跳过扫描
[2025-05-09 10:37:33] [DB_QUERY] 从数据库获取 ssrf 类型规则，共 2 条
[2025-05-09 10:37:33] [DB_QUERY] 筛选子类型 payload 后，共 1 条规则
[2025-05-09 10:37:33] [LOAD_RULES] 已加载 2 条SSRF测试载荷
[2025-05-09 10:37:33] [PAYLOAD] [1] http://uh1nhi.dnslog.cn
[2025-05-09 10:37:33] [PAYLOAD] [2] http://localhost:3306/
[2025-05-09 10:37:33] [DB_QUERY] 从数据库获取 ssrf 类型规则，共 2 条
[2025-05-09 10:37:33] [DB_QUERY] 筛选子类型 match_pattern 后，共 1 条规则
[2025-05-09 10:37:33] [LOAD_RULES] 已加载 0 条SSRF匹配模式
[2025-05-09 10:37:33] [WARNING] 没有从数据库加载到任何SSRF匹配模式
[2025-05-09 10:37:33] [SCAN] 规则加载失败，跳过扫描
[2025-05-09 10:37:34] [DB_QUERY] 从数据库获取 ssrf 类型规则，共 2 条
[2025-05-09 10:37:34] [DB_QUERY] 筛选子类型 payload 后，共 1 条规则
[2025-05-09 10:37:34] [LOAD_RULES] 已加载 2 条SSRF测试载荷
[2025-05-09 10:37:34] [PAYLOAD] [1] http://uh1nhi.dnslog.cn
[2025-05-09 10:37:34] [PAYLOAD] [2] http://localhost:3306/
[2025-05-09 10:37:34] [DB_QUERY] 从数据库获取 ssrf 类型规则，共 2 条
[2025-05-09 10:37:34] [DB_QUERY] 筛选子类型 match_pattern 后，共 1 条规则
[2025-05-09 10:37:34] [LOAD_RULES] 已加载 0 条SSRF匹配模式
[2025-05-09 10:37:34] [WARNING] 没有从数据库加载到任何SSRF匹配模式
[2025-05-09 10:37:34] [SCAN] 规则加载失败，跳过扫描
[2025-05-09 10:37:35] [DB_QUERY] 从数据库获取 ssrf 类型规则，共 2 条
[2025-05-09 10:37:35] [DB_QUERY] 筛选子类型 payload 后，共 1 条规则
[2025-05-09 10:37:35] [LOAD_RULES] 已加载 2 条SSRF测试载荷
[2025-05-09 10:37:35] [PAYLOAD] [1] http://uh1nhi.dnslog.cn
[2025-05-09 10:37:35] [PAYLOAD] [2] http://localhost:3306/
[2025-05-09 10:37:35] [DB_QUERY] 从数据库获取 ssrf 类型规则，共 2 条
[2025-05-09 10:37:35] [DB_QUERY] 筛选子类型 match_pattern 后，共 1 条规则
[2025-05-09 10:37:35] [LOAD_RULES] 已加载 0 条SSRF匹配模式
[2025-05-09 10:37:35] [WARNING] 没有从数据库加载到任何SSRF匹配模式
[2025-05-09 10:37:35] [SCAN] 规则加载失败，跳过扫描
[2025-05-09 10:37:36] [DB_QUERY] 从数据库获取 ssrf 类型规则，共 2 条
[2025-05-09 10:37:36] [DB_QUERY] 筛选子类型 payload 后，共 1 条规则
[2025-05-09 10:37:36] [LOAD_RULES] 已加载 2 条SSRF测试载荷
[2025-05-09 10:37:36] [PAYLOAD] [1] http://uh1nhi.dnslog.cn
[2025-05-09 10:37:36] [PAYLOAD] [2] http://localhost:3306/
[2025-05-09 10:37:36] [DB_QUERY] 从数据库获取 ssrf 类型规则，共 2 条
[2025-05-09 10:37:36] [DB_QUERY] 筛选子类型 match_pattern 后，共 1 条规则
[2025-05-09 10:37:36] [LOAD_RULES] 已加载 0 条SSRF匹配模式
[2025-05-09 10:37:36] [WARNING] 没有从数据库加载到任何SSRF匹配模式
[2025-05-09 10:37:36] [SCAN] 规则加载失败，跳过扫描
[2025-05-09 10:41:02] [DB_QUERY] 从数据库获取 ssrf 类型规则，共 2 条
[2025-05-09 10:41:02] [DB_QUERY] 筛选子类型 payload 后，共 1 条规则
[2025-05-09 10:41:02] [LOAD_RULES] 已加载 2 条SSRF测试载荷
[2025-05-09 10:41:02] [PAYLOAD] [1] http://uh1nhi.dnslog.cn
[2025-05-09 10:41:02] [PAYLOAD] [2] http://localhost:3306/
[2025-05-09 10:41:02] [DB_QUERY] 从数据库获取 ssrf 类型规则，共 2 条
[2025-05-09 10:41:02] [DB_QUERY] 筛选子类型 match_pattern 后，共 1 条规则
[2025-05-09 10:41:02] [LOAD_RULES] 已加载 0 条SSRF匹配模式
[2025-05-09 10:41:02] [WARNING] 没有从数据库加载到任何SSRF匹配模式
[2025-05-09 10:41:02] [SCAN] 规则加载失败，跳过扫描
[2025-05-09 10:41:18] [DB_QUERY] 从数据库获取 ssrf 类型规则，共 2 条
[2025-05-09 10:41:18] [DB_QUERY] 筛选子类型 payload 后，共 1 条规则
[2025-05-09 10:41:18] [LOAD_RULES] 已加载 2 条SSRF测试载荷
[2025-05-09 10:41:18] [PAYLOAD] [1] http://uh1nhi.dnslog.cn
[2025-05-09 10:41:18] [PAYLOAD] [2] http://localhost:3306/
[2025-05-09 10:41:18] [DB_QUERY] 从数据库获取 ssrf 类型规则，共 2 条
[2025-05-09 10:41:18] [DB_QUERY] 筛选子类型 match_pattern 后，共 1 条规则
[2025-05-09 10:41:18] [LOAD_RULES] 已加载 0 条SSRF匹配模式
[2025-05-09 10:41:18] [WARNING] 没有从数据库加载到任何SSRF匹配模式
[2025-05-09 10:41:18] [SCAN] 规则加载失败，跳过扫描
