=== SSRF扫描器调试日志 - 开始于 2025-05-08 22:52:04 ===

格式说明：
[时间] [操作类型] 详细信息

[2025-05-08 22:52:04] [DB_QUERY] 从数据库获取 ssrf 类型规则，共 2 条
[2025-05-08 22:52:04] [DB_QUERY] 筛选子类型 payload 后，共 1 条规则
[2025-05-08 22:52:04] [LOAD_RULES] 已加载 2 条SSRF测试载荷
[2025-05-08 22:52:04] [PAYLOAD] [1] http://uh1nhi.dnslog.cn
[2025-05-08 22:52:04] [PAYLOAD] [2] http://localhost:3306/
[2025-05-08 22:52:04] [DB_QUERY] 从数据库获取 ssrf 类型规则，共 2 条
[2025-05-08 22:52:04] [DB_QUERY] 筛选子类型 match_pattern 后，共 1 条规则
[2025-05-08 22:52:04] [LOAD_RULES] 已加载 0 条SSRF匹配模式
[2025-05-08 22:52:04] [WARNING] 没有从数据库加载到任何SSRF匹配模式
[2025-05-08 23:05:53] [DB_QUERY] 从数据库获取 ssrf 类型规则，共 2 条
[2025-05-08 23:05:53] [DB_QUERY] 筛选子类型 payload 后，共 1 条规则
[2025-05-08 23:05:53] [LOAD_RULES] 已加载 2 条SSRF测试载荷
[2025-05-08 23:05:53] [PAYLOAD] [1] http://uh1nhi.dnslog.cn
[2025-05-08 23:05:53] [PAYLOAD] [2] http://localhost:3306/
[2025-05-08 23:05:53] [DB_QUERY] 从数据库获取 ssrf 类型规则，共 2 条
[2025-05-08 23:05:53] [DB_QUERY] 筛选子类型 payload 后，共 1 条规则
[2025-05-08 23:05:53] [DB_QUERY] 从数据库获取 ssrf 类型规则，共 2 条
[2025-05-08 23:05:53] [DB_QUERY] 筛选子类型 match_pattern 后，共 1 条规则
[2025-05-08 23:05:53] [LOAD_RULES] 已加载 2 条SSRF测试载荷
[2025-05-08 23:05:53] [PAYLOAD] [1] http://uh1nhi.dnslog.cn
[2025-05-08 23:05:53] [PAYLOAD] [2] http://localhost:3306/
[2025-05-08 23:05:53] [DB_QUERY] 从数据库获取 ssrf 类型规则，共 2 条
[2025-05-08 23:05:53] [LOAD_RULES] 已加载 0 条SSRF匹配模式
[2025-05-08 23:05:53] [DB_QUERY] 筛选子类型 match_pattern 后，共 1 条规则
[2025-05-08 23:05:53] [WARNING] 没有从数据库加载到任何SSRF匹配模式
[2025-05-08 23:05:53] [SCAN] 规则加载失败，跳过扫描
[2025-05-08 23:05:53] [LOAD_RULES] 已加载 0 条SSRF匹配模式
[2025-05-08 23:05:53] [DB_QUERY] 从数据库获取 ssrf 类型规则，共 2 条
[2025-05-08 23:05:53] [WARNING] 没有从数据库加载到任何SSRF匹配模式
[2025-05-08 23:05:53] [DB_QUERY] 筛选子类型 payload 后，共 1 条规则
[2025-05-08 23:05:53] [SCAN] 规则加载失败，跳过扫描
[2025-05-08 23:05:53] [LOAD_RULES] 已加载 2 条SSRF测试载荷
[2025-05-08 23:05:53] [PAYLOAD] [1] http://uh1nhi.dnslog.cn
[2025-05-08 23:05:53] [PAYLOAD] [2] http://localhost:3306/
[2025-05-08 23:05:53] [DB_QUERY] 从数据库获取 ssrf 类型规则，共 2 条
[2025-05-08 23:05:53] [DB_QUERY] 筛选子类型 match_pattern 后，共 1 条规则
[2025-05-08 23:05:53] [LOAD_RULES] 已加载 0 条SSRF匹配模式
[2025-05-08 23:05:53] [WARNING] 没有从数据库加载到任何SSRF匹配模式
[2025-05-08 23:05:53] [SCAN] 规则加载失败，跳过扫描
[2025-05-08 23:05:53] [DB_QUERY] 从数据库获取 ssrf 类型规则，共 2 条
[2025-05-08 23:05:53] [DB_QUERY] 筛选子类型 payload 后，共 1 条规则
[2025-05-08 23:05:54] [LOAD_RULES] 已加载 2 条SSRF测试载荷
[2025-05-08 23:05:54] [PAYLOAD] [1] http://uh1nhi.dnslog.cn
[2025-05-08 23:05:54] [PAYLOAD] [2] http://localhost:3306/
[2025-05-08 23:05:54] [DB_QUERY] 从数据库获取 ssrf 类型规则，共 2 条
[2025-05-08 23:05:54] [DB_QUERY] 筛选子类型 match_pattern 后，共 1 条规则
[2025-05-08 23:05:54] [LOAD_RULES] 已加载 0 条SSRF匹配模式
[2025-05-08 23:05:54] [WARNING] 没有从数据库加载到任何SSRF匹配模式
[2025-05-08 23:05:54] [SCAN] 规则加载失败，跳过扫描
[2025-05-08 23:05:54] [DB_QUERY] 从数据库获取 ssrf 类型规则，共 2 条
[2025-05-08 23:05:54] [DB_QUERY] 筛选子类型 payload 后，共 1 条规则
[2025-05-08 23:05:54] [LOAD_RULES] 已加载 2 条SSRF测试载荷
[2025-05-08 23:05:54] [PAYLOAD] [1] http://uh1nhi.dnslog.cn
[2025-05-08 23:05:54] [PAYLOAD] [2] http://localhost:3306/
[2025-05-08 23:05:54] [DB_QUERY] 从数据库获取 ssrf 类型规则，共 2 条
[2025-05-08 23:05:54] [DB_QUERY] 筛选子类型 match_pattern 后，共 1 条规则
[2025-05-08 23:05:54] [LOAD_RULES] 已加载 0 条SSRF匹配模式
[2025-05-08 23:05:54] [WARNING] 没有从数据库加载到任何SSRF匹配模式
[2025-05-08 23:05:54] [SCAN] 规则加载失败，跳过扫描
[2025-05-08 23:05:54] [DB_QUERY] 从数据库获取 ssrf 类型规则，共 2 条
[2025-05-08 23:05:54] [DB_QUERY] 筛选子类型 payload 后，共 1 条规则
[2025-05-08 23:05:54] [LOAD_RULES] 已加载 2 条SSRF测试载荷
[2025-05-08 23:05:54] [PAYLOAD] [1] http://uh1nhi.dnslog.cn
[2025-05-08 23:05:54] [PAYLOAD] [2] http://localhost:3306/
[2025-05-08 23:05:54] [DB_QUERY] 从数据库获取 ssrf 类型规则，共 2 条
[2025-05-08 23:05:54] [DB_QUERY] 筛选子类型 match_pattern 后，共 1 条规则
[2025-05-08 23:05:54] [LOAD_RULES] 已加载 0 条SSRF匹配模式
[2025-05-08 23:05:54] [WARNING] 没有从数据库加载到任何SSRF匹配模式
[2025-05-08 23:05:54] [SCAN] 规则加载失败，跳过扫描
[2025-05-08 23:05:56] [DB_QUERY] 从数据库获取 ssrf 类型规则，共 2 条
[2025-05-08 23:05:56] [DB_QUERY] 筛选子类型 payload 后，共 1 条规则
[2025-05-08 23:05:56] [LOAD_RULES] 已加载 2 条SSRF测试载荷
[2025-05-08 23:05:56] [PAYLOAD] [1] http://uh1nhi.dnslog.cn
[2025-05-08 23:05:56] [PAYLOAD] [2] http://localhost:3306/
[2025-05-08 23:05:56] [DB_QUERY] 从数据库获取 ssrf 类型规则，共 2 条
[2025-05-08 23:05:56] [DB_QUERY] 筛选子类型 match_pattern 后，共 1 条规则
[2025-05-08 23:05:56] [LOAD_RULES] 已加载 0 条SSRF匹配模式
[2025-05-08 23:05:56] [WARNING] 没有从数据库加载到任何SSRF匹配模式
[2025-05-08 23:05:56] [SCAN] 规则加载失败，跳过扫描
[2025-05-08 23:05:59] [DB_QUERY] 从数据库获取 ssrf 类型规则，共 2 条
[2025-05-08 23:05:59] [DB_QUERY] 筛选子类型 payload 后，共 1 条规则
[2025-05-08 23:05:59] [LOAD_RULES] 已加载 2 条SSRF测试载荷
[2025-05-08 23:05:59] [PAYLOAD] [1] http://uh1nhi.dnslog.cn
[2025-05-08 23:05:59] [PAYLOAD] [2] http://localhost:3306/
[2025-05-08 23:05:59] [DB_QUERY] 从数据库获取 ssrf 类型规则，共 2 条
[2025-05-08 23:05:59] [DB_QUERY] 筛选子类型 match_pattern 后，共 1 条规则
[2025-05-08 23:06:00] [LOAD_RULES] 已加载 0 条SSRF匹配模式
[2025-05-08 23:06:00] [WARNING] 没有从数据库加载到任何SSRF匹配模式
[2025-05-08 23:06:00] [SCAN] 规则加载失败，跳过扫描
[2025-05-08 23:06:00] [DB_QUERY] 从数据库获取 ssrf 类型规则，共 2 条
[2025-05-08 23:06:00] [DB_QUERY] 筛选子类型 payload 后，共 1 条规则
[2025-05-08 23:06:00] [LOAD_RULES] 已加载 2 条SSRF测试载荷
[2025-05-08 23:06:00] [PAYLOAD] [1] http://uh1nhi.dnslog.cn
[2025-05-08 23:06:00] [PAYLOAD] [2] http://localhost:3306/
[2025-05-08 23:06:00] [DB_QUERY] 从数据库获取 ssrf 类型规则，共 2 条
[2025-05-08 23:06:00] [DB_QUERY] 筛选子类型 match_pattern 后，共 1 条规则
[2025-05-08 23:06:00] [LOAD_RULES] 已加载 0 条SSRF匹配模式
[2025-05-08 23:06:00] [WARNING] 没有从数据库加载到任何SSRF匹配模式
[2025-05-08 23:06:00] [SCAN] 规则加载失败，跳过扫描
[2025-05-08 23:06:00] [DB_QUERY] 从数据库获取 ssrf 类型规则，共 2 条
[2025-05-08 23:06:00] [DB_QUERY] 筛选子类型 payload 后，共 1 条规则
[2025-05-08 23:06:00] [LOAD_RULES] 已加载 2 条SSRF测试载荷
[2025-05-08 23:06:00] [PAYLOAD] [1] http://uh1nhi.dnslog.cn
[2025-05-08 23:06:00] [PAYLOAD] [2] http://localhost:3306/
[2025-05-08 23:06:00] [DB_QUERY] 从数据库获取 ssrf 类型规则，共 2 条
[2025-05-08 23:06:00] [DB_QUERY] 筛选子类型 match_pattern 后，共 1 条规则
[2025-05-08 23:06:00] [LOAD_RULES] 已加载 0 条SSRF匹配模式
[2025-05-08 23:06:00] [WARNING] 没有从数据库加载到任何SSRF匹配模式
[2025-05-08 23:06:00] [SCAN] 规则加载失败，跳过扫描
[2025-05-08 23:06:00] [DB_QUERY] 从数据库获取 ssrf 类型规则，共 2 条
[2025-05-08 23:06:00] [DB_QUERY] 筛选子类型 payload 后，共 1 条规则
[2025-05-08 23:06:00] [LOAD_RULES] 已加载 2 条SSRF测试载荷
[2025-05-08 23:06:00] [PAYLOAD] [1] http://uh1nhi.dnslog.cn
[2025-05-08 23:06:00] [PAYLOAD] [2] http://localhost:3306/
[2025-05-08 23:06:00] [DB_QUERY] 从数据库获取 ssrf 类型规则，共 2 条
[2025-05-08 23:06:00] [DB_QUERY] 筛选子类型 match_pattern 后，共 1 条规则
[2025-05-08 23:06:00] [LOAD_RULES] 已加载 0 条SSRF匹配模式
[2025-05-08 23:06:00] [WARNING] 没有从数据库加载到任何SSRF匹配模式
[2025-05-08 23:06:00] [SCAN] 规则加载失败，跳过扫描
[2025-05-08 23:06:00] [DB_QUERY] 从数据库获取 ssrf 类型规则，共 2 条
[2025-05-08 23:06:00] [DB_QUERY] 筛选子类型 payload 后，共 1 条规则
[2025-05-08 23:06:00] [LOAD_RULES] 已加载 2 条SSRF测试载荷
[2025-05-08 23:06:00] [PAYLOAD] [1] http://uh1nhi.dnslog.cn
[2025-05-08 23:06:00] [PAYLOAD] [2] http://localhost:3306/
[2025-05-08 23:06:00] [DB_QUERY] 从数据库获取 ssrf 类型规则，共 2 条
[2025-05-08 23:06:00] [DB_QUERY] 筛选子类型 match_pattern 后，共 1 条规则
[2025-05-08 23:06:00] [LOAD_RULES] 已加载 0 条SSRF匹配模式
[2025-05-08 23:06:00] [WARNING] 没有从数据库加载到任何SSRF匹配模式
[2025-05-08 23:06:00] [SCAN] 规则加载失败，跳过扫描
[2025-05-08 23:06:00] [DB_QUERY] 从数据库获取 ssrf 类型规则，共 2 条
[2025-05-08 23:06:00] [DB_QUERY] 筛选子类型 payload 后，共 1 条规则
[2025-05-08 23:06:00] [LOAD_RULES] 已加载 2 条SSRF测试载荷
[2025-05-08 23:06:00] [PAYLOAD] [1] http://uh1nhi.dnslog.cn
[2025-05-08 23:06:00] [PAYLOAD] [2] http://localhost:3306/
[2025-05-08 23:06:00] [DB_QUERY] 从数据库获取 ssrf 类型规则，共 2 条
[2025-05-08 23:06:00] [DB_QUERY] 筛选子类型 match_pattern 后，共 1 条规则
[2025-05-08 23:06:00] [LOAD_RULES] 已加载 0 条SSRF匹配模式
[2025-05-08 23:06:00] [WARNING] 没有从数据库加载到任何SSRF匹配模式
[2025-05-08 23:06:00] [SCAN] 规则加载失败，跳过扫描
[2025-05-08 23:06:00] [DB_QUERY] 从数据库获取 ssrf 类型规则，共 2 条
[2025-05-08 23:06:00] [DB_QUERY] 筛选子类型 payload 后，共 1 条规则
[2025-05-08 23:06:00] [LOAD_RULES] 已加载 2 条SSRF测试载荷
[2025-05-08 23:06:00] [PAYLOAD] [1] http://uh1nhi.dnslog.cn
[2025-05-08 23:06:00] [PAYLOAD] [2] http://localhost:3306/
[2025-05-08 23:06:00] [DB_QUERY] 从数据库获取 ssrf 类型规则，共 2 条
[2025-05-08 23:06:00] [DB_QUERY] 筛选子类型 match_pattern 后，共 1 条规则
[2025-05-08 23:06:00] [LOAD_RULES] 已加载 0 条SSRF匹配模式
[2025-05-08 23:06:00] [WARNING] 没有从数据库加载到任何SSRF匹配模式
[2025-05-08 23:06:00] [SCAN] 规则加载失败，跳过扫描
[2025-05-08 23:06:00] [DB_QUERY] 从数据库获取 ssrf 类型规则，共 2 条
[2025-05-08 23:06:00] [DB_QUERY] 筛选子类型 payload 后，共 1 条规则
[2025-05-08 23:06:00] [LOAD_RULES] 已加载 2 条SSRF测试载荷
[2025-05-08 23:06:00] [PAYLOAD] [1] http://uh1nhi.dnslog.cn
[2025-05-08 23:06:00] [PAYLOAD] [2] http://localhost:3306/
[2025-05-08 23:06:00] [DB_QUERY] 从数据库获取 ssrf 类型规则，共 2 条
[2025-05-08 23:06:00] [DB_QUERY] 筛选子类型 match_pattern 后，共 1 条规则
[2025-05-08 23:06:00] [LOAD_RULES] 已加载 0 条SSRF匹配模式
[2025-05-08 23:06:00] [WARNING] 没有从数据库加载到任何SSRF匹配模式
[2025-05-08 23:06:00] [SCAN] 规则加载失败，跳过扫描
[2025-05-08 23:06:00] [DB_QUERY] 从数据库获取 ssrf 类型规则，共 2 条
[2025-05-08 23:06:00] [DB_QUERY] 筛选子类型 payload 后，共 1 条规则
[2025-05-08 23:06:00] [LOAD_RULES] 已加载 2 条SSRF测试载荷
[2025-05-08 23:06:00] [PAYLOAD] [1] http://uh1nhi.dnslog.cn
[2025-05-08 23:06:00] [PAYLOAD] [2] http://localhost:3306/
[2025-05-08 23:06:00] [DB_QUERY] 从数据库获取 ssrf 类型规则，共 2 条
[2025-05-08 23:06:00] [DB_QUERY] 筛选子类型 match_pattern 后，共 1 条规则
[2025-05-08 23:06:00] [LOAD_RULES] 已加载 0 条SSRF匹配模式
[2025-05-08 23:06:00] [WARNING] 没有从数据库加载到任何SSRF匹配模式
[2025-05-08 23:06:00] [SCAN] 规则加载失败，跳过扫描
[2025-05-08 23:06:00] [DB_QUERY] 从数据库获取 ssrf 类型规则，共 2 条
[2025-05-08 23:06:00] [DB_QUERY] 筛选子类型 payload 后，共 1 条规则
[2025-05-08 23:06:00] [LOAD_RULES] 已加载 2 条SSRF测试载荷
[2025-05-08 23:06:00] [PAYLOAD] [1] http://uh1nhi.dnslog.cn
[2025-05-08 23:06:00] [PAYLOAD] [2] http://localhost:3306/
[2025-05-08 23:06:01] [DB_QUERY] 从数据库获取 ssrf 类型规则，共 2 条
[2025-05-08 23:06:01] [DB_QUERY] 筛选子类型 match_pattern 后，共 1 条规则
[2025-05-08 23:06:01] [LOAD_RULES] 已加载 0 条SSRF匹配模式
[2025-05-08 23:06:01] [WARNING] 没有从数据库加载到任何SSRF匹配模式
[2025-05-08 23:06:01] [SCAN] 规则加载失败，跳过扫描
[2025-05-08 23:06:01] [DB_QUERY] 从数据库获取 ssrf 类型规则，共 2 条
[2025-05-08 23:06:01] [DB_QUERY] 筛选子类型 payload 后，共 1 条规则
[2025-05-08 23:06:01] [LOAD_RULES] 已加载 2 条SSRF测试载荷
[2025-05-08 23:06:01] [PAYLOAD] [1] http://uh1nhi.dnslog.cn
[2025-05-08 23:06:01] [PAYLOAD] [2] http://localhost:3306/
[2025-05-08 23:06:01] [DB_QUERY] 从数据库获取 ssrf 类型规则，共 2 条
[2025-05-08 23:06:01] [DB_QUERY] 筛选子类型 match_pattern 后，共 1 条规则
[2025-05-08 23:06:01] [LOAD_RULES] 已加载 0 条SSRF匹配模式
[2025-05-08 23:06:01] [WARNING] 没有从数据库加载到任何SSRF匹配模式
[2025-05-08 23:06:01] [SCAN] 规则加载失败，跳过扫描
[2025-05-08 23:06:01] [DB_QUERY] 从数据库获取 ssrf 类型规则，共 2 条
[2025-05-08 23:06:01] [DB_QUERY] 筛选子类型 payload 后，共 1 条规则
[2025-05-08 23:06:01] [LOAD_RULES] 已加载 2 条SSRF测试载荷
[2025-05-08 23:06:01] [PAYLOAD] [1] http://uh1nhi.dnslog.cn
共 2 条
[2025-05-08 23:06:01] [PAYLOAD] [2] http://localhost:3306/
[2025-05-08 23:06:01] [DB_QUERY] 筛选子类型 payload 后，共 1 条规则
[2025-05-08 23:06:01] [DB_QUERY] 从数据库获取 ssrf 类型规则，共 2 条
[2025-05-08 23:06:01] [DB_QUERY] 筛选子类型 match_pattern 后，共 1 条规则
[2025-05-08 23:06:01] [LOAD_RULES] 已加载 2 条SSRF测试载荷
[2025-05-08 23:06:01] [PAYLOAD] [1] http://uh1nhi.dnslog.cn
[2025-05-08 23:06:01] [PAYLOAD] [2] http://localhost:3306/
[2025-05-08 23:06:01] [DB_QUERY] 从数据库获取 ssrf 类型规则，共 2 条
[2025-05-08 23:06:01] [DB_QUERY] 筛选子类型 match_pattern 后，共 1 条规则
[2025-05-08 23:06:01] [LOAD_RULES] 已加载 0 条SSRF匹配模式
[2025-05-08 23:06:01] [WARNING] 没有从数据库加载到任何SSRF匹配模式
[2025-05-08 23:06:01] [SCAN] 规则加载失败，跳过扫描
[2025-05-08 23:06:01] [LOAD_RULES] 已加载 0 条SSRF匹配模式
[2025-05-08 23:06:01] [WARNING] 没有从数据库加载到任何SSRF匹配模式
[2025-05-08 23:06:01] [SCAN] 规则加载失败，跳过扫描
[2025-05-08 23:06:01] [DB_QUERY] 从数据库获取 ssrf 类型规则，共 2 条
[2025-05-08 23:06:01] [DB_QUERY] 筛选子类型 payload 后，共 1 条规则
[2025-05-08 23:06:01] [LOAD_RULES] 已加载 2 条SSRF测试载荷
[2025-05-08 23:06:01] [PAYLOAD] [1] http://uh1nhi.dnslog.cn
[2025-05-08 23:06:01] [PAYLOAD] [2] http://localhost:3306/
[2025-05-08 23:06:01] [DB_QUERY] 从数据库获取 ssrf 类型规则，共 2 条
[2025-05-08 23:06:01] [DB_QUERY] 筛选子类型 match_pattern 后，共 1 条规则
[2025-05-08 23:06:01] [LOAD_RULES] 已加载 0 条SSRF匹配模式
[2025-05-08 23:06:01] [WARNING] 没有从数据库加载到任何SSRF匹配模式
[2025-05-08 23:06:01] [SCAN] 规则加载失败，跳过扫描
[2025-05-08 23:06:01] [DB_QUERY] 从数据库获取 ssrf 类型规则，共 2 条
[2025-05-08 23:06:01] [DB_QUERY] 筛选子类型 payload 后，共 1 条规则
[2025-05-08 23:06:01] [LOAD_RULES] 已加载 2 条SSRF测试载荷
[2025-05-08 23:06:01] [PAYLOAD] [1] http://uh1nhi.dnslog.cn
[2025-05-08 23:06:01] [PAYLOAD] [2] http://localhost:3306/
[2025-05-08 23:06:01] [DB_QUERY] 从数据库获取 ssrf 类型规则，共 2 条
[2025-05-08 23:06:01] [DB_QUERY] 筛选子类型 match_pattern 后，共 1 条规则
[2025-05-08 23:06:01] [LOAD_RULES] 已加载 0 条SSRF匹配模式
[2025-05-08 23:06:01] [WARNING] 没有从数据库加载到任何SSRF匹配模式
[2025-05-08 23:06:01] [SCAN] 规则加载失败，跳过扫描
[2025-05-08 23:06:02] [DB_QUERY] 从数据库获取 ssrf 类型规则，共 2 条
[2025-05-08 23:06:02] [DB_QUERY] 筛选子类型 payload 后，共 1 条规则
[2025-05-08 23:06:02] [LOAD_RULES] 已加载 2 条SSRF测试载荷
[2025-05-08 23:06:02] [PAYLOAD] [1] http://uh1nhi.dnslog.cn
[2025-05-08 23:06:02] [PAYLOAD] [2] http://localhost:3306/
[2025-05-08 23:06:02] [DB_QUERY] 从数据库获取 ssrf 类型规则，共 2 条
[2025-05-08 23:06:02] [DB_QUERY] 筛选子类型 match_pattern 后，共 1 条规则
[2025-05-08 23:06:02] [LOAD_RULES] 已加载 0 条SSRF匹配模式
[2025-05-08 23:06:02] [WARNING] 没有从数据库加载到任何SSRF匹配模式
[2025-05-08 23:06:02] [SCAN] 规则加载失败，跳过扫描
[2025-05-08 23:06:03] [DB_QUERY] 从数据库获取 ssrf 类型规则，共 2 条
[2025-05-08 23:06:03] [DB_QUERY] 筛选子类型 payload 后，共 1 条规则
[2025-05-08 23:06:03] [LOAD_RULES] 已加载 2 条SSRF测试载荷
[2025-05-08 23:06:03] [PAYLOAD] [1] http://uh1nhi.dnslog.cn
[2025-05-08 23:06:03] [PAYLOAD] [2] http://localhost:3306/
[2025-05-08 23:06:03] [DB_QUERY] 从数据库获取 ssrf 类型规则，共 2 条
[2025-05-08 23:06:03] [DB_QUERY] 筛选子类型 match_pattern 后，共 1 条规则
[2025-05-08 23:06:03] [LOAD_RULES] 已加载 0 条SSRF匹配模式
[2025-05-08 23:06:03] [WARNING] 没有从数据库加载到任何SSRF匹配模式
[2025-05-08 23:06:03] [SCAN] 规则加载失败，跳过扫描
[2025-05-08 23:06:03] [DB_QUERY] 从数据库获取 ssrf 类型规则，共 2 条
[2025-05-08 23:06:03] [DB_QUERY] 筛选子类型 payload 后，共 1 条规则
[2025-05-08 23:06:03] [LOAD_RULES] 已加载 2 条SSRF测试载荷
[2025-05-08 23:06:03] [PAYLOAD] [1] http://uh1nhi.dnslog.cn
[2025-05-08 23:06:03] [PAYLOAD] [2] http://localhost:3306/
[2025-05-08 23:06:03] [DB_QUERY] 从数据库获取 ssrf 类型规则，共 2 条
[2025-05-08 23:06:03] [DB_QUERY] 筛选子类型 match_pattern 后，共 1 条规则
[2025-05-08 23:06:03] [LOAD_RULES] 已加载 0 条SSRF匹配模式
[2025-05-08 23:06:03] [WARNING] 没有从数据库加载到任何SSRF匹配模式
[2025-05-08 23:06:03] [SCAN] 规则加载失败，跳过扫描
[2025-05-08 23:06:03] [DB_QUERY] 从数据库获取 ssrf 类型规则，共 2 条
[2025-05-08 23:06:03] [DB_QUERY] 筛选子类型 payload 后，共 1 条规则
[2025-05-08 23:06:03] [LOAD_RULES] 已加载 2 条SSRF测试载荷
[2025-05-08 23:06:03] [PAYLOAD] [1] http://uh1nhi.dnslog.cn
[2025-05-08 23:06:03] [PAYLOAD] [2] http://localhost:3306/
[2025-05-08 23:06:03] [DB_QUERY] 从数据库获取 ssrf 类型规则，共 2 条
[2025-05-08 23:06:03] [DB_QUERY] 筛选子类型 match_pattern 后，共 1 条规则
[2025-05-08 23:06:03] [LOAD_RULES] 已加载 0 条SSRF匹配模式
[2025-05-08 23:06:03] [WARNING] 没有从数据库加载到任何SSRF匹配模式
[2025-05-08 23:06:03] [SCAN] 规则加载失败，跳过扫描
[2025-05-08 23:06:20] [DB_QUERY] 从数据库获取 ssrf 类型规则，共 2 条
[2025-05-08 23:06:20] [DB_QUERY] 筛选子类型 payload 后，共 1 条规则
[2025-05-08 23:06:20] [LOAD_RULES] 已加载 2 条SSRF测试载荷
[2025-05-08 23:06:20] [PAYLOAD] [1] http://uh1nhi.dnslog.cn
[2025-05-08 23:06:20] [PAYLOAD] [2] http://localhost:3306/
[2025-05-08 23:06:20] [DB_QUERY] 从数据库获取 ssrf 类型规则，共 2 条
[2025-05-08 23:06:20] [DB_QUERY] 筛选子类型 payload 后，共 1 条规则
[2025-05-08 23:06:20] [DB_QUERY] 从数据库获取 ssrf 类型规则，共 2 条
[2025-05-08 23:06:20] [DB_QUERY] 筛选子类型 match_pattern 后，共 1 条规则
[2025-05-08 23:06:20] [LOAD_RULES] 已加载 2 条SSRF测试载荷
[2025-05-08 23:06:20] [PAYLOAD] [1] http://uh1nhi.dnslog.cn
[2025-05-08 23:06:20] [PAYLOAD] [2] http://localhost:3306/
[2025-05-08 23:06:20] [LOAD_RULES] 已加载 0 条SSRF匹配模式
[2025-05-08 23:06:20] [WARNING] 没有从数据库加载到任何SSRF匹配模式
[2025-05-08 23:06:20] [SCAN] 规则加载失败，跳过扫描
[2025-05-08 23:06:20] [DB_QUERY] 从数据库获取 ssrf 类型规则，共 2 条
[2025-05-08 23:06:20] [DB_QUERY] 筛选子类型 match_pattern 后，共 1 条规则
[2025-05-08 23:06:20] [LOAD_RULES] 已加载 0 条SSRF匹配模式
[2025-05-08 23:06:20] [WARNING] 没有从数据库加载到任何SSRF匹配模式
[2025-05-08 23:06:20] [SCAN] 规则加载失败，跳过扫描
[2025-05-08 23:06:21] [DB_QUERY] 从数据库获取 ssrf 类型规则，共 2 条
[2025-05-08 23:06:21] [DB_QUERY] 筛选子类型 payload 后，共 1 条规则
[2025-05-08 23:06:21] [LOAD_RULES] 已加载 2 条SSRF测试载荷
[2025-05-08 23:06:21] [PAYLOAD] [1] http://uh1nhi.dnslog.cn
[2025-05-08 23:06:21] [PAYLOAD] [2] http://localhost:3306/
[2025-05-08 23:06:21] [DB_QUERY] 从数据库获取 ssrf 类型规则，共 2 条
[2025-05-08 23:06:21] [DB_QUERY] 筛选子类型 match_pattern 后，共 1 条规则
[2025-05-08 23:06:21] [LOAD_RULES] 已加载 0 条SSRF匹配模式
[2025-05-08 23:06:21] [WARNING] 没有从数据库加载到任何SSRF匹配模式
[2025-05-08 23:06:21] [SCAN] 规则加载失败，跳过扫描
