=== SSRFɨ־ - ʼ 2025-05-08 22:43:42 ===

ʽ˵
[ʱ] [] ϸϢ

[2025-05-08 22:43:42] [DB_QUERY] ݿȡ ssrf ͹򣬹 2 
[2025-05-08 22:43:42] [DB_QUERY] ɸѡ payload 󣬹 1 
[2025-05-08 22:43:42] [LOAD_RULES] Ѽ 2 SSRFغ
[2025-05-08 22:43:42] [PAYLOAD] [1] http://uh1nhi.dnslog.cn
[2025-05-08 22:43:42] [PAYLOAD] [2] http://localhost:3306/
[2025-05-08 22:43:42] [DB_QUERY] ݿȡ ssrf ͹򣬹 2 
[2025-05-08 22:43:42] [DB_QUERY] ɸѡ match_pattern 󣬹 1 
[2025-05-08 22:43:42] [LOAD_RULES] Ѽ 0 SSRFƥģʽ
[2025-05-08 22:43:42] [WARNING] ûдݿصκSSRFƥģʽ
[2025-05-08 22:44:05] [DB_QUERY] ݿȡ ssrf ͹򣬹 2 
[2025-05-08 22:44:05] [DB_QUERY] ɸѡ payload 󣬹 1 
[2025-05-08 22:44:05] [LOAD_RULES] Ѽ 2 SSRFغ
[2025-05-08 22:44:05] [PAYLOAD] [1] http://uh1nhi.dnslog.cn
[2025-05-08 22:44:05] [PAYLOAD] [2] http://localhost:3306/
[2025-05-08 22:44:05] [DB_QUERY] ݿȡ ssrf ͹򣬹 2 
[2025-05-08 22:44:05] [DB_QUERY] ɸѡ match_pattern 󣬹 1 
[2025-05-08 22:44:05] [LOAD_RULES] Ѽ 0 SSRFƥģʽ
[2025-05-08 22:44:05] [WARNING] ûдݿصκSSRFƥģʽ
[2025-05-08 22:44:05] [SCAN] ʧܣɨ
[2025-05-08 22:44:05] [DB_QUERY] ݿȡ ssrf ͹򣬹 2 
[2025-05-08 22:44:05] [DB_QUERY] ɸѡ payload 󣬹 1 
[2025-05-08 22:44:05] [LOAD_RULES] Ѽ 2 SSRFغ
[2025-05-08 22:44:05] [PAYLOAD] [1] http://uh1nhi.dnslog.cn
[2025-05-08 22:44:05] [PAYLOAD] [2] http://localhost:3306/
[2025-05-08 22:44:05] [DB_QUERY] ݿȡ ssrf ͹򣬹 2 
[2025-05-08 22:44:05] [DB_QUERY] ɸѡ match_pattern 󣬹 1 
[2025-05-08 22:44:05] [LOAD_RULES] Ѽ 0 SSRFƥģʽ
[2025-05-08 22:44:05] [WARNING] ûдݿصκSSRFƥģʽ
[2025-05-08 22:44:05] [SCAN] ʧܣɨ
[2025-05-08 22:44:05] [DB_QUERY] ݿȡ ssrf ͹򣬹 2 
[2025-05-08 22:44:05] [DB_QUERY] ɸѡ payload 󣬹 1 
[2025-05-08 22:44:05] [LOAD_RULES] Ѽ 2 SSRFغ
[2025-05-08 22:44:05] [PAYLOAD] [1] http://uh1nhi.dnslog.cn
[2025-05-08 22:44:05] [PAYLOAD] [2] http://localhost:3306/
[2025-05-08 22:44:05] [DB_QUERY] ݿȡ ssrf ͹򣬹 2 
[2025-05-08 22:44:05] [DB_QUERY] ɸѡ match_pattern 󣬹 1 
[2025-05-08 22:44:05] [LOAD_RULES] Ѽ 0 SSRFƥģʽ
[2025-05-08 22:44:05] [WARNING] ûдݿصκSSRFƥģʽ
[2025-05-08 22:44:05] [SCAN] ʧܣɨ
[2025-05-08 22:44:05] [DB_QUERY] ݿȡ ssrf ͹򣬹 2 
[2025-05-08 22:44:05] [DB_QUERY] ɸѡ payload 󣬹 1 
[2025-05-08 22:44:05] [LOAD_RULES] Ѽ 2 SSRFغ
[2025-05-08 22:44:05] [PAYLOAD] [1] http://uh1nhi.dnslog.cn
[2025-05-08 22:44:05] [PAYLOAD] [2] http://localhost:3306/
[2025-05-08 22:44:05] [DB_QUERY] ݿȡ ssrf ͹򣬹 2 
[2025-05-08 22:44:05] [DB_QUERY] ɸѡ match_pattern 󣬹 1 
[2025-05-08 22:44:05] [LOAD_RULES] Ѽ 0 SSRFƥģʽ
[2025-05-08 22:44:05] [WARNING] ûдݿصκSSRFƥģʽ
[2025-05-08 22:44:05] [SCAN] ʧܣɨ
[2025-05-08 22:44:05] [DB_QUERY] ݿȡ ssrf ͹򣬹 2 
[2025-05-08 22:44:05] [DB_QUERY] ɸѡ payload 󣬹 1 
[2025-05-08 22:44:05] [LOAD_RULES] Ѽ 2 SSRFغ
[2025-05-08 22:44:05] [PAYLOAD] [1] http://uh1nhi.dnslog.cn
[2025-05-08 22:44:05] [PAYLOAD] [2] http://localhost:3306/
[2025-05-08 22:44:05] [DB_QUERY] ݿȡ ssrf ͹򣬹 2 
[2025-05-08 22:44:05] [DB_QUERY] ɸѡ match_pattern 󣬹 1 
[2025-05-08 22:44:05] [LOAD_RULES] Ѽ 0 SSRFƥģʽ
[2025-05-08 22:44:05] [WARNING] ûдݿصκSSRFƥģʽ
[2025-05-08 22:44:05] [SCAN] ʧܣɨ
[2025-05-08 22:44:05] [DB_QUERY] ݿȡ ssrf ͹򣬹 2 
[2025-05-08 22:44:05] [DB_QUERY] ɸѡ payload 󣬹 1 
[2025-05-08 22:44:05] [LOAD_RULES] Ѽ 2 SSRFغ
[2025-05-08 22:44:05] [PAYLOAD] [1] http://uh1nhi.dnslog.cn
[2025-05-08 22:44:05] [PAYLOAD] [2] http://localhost:3306/
[2025-05-08 22:44:05] [DB_QUERY] ݿȡ ssrf ͹򣬹 2 
[2025-05-08 22:44:05] [DB_QUERY] ɸѡ match_pattern 󣬹 1 
[2025-05-08 22:44:05] [LOAD_RULES] Ѽ 0 SSRFƥģʽ
[2025-05-08 22:44:05] [WARNING] ûдݿصκSSRFƥģʽ
[2025-05-08 22:44:05] [SCAN] ʧܣɨ
[2025-05-08 22:44:07] [DB_QUERY] ݿȡ ssrf ͹򣬹 2 
[2025-05-08 22:44:07] [DB_QUERY] ɸѡ payload 󣬹 1 
[2025-05-08 22:44:07] [LOAD_RULES] Ѽ 2 SSRFغ
[2025-05-08 22:44:07] [PAYLOAD] [1] http://uh1nhi.dnslog.cn
[2025-05-08 22:44:07] [PAYLOAD] [2] http://localhost:3306/
[2025-05-08 22:44:07] [DB_QUERY] ݿȡ ssrf ͹򣬹 2 
[2025-05-08 22:44:07] [DB_QUERY] ɸѡ match_pattern 󣬹 1 
[2025-05-08 22:44:07] [LOAD_RULES] Ѽ 0 SSRFƥģʽ
[2025-05-08 22:44:07] [WARNING] ûдݿصκSSRFƥģʽ
[2025-05-08 22:44:07] [SCAN] ʧܣɨ
[2025-05-08 22:44:07] [DB_QUERY] ݿȡ ssrf ͹򣬹 2 
[2025-05-08 22:44:07] [DB_QUERY] ɸѡ payload 󣬹 1 
[2025-05-08 22:44:07] [LOAD_RULES] Ѽ 2 SSRFغ
[2025-05-08 22:44:07] [PAYLOAD] [1] http://uh1nhi.dnslog.cn
[2025-05-08 22:44:07] [PAYLOAD] [2] http://localhost:3306/
[2025-05-08 22:44:07] [DB_QUERY] ݿȡ ssrf ͹򣬹 2 
[2025-05-08 22:44:07] [DB_QUERY] ɸѡ match_pattern 󣬹 1 
[2025-05-08 22:44:07] [LOAD_RULES] Ѽ 0 SSRFƥģʽ
[2025-05-08 22:44:07] [WARNING] ûдݿصκSSRFƥģʽ
[2025-05-08 22:44:07] [SCAN] ʧܣɨ
[2025-05-08 22:44:07] [DB_QUERY] ݿȡ ssrf ͹򣬹 2 
[2025-05-08 22:44:07] [DB_QUERY] ɸѡ payload 󣬹 1 
[2025-05-08 22:44:07] [LOAD_RULES] Ѽ 2 SSRFغ
[2025-05-08 22:44:07] [PAYLOAD] [1] http://uh1nhi.dnslog.cn
[2025-05-08 22:44:07] [PAYLOAD] [2] http://localhost:3306/
[2025-05-08 22:44:07] [DB_QUERY] ݿȡ ssrf ͹򣬹 2 
[2025-05-08 22:44:07] [DB_QUERY] ɸѡ match_pattern 󣬹 1 
[2025-05-08 22:44:07] [LOAD_RULES] Ѽ 0 SSRFƥģʽ
[2025-05-08 22:44:07] [WARNING] ûдݿصκSSRFƥģʽ
[2025-05-08 22:44:07] [SCAN] ʧܣɨ
[2025-05-08 22:44:07] [DB_QUERY] ݿȡ ssrf ͹򣬹 2 
[2025-05-08 22:44:07] [DB_QUERY] ɸѡ payload 󣬹 1 
[2025-05-08 22:44:07] [LOAD_RULES] Ѽ 2 SSRFغ
[2025-05-08 22:44:07] [PAYLOAD] [1] http://uh1nhi.dnslog.cn
[2025-05-08 22:44:07] [PAYLOAD] [2] http://localhost:3306/
[2025-05-08 22:44:07] [DB_QUERY] ݿȡ ssrf ͹򣬹 2 
[2025-05-08 22:44:07] [DB_QUERY] ɸѡ match_pattern 󣬹 1 
[2025-05-08 22:44:07] [LOAD_RULES] Ѽ 0 SSRFƥģʽ
[2025-05-08 22:44:07] [WARNING] ûдݿصκSSRFƥģʽ
[2025-05-08 22:44:07] [SCAN] ʧܣɨ
[2025-05-08 22:44:07] [DB_QUERY] ݿȡ ssrf ͹򣬹 2 
[2025-05-08 22:44:07] [DB_QUERY] ɸѡ payload 󣬹 1 
[2025-05-08 22:44:07] [LOAD_RULES] Ѽ 2 SSRFغ
[2025-05-08 22:44:07] [PAYLOAD] [1] http://uh1nhi.dnslog.cn
[2025-05-08 22:44:07] [PAYLOAD] [2] http://localhost:3306/
[2025-05-08 22:44:07] [DB_QUERY] ݿȡ ssrf ͹򣬹 2 
[2025-05-08 22:44:07] [DB_QUERY] ɸѡ match_pattern 󣬹 1 
[2025-05-08 22:44:07] [LOAD_RULES] Ѽ 0 SSRFƥģʽ
[2025-05-08 22:44:07] [WARNING] ûдݿصκSSRFƥģʽ
[2025-05-08 22:44:07] [SCAN] ʧܣɨ
[2025-05-08 22:44:07] [DB_QUERY] ݿȡ ssrf ͹򣬹 2 
[2025-05-08 22:44:07] [DB_QUERY] ɸѡ payload 󣬹 1 
[2025-05-08 22:44:07] [LOAD_RULES] Ѽ 2 SSRFغ
[2025-05-08 22:44:07] [PAYLOAD] [1] http://uh1nhi.dnslog.cn
[2025-05-08 22:44:07] [PAYLOAD] [2] http://localhost:3306/
[2025-05-08 22:44:07] [DB_QUERY] ݿȡ ssrf ͹򣬹 2 
[2025-05-08 22:44:07] [DB_QUERY] ɸѡ match_pattern 󣬹 1 
[2025-05-08 22:44:07] [LOAD_RULES] Ѽ 0 SSRFƥģʽ
[2025-05-08 22:44:07] [WARNING] ûдݿصκSSRFƥģʽ
[2025-05-08 22:44:07] [SCAN] ʧܣɨ
[2025-05-08 22:44:07] [DB_QUERY] ݿȡ ssrf ͹򣬹 2 
[2025-05-08 22:44:07] [DB_QUERY] ɸѡ payload 󣬹 1 
[2025-05-08 22:44:07] [LOAD_RULES] Ѽ 2 SSRFغ
[2025-05-08 22:44:07] [PAYLOAD] [1] http://uh1nhi.dnslog.cn
[2025-05-08 22:44:07] [PAYLOAD] [2] http://localhost:3306/
[2025-05-08 22:44:07] [DB_QUERY] ݿȡ ssrf ͹򣬹 2 
[2025-05-08 22:44:07] [DB_QUERY] ɸѡ match_pattern 󣬹 1 
[2025-05-08 22:44:07] [LOAD_RULES] Ѽ 0 SSRFƥģʽ
[2025-05-08 22:44:07] [WARNING] ûдݿصκSSRFƥģʽ
[2025-05-08 22:44:07] [SCAN] ʧܣɨ
[2025-05-08 22:44:07] [DB_QUERY] ݿȡ ssrf ͹򣬹 2 
[2025-05-08 22:44:07] [DB_QUERY] ɸѡ payload 󣬹 1 
[2025-05-08 22:44:07] [LOAD_RULES] Ѽ 2 SSRFغ
[2025-05-08 22:44:07] [PAYLOAD] [1] http://uh1nhi.dnslog.cn
[2025-05-08 22:44:07] [PAYLOAD] [2] http://localhost:3306/
[2025-05-08 22:44:07] [DB_QUERY] ݿȡ ssrf ͹򣬹 2 
[2025-05-08 22:44:07] [DB_QUERY] ɸѡ match_pattern 󣬹 1 
[2025-05-08 22:44:07] [LOAD_RULES] Ѽ 0 SSRFƥģʽ
[2025-05-08 22:44:07] [WARNING] ûдݿصκSSRFƥģʽ
[2025-05-08 22:44:07] [SCAN] ʧܣɨ
[2025-05-08 22:44:07] [DB_QUERY] ݿȡ ssrf ͹򣬹 2 
[2025-05-08 22:44:07] [DB_QUERY] ɸѡ payload 󣬹 1 
[2025-05-08 22:44:07] [LOAD_RULES] Ѽ 2 SSRFغ
[2025-05-08 22:44:07] [PAYLOAD] [1] http://uh1nhi.dnslog.cn
[2025-05-08 22:44:07] [PAYLOAD] [2] http://localhost:3306/
[2025-05-08 22:44:07] [DB_QUERY] ݿȡ ssrf ͹򣬹 2 
[2025-05-08 22:44:07] [DB_QUERY] ɸѡ match_pattern 󣬹 1 
[2025-05-08 22:44:07] [LOAD_RULES] Ѽ 0 SSRFƥģʽ
[2025-05-08 22:44:07] [WARNING] ûдݿصκSSRFƥģʽ
[2025-05-08 22:44:07] [SCAN] ʧܣɨ
[2025-05-08 22:44:08] [DB_QUERY] ݿȡ ssrf ͹򣬹 2 
[2025-05-08 22:44:08] [DB_QUERY] ɸѡ payload 󣬹 1 
[2025-05-08 22:44:08] [LOAD_RULES] Ѽ 2 SSRFغ
[2025-05-08 22:44:08] [PAYLOAD] [1] http://uh1nhi.dnslog.cn
[2025-05-08 22:44:08] [DB_QUERY] ݿȡ ssrf ͹򣬹 2 
[2025-05-08 22:44:08] [PAYLOAD] [2] http://localhost:3306/
[2025-05-08 22:44:08] [DB_QUERY] ɸѡ payload 󣬹 1 
[2025-05-08 22:44:08] [LOAD_RULES] Ѽ 2 SSRFغ
[2025-05-08 22:44:08] [PAYLOAD] [1] http://uh1nhi.dnslog.cn
[2025-05-08 22:44:08] [DB_QUERY] ݿȡ ssrf ͹򣬹 2 
[2025-05-08 22:44:08] [DB_QUERY] ɸѡ match_pattern 󣬹 1 
[2025-05-08 22:44:08] [PAYLOAD] [2] http://localhost:3306/
[2025-05-08 22:44:08] [LOAD_RULES] Ѽ 0 SSRFƥģʽ
[2025-05-08 22:44:08] [DB_QUERY] ݿȡ ssrf ͹򣬹 2 
[2025-05-08 22:44:08] [WARNING] ûдݿصκSSRFƥģʽ
[2025-05-08 22:44:08] [DB_QUERY] ɸѡ match_pattern 󣬹 1 
[2025-05-08 22:44:08] [SCAN] ʧܣɨ
[2025-05-08 22:44:08] [LOAD_RULES] Ѽ 0 SSRFƥģʽ
[2025-05-08 22:44:08] [WARNING] ûдݿصκSSRFƥģʽ
[2025-05-08 22:44:08] [SCAN] ʧܣɨ
[2025-05-08 22:44:08] [DB_QUERY] ݿȡ ssrf ͹򣬹 2 
[2025-05-08 22:44:08] [DB_QUERY] ɸѡ payload 󣬹 1 
[2025-05-08 22:44:08] [LOAD_RULES] Ѽ 2 SSRFغ
[2025-05-08 22:44:08] [PAYLOAD] [1] http://uh1nhi.dnslog.cn
[2025-05-08 22:44:08] [PAYLOAD] [2] http://localhost:3306/
[2025-05-08 22:44:08] [DB_QUERY] ݿȡ ssrf ͹򣬹 2 
[2025-05-08 22:44:08] [DB_QUERY] ɸѡ match_pattern 󣬹 1 
[2025-05-08 22:44:08] [LOAD_RULES] Ѽ 0 SSRFƥģʽ
[2025-05-08 22:44:08] [WARNING] ûдݿصκSSRFƥģʽ
[2025-05-08 22:44:08] [SCAN] ʧܣɨ
[2025-05-08 22:44:08] [DB_QUERY] ݿȡ ssrf ͹򣬹 2 
[2025-05-08 22:44:08] [DB_QUERY] ɸѡ payload 󣬹 1 
[2025-05-08 22:44:08] [LOAD_RULES] Ѽ 2 SSRFغ
[2025-05-08 22:44:08] [PAYLOAD] [1] http://uh1nhi.dnslog.cn
[2025-05-08 22:44:08] [PAYLOAD] [2] http://localhost:3306/
[2025-05-08 22:44:08] [DB_QUERY] ݿȡ ssrf ͹򣬹 2 
[2025-05-08 22:44:08] [DB_QUERY] ɸѡ match_pattern 󣬹 1 
[2025-05-08 22:44:08] [LOAD_RULES] Ѽ 0 SSRFƥģʽ
[2025-05-08 22:44:08] [WARNING] ûдݿصκSSRFƥģʽ
[2025-05-08 22:44:08] [SCAN] ʧܣɨ
[2025-05-08 22:44:08] [DB_QUERY] ݿȡ ssrf ͹򣬹 2 
[2025-05-08 22:44:08] [DB_QUERY] ɸѡ payload 󣬹 1 
[2025-05-08 22:44:08] [LOAD_RULES] Ѽ 2 SSRFغ
[2025-05-08 22:44:08] [PAYLOAD] [1] http://uh1nhi.dnslog.cn
[2025-05-08 22:44:08] [PAYLOAD] [2] http://localhost:3306/
[2025-05-08 22:44:08] [DB_QUERY] ݿȡ ssrf ͹򣬹 2 
[2025-05-08 22:44:08] [DB_QUERY] ɸѡ match_pattern 󣬹 1 
[2025-05-08 22:44:08] [LOAD_RULES] Ѽ 0 SSRFƥģʽ
[2025-05-08 22:44:08] [WARNING] ûдݿصκSSRFƥģʽ
[2025-05-08 22:44:08] [SCAN] ʧܣɨ
[2025-05-08 22:44:08] [DB_QUERY] ݿȡ ssrf ͹򣬹 2 
[2025-05-08 22:44:08] [DB_QUERY] ɸѡ payload 󣬹 1 
[2025-05-08 22:44:08] [LOAD_RULES] Ѽ 2 SSRFغ
[2025-05-08 22:44:08] [PAYLOAD] [1] http://uh1nhi.dnslog.cn
[2025-05-08 22:44:08] [PAYLOAD] [2] http://localhost:3306/
[2025-05-08 22:44:08] [DB_QUERY] ݿȡ ssrf ͹򣬹 2 
[2025-05-08 22:44:08] [DB_QUERY] ɸѡ match_pattern 󣬹 1 
[2025-05-08 22:44:08] [LOAD_RULES] Ѽ 0 SSRFƥģʽ
[2025-05-08 22:44:08] [WARNING] ûдݿصκSSRFƥģʽ
[2025-05-08 22:44:08] [SCAN] ʧܣɨ
[2025-05-08 22:44:09] [DB_QUERY] ݿȡ ssrf ͹򣬹 2 
[2025-05-08 22:44:09] [DB_QUERY] ɸѡ payload 󣬹 1 
[2025-05-08 22:44:09] [LOAD_RULES] Ѽ 2 SSRFغ
[2025-05-08 22:44:09] [PAYLOAD] [1] http://uh1nhi.dnslog.cn
[2025-05-08 22:44:09] [PAYLOAD] [2] http://localhost:3306/
[2025-05-08 22:44:09] [DB_QUERY] ݿȡ ssrf ͹򣬹 2 
[2025-05-08 22:44:09] [DB_QUERY] ɸѡ match_pattern 󣬹 1 
[2025-05-08 22:44:09] [LOAD_RULES] Ѽ 0 SSRFƥģʽ
[2025-05-08 22:44:09] [WARNING] ûдݿصκSSRFƥģʽ
[2025-05-08 22:44:09] [SCAN] ʧܣɨ
[2025-05-08 22:44:09] [DB_QUERY] ݿȡ ssrf ͹򣬹 2 
[2025-05-08 22:44:09] [DB_QUERY] ɸѡ payload 󣬹 1 
[2025-05-08 22:44:09] [LOAD_RULES] Ѽ 2 SSRFغ
[2025-05-08 22:44:09] [PAYLOAD] [1] http://uh1nhi.dnslog.cn
[2025-05-08 22:44:09] [PAYLOAD] [2] http://localhost:3306/
[2025-05-08 22:44:09] [DB_QUERY] ݿȡ ssrf ͹򣬹 2 
[2025-05-08 22:44:09] [DB_QUERY] ɸѡ match_pattern 󣬹 1 
[2025-05-08 22:44:09] [LOAD_RULES] Ѽ 0 SSRFƥģʽ
[2025-05-08 22:44:09] [WARNING] ûдݿصκSSRFƥģʽ
[2025-05-08 22:44:09] [SCAN] ʧܣɨ
[2025-05-08 22:44:09] [DB_QUERY] ݿȡ ssrf ͹򣬹 2 
[2025-05-08 22:44:09] [DB_QUERY] ɸѡ payload 󣬹 1 
[2025-05-08 22:44:09] [LOAD_RULES] Ѽ 2 SSRFغ
[2025-05-08 22:44:09] [PAYLOAD] [1] http://uh1nhi.dnslog.cn
[2025-05-08 22:44:09] [PAYLOAD] [2] http://localhost:3306/
[2025-05-08 22:44:09] [DB_QUERY] ݿȡ ssrf ͹򣬹 2 
[2025-05-08 22:44:09] [DB_QUERY] ɸѡ match_pattern 󣬹 1 
[2025-05-08 22:44:09] [LOAD_RULES] Ѽ 0 SSRFƥģʽ
[2025-05-08 22:44:09] [WARNING] ûдݿصκSSRFƥģʽ
[2025-05-08 22:44:09] [SCAN] ʧܣɨ
[2025-05-08 22:44:09] [DB_QUERY] ݿȡ ssrf ͹򣬹 2 
[2025-05-08 22:44:09] [DB_QUERY] ɸѡ payload 󣬹 1 
[2025-05-08 22:44:09] [LOAD_RULES] Ѽ 2 SSRFغ
[2025-05-08 22:44:09] [PAYLOAD] [1] http://uh1nhi.dnslog.cn
[2025-05-08 22:44:09] [PAYLOAD] [2] http://localhost:3306/
[2025-05-08 22:44:09] [DB_QUERY] ݿȡ ssrf ͹򣬹 2 
[2025-05-08 22:44:09] [DB_QUERY] ɸѡ match_pattern 󣬹 1 
[2025-05-08 22:44:09] [LOAD_RULES] Ѽ 0 SSRFƥģʽ
[2025-05-08 22:44:09] [WARNING] ûдݿصκSSRFƥģʽ
[2025-05-08 22:44:09] [SCAN] ʧܣɨ
[2025-05-08 22:44:09] [DB_QUERY] ݿȡ ssrf ͹򣬹 2 
[2025-05-08 22:44:09] [DB_QUERY] ɸѡ payload 󣬹 1 
[2025-05-08 22:44:09] [LOAD_RULES] Ѽ 2 SSRFغ
[2025-05-08 22:44:09] [PAYLOAD] [1] http://uh1nhi.dnslog.cn
[2025-05-08 22:44:09] [PAYLOAD] [2] http://localhost:3306/
[2025-05-08 22:44:09] [DB_QUERY] ݿȡ ssrf ͹򣬹 2 
[2025-05-08 22:44:09] [DB_QUERY] ɸѡ match_pattern 󣬹 1 
[2025-05-08 22:44:09] [LOAD_RULES] Ѽ 0 SSRFƥģʽ
[2025-05-08 22:44:09] [WARNING] ûдݿصκSSRFƥģʽ
[2025-05-08 22:44:09] [SCAN] ʧܣɨ
[2025-05-08 22:44:10] [DB_QUERY] ݿȡ ssrf ͹򣬹 2 
[2025-05-08 22:44:10] [DB_QUERY] ɸѡ payload 󣬹 1 
[2025-05-08 22:44:10] [LOAD_RULES] Ѽ 2 SSRFغ
[2025-05-08 22:44:10] [PAYLOAD] [1] http://uh1nhi.dnslog.cn
[2025-05-08 22:44:10] [PAYLOAD] [2] http://localhost:3306/
[2025-05-08 22:44:10] [DB_QUERY] ݿȡ ssrf ͹򣬹 2 
[2025-05-08 22:44:10] [DB_QUERY] ɸѡ match_pattern 󣬹 1 
[2025-05-08 22:44:10] [LOAD_RULES] Ѽ 0 SSRFƥģʽ
[2025-05-08 22:44:10] [WARNING] ûдݿصκSSRFƥģʽ
[2025-05-08 22:44:10] [SCAN] ʧܣɨ
[2025-05-08 22:45:30] [DB_QUERY] ݿȡ ssrf ͹򣬹 2 
[2025-05-08 22:45:30] [DB_QUERY] ɸѡ payload 󣬹 1 
[2025-05-08 22:45:30] [LOAD_RULES] Ѽ 2 SSRFغ
[2025-05-08 22:45:30] [PAYLOAD] [1] http://uh1nhi.dnslog.cn
[2025-05-08 22:45:30] [PAYLOAD] [2] http://localhost:3306/
[2025-05-08 22:45:30] [DB_QUERY] ݿȡ ssrf ͹򣬹 2 
[2025-05-08 22:45:30] [DB_QUERY] ɸѡ match_pattern 󣬹 1 
[2025-05-08 22:45:30] [LOAD_RULES] Ѽ 0 SSRFƥģʽ
[2025-05-08 22:45:30] [WARNING] ûдݿصκSSRFƥģʽ
[2025-05-08 22:45:30] [SCAN] ʧܣɨ
[2025-05-08 22:46:11] [DB_QUERY] ݿȡ ssrf ͹򣬹 2 
[2025-05-08 22:46:11] [DB_QUERY] ɸѡ payload 󣬹 1 
[2025-05-08 22:46:11] [LOAD_RULES] Ѽ 2 SSRFغ
[2025-05-08 22:46:11] [PAYLOAD] [1] http://uh1nhi.dnslog.cn
[2025-05-08 22:46:11] [PAYLOAD] [2] http://localhost:3306/
[2025-05-08 22:46:11] [DB_QUERY] ݿȡ ssrf ͹򣬹 2 
[2025-05-08 22:46:11] [DB_QUERY] ɸѡ match_pattern 󣬹 1 
[2025-05-08 22:46:11] [LOAD_RULES] Ѽ 0 SSRFƥģʽ
[2025-05-08 22:46:11] [WARNING] ûдݿصκSSRFƥģʽ
[2025-05-08 22:46:11] [SCAN] ʧܣɨ
[2025-05-08 22:46:12] [DB_QUERY] ݿȡ ssrf ͹򣬹 2 
[2025-05-08 22:46:12] [DB_QUERY] ɸѡ payload 󣬹 1 
[2025-05-08 22:46:12] [LOAD_RULES] Ѽ 2 SSRFغ
[2025-05-08 22:46:12] [PAYLOAD] [1] http://uh1nhi.dnslog.cn
[2025-05-08 22:46:12] [PAYLOAD] [2] http://localhost:3306/
[2025-05-08 22:46:12] [DB_QUERY] ݿȡ ssrf ͹򣬹 2 
[2025-05-08 22:46:12] [DB_QUERY] ɸѡ match_pattern 󣬹 1 
[2025-05-08 22:46:12] [LOAD_RULES] Ѽ 0 SSRFƥģʽ
[2025-05-08 22:46:12] [WARNING] ûдݿصκSSRFƥģʽ
[2025-05-08 22:46:12] [SCAN] ʧܣɨ
[2025-05-08 22:46:14] [DB_QUERY] ݿȡ ssrf ͹򣬹 2 
[2025-05-08 22:46:14] [DB_QUERY] ɸѡ payload 󣬹 1 
[2025-05-08 22:46:14] [LOAD_RULES] Ѽ 2 SSRFغ
[2025-05-08 22:46:14] [PAYLOAD] [1] http://uh1nhi.dnslog.cn
[2025-05-08 22:46:14] [PAYLOAD] [2] http://localhost:3306/
[2025-05-08 22:46:14] [DB_QUERY] ݿȡ ssrf ͹򣬹 2 
[2025-05-08 22:46:14] [DB_QUERY] ɸѡ match_pattern 󣬹 1 
[2025-05-08 22:46:14] [LOAD_RULES] Ѽ 0 SSRFƥģʽ
[2025-05-08 22:46:14] [WARNING] ûдݿصκSSRFƥģʽ
[2025-05-08 22:46:14] [SCAN] ʧܣɨ
[2025-05-08 22:46:14] [DB_QUERY] ݿȡ ssrf ͹򣬹 2 
[2025-05-08 22:46:14] [DB_QUERY] ɸѡ payload 󣬹 1 
[2025-05-08 22:46:14] [LOAD_RULES] Ѽ 2 SSRFغ
[2025-05-08 22:46:14] [PAYLOAD] [1] http://uh1nhi.dnslog.cn
[2025-05-08 22:46:14] [PAYLOAD] [2] http://localhost:3306/
[2025-05-08 22:46:14] [DB_QUERY] ݿȡ ssrf ͹򣬹 2 
[2025-05-08 22:46:14] [DB_QUERY] ɸѡ match_pattern 󣬹 1 
[2025-05-08 22:46:14] [LOAD_RULES] Ѽ 0 SSRFƥģʽ
[2025-05-08 22:46:14] [WARNING] ûдݿصκSSRFƥģʽ
[2025-05-08 22:46:14] [SCAN] ʧܣɨ
[2025-05-08 22:46:15] [DB_QUERY] ݿȡ ssrf ͹򣬹 2 
[2025-05-08 22:46:15] [DB_QUERY] ɸѡ payload 󣬹 1 
[2025-05-08 22:46:15] [LOAD_RULES] Ѽ 2 SSRFغ
[2025-05-08 22:46:15] [PAYLOAD] [1] http://uh1nhi.dnslog.cn
[2025-05-08 22:46:15] [PAYLOAD] [2] http://localhost:3306/
[2025-05-08 22:46:15] [DB_QUERY] ݿȡ ssrf ͹򣬹 2 
[2025-05-08 22:46:15] [DB_QUERY] ɸѡ match_pattern 󣬹 1 
[2025-05-08 22:46:15] [LOAD_RULES] Ѽ 0 SSRFƥģʽ
[2025-05-08 22:46:15] [WARNING] ûдݿصκSSRFƥģʽ
[2025-05-08 22:46:15] [SCAN] ʧܣɨ
[2025-05-08 22:46:16] [DB_QUERY] ݿȡ ssrf ͹򣬹 2 
[2025-05-08 22:46:16] [DB_QUERY] ɸѡ payload 󣬹 1 
[2025-05-08 22:46:16] [DB_QUERY] ݿȡ ssrf ͹򣬹 2 
[2025-05-08 22:46:16] [DB_QUERY] ɸѡ payload 󣬹 1 
[2025-05-08 22:46:16] [LOAD_RULES] Ѽ 2 SSRFغ
[2025-05-08 22:46:16] [DB_QUERY] ݿȡ ssrf ͹򣬹 2 
[2025-05-08 22:46:16] [PAYLOAD] [1] http://uh1nhi.dnslog.cn
[2025-05-08 22:46:16] [DB_QUERY] ɸѡ payload 󣬹 1 
[2025-05-08 22:46:16] [PAYLOAD] [2] http://localhost:3306/
[2025-05-08 22:46:16] [DB_QUERY] ݿȡ ssrf ͹򣬹 2 
[2025-05-08 22:46:16] [LOAD_RULES] Ѽ 2 SSRFغ
[2025-05-08 22:46:16] [DB_QUERY] ɸѡ payload 󣬹 1 
[2025-05-08 22:46:16] [PAYLOAD] [2] http://localhost:3306/
[2025-05-08 22:46:16] [LOAD_RULES] Ѽ 2 SSRFغ
[2025-05-08 22:46:16] [DB_QUERY] ݿȡ ssrf ͹򣬹 2 
[2025-05-08 22:46:16] [PAYLOAD] [1] http://uh1nhi.dnslog.cn
[2025-05-08 22:46:16] [DB_QUERY] ɸѡ match_pattern 󣬹 1 
[2025-05-08 22:46:16] [PAYLOAD] [2] http://localhost:3306/
[2025-05-08 22:46:16] [LOAD_RULES] Ѽ 2 SSRFغ
[2025-05-08 22:46:16] [DB_QUERY] ݿȡ ssrf ͹򣬹 2 
[2025-05-08 22:46:16] [PAYLOAD] [1] http://uh1nhi.dnslog.cn
[2025-05-08 22:46:16] [DB_QUERY] ɸѡ match_pattern 󣬹 1 
[2025-05-08 22:46:16] [PAYLOAD] [2] http://localhost:3306/
[2025-05-08 22:46:16] [LOAD_RULES] Ѽ 0 SSRFƥģʽ
[2025-05-08 22:46:16] [WARNING] ûдݿصκSSRFƥģʽ

[2025-05-08 22:46:16] [SCAN] ʧܣɨ
tern 󣬹 1 
[2025-05-08 22:46:16] [DB_QUERY] ݿȡ ssrf ͹򣬹 2 
[2025-05-08 22:46:16] [LOAD_RULES] Ѽ 0 SSRFƥģʽ
[2025-05-08 22:46:16] [WARNING] ûдݿصκSSRFƥģʽ

[2025-05-08 22:46:16] [SCAN] ʧܣɨ
[2025-05-08 22:46:16] [LOAD_RULES] Ѽ 0 SSRFƥģʽ
[2025-05-08 22:46:16] [WARNING] ûдݿصκSSRFƥģʽ
[2025-05-08 22:46:16] [SCAN] ʧܣɨ
[2025-05-08 22:46:16] [LOAD_RULES] Ѽ 0 SSRFƥģʽ
[2025-05-08 22:46:16] [WARNING] ûдݿصκSSRFƥģʽ
[2025-05-08 22:46:16] [SCAN] ʧܣɨ
[2025-05-08 22:46:16] [DB_QUERY] ݿȡ ssrf ͹򣬹 2 
[2025-05-08 22:46:16] [DB_QUERY] ɸѡ payload 󣬹 1 
[2025-05-08 22:46:17] [LOAD_RULES] Ѽ 2 SSRFغ
[2025-05-08 22:46:17] [PAYLOAD] [1] http://uh1nhi.dnslog.cn
[2025-05-08 22:46:17] [PAYLOAD] [2] http://localhost:3306/
[2025-05-08 22:46:17] [DB_QUERY] ݿȡ ssrf ͹򣬹 2 
[2025-05-08 22:46:17] [DB_QUERY] ɸѡ match_pattern 󣬹 1 
[2025-05-08 22:46:17] [LOAD_RULES] Ѽ 0 SSRFƥģʽ
[2025-05-08 22:46:17] [WARNING] ûдݿصκSSRFƥģʽ
[2025-05-08 22:46:17] [SCAN] ʧܣɨ
[2025-05-08 22:46:17] [DB_QUERY] ݿȡ ssrf ͹򣬹 2 
[2025-05-08 22:46:17] [DB_QUERY] ɸѡ payload 󣬹 1 
[2025-05-08 22:46:17] [LOAD_RULES] Ѽ 2 SSRFغ
[2025-05-08 22:46:17] [PAYLOAD] [1] http://uh1nhi.dnslog.cn
[2025-05-08 22:46:17] [PAYLOAD] [2] http://localhost:3306/
[2025-05-08 22:46:17] [DB_QUERY] ݿȡ ssrf ͹򣬹 2 
[2025-05-08 22:46:17] [DB_QUERY] ɸѡ match_pattern 󣬹 1 
[2025-05-08 22:46:17] [DB_QUERY] ݿȡ ssrf ͹򣬹 2 
[2025-05-08 22:46:17] [DB_QUERY] ɸѡ payload 󣬹 1 
[2025-05-08 22:46:17] [LOAD_RULES] Ѽ 0 SSRFƥģʽ
[2025-05-08 22:46:17] [WARNING] ûдݿصκSSRFƥģʽ
[2025-05-08 22:46:17] [SCAN] ʧܣɨ
[2025-05-08 22:46:17] [LOAD_RULES] Ѽ 2 SSRFغ
[2025-05-08 22:46:17] [PAYLOAD] [1] http://uh1nhi.dnslog.cn
[2025-05-08 22:46:17] [PAYLOAD] [2] http://localhost:3306/
[2025-05-08 22:46:17] [DB_QUERY] ݿȡ ssrf ͹򣬹 2 
[2025-05-08 22:46:17] [DB_QUERY] ɸѡ match_pattern 󣬹 1 
[2025-05-08 22:46:17] [LOAD_RULES] Ѽ 0 SSRFƥģʽ
[2025-05-08 22:46:17] [WARNING] ûдݿصκSSRFƥģʽ
[2025-05-08 22:46:17] [SCAN] ʧܣɨ
[2025-05-08 22:46:17] [DB_QUERY] ݿȡ ssrf ͹򣬹 2 
[2025-05-08 22:46:17] [DB_QUERY] ɸѡ payload 󣬹 1 
[2025-05-08 22:46:17] [LOAD_RULES] Ѽ 2 SSRFغ
[2025-05-08 22:46:17] [PAYLOAD] [1] http://uh1nhi.dnslog.cn
[2025-05-08 22:46:17] [PAYLOAD] [2] http://localhost:3306/
[2025-05-08 22:46:17] [DB_QUERY] ݿȡ ssrf ͹򣬹 2 
[2025-05-08 22:46:17] [DB_QUERY] ɸѡ match_pattern 󣬹 1 
[2025-05-08 22:46:17] [LOAD_RULES] Ѽ 0 SSRFƥģʽ
[2025-05-08 22:46:17] [WARNING] ûдݿصκSSRFƥģʽ
[2025-05-08 22:46:17] [SCAN] ʧܣɨ
[2025-05-08 22:46:17] [DB_QUERY] ݿȡ ssrf ͹򣬹 2 
[2025-05-08 22:46:17] [DB_QUERY] ɸѡ payload 󣬹 1 
[2025-05-08 22:46:17] [LOAD_RULES] Ѽ 2 SSRFغ
[2025-05-08 22:46:17] [PAYLOAD] [1] http://uh1nhi.dnslog.cn
[2025-05-08 22:46:17] [PAYLOAD] [2] http://localhost:3306/
[2025-05-08 22:46:17] [DB_QUERY] ݿȡ ssrf ͹򣬹 2 
[2025-05-08 22:46:17] [DB_QUERY] ɸѡ match_pattern 󣬹 1 
[2025-05-08 22:46:17] [LOAD_RULES] Ѽ 0 SSRFƥģʽ
[2025-05-08 22:46:17] [WARNING] ûдݿصκSSRFƥģʽ
[2025-05-08 22:46:17] [SCAN] ʧܣɨ
[2025-05-08 22:46:17] [DB_QUERY] ݿȡ ssrf ͹򣬹 2 
[2025-05-08 22:46:17] [DB_QUERY] ɸѡ payload 󣬹 1 
[2025-05-08 22:46:17] [LOAD_RULES] Ѽ 2 SSRFغ
[2025-05-08 22:46:17] [PAYLOAD] [1] http://uh1nhi.dnslog.cn
[2025-05-08 22:46:17] [PAYLOAD] [2] http://localhost:3306/
[2025-05-08 22:46:17] [DB_QUERY] ݿȡ ssrf ͹򣬹 2 
[2025-05-08 22:46:17] [DB_QUERY] ɸѡ match_pattern 󣬹 1 
[2025-05-08 22:46:17] [LOAD_RULES] Ѽ 0 SSRFƥģʽ
[2025-05-08 22:46:17] [WARNING] ûдݿصκSSRFƥģʽ
[2025-05-08 22:46:17] [SCAN] ʧܣɨ
[2025-05-08 22:46:18] [DB_QUERY] ݿȡ ssrf ͹򣬹 2 
[2025-05-08 22:46:18] [DB_QUERY] ɸѡ payload 󣬹 1 
[2025-05-08 22:46:18] [LOAD_RULES] Ѽ 2 SSRFغ
[2025-05-08 22:46:18] [PAYLOAD] [1] http://uh1nhi.dnslog.cn
[2025-05-08 22:46:18] [PAYLOAD] [2] http://localhost:3306/
[2025-05-08 22:46:18] [DB_QUERY] ݿȡ ssrf ͹򣬹 2 
[2025-05-08 22:46:18] [DB_QUERY] ɸѡ match_pattern 󣬹 1 
[2025-05-08 22:46:18] [LOAD_RULES] Ѽ 0 SSRFƥģʽ
[2025-05-08 22:46:18] [WARNING] ûдݿصκSSRFƥģʽ
[2025-05-08 22:46:18] [SCAN] ʧܣɨ
[2025-05-08 22:46:18] [DB_QUERY] ݿȡ ssrf ͹򣬹 2 
[2025-05-08 22:46:18] [DB_QUERY] ɸѡ payload 󣬹 1 
[2025-05-08 22:46:18] [LOAD_RULES] Ѽ 2 SSRFغ
[2025-05-08 22:46:18] [PAYLOAD] [1] http://uh1nhi.dnslog.cn
[2025-05-08 22:46:18] [PAYLOAD] [2] http://localhost:3306/
[2025-05-08 22:46:18] [DB_QUERY] ݿȡ ssrf ͹򣬹 2 
[2025-05-08 22:46:18] [DB_QUERY] ɸѡ match_pattern 󣬹 1 
[2025-05-08 22:46:18] [LOAD_RULES] Ѽ 0 SSRFƥģʽ
[2025-05-08 22:46:18] [WARNING] ûдݿصκSSRFƥģʽ
[2025-05-08 22:46:18] [SCAN] ʧܣɨ
[2025-05-08 22:46:18] [DB_QUERY] ݿȡ ssrf ͹򣬹 2 
[2025-05-08 22:46:18] [DB_QUERY] ɸѡ payload 󣬹 1 
[2025-05-08 22:46:18] [LOAD_RULES] Ѽ 2 SSRFغ
[2025-05-08 22:46:18] [PAYLOAD] [1] http://uh1nhi.dnslog.cn
[2025-05-08 22:46:18] [PAYLOAD] [2] http://localhost:3306/
[2025-05-08 22:46:18] [DB_QUERY] ݿȡ ssrf ͹򣬹 2 
[2025-05-08 22:46:18] [DB_QUERY] ɸѡ match_pattern 󣬹 1 
[2025-05-08 22:46:18] [LOAD_RULES] Ѽ 0 SSRFƥģʽ
[2025-05-08 22:46:18] [WARNING] ûдݿصκSSRFƥģʽ
[2025-05-08 22:46:18] [SCAN] ʧܣɨ
[2025-05-08 22:46:21] [DB_QUERY] ݿȡ ssrf ͹򣬹 2 
[2025-05-08 22:46:21] [DB_QUERY] ɸѡ payload 󣬹 1 
[2025-05-08 22:46:21] [LOAD_RULES] Ѽ 2 SSRFغ
[2025-05-08 22:46:21] [PAYLOAD] [1] http://uh1nhi.dnslog.cn
[2025-05-08 22:46:21] [PAYLOAD] [2] http://localhost:3306/
[2025-05-08 22:46:21] [DB_QUERY] ݿȡ ssrf ͹򣬹 2 
[2025-05-08 22:46:21] [DB_QUERY] ɸѡ match_pattern 󣬹 1 
[2025-05-08 22:46:21] [LOAD_RULES] Ѽ 0 SSRFƥģʽ
[2025-05-08 22:46:21] [WARNING] ûдݿصκSSRFƥģʽ
[2025-05-08 22:46:21] [SCAN] ʧܣɨ
[2025-05-08 23:05:53] [DB_QUERY] ݿȡ ssrf ͹򣬹 2 
[2025-05-08 23:05:53] [DB_QUERY] ɸѡ payload 󣬹 1 
[2025-05-08 23:05:53] [LOAD_RULES] Ѽ 2 SSRFغ
[2025-05-08 23:05:53] [PAYLOAD] [1] http://uh1nhi.dnslog.cn
[2025-05-08 23:05:53] [PAYLOAD] [2] http://localhost:3306/
[2025-05-08 23:05:53] [DB_QUERY] ݿȡ ssrf ͹򣬹 2 
[2025-05-08 23:05:53] [DB_QUERY] ɸѡ match_pattern 󣬹 1 
[2025-05-08 23:05:53] [LOAD_RULES] Ѽ 0 SSRFƥģʽ
[2025-05-08 23:05:53] [WARNING] ûдݿصκSSRFƥģʽ
[2025-05-08 23:05:53] [SCAN] ʧܣɨ
[2025-05-08 23:06:02] [DB_QUERY] ݿȡ ssrf ͹򣬹 2 
[2025-05-08 23:06:02] [DB_QUERY] ɸѡ payload 󣬹 1 
[2025-05-08 23:06:02] [LOAD_RULES] Ѽ 2 SSRFغ
[2025-05-08 23:06:02] [PAYLOAD] [1] http://uh1nhi.dnslog.cn
[2025-05-08 23:06:02] [PAYLOAD] [2] http://localhost:3306/
[2025-05-08 23:06:02] [DB_QUERY] ݿȡ ssrf ͹򣬹 2 
[2025-05-08 23:06:02] [DB_QUERY] ɸѡ match_pattern 󣬹 1 
[2025-05-08 23:06:02] [LOAD_RULES] Ѽ 0 SSRFƥģʽ
[2025-05-08 23:06:02] [WARNING] ûдݿصκSSRFƥģʽ
[2025-05-08 23:06:02] [SCAN] ʧܣɨ
