=== SSRF扫描器调试日志 - 开始于 2025-05-20 13:06:46 ===

格式说明：
[时间] [操作类型] 详细信息

[2025-05-20 13:06:46] [DB_QUERY] 从数据库获取 ssrf 类型规则，共 2 条
[2025-05-20 13:06:46] [DB_QUERY] 筛选子类型 payload 后，共 1 条规则
[2025-05-20 13:06:46] [LOAD_RULES] 已加载 2 条SSRF测试载荷
[2025-05-20 13:06:46] [PAYLOAD] [1] http://uh1nhi.dnslog.cn
[2025-05-20 13:06:46] [PAYLOAD] [2] http://localhost:3306/
[2025-05-20 13:06:46] [DB_QUERY] 从数据库获取 ssrf 类型规则，共 2 条
[2025-05-20 13:06:46] [DB_QUERY] 筛选子类型 match_pattern 后，共 1 条规则
[2025-05-20 13:06:46] [LOAD_RULES] 已加载 0 条SSRF匹配模式
[2025-05-20 13:06:46] [WARNING] 没有从数据库加载到任何SSRF匹配模式
[2025-05-20 13:07:01] [DB_QUERY] 从数据库获取 ssrf 类型规则，共 2 条
[2025-05-20 13:07:01] [DB_QUERY] 筛选子类型 payload 后，共 1 条规则
[2025-05-20 13:07:01] [LOAD_RULES] 已加载 2 条SSRF测试载荷
[2025-05-20 13:07:01] [PAYLOAD] [1] http://uh1nhi.dnslog.cn
[2025-05-20 13:07:01] [PAYLOAD] [2] http://localhost:3306/
[2025-05-20 13:07:01] [DB_QUERY] 从数据库获取 ssrf 类型规则，共 2 条
[2025-05-20 13:07:01] [DB_QUERY] 筛选子类型 match_pattern 后，共 1 条规则
[2025-05-20 13:07:01] [LOAD_RULES] 已加载 0 条SSRF匹配模式
[2025-05-20 13:07:01] [WARNING] 没有从数据库加载到任何SSRF匹配模式
[2025-05-20 13:07:01] [SCAN] 规则加载失败，跳过扫描
[2025-05-20 13:07:01] [DB_QUERY] 从数据库获取 ssrf 类型规则，共 2 条
[2025-05-20 13:07:01] [DB_QUERY] 筛选子类型 payload 后，共 1 条规则
[2025-05-20 13:07:01] [LOAD_RULES] 已加载 2 条SSRF测试载荷
[2025-05-20 13:07:01] [DB_QUERY] 从数据库获取 ssrf 类型规则，共 2 条
[2025-05-20 13:07:01] [DB_QUERY] 筛选子类型 payload 后，共 1 条规则
[2025-05-20 13:07:01] [PAYLOAD] [1] http://uh1nhi.dnslog.cn
[2025-05-20 13:07:01] [PAYLOAD] [2] http://localhost:3306/
[2025-05-20 13:07:01] [LOAD_RULES] 已加载 2 条SSRF测试载荷
[2025-05-20 13:07:01] [PAYLOAD] [1] http://uh1nhi.dnslog.cn
[2025-05-20 13:07:01] [PAYLOAD] [2] http://localhost:3306/
[2025-05-20 13:07:01] [DB_QUERY] 从数据库获取 ssrf 类型规则，共 2 条
[2025-05-20 13:07:01] [DB_QUERY] 筛选子类型 match_pattern 后，共 1 条规则
[2025-05-20 13:07:01] [DB_QUERY] 从数据库获取 ssrf 类型规则，共 2 条
[2025-05-20 13:07:01] [WARNING] 没有从数据库加载到任何SSRF匹配模式
[2025-05-20 13:07:01] [DB_QUERY] 筛选子类型 match_pattern 后，共 1 条规则
[2025-05-20 13:07:01] [SCAN] 规则加载失败，跳过扫描
[2025-05-20 13:07:01] [LOAD_RULES] 已加载 0 条SSRF匹配模式
[2025-05-20 13:07:01] [WARNING] 没有从数据库加载到任何SSRF匹配模式
[2025-05-20 13:07:01] [SCAN] 规则加载失败，跳过扫描
[2025-05-20 13:07:01] [DB_QUERY] 从数据库获取 ssrf 类型规则，共 2 条
[2025-05-20 13:07:01] [DB_QUERY] 筛选子类型 payload 后，共 1 条规则
[2025-05-20 13:07:01] [LOAD_RULES] 已加载 2 条SSRF测试载荷
[2025-05-20 13:07:01] [PAYLOAD] [1] http://uh1nhi.dnslog.cn
[2025-05-20 13:07:01] [PAYLOAD] [2] http://localhost:3306/
[2025-05-20 13:07:01] [DB_QUERY] 从数据库获取 ssrf 类型规则，共 2 条
[2025-05-20 13:07:01] [DB_QUERY] 筛选子类型 match_pattern 后，共 1 条规则
[2025-05-20 13:07:01] [LOAD_RULES] 已加载 0 条SSRF匹配模式
[2025-05-20 13:07:01] [WARNING] 没有从数据库加载到任何SSRF匹配模式
[2025-05-20 13:07:01] [SCAN] 规则加载失败，跳过扫描
[2025-05-20 13:07:01] [DB_QUERY] 从数据库获取 ssrf 类型规则，共 2 条
[2025-05-20 13:07:01] [DB_QUERY] 筛选子类型 payload 后，共 1 条规则
[2025-05-20 13:07:01] [LOAD_RULES] 已加载 2 条SSRF测试载荷
[2025-05-20 13:07:01] [PAYLOAD] [1] http://uh1nhi.dnslog.cn
[2025-05-20 13:07:01] [PAYLOAD] [2] http://localhost:3306/
[2025-05-20 13:07:01] [DB_QUERY] 从数据库获取 ssrf 类型规则，共 2 条
[2025-05-20 13:07:01] [DB_QUERY] 筛选子类型 match_pattern 后，共 1 条规则
[2025-05-20 13:07:01] [LOAD_RULES] 已加载 0 条SSRF匹配模式
[2025-05-20 13:07:01] [WARNING] 没有从数据库加载到任何SSRF匹配模式
[2025-05-20 13:07:01] [SCAN] 规则加载失败，跳过扫描
[2025-05-20 13:07:02] [DB_QUERY] 从数据库获取 ssrf 类型规则，共 2 条
[2025-05-20 13:07:02] [DB_QUERY] 筛选子类型 payload 后，共 1 条规则
[2025-05-20 13:07:02] [LOAD_RULES] 已加载 2 条SSRF测试载荷
[2025-05-20 13:07:02] [PAYLOAD] [1] http://uh1nhi.dnslog.cn
[2025-05-20 13:07:02] [PAYLOAD] [2] http://localhost:3306/
[2025-05-20 13:07:02] [DB_QUERY] 从数据库获取 ssrf 类型规则，共 2 条
[2025-05-20 13:07:02] [DB_QUERY] 筛选子类型 match_pattern 后，共 1 条规则
[2025-05-20 13:07:02] [LOAD_RULES] 已加载 0 条SSRF匹配模式
[2025-05-20 13:07:02] [WARNING] 没有从数据库加载到任何SSRF匹配模式
[2025-05-20 13:07:02] [SCAN] 规则加载失败，跳过扫描
[2025-05-20 13:07:02] [DB_QUERY] 从数据库获取 ssrf 类型规则，共 2 条
[2025-05-20 13:07:02] [DB_QUERY] 筛选子类型 payload 后，共 1 条规则
[2025-05-20 13:07:02] [LOAD_RULES] 已加载 2 条SSRF测试载荷
[2025-05-20 13:07:02] [PAYLOAD] [1] http://uh1nhi.dnslog.cn
[2025-05-20 13:07:02] [PAYLOAD] [2] http://localhost:3306/
[2025-05-20 13:07:02] [DB_QUERY] 从数据库获取 ssrf 类型规则，共 2 条
[2025-05-20 13:07:02] [DB_QUERY] 筛选子类型 match_pattern 后，共 1 条规则
[2025-05-20 13:07:02] [LOAD_RULES] 已加载 0 条SSRF匹配模式
[2025-05-20 13:07:02] [WARNING] 没有从数据库加载到任何SSRF匹配模式
[2025-05-20 13:07:02] [SCAN] 规则加载失败，跳过扫描
[2025-05-20 13:07:02] [DB_QUERY] 从数据库获取 ssrf 类型规则，共 2 条
[2025-05-20 13:07:02] [DB_QUERY] 筛选子类型 payload 后，共 1 条规则
[2025-05-20 13:07:02] [DB_QUERY] 从数据库获取 ssrf 类型规则，共 2 条
[2025-05-20 13:07:02] [DB_QUERY] 筛选子类型 payload 后，共 1 条规则
[2025-05-20 13:07:02] [LOAD_RULES] 已加载 2 条SSRF测试载荷
[2025-05-20 13:07:02] [PAYLOAD] [1] http://uh1nhi.dnslog.cn
[2025-05-20 13:07:02] [PAYLOAD] [2] http://localhost:3306/
[2025-05-20 13:07:02] [LOAD_RULES] 已加载 2 条SSRF测试载荷
[2025-05-20 13:07:02] [PAYLOAD] [1] http://uh1nhi.dnslog.cn
[2025-05-20 13:07:02] [DB_QUERY] 从数据库获取 ssrf 类型规则，共 2 条
[2025-05-20 13:07:02] [PAYLOAD] [2] http://localhost:3306/
[2025-05-20 13:07:02] [DB_QUERY] 筛选子类型 match_pattern 后，共 1 条规则
[2025-05-20 13:07:02] [DB_QUERY] 从数据库获取 ssrf 类型规则，共 2 条
[2025-05-20 13:07:02] [DB_QUERY] 筛选子类型 match_pattern 后，共 1 条规则
[2025-05-20 13:07:02] [LOAD_RULES] 已加载 0 条SSRF匹配模式
[2025-05-20 13:07:02] [WARNING] 没有从数据库加载到任何SSRF匹配模式
[2025-05-20 13:07:02] [SCAN] 规则加载失败，跳过扫描
[2025-05-20 13:07:02] [LOAD_RULES] 已加载 0 条SSRF匹配模式
[2025-05-20 13:07:02] [WARNING] 没有从数据库加载到任何SSRF匹配模式
[2025-05-20 13:07:02] [SCAN] 规则加载失败，跳过扫描
[2025-05-20 13:07:02] [DB_QUERY] 从数据库获取 ssrf 类型规则，共 2 条
[2025-05-20 13:07:02] [DB_QUERY] 筛选子类型 payload 后，共 1 条规则
[2025-05-20 13:07:02] [LOAD_RULES] 已加载 2 条SSRF测试载荷
[2025-05-20 13:07:02] [PAYLOAD] [1] http://uh1nhi.dnslog.cn
[2025-05-20 13:07:02] [PAYLOAD] [2] http://localhost:3306/
[2025-05-20 13:07:02] [DB_QUERY] 从数据库获取 ssrf 类型规则，共 2 条
[2025-05-20 13:07:02] [DB_QUERY] 筛选子类型 match_pattern 后，共 1 条规则
[2025-05-20 13:07:02] [LOAD_RULES] 已加载 0 条SSRF匹配模式
[2025-05-20 13:07:02] [WARNING] 没有从数据库加载到任何SSRF匹配模式
[2025-05-20 13:07:02] [SCAN] 规则加载失败，跳过扫描
[2025-05-20 13:07:02] [DB_QUERY] 从数据库获取 ssrf 类型规则，共 2 条
[2025-05-20 13:07:02] [DB_QUERY] 筛选子类型 payload 后，共 1 条规则
[2025-05-20 13:07:02] [LOAD_RULES] 已加载 2 条SSRF测试载荷
[2025-05-20 13:07:02] [PAYLOAD] [1] http://uh1nhi.dnslog.cn
[2025-05-20 13:07:02] [PAYLOAD] [2] http://localhost:3306/
[2025-05-20 13:07:02] [DB_QUERY] 从数据库获取 ssrf 类型规则，共 2 条
[2025-05-20 13:07:02] [DB_QUERY] 筛选子类型 match_pattern 后，共 1 条规则
[2025-05-20 13:07:02] [LOAD_RULES] 已加载 0 条SSRF匹配模式
[2025-05-20 13:07:02] [WARNING] 没有从数据库加载到任何SSRF匹配模式
[2025-05-20 13:07:02] [SCAN] 规则加载失败，跳过扫描
[2025-05-20 13:07:02] [DB_QUERY] 从数据库获取 ssrf 类型规则，共 2 条
[2025-05-20 13:07:02] [DB_QUERY] 筛选子类型 payload 后，共 1 条规则
[2025-05-20 13:07:02] [LOAD_RULES] 已加载 2 条SSRF测试载荷
[2025-05-20 13:07:02] [PAYLOAD] [1] http://uh1nhi.dnslog.cn
[2025-05-20 13:07:02] [PAYLOAD] [2] http://localhost:3306/
[2025-05-20 13:07:02] [DB_QUERY] 从数据库获取 ssrf 类型规则，共 2 条
[2025-05-20 13:07:02] [DB_QUERY] 筛选子类型 match_pattern 后，共 1 条规则
[2025-05-20 13:07:02] [LOAD_RULES] 已加载 0 条SSRF匹配模式
[2025-05-20 13:07:02] [WARNING] 没有从数据库加载到任何SSRF匹配模式
[2025-05-20 13:07:02] [SCAN] 规则加载失败，跳过扫描
[2025-05-20 13:07:03] [DB_QUERY] 从数据库获取 ssrf 类型规则，共 2 条
[2025-05-20 13:07:03] [DB_QUERY] 筛选子类型 payload 后，共 1 条规则
[2025-05-20 13:07:03] [DB_QUERY] 从数据库获取 ssrf 类型规则，共 2 条
[2025-05-20 13:07:03] [LOAD_RULES] 已加载 2 条SSRF测试载荷
[2025-05-20 13:07:03] [DB_QUERY] 筛选子类型 payload 后，共 1 条规则
[2025-05-20 13:07:03] [PAYLOAD] [1] http://uh1nhi.dnslog.cn
[2025-05-20 13:07:03] [PAYLOAD] [2] http://localhost:3306/
[2025-05-20 13:07:03] [DB_QUERY] 从数据库获取 ssrf 类型规则，共 2 条
[2025-05-20 13:07:03] [DB_QUERY] 筛选子类型 match_pattern 后，共 1 条规则
[2025-05-20 13:07:03] [LOAD_RULES] 已加载 2 条SSRF测试载荷
[2025-05-20 13:07:03] [PAYLOAD] [1] http://uh1nhi.dnslog.cn
[2025-05-20 13:07:03] [PAYLOAD] [2] http://localhost:3306/
[2025-05-20 13:07:03] [DB_QUERY] 从数据库获取 ssrf 类型规则，共 2 条
[2025-05-20 13:07:03] [DB_QUERY] 筛选子类型 match_pattern 后，共 1 条规则
[2025-05-20 13:07:03] [LOAD_RULES] 已加载 0 条SSRF匹配模式
[2025-05-20 13:07:03] [WARNING] 没有从数据库加载到任何SSRF匹配模式
[2025-05-20 13:07:03] [SCAN] 规则加载失败，跳过扫描
[2025-05-20 13:07:03] [LOAD_RULES] 已加载 0 条SSRF匹配模式
[2025-05-20 13:07:03] [WARNING] 没有从数据库加载到任何SSRF匹配模式
[2025-05-20 13:07:03] [SCAN] 规则加载失败，跳过扫描
[2025-05-20 13:07:03] [DB_QUERY] 从数据库获取 ssrf 类型规则，共 2 条
[2025-05-20 13:07:03] [DB_QUERY] 筛选子类型 payload 后，共 1 条规则
[2025-05-20 13:07:03] [LOAD_RULES] 已加载 2 条SSRF测试载荷
[2025-05-20 13:07:03] [PAYLOAD] [1] http://uh1nhi.dnslog.cn
[2025-05-20 13:07:03] [PAYLOAD] [2] http://localhost:3306/
[2025-05-20 13:07:03] [DB_QUERY] 从数据库获取 ssrf 类型规则，共 2 条
[2025-05-20 13:07:03] [DB_QUERY] 筛选子类型 match_pattern 后，共 1 条规则
[2025-05-20 13:07:03] [LOAD_RULES] 已加载 0 条SSRF匹配模式
[2025-05-20 13:07:03] [WARNING] 没有从数据库加载到任何SSRF匹配模式
[2025-05-20 13:07:03] [SCAN] 规则加载失败，跳过扫描
[2025-05-20 13:07:03] [DB_QUERY] 从数据库获取 ssrf 类型规则，共 2 条
[2025-05-20 13:07:03] [DB_QUERY] 筛选子类型 payload 后，共 1 条规则
[2025-05-20 13:07:03] [LOAD_RULES] 已加载 2 条SSRF测试载荷
[2025-05-20 13:07:03] [PAYLOAD] [1] http://uh1nhi.dnslog.cn
[2025-05-20 13:07:03] [PAYLOAD] [2] http://localhost:3306/
[2025-05-20 13:07:03] [DB_QUERY] 从数据库获取 ssrf 类型规则，共 2 条
[2025-05-20 13:07:03] [DB_QUERY] 筛选子类型 match_pattern 后，共 1 条规则
[2025-05-20 13:07:03] [LOAD_RULES] 已加载 0 条SSRF匹配模式
[2025-05-20 13:07:03] [WARNING] 没有从数据库加载到任何SSRF匹配模式
[2025-05-20 13:07:03] [SCAN] 规则加载失败，跳过扫描
[2025-05-20 13:07:03] [DB_QUERY] 从数据库获取 ssrf 类型规则，共 2 条
[2025-05-20 13:07:03] [DB_QUERY] 筛选子类型 payload 后，共 1 条规则
[2025-05-20 13:07:03] [LOAD_RULES] 已加载 2 条SSRF测试载荷
[2025-05-20 13:07:03] [PAYLOAD] [1] http://uh1nhi.dnslog.cn
[2025-05-20 13:07:03] [PAYLOAD] [2] http://localhost:3306/
[2025-05-20 13:07:03] [DB_QUERY] 从数据库获取 ssrf 类型规则，共 2 条
[2025-05-20 13:07:03] [DB_QUERY] 筛选子类型 match_pattern 后，共 1 条规则
[2025-05-20 13:07:03] [LOAD_RULES] 已加载 0 条SSRF匹配模式
[2025-05-20 13:07:03] [WARNING] 没有从数据库加载到任何SSRF匹配模式
[2025-05-20 13:07:03] [SCAN] 规则加载失败，跳过扫描
[2025-05-20 13:07:03] [DB_QUERY] 从数据库获取 ssrf 类型规则，共 2 条
[2025-05-20 13:07:03] [DB_QUERY] 筛选子类型 payload 后，共 1 条规则
[2025-05-20 13:07:03] [LOAD_RULES] 已加载 2 条SSRF测试载荷
[2025-05-20 13:07:03] [PAYLOAD] [1] http://uh1nhi.dnslog.cn
[2025-05-20 13:07:03] [PAYLOAD] [2] http://localhost:3306/
[2025-05-20 13:07:03] [DB_QUERY] 从数据库获取 ssrf 类型规则，共 2 条
[2025-05-20 13:07:03] [DB_QUERY] 筛选子类型 match_pattern 后，共 1 条规则
[2025-05-20 13:07:03] [LOAD_RULES] 已加载 0 条SSRF匹配模式
[2025-05-20 13:07:03] [WARNING] 没有从数据库加载到任何SSRF匹配模式
[2025-05-20 13:07:03] [SCAN] 规则加载失败，跳过扫描
[2025-05-20 13:07:03] [DB_QUERY] 从数据库获取 ssrf 类型规则，共 2 条
[2025-05-20 13:07:03] [DB_QUERY] 筛选子类型 payload 后，共 1 条规则
[2025-05-20 13:07:03] [LOAD_RULES] 已加载 2 条SSRF测试载荷
[2025-05-20 13:07:03] [PAYLOAD] [1] http://uh1nhi.dnslog.cn
[2025-05-20 13:07:03] [PAYLOAD] [2] http://localhost:3306/
[2025-05-20 13:07:03] [DB_QUERY] 从数据库获取 ssrf 类型规则，共 2 条
[2025-05-20 13:07:03] [DB_QUERY] 筛选子类型 match_pattern 后，共 1 条规则
[2025-05-20 13:07:03] [LOAD_RULES] 已加载 0 条SSRF匹配模式
[2025-05-20 13:07:03] [WARNING] 没有从数据库加载到任何SSRF匹配模式
[2025-05-20 13:07:03] [SCAN] 规则加载失败，跳过扫描
[2025-05-20 13:07:03] [DB_QUERY] 从数据库获取 ssrf 类型规则，共 2 条
[2025-05-20 13:07:03] [DB_QUERY] 筛选子类型 payload 后，共 1 条规则
[2025-05-20 13:07:03] [LOAD_RULES] 已加载 2 条SSRF测试载荷
[2025-05-20 13:07:03] [PAYLOAD] [1] http://uh1nhi.dnslog.cn
[2025-05-20 13:07:03] [PAYLOAD] [2] http://localhost:3306/
[2025-05-20 13:07:04] [DB_QUERY] 从数据库获取 ssrf 类型规则，共 2 条
[2025-05-20 13:07:04] [DB_QUERY] 筛选子类型 match_pattern 后，共 1 条规则
[2025-05-20 13:07:04] [LOAD_RULES] 已加载 0 条SSRF匹配模式
[2025-05-20 13:07:04] [WARNING] 没有从数据库加载到任何SSRF匹配模式
[2025-05-20 13:07:04] [SCAN] 规则加载失败，跳过扫描
[2025-05-20 13:07:04] [DB_QUERY] 从数据库获取 ssrf 类型规则，共 2 条
[2025-05-20 13:07:04] [DB_QUERY] 筛选子类型 payload 后，共 1 条规则
[2025-05-20 13:07:04] [LOAD_RULES] 已加载 2 条SSRF测试载荷
[2025-05-20 13:07:04] [PAYLOAD] [1] http://uh1nhi.dnslog.cn
[2025-05-20 13:07:04] [PAYLOAD] [2] http://localhost:3306/
[2025-05-20 13:07:04] [DB_QUERY] 从数据库获取 ssrf 类型规则，共 2 条
[2025-05-20 13:07:04] [DB_QUERY] 筛选子类型 match_pattern 后，共 1 条规则
[2025-05-20 13:07:04] [LOAD_RULES] 已加载 0 条SSRF匹配模式
[2025-05-20 13:07:04] [WARNING] 没有从数据库加载到任何SSRF匹配模式
[2025-05-20 13:07:04] [SCAN] 规则加载失败，跳过扫描
[2025-05-20 13:07:04] [DB_QUERY] 从数据库获取 ssrf 类型规则，共 2 条
[2025-05-20 13:07:04] [DB_QUERY] 筛选子类型 payload 后，共 1 条规则
[2025-05-20 13:07:04] [LOAD_RULES] 已加载 2 条SSRF测试载荷
[2025-05-20 13:07:04] [PAYLOAD] [1] http://uh1nhi.dnslog.cn
[2025-05-20 13:07:04] [PAYLOAD] [2] http://localhost:3306/
[2025-05-20 13:07:04] [DB_QUERY] 从数据库获取 ssrf 类型规则，共 2 条
[2025-05-20 13:07:04] [DB_QUERY] 筛选子类型 match_pattern 后，共 1 条规则
[2025-05-20 13:07:04] [LOAD_RULES] 已加载 0 条SSRF匹配模式
[2025-05-20 13:07:04] [WARNING] 没有从数据库加载到任何SSRF匹配模式
[2025-05-20 13:07:04] [SCAN] 规则加载失败，跳过扫描
[2025-05-20 13:07:04] [DB_QUERY] 从数据库获取 ssrf 类型规则，共 2 条
[2025-05-20 13:07:04] [DB_QUERY] 筛选子类型 payload 后，共 1 条规则
[2025-05-20 13:07:04] [LOAD_RULES] 已加载 2 条SSRF测试载荷
[2025-05-20 13:07:04] [PAYLOAD] [1] http://uh1nhi.dnslog.cn
[2025-05-20 13:07:04] [PAYLOAD] [2] http://localhost:3306/
[2025-05-20 13:07:04] [DB_QUERY] 从数据库获取 ssrf 类型规则，共 2 条
[2025-05-20 13:07:04] [DB_QUERY] 筛选子类型 match_pattern 后，共 1 条规则
[2025-05-20 13:07:04] [LOAD_RULES] 已加载 0 条SSRF匹配模式
[2025-05-20 13:07:04] [WARNING] 没有从数据库加载到任何SSRF匹配模式
[2025-05-20 13:07:04] [SCAN] 规则加载失败，跳过扫描
[2025-05-20 13:07:04] [DB_QUERY] 从数据库获取 ssrf 类型规则，共 2 条
[2025-05-20 13:07:04] [DB_QUERY] 筛选子类型 payload 后，共 1 条规则
[2025-05-20 13:07:04] [LOAD_RULES] 已加载 2 条SSRF测试载荷
[2025-05-20 13:07:04] [PAYLOAD] [1] http://uh1nhi.dnslog.cn
[2025-05-20 13:07:04] [PAYLOAD] [2] http://localhost:3306/
[2025-05-20 13:07:04] [DB_QUERY] 从数据库获取 ssrf 类型规则，共 2 条
[2025-05-20 13:07:04] [DB_QUERY] 筛选子类型 match_pattern 后，共 1 条规则
[2025-05-20 13:07:04] [LOAD_RULES] 已加载 0 条SSRF匹配模式
[2025-05-20 13:07:04] [WARNING] 没有从数据库加载到任何SSRF匹配模式
[2025-05-20 13:07:04] [SCAN] 规则加载失败，跳过扫描
