=== SSRFɨ־ - ʼ 2025-05-20 13:05:58 ===

ʽ˵
[ʱ] [] ϸϢ

[2025-05-20 13:05:58] [DB_QUERY] ݿȡ ssrf ͹򣬹 2 
[2025-05-20 13:05:58] [DB_QUERY] ɸѡ payload 󣬹 1 
[2025-05-20 13:05:58] [LOAD_RULES] Ѽ 2 SSRFغ
[2025-05-20 13:05:58] [PAYLOAD] [1] http://uh1nhi.dnslog.cn
[2025-05-20 13:05:58] [PAYLOAD] [2] http://localhost:3306/
[2025-05-20 13:05:58] [DB_QUERY] ݿȡ ssrf ͹򣬹 2 
[2025-05-20 13:05:58] [DB_QUERY] ɸѡ match_pattern 󣬹 1 
[2025-05-20 13:05:58] [LOAD_RULES] Ѽ 0 SSRFƥģʽ
[2025-05-20 13:05:58] [WARNING] ûдݿصκSSRFƥģʽ
[2025-05-20 13:06:07] [DB_QUERY] ݿȡ ssrf ͹򣬹 2 
[2025-05-20 13:06:07] [DB_QUERY] ɸѡ payload 󣬹 1 
[2025-05-20 13:06:07] [LOAD_RULES] Ѽ 2 SSRFغ
[2025-05-20 13:06:07] [PAYLOAD] [1] http://uh1nhi.dnslog.cn
[2025-05-20 13:06:07] [PAYLOAD] [2] http://localhost:3306/
[2025-05-20 13:06:07] [DB_QUERY] ݿȡ ssrf ͹򣬹 2 
[2025-05-20 13:06:07] [DB_QUERY] ɸѡ match_pattern 󣬹 1 
[2025-05-20 13:06:07] [LOAD_RULES] Ѽ 0 SSRFƥģʽ
[2025-05-20 13:06:07] [WARNING] ûдݿصκSSRFƥģʽ
[2025-05-20 13:06:07] [SCAN] ʧܣɨ
[2025-05-20 13:06:08] [DB_QUERY] ݿȡ ssrf ͹򣬹 2 
[2025-05-20 13:06:08] [DB_QUERY] ɸѡ payload 󣬹 1 
[2025-05-20 13:06:08] [LOAD_RULES] Ѽ 2 SSRFغ
[2025-05-20 13:06:08] [PAYLOAD] [1] http://uh1nhi.dnslog.cn
[2025-05-20 13:06:08] [PAYLOAD] [2] http://localhost:3306/
[2025-05-20 13:06:08] [DB_QUERY] ݿȡ ssrf ͹򣬹 2 
[2025-05-20 13:06:08] [DB_QUERY] ɸѡ match_pattern 󣬹 1 
[2025-05-20 13:06:08] [LOAD_RULES] Ѽ 0 SSRFƥģʽ
[2025-05-20 13:06:08] [WARNING] ûдݿصκSSRFƥģʽ
[2025-05-20 13:06:08] [SCAN] ʧܣɨ
[2025-05-20 13:06:08] [DB_QUERY] ݿȡ ssrf ͹򣬹 2 
[2025-05-20 13:06:08] [DB_QUERY] ɸѡ payload 󣬹 1 
[2025-05-20 13:06:08] [LOAD_RULES] Ѽ 2 SSRFغ
[2025-05-20 13:06:08] [PAYLOAD] [1] http://uh1nhi.dnslog.cn
 2 
[2025-05-20 13:06:08] [DB_QUERY] ɸѡ payload 󣬹 1 
[2025-05-20 13:06:08] [LOAD_RULES] Ѽ 2 SSRFغ
[2025-05-20 13:06:08] [PAYLOAD] [1] http://uh1nhi.dnslog.cn
[2025-05-20 13:06:08] [PAYLOAD] [2] http://localhost:3306/
[2025-05-20 13:06:08] [DB_QUERY] ݿȡ ssrf ͹򣬹 2 
[2025-05-20 13:06:08] [DB_QUERY] ɸѡ match_pattern 󣬹 1 
[2025-05-20 13:06:08] [DB_QUERY] ݿȡ ssrf ͹򣬹 2 
[2025-05-20 13:06:08] [DB_QUERY] ɸѡ match_pattern 󣬹 1 
[2025-05-20 13:06:08] [LOAD_RULES] Ѽ 0 SSRFƥģʽ
[2025-05-20 13:06:08] [WARNING] ûдݿصκSSRFƥģʽ
[2025-05-20 13:06:08] [SCAN] ʧܣɨ
[2025-05-20 13:06:08] [LOAD_RULES] Ѽ 0 SSRFƥģʽ
[2025-05-20 13:06:08] [WARNING] ûдݿصκSSRFƥģʽ
[2025-05-20 13:06:08] [SCAN] ʧܣɨ
[2025-05-20 13:06:08] [DB_QUERY] ݿȡ ssrf ͹򣬹 2 
[2025-05-20 13:06:08] [DB_QUERY] ɸѡ payload 󣬹 1 
[2025-05-20 13:06:08] [LOAD_RULES] Ѽ 2 SSRFغ
[2025-05-20 13:06:08] [PAYLOAD] [1] http://uh1nhi.dnslog.cn
[2025-05-20 13:06:08] [PAYLOAD] [2] http://localhost:3306/
[2025-05-20 13:06:08] [DB_QUERY] ݿȡ ssrf ͹򣬹 2 
[2025-05-20 13:06:08] [DB_QUERY] ɸѡ match_pattern 󣬹 1 
[2025-05-20 13:06:08] [LOAD_RULES] Ѽ 0 SSRFƥģʽ
[2025-05-20 13:06:08] [WARNING] ûдݿصκSSRFƥģʽ
[2025-05-20 13:06:08] [SCAN] ʧܣɨ
[2025-05-20 13:06:08] [DB_QUERY] ݿȡ ssrf ͹򣬹 2 
[2025-05-20 13:06:08] [DB_QUERY] ɸѡ payload 󣬹 1 
[2025-05-20 13:06:08] [LOAD_RULES] Ѽ 2 SSRFغ
[2025-05-20 13:06:08] [PAYLOAD] [1] http://uh1nhi.dnslog.cn
[2025-05-20 13:06:08] [PAYLOAD] [2] http://localhost:3306/
[2025-05-20 13:06:08] [DB_QUERY] ݿȡ ssrf ͹򣬹 2 
[2025-05-20 13:06:08] [DB_QUERY] ɸѡ match_pattern 󣬹 1 
[2025-05-20 13:06:08] [LOAD_RULES] Ѽ 0 SSRFƥģʽ
[2025-05-20 13:06:08] [WARNING] ûдݿصκSSRFƥģʽ
[2025-05-20 13:06:08] [SCAN] ʧܣɨ
[2025-05-20 13:06:08] [DB_QUERY] ݿȡ ssrf ͹򣬹 2 
[2025-05-20 13:06:08] [DB_QUERY] ɸѡ payload 󣬹 1 
[2025-05-20 13:06:08] [LOAD_RULES] Ѽ 2 SSRFغ
[2025-05-20 13:06:08] [PAYLOAD] [1] http://uh1nhi.dnslog.cn
[2025-05-20 13:06:08] [PAYLOAD] [2] http://localhost:3306/
[2025-05-20 13:06:08] [DB_QUERY] ݿȡ ssrf ͹򣬹 2 
[2025-05-20 13:06:08] [DB_QUERY] ɸѡ match_pattern 󣬹 1 
[2025-05-20 13:06:08] [LOAD_RULES] Ѽ 0 SSRFƥģʽ
[2025-05-20 13:06:08] [WARNING] ûдݿصκSSRFƥģʽ
[2025-05-20 13:06:08] [SCAN] ʧܣɨ
[2025-05-20 13:06:08] [DB_QUERY] ݿȡ ssrf ͹򣬹 2 
[2025-05-20 13:06:08] [DB_QUERY] ɸѡ payload 󣬹 1 
[2025-05-20 13:06:08] [LOAD_RULES] Ѽ 2 SSRFغ
[2025-05-20 13:06:08] [PAYLOAD] [1] http://uh1nhi.dnslog.cn
[2025-05-20 13:06:08] [PAYLOAD] [2] http://localhost:3306/
[2025-05-20 13:06:08] [DB_QUERY] ݿȡ ssrf ͹򣬹 2 
[2025-05-20 13:06:08] [DB_QUERY] ɸѡ match_pattern 󣬹 1 
[2025-05-20 13:06:08] [LOAD_RULES] Ѽ 0 SSRFƥģʽ
[2025-05-20 13:06:08] [WARNING] ûдݿصκSSRFƥģʽ
[2025-05-20 13:06:08] [SCAN] ʧܣɨ
[2025-05-20 13:06:08] [DB_QUERY] ݿȡ ssrf ͹򣬹 2 
[2025-05-20 13:06:08] [DB_QUERY] ɸѡ payload 󣬹 1 
[2025-05-20 13:06:08] [LOAD_RULES] Ѽ 2 SSRFغ
[2025-05-20 13:06:08] [PAYLOAD] [1] http://uh1nhi.dnslog.cn
[2025-05-20 13:06:08] [PAYLOAD] [2] http://localhost:3306/
[2025-05-20 13:06:08] [DB_QUERY] ݿȡ ssrf ͹򣬹 2 
[2025-05-20 13:06:08] [DB_QUERY] ɸѡ match_pattern 󣬹 1 
[2025-05-20 13:06:08] [LOAD_RULES] Ѽ 0 SSRFƥģʽ
[2025-05-20 13:06:08] [WARNING] ûдݿصκSSRFƥģʽ
[2025-05-20 13:06:08] [SCAN] ʧܣɨ
[2025-05-20 13:06:09] [DB_QUERY] ݿȡ ssrf ͹򣬹 2 
[2025-05-20 13:06:09] [DB_QUERY] ɸѡ payload 󣬹 1 
[2025-05-20 13:06:09] [LOAD_RULES] Ѽ 2 SSRFغ
[2025-05-20 13:06:09] [PAYLOAD] [1] http://uh1nhi.dnslog.cn
[2025-05-20 13:06:09] [PAYLOAD] [2] http://localhost:3306/
[2025-05-20 13:06:09] [DB_QUERY] ݿȡ ssrf ͹򣬹 2 
[2025-05-20 13:06:09] [DB_QUERY] ɸѡ match_pattern 󣬹 1 
[2025-05-20 13:06:09] [LOAD_RULES] Ѽ 0 SSRFƥģʽ
[2025-05-20 13:06:09] [WARNING] ûдݿصκSSRFƥģʽ
[2025-05-20 13:06:09] [SCAN] ʧܣɨ
[2025-05-20 13:06:09] [DB_QUERY] ݿȡ ssrf ͹򣬹 2 
[2025-05-20 13:06:09] [DB_QUERY] ɸѡ payload 󣬹 1 
[2025-05-20 13:06:09] [LOAD_RULES] Ѽ 2 SSRFغ
 2 
[2025-05-20 13:06:09] [DB_QUERY] ɸѡ payload 󣬹 1 
[2025-05-20 13:06:09] [PAYLOAD] [1] http://uh1nhi.dnslog.cn
[2025-05-20 13:06:09] [PAYLOAD] [2] http://localhost:3306/
[2025-05-20 13:06:09] [LOAD_RULES] Ѽ 2 SSRFغ
[2025-05-20 13:06:09] [DB_QUERY] ݿȡ ssrf ͹򣬹 2 
[2025-05-20 13:06:09] [PAYLOAD] [1] http://uh1nhi.dnslog.cn
[2025-05-20 13:06:09] [DB_QUERY] ɸѡ match_pattern 󣬹 1 
[2025-05-20 13:06:09] [PAYLOAD] [2] http://localhost:3306/
[2025-05-20 13:06:09] [LOAD_RULES] Ѽ 0 SSRFƥģʽ
[2025-05-20 13:06:09] [DB_QUERY] ݿȡ ssrf ͹򣬹 2 
[2025-05-20 13:06:09] [DB_QUERY] ɸѡ match_pattern 󣬹 1 
[2025-05-20 13:06:09] [SCAN] ʧܣɨ
[2025-05-20 13:06:09] [LOAD_RULES] Ѽ 0 SSRFƥģʽ
[2025-05-20 13:06:09] [WARNING] ûдݿصκSSRFƥģʽ
[2025-05-20 13:06:09] [SCAN] ʧܣɨ
[2025-05-20 13:06:09] [DB_QUERY] ݿȡ ssrf ͹򣬹 2 
[2025-05-20 13:06:09] [DB_QUERY] ɸѡ payload 󣬹 1 
[2025-05-20 13:06:09] [LOAD_RULES] Ѽ 2 SSRFغ
[2025-05-20 13:06:09] [PAYLOAD] [1] http://uh1nhi.dnslog.cn
[2025-05-20 13:06:09] [PAYLOAD] [2] http://localhost:3306/
[2025-05-20 13:06:09] [DB_QUERY] ݿȡ ssrf ͹򣬹 2 
[2025-05-20 13:06:09] [DB_QUERY] ɸѡ match_pattern 󣬹 1 
[2025-05-20 13:06:09] [LOAD_RULES] Ѽ 0 SSRFƥģʽ
[2025-05-20 13:06:09] [WARNING] ûдݿصκSSRFƥģʽ
[2025-05-20 13:06:09] [SCAN] ʧܣɨ
[2025-05-20 13:06:09] [DB_QUERY] ݿȡ ssrf ͹򣬹 2 
[2025-05-20 13:06:09] [DB_QUERY] ɸѡ payload 󣬹 1 
[2025-05-20 13:06:09] [LOAD_RULES] Ѽ 2 SSRFغ
[2025-05-20 13:06:09] [PAYLOAD] [1] http://uh1nhi.dnslog.cn
[2025-05-20 13:06:09] [DB_QUERY] ݿȡ ssrf ͹򣬹 2 
[2025-05-20 13:06:09] [PAYLOAD] [2] http://localhost:3306/
[2025-05-20 13:06:09] [DB_QUERY] ɸѡ payload 󣬹 1 
[2025-05-20 13:06:09] [DB_QUERY] ݿȡ ssrf ͹򣬹 2 
[2025-05-20 13:06:09] [DB_QUERY] ɸѡ match_pattern 󣬹 1 
[2025-05-20 13:06:09] [LOAD_RULES] Ѽ 2 SSRFغ
[2025-05-20 13:06:09] [PAYLOAD] [1] http://uh1nhi.dnslog.cn
[2025-05-20 13:06:09] [PAYLOAD] [2] http://localhost:3306/
[2025-05-20 13:06:09] [LOAD_RULES] Ѽ 0 SSRFƥģʽ
[2025-05-20 13:06:09] [WARNING] ûдݿصκSSRFƥģʽ
[2025-05-20 13:06:09] [SCAN] ʧܣɨ
[2025-05-20 13:06:09] [DB_QUERY] ݿȡ ssrf ͹򣬹 2 
[2025-05-20 13:06:09] [DB_QUERY] ɸѡ match_pattern 󣬹 1 
[2025-05-20 13:06:09] [LOAD_RULES] Ѽ 0 SSRFƥģʽ
[2025-05-20 13:06:09] [WARNING] ûдݿصκSSRFƥģʽ
[2025-05-20 13:06:09] [SCAN] ʧܣɨ
[2025-05-20 13:06:09] [DB_QUERY] ݿȡ ssrf ͹򣬹 2 
[2025-05-20 13:06:09] [DB_QUERY] ɸѡ payload 󣬹 1 
[2025-05-20 13:06:09] [LOAD_RULES] Ѽ 2 SSRFغ
[2025-05-20 13:06:09] [PAYLOAD] [1] http://uh1nhi.dnslog.cn
[2025-05-20 13:06:09] [PAYLOAD] [2] http://localhost:3306/
[2025-05-20 13:06:09] [DB_QUERY] ݿȡ ssrf ͹򣬹 2 
[2025-05-20 13:06:09] [DB_QUERY] ɸѡ match_pattern 󣬹 1 
[2025-05-20 13:06:09] [LOAD_RULES] Ѽ 0 SSRFƥģʽ
[2025-05-20 13:06:09] [WARNING] ûдݿصκSSRFƥģʽ
[2025-05-20 13:06:09] [SCAN] ʧܣɨ
[2025-05-20 13:06:09] [DB_QUERY] ݿȡ ssrf ͹򣬹 2 
[2025-05-20 13:06:09] [DB_QUERY] ɸѡ payload 󣬹 1 
[2025-05-20 13:06:09] [LOAD_RULES] Ѽ 2 SSRFغ
[2025-05-20 13:06:09] [PAYLOAD] [1] http://uh1nhi.dnslog.cn
[2025-05-20 13:06:09] [PAYLOAD] [2] http://localhost:3306/
[2025-05-20 13:06:09] [DB_QUERY] ݿȡ ssrf ͹򣬹 2 
[2025-05-20 13:06:09] [DB_QUERY] ɸѡ match_pattern 󣬹 1 
[2025-05-20 13:06:09] [LOAD_RULES] Ѽ 0 SSRFƥģʽ
[2025-05-20 13:06:09] [WARNING] ûдݿصκSSRFƥģʽ
[2025-05-20 13:06:09] [SCAN] ʧܣɨ
[2025-05-20 13:06:10] [DB_QUERY] ݿȡ ssrf ͹򣬹 2 
[2025-05-20 13:06:10] [DB_QUERY] ɸѡ payload 󣬹 1 
[2025-05-20 13:06:10] [LOAD_RULES] Ѽ 2 SSRFغ
[2025-05-20 13:06:10] [PAYLOAD] [1] http://uh1nhi.dnslog.cn
[2025-05-20 13:06:10] [PAYLOAD] [2] http://localhost:3306/
[2025-05-20 13:06:10] [DB_QUERY] ݿȡ ssrf ͹򣬹 2 
[2025-05-20 13:06:10] [DB_QUERY] ɸѡ match_pattern 󣬹 1 
[2025-05-20 13:06:10] [LOAD_RULES] Ѽ 0 SSRFƥģʽ
[2025-05-20 13:06:10] [WARNING] ûдݿصκSSRFƥģʽ
[2025-05-20 13:06:10] [SCAN] ʧܣɨ
[2025-05-20 13:06:10] [DB_QUERY] ݿȡ ssrf ͹򣬹 2 
[2025-05-20 13:06:10] [DB_QUERY] ɸѡ payload 󣬹 1 
[2025-05-20 13:06:10] [LOAD_RULES] Ѽ 2 SSRFغ
[2025-05-20 13:06:10] [PAYLOAD] [1] http://uh1nhi.dnslog.cn
[2025-05-20 13:06:10] [PAYLOAD] [2] http://localhost:3306/
[2025-05-20 13:06:10] [DB_QUERY] ݿȡ ssrf ͹򣬹 2 
[2025-05-20 13:06:10] [DB_QUERY] ɸѡ match_pattern 󣬹 1 
[2025-05-20 13:06:10] [LOAD_RULES] Ѽ 0 SSRFƥģʽ
[2025-05-20 13:06:10] [WARNING] ûдݿصκSSRFƥģʽ
[2025-05-20 13:06:10] [SCAN] ʧܣɨ
[2025-05-20 13:06:10] [DB_QUERY] ݿȡ ssrf ͹򣬹 2 
[2025-05-20 13:06:10] [DB_QUERY] ɸѡ payload 󣬹 1 
[2025-05-20 13:06:10] [LOAD_RULES] Ѽ 2 SSRFغ
[2025-05-20 13:06:10] [PAYLOAD] [1] http://uh1nhi.dnslog.cn
[2025-05-20 13:06:10] [PAYLOAD] [2] http://localhost:3306/
[2025-05-20 13:06:10] [DB_QUERY] ݿȡ ssrf ͹򣬹 2 
[2025-05-20 13:06:10] [DB_QUERY] ɸѡ match_pattern 󣬹 1 
[2025-05-20 13:06:10] [LOAD_RULES] Ѽ 0 SSRFƥģʽ
[2025-05-20 13:06:10] [WARNING] ûдݿصκSSRFƥģʽ
[2025-05-20 13:06:10] [SCAN] ʧܣɨ
[2025-05-20 13:06:11] [DB_QUERY] ݿȡ ssrf ͹򣬹 2 
[2025-05-20 13:06:11] [DB_QUERY] ɸѡ payload 󣬹 1 
[2025-05-20 13:06:11] [LOAD_RULES] Ѽ 2 SSRFغ
[2025-05-20 13:06:11] [PAYLOAD] [1] http://uh1nhi.dnslog.cn
[2025-05-20 13:06:11] [PAYLOAD] [2] http://localhost:3306/
[2025-05-20 13:06:11] [DB_QUERY] ݿȡ ssrf ͹򣬹 2 
[2025-05-20 13:06:11] [DB_QUERY] ɸѡ match_pattern 󣬹 1 
[2025-05-20 13:06:11] [LOAD_RULES] Ѽ 0 SSRFƥģʽ
[2025-05-20 13:06:11] [WARNING] ûдݿصκSSRFƥģʽ
[2025-05-20 13:06:11] [SCAN] ʧܣɨ
[2025-05-20 13:06:11] [DB_QUERY] ݿȡ ssrf ͹򣬹 2 
[2025-05-20 13:06:11] [DB_QUERY] ɸѡ payload 󣬹 1 
[2025-05-20 13:06:11] [LOAD_RULES] Ѽ 2 SSRFغ
[2025-05-20 13:06:11] [PAYLOAD] [1] http://uh1nhi.dnslog.cn
[2025-05-20 13:06:11] [PAYLOAD] [2] http://localhost:3306/
[2025-05-20 13:06:11] [DB_QUERY] ݿȡ ssrf ͹򣬹 2 
[2025-05-20 13:06:11] [DB_QUERY] ɸѡ match_pattern 󣬹 1 
[2025-05-20 13:06:11] [LOAD_RULES] Ѽ 0 SSRFƥģʽ
[2025-05-20 13:06:11] [WARNING] ûдݿصκSSRFƥģʽ
[2025-05-20 13:06:11] [SCAN] ʧܣɨ
[2025-05-20 13:06:11] [DB_QUERY] ݿȡ ssrf ͹򣬹 2 
[2025-05-20 13:06:11] [DB_QUERY] ɸѡ payload 󣬹 1 
[2025-05-20 13:06:11] [LOAD_RULES] Ѽ 2 SSRFغ
[2025-05-20 13:06:11] [PAYLOAD] [1] http://uh1nhi.dnslog.cn
[2025-05-20 13:06:11] [PAYLOAD] [2] http://localhost:3306/
[2025-05-20 13:06:11] [DB_QUERY] ݿȡ ssrf ͹򣬹 2 
[2025-05-20 13:06:11] [DB_QUERY] ɸѡ match_pattern 󣬹 1 
[2025-05-20 13:06:11] [LOAD_RULES] Ѽ 0 SSRFƥģʽ
[2025-05-20 13:06:11] [WARNING] ûдݿصκSSRFƥģʽ
[2025-05-20 13:06:11] [SCAN] ʧܣɨ
[2025-05-20 13:06:11] [DB_QUERY] ݿȡ ssrf ͹򣬹 2 
[2025-05-20 13:06:11] [DB_QUERY] ɸѡ payload 󣬹 1 
[2025-05-20 13:06:11] [LOAD_RULES] Ѽ 2 SSRFغ
[2025-05-20 13:06:11] [PAYLOAD] [1] http://uh1nhi.dnslog.cn
[2025-05-20 13:06:11] [PAYLOAD] [2] http://localhost:3306/
[2025-05-20 13:06:11] [DB_QUERY] ݿȡ ssrf ͹򣬹 2 
[2025-05-20 13:06:11] [DB_QUERY] ɸѡ match_pattern 󣬹 1 
[2025-05-20 13:06:11] [LOAD_RULES] Ѽ 0 SSRFƥģʽ
[2025-05-20 13:06:11] [WARNING] ûдݿصκSSRFƥģʽ
[2025-05-20 13:06:11] [SCAN] ʧܣɨ
[2025-05-20 13:06:30] [DB_QUERY] ݿȡ ssrf ͹򣬹 2 
[2025-05-20 13:06:30] [DB_QUERY] ɸѡ payload 󣬹 1 
[2025-05-20 13:06:30] [LOAD_RULES] Ѽ 2 SSRFغ
[2025-05-20 13:06:30] [PAYLOAD] [1] http://uh1nhi.dnslog.cn
[2025-05-20 13:06:30] [PAYLOAD] [2] http://localhost:3306/
[2025-05-20 13:06:30] [DB_QUERY] ݿȡ ssrf ͹򣬹 2 
[2025-05-20 13:06:30] [DB_QUERY] ɸѡ match_pattern 󣬹 1 
[2025-05-20 13:06:30] [LOAD_RULES] Ѽ 0 SSRFƥģʽ
[2025-05-20 13:06:30] [WARNING] ûдݿصκSSRFƥģʽ
[2025-05-20 13:06:30] [SCAN] ʧܣɨ
