=== SSRF扫描器调试日志 - 开始于 2025-05-09 10:00:07 ===

格式说明：
[时间] [操作类型] 详细信息

[2025-05-09 10:00:07] [DB_QUERY] 从数据库获取 ssrf 类型规则，共 2 条
[2025-05-09 10:00:07] [DB_QUERY] 筛选子类型 payload 后，共 1 条规则
[2025-05-09 10:00:07] [LOAD_RULES] 已加载 2 条SSRF测试载荷
[2025-05-09 10:00:07] [PAYLOAD] [1] http://uh1nhi.dnslog.cn
[2025-05-09 10:00:07] [PAYLOAD] [2] http://localhost:3306/
[2025-05-09 10:00:07] [DB_QUERY] 从数据库获取 ssrf 类型规则，共 2 条
[2025-05-09 10:00:07] [DB_QUERY] 筛选子类型 match_pattern 后，共 1 条规则
[2025-05-09 10:00:07] [LOAD_RULES] 已加载 0 条SSRF匹配模式
[2025-05-09 10:00:07] [WARNING] 没有从数据库加载到任何SSRF匹配模式
[2025-05-09 10:01:38] [DB_QUERY] 从数据库获取 ssrf 类型规则，共 2 条
[2025-05-09 10:01:38] [DB_QUERY] 筛选子类型 payload 后，共 1 条规则
[2025-05-09 10:01:38] [LOAD_RULES] 已加载 2 条SSRF测试载荷
[2025-05-09 10:01:38] [PAYLOAD] [1] http://uh1nhi.dnslog.cn
[2025-05-09 10:01:38] [PAYLOAD] [2] http://localhost:3306/
[2025-05-09 10:01:38] [DB_QUERY] 从数据库获取 ssrf 类型规则，共 2 条
[2025-05-09 10:01:38] [DB_QUERY] 筛选子类型 match_pattern 后，共 1 条规则
[2025-05-09 10:01:38] [LOAD_RULES] 已加载 0 条SSRF匹配模式
[2025-05-09 10:01:38] [WARNING] 没有从数据库加载到任何SSRF匹配模式
[2025-05-09 10:01:38] [SCAN] 规则加载失败，跳过扫描
[2025-05-09 10:01:38] [DB_QUERY] 从数据库获取 ssrf 类型规则，共 2 条
[2025-05-09 10:01:38] [DB_QUERY] 筛选子类型 payload 后，共 1 条规则
[2025-05-09 10:01:38] [LOAD_RULES] 已加载 2 条SSRF测试载荷
[2025-05-09 10:01:38] [PAYLOAD] [1] http://uh1nhi.dnslog.cn
[2025-05-09 10:01:38] [PAYLOAD] [2] http://localhost:3306/
[2025-05-09 10:01:38] [DB_QUERY] 从数据库获取 ssrf 类型规则，共 2 条
[2025-05-09 10:01:38] [DB_QUERY] 筛选子类型 match_pattern 后，共 1 条规则
[2025-05-09 10:01:38] [LOAD_RULES] 已加载 0 条SSRF匹配模式
[2025-05-09 10:01:38] [WARNING] 没有从数据库加载到任何SSRF匹配模式
[2025-05-09 10:01:38] [SCAN] 规则加载失败，跳过扫描
[2025-05-09 10:01:38] [DB_QUERY] 从数据库获取 ssrf 类型规则，共 2 条
[2025-05-09 10:01:38] [DB_QUERY] 筛选子类型 payload 后，共 1 条规则
[2025-05-09 10:01:38] [LOAD_RULES] 已加载 2 条SSRF测试载荷
[2025-05-09 10:01:38] [PAYLOAD] [1] http://uh1nhi.dnslog.cn
[2025-05-09 10:01:38] [PAYLOAD] [2] http://localhost:3306/
[2025-05-09 10:01:38] [DB_QUERY] 从数据库获取 ssrf 类型规则，共 2 条
[2025-05-09 10:01:38] [DB_QUERY] 筛选子类型 match_pattern 后，共 1 条规则
[2025-05-09 10:01:38] [LOAD_RULES] 已加载 0 条SSRF匹配模式
[2025-05-09 10:01:38] [WARNING] 没有从数据库加载到任何SSRF匹配模式
[2025-05-09 10:01:38] [SCAN] 规则加载失败，跳过扫描
[2025-05-09 10:01:38] [DB_QUERY] 从数据库获取 ssrf 类型规则，共 2 条
[2025-05-09 10:01:38] [DB_QUERY] 筛选子类型 payload 后，共 1 条规则
[2025-05-09 10:01:38] [LOAD_RULES] 已加载 2 条SSRF测试载荷
[2025-05-09 10:01:38] [PAYLOAD] [1] http://uh1nhi.dnslog.cn
[2025-05-09 10:01:38] [PAYLOAD] [2] http://localhost:3306/
[2025-05-09 10:01:38] [DB_QUERY] 从数据库获取 ssrf 类型规则，共 2 条
[2025-05-09 10:01:38] [DB_QUERY] 筛选子类型 match_pattern 后，共 1 条规则
[2025-05-09 10:01:38] [LOAD_RULES] 已加载 0 条SSRF匹配模式
[2025-05-09 10:01:38] [WARNING] 没有从数据库加载到任何SSRF匹配模式
[2025-05-09 10:01:38] [SCAN] 规则加载失败，跳过扫描
[2025-05-09 10:01:38] [DB_QUERY] 从数据库获取 ssrf 类型规则，共 2 条
[2025-05-09 10:01:38] [DB_QUERY] 筛选子类型 payload 后，共 1 条规则
[2025-05-09 10:01:38] [LOAD_RULES] 已加载 2 条SSRF测试载荷
[2025-05-09 10:01:38] [PAYLOAD] [1] http://uh1nhi.dnslog.cn
[2025-05-09 10:01:38] [PAYLOAD] [2] http://localhost:3306/
[2025-05-09 10:01:38] [DB_QUERY] 从数据库获取 ssrf 类型规则，共 2 条
[2025-05-09 10:01:38] [DB_QUERY] 筛选子类型 match_pattern 后，共 1 条规则
[2025-05-09 10:01:38] [LOAD_RULES] 已加载 0 条SSRF匹配模式
[2025-05-09 10:01:38] [WARNING] 没有从数据库加载到任何SSRF匹配模式
[2025-05-09 10:01:38] [SCAN] 规则加载失败，跳过扫描
[2025-05-09 10:01:39] [DB_QUERY] 从数据库获取 ssrf 类型规则，共 2 条
[2025-05-09 10:01:39] [DB_QUERY] 筛选子类型 payload 后，共 1 条规则
[2025-05-09 10:01:39] [LOAD_RULES] 已加载 2 条SSRF测试载荷
[2025-05-09 10:01:39] [PAYLOAD] [1] http://uh1nhi.dnslog.cn
[2025-05-09 10:01:39] [PAYLOAD] [2] http://localhost:3306/
[2025-05-09 10:01:39] [DB_QUERY] 从数据库获取 ssrf 类型规则，共 2 条
[2025-05-09 10:01:39] [DB_QUERY] 筛选子类型 match_pattern 后，共 1 条规则
[2025-05-09 10:01:39] [LOAD_RULES] 已加载 0 条SSRF匹配模式
[2025-05-09 10:01:39] [WARNING] 没有从数据库加载到任何SSRF匹配模式
[2025-05-09 10:01:39] [SCAN] 规则加载失败，跳过扫描
[2025-05-09 10:01:39] [DB_QUERY] 从数据库获取 ssrf 类型规则，共 2 条
[2025-05-09 10:01:39] [DB_QUERY] 筛选子类型 payload 后，共 1 条规则
[2025-05-09 10:01:39] [LOAD_RULES] 已加载 2 条SSRF测试载荷
[2025-05-09 10:01:39] [PAYLOAD] [1] http://uh1nhi.dnslog.cn
[2025-05-09 10:01:39] [PAYLOAD] [2] http://localhost:3306/
[2025-05-09 10:01:39] [DB_QUERY] 从数据库获取 ssrf 类型规则，共 2 条
[2025-05-09 10:01:39] [DB_QUERY] 筛选子类型 match_pattern 后，共 1 条规则
[2025-05-09 10:01:39] [LOAD_RULES] 已加载 0 条SSRF匹配模式
[2025-05-09 10:01:39] [WARNING] 没有从数据库加载到任何SSRF匹配模式
[2025-05-09 10:01:39] [SCAN] 规则加载失败，跳过扫描
[2025-05-09 10:01:41] [DB_QUERY] 从数据库获取 ssrf 类型规则，共 2 条
[2025-05-09 10:01:41] [DB_QUERY] 筛选子类型 payload 后，共 1 条规则
[2025-05-09 10:01:41] [LOAD_RULES] 已加载 2 条SSRF测试载荷
[2025-05-09 10:01:41] [PAYLOAD] [1] http://uh1nhi.dnslog.cn
[2025-05-09 10:01:41] [PAYLOAD] [2] http://localhost:3306/
[2025-05-09 10:01:41] [DB_QUERY] 从数据库获取 ssrf 类型规则，共 2 条
[2025-05-09 10:01:41] [DB_QUERY] 筛选子类型 match_pattern 后，共 1 条规则
[2025-05-09 10:01:41] [LOAD_RULES] 已加载 0 条SSRF匹配模式
[2025-05-09 10:01:41] [WARNING] 没有从数据库加载到任何SSRF匹配模式
[2025-05-09 10:01:41] [SCAN] 规则加载失败，跳过扫描
[2025-05-09 10:01:41] [DB_QUERY] 从数据库获取 ssrf 类型规则，共 2 条
[2025-05-09 10:01:41] [DB_QUERY] 筛选子类型 payload 后，共 1 条规则
[2025-05-09 10:01:41] [LOAD_RULES] 已加载 2 条SSRF测试载荷
[2025-05-09 10:01:41] [PAYLOAD] [1] http://uh1nhi.dnslog.cn
[2025-05-09 10:01:41] [PAYLOAD] [2] http://localhost:3306/
[2025-05-09 10:01:41] [DB_QUERY] 从数据库获取 ssrf 类型规则，共 2 条
[2025-05-09 10:01:41] [DB_QUERY] 筛选子类型 match_pattern 后，共 1 条规则
[2025-05-09 10:01:41] [LOAD_RULES] 已加载 0 条SSRF匹配模式
[2025-05-09 10:01:41] [WARNING] 没有从数据库加载到任何SSRF匹配模式
[2025-05-09 10:01:41] [SCAN] 规则加载失败，跳过扫描
[2025-05-09 10:01:41] [DB_QUERY] 从数据库获取 ssrf 类型规则，共 2 条
[2025-05-09 10:01:41] [DB_QUERY] 筛选子类型 payload 后，共 1 条规则
[2025-05-09 10:01:41] [LOAD_RULES] 已加载 2 条SSRF测试载荷
[2025-05-09 10:01:41] [PAYLOAD] [1] http://uh1nhi.dnslog.cn
[2025-05-09 10:01:41] [PAYLOAD] [2] http://localhost:3306/
[2025-05-09 10:01:41] [DB_QUERY] 从数据库获取 ssrf 类型规则，共 2 条
[2025-05-09 10:01:41] [DB_QUERY] 筛选子类型 match_pattern 后，共 1 条规则
[2025-05-09 10:01:41] [LOAD_RULES] 已加载 0 条SSRF匹配模式
[2025-05-09 10:01:41] [WARNING] 没有从数据库加载到任何SSRF匹配模式
[2025-05-09 10:01:41] [SCAN] 规则加载失败，跳过扫描
[2025-05-09 10:01:41] [DB_QUERY] 从数据库获取 ssrf 类型规则，共 2 条
[2025-05-09 10:01:41] [DB_QUERY] 筛选子类型 payload 后，共 1 条规则
[2025-05-09 10:01:41] [LOAD_RULES] 已加载 2 条SSRF测试载荷
[2025-05-09 10:01:41] [PAYLOAD] [1] http://uh1nhi.dnslog.cn
[2025-05-09 10:01:41] [PAYLOAD] [2] http://localhost:3306/
[2025-05-09 10:01:41] [DB_QUERY] 从数据库获取 ssrf 类型规则，共 2 条
[2025-05-09 10:01:41] [DB_QUERY] 筛选子类型 match_pattern 后，共 1 条规则
[2025-05-09 10:01:41] [LOAD_RULES] 已加载 0 条SSRF匹配模式
[2025-05-09 10:01:41] [WARNING] 没有从数据库加载到任何SSRF匹配模式
[2025-05-09 10:01:41] [SCAN] 规则加载失败，跳过扫描
[2025-05-09 10:01:42] [DB_QUERY] 从数据库获取 ssrf 类型规则，共 2 条
[2025-05-09 10:01:42] [DB_QUERY] 筛选子类型 payload 后，共 1 条规则
[2025-05-09 10:01:42] [LOAD_RULES] 已加载 2 条SSRF测试载荷
[2025-05-09 10:01:42] [PAYLOAD] [1] http://uh1nhi.dnslog.cn
[2025-05-09 10:01:42] [PAYLOAD] [2] http://localhost:3306/
[2025-05-09 10:01:42] [DB_QUERY] 从数据库获取 ssrf 类型规则，共 2 条
[2025-05-09 10:01:42] [DB_QUERY] 筛选子类型 match_pattern 后，共 1 条规则
[2025-05-09 10:01:42] [LOAD_RULES] 已加载 0 条SSRF匹配模式
[2025-05-09 10:01:42] [WARNING] 没有从数据库加载到任何SSRF匹配模式
[2025-05-09 10:01:42] [SCAN] 规则加载失败，跳过扫描
[2025-05-09 10:01:42] [DB_QUERY] 从数据库获取 ssrf 类型规则，共 2 条
[2025-05-09 10:01:42] [DB_QUERY] 筛选子类型 payload 后，共 1 条规则
[2025-05-09 10:01:42] [LOAD_RULES] 已加载 2 条SSRF测试载荷
[2025-05-09 10:01:42] [PAYLOAD] [1] http://uh1nhi.dnslog.cn
[2025-05-09 10:01:42] [PAYLOAD] [2] http://localhost:3306/
[2025-05-09 10:01:42] [DB_QUERY] 从数据库获取 ssrf 类型规则，共 2 条
[2025-05-09 10:01:42] [DB_QUERY] 筛选子类型 match_pattern 后，共 1 条规则
[2025-05-09 10:01:42] [LOAD_RULES] 已加载 0 条SSRF匹配模式
[2025-05-09 10:01:42] [WARNING] 没有从数据库加载到任何SSRF匹配模式
[2025-05-09 10:01:42] [SCAN] 规则加载失败，跳过扫描
[2025-05-09 10:01:42] [DB_QUERY] 从数据库获取 ssrf 类型规则，共 2 条
[2025-05-09 10:01:42] [DB_QUERY] 筛选子类型 payload 后，共 1 条规则
[2025-05-09 10:01:42] [LOAD_RULES] 已加载 2 条SSRF测试载荷
[2025-05-09 10:01:42] [PAYLOAD] [1] http://uh1nhi.dnslog.cn
[2025-05-09 10:01:42] [PAYLOAD] [2] http://localhost:3306/
[2025-05-09 10:01:42] [DB_QUERY] 从数据库获取 ssrf 类型规则，共 2 条
[2025-05-09 10:01:42] [DB_QUERY] 筛选子类型 match_pattern 后，共 1 条规则
[2025-05-09 10:01:42] [LOAD_RULES] 已加载 0 条SSRF匹配模式
[2025-05-09 10:01:42] [WARNING] 没有从数据库加载到任何SSRF匹配模式
[2025-05-09 10:01:42] [SCAN] 规则加载失败，跳过扫描
[2025-05-09 10:01:42] [DB_QUERY] 从数据库获取 ssrf 类型规则，共 2 条
[2025-05-09 10:01:42] [DB_QUERY] 筛选子类型 payload 后，共 1 条规则
[2025-05-09 10:01:42] [LOAD_RULES] 已加载 2 条SSRF测试载荷
[2025-05-09 10:01:42] [PAYLOAD] [1] http://uh1nhi.dnslog.cn
[2025-05-09 10:01:42] [PAYLOAD] [2] http://localhost:3306/
[2025-05-09 10:01:42] [DB_QUERY] 从数据库获取 ssrf 类型规则，共 2 条
[2025-05-09 10:01:42] [DB_QUERY] 筛选子类型 match_pattern 后，共 1 条规则
[2025-05-09 10:01:42] [LOAD_RULES] 已加载 0 条SSRF匹配模式
[2025-05-09 10:01:42] [WARNING] 没有从数据库加载到任何SSRF匹配模式
[2025-05-09 10:01:42] [SCAN] 规则加载失败，跳过扫描
[2025-05-09 10:01:42] [DB_QUERY] 从数据库获取 ssrf 类型规则，共 2 条
[2025-05-09 10:01:42] [DB_QUERY] 筛选子类型 payload 后，共 1 条规则
[2025-05-09 10:01:42] [LOAD_RULES] 已加载 2 条SSRF测试载荷
[2025-05-09 10:01:42] [PAYLOAD] [1] http://uh1nhi.dnslog.cn
[2025-05-09 10:01:42] [PAYLOAD] [2] http://localhost:3306/
[2025-05-09 10:01:42] [DB_QUERY] 从数据库获取 ssrf 类型规则，共 2 条
[2025-05-09 10:01:42] [DB_QUERY] 筛选子类型 match_pattern 后，共 1 条规则
[2025-05-09 10:01:42] [LOAD_RULES] 已加载 0 条SSRF匹配模式
[2025-05-09 10:01:42] [WARNING] 没有从数据库加载到任何SSRF匹配模式
[2025-05-09 10:01:42] [SCAN] 规则加载失败，跳过扫描
[2025-05-09 10:01:42] [DB_QUERY] 从数据库获取 ssrf 类型规则，共 2 条
[2025-05-09 10:01:42] [DB_QUERY] 筛选子类型 payload 后，共 1 条规则
[2025-05-09 10:01:42] [LOAD_RULES] 已加载 2 条SSRF测试载荷
[2025-05-09 10:01:42] [PAYLOAD] [1] http://uh1nhi.dnslog.cn
[2025-05-09 10:01:42] [PAYLOAD] [2] http://localhost:3306/
[2025-05-09 10:01:42] [DB_QUERY] 从数据库获取 ssrf 类型规则，共 2 条
[2025-05-09 10:01:42] [DB_QUERY] 筛选子类型 match_pattern 后，共 1 条规则
[2025-05-09 10:01:42] [LOAD_RULES] 已加载 0 条SSRF匹配模式
[2025-05-09 10:01:42] [WARNING] 没有从数据库加载到任何SSRF匹配模式
[2025-05-09 10:01:42] [SCAN] 规则加载失败，跳过扫描
[2025-05-09 10:01:42] [DB_QUERY] 从数据库获取 ssrf 类型规则，共 2 条
[2025-05-09 10:01:42] [DB_QUERY] 筛选子类型 payload 后，共 1 条规则
[2025-05-09 10:01:42] [LOAD_RULES] 已加载 2 条SSRF测试载荷
[2025-05-09 10:01:42] [PAYLOAD] [1] http://uh1nhi.dnslog.cn
[2025-05-09 10:01:42] [PAYLOAD] [2] http://localhost:3306/
[2025-05-09 10:01:42] [DB_QUERY] 从数据库获取 ssrf 类型规则，共 2 条
[2025-05-09 10:01:42] [DB_QUERY] 筛选子类型 match_pattern 后，共 1 条规则
[2025-05-09 10:01:42] [LOAD_RULES] 已加载 0 条SSRF匹配模式
[2025-05-09 10:01:42] [WARNING] 没有从数据库加载到任何SSRF匹配模式
[2025-05-09 10:01:42] [SCAN] 规则加载失败，跳过扫描
[2025-05-09 10:01:42] [DB_QUERY] 从数据库获取 ssrf 类型规则，共 2 条
[2025-05-09 10:01:42] [DB_QUERY] 筛选子类型 payload 后，共 1 条规则
[2025-05-09 10:01:42] [LOAD_RULES] 已加载 2 条SSRF测试载荷
[2025-05-09 10:01:42] [PAYLOAD] [1] http://uh1nhi.dnslog.cn
[2025-05-09 10:01:42] [PAYLOAD] [2] http://localhost:3306/
[2025-05-09 10:01:42] [DB_QUERY] 从数据库获取 ssrf 类型规则，共 2 条
[2025-05-09 10:01:42] [DB_QUERY] 筛选子类型 match_pattern 后，共 1 条规则
[2025-05-09 10:01:42] [LOAD_RULES] 已加载 0 条SSRF匹配模式
[2025-05-09 10:01:42] [WARNING] 没有从数据库加载到任何SSRF匹配模式
[2025-05-09 10:01:42] [SCAN] 规则加载失败，跳过扫描
[2025-05-09 10:01:42] [DB_QUERY] 从数据库获取 ssrf 类型规则，共 2 条
[2025-05-09 10:01:42] [DB_QUERY] 筛选子类型 payload 后，共 1 条规则
[2025-05-09 10:01:42] [LOAD_RULES] 已加载 2 条SSRF测试载荷
[2025-05-09 10:01:42] [PAYLOAD] [1] http://uh1nhi.dnslog.cn
[2025-05-09 10:01:42] [PAYLOAD] [2] http://localhost:3306/
[2025-05-09 10:01:42] [DB_QUERY] 从数据库获取 ssrf 类型规则，共 2 条
[2025-05-09 10:01:42] [DB_QUERY] 筛选子类型 match_pattern 后，共 1 条规则
[2025-05-09 10:01:42] [LOAD_RULES] 已加载 0 条SSRF匹配模式
[2025-05-09 10:01:42] [WARNING] 没有从数据库加载到任何SSRF匹配模式
[2025-05-09 10:01:42] [SCAN] 规则加载失败，跳过扫描
[2025-05-09 10:01:42] [DB_QUERY] 从数据库获取 ssrf 类型规则，共 2 条
[2025-05-09 10:01:42] [DB_QUERY] 筛选子类型 payload 后，共 1 条规则
[2025-05-09 10:01:42] [LOAD_RULES] 已加载 2 条SSRF测试载荷
[2025-05-09 10:01:42] [PAYLOAD] [1] http://uh1nhi.dnslog.cn
[2025-05-09 10:01:42] [PAYLOAD] [2] http://localhost:3306/
[2025-05-09 10:01:42] [DB_QUERY] 从数据库获取 ssrf 类型规则，共 2 条
[2025-05-09 10:01:42] [DB_QUERY] 筛选子类型 match_pattern 后，共 1 条规则
[2025-05-09 10:01:42] [LOAD_RULES] 已加载 0 条SSRF匹配模式
[2025-05-09 10:01:42] [WARNING] 没有从数据库加载到任何SSRF匹配模式
[2025-05-09 10:01:42] [SCAN] 规则加载失败，跳过扫描
[2025-05-09 10:01:43] [DB_QUERY] 从数据库获取 ssrf 类型规则，共 2 条
[2025-05-09 10:01:43] [DB_QUERY] 筛选子类型 payload 后，共 1 条规则
[2025-05-09 10:01:43] [LOAD_RULES] 已加载 2 条SSRF测试载荷
[2025-05-09 10:01:43] [PAYLOAD] [1] http://uh1nhi.dnslog.cn
[2025-05-09 10:01:43] [PAYLOAD] [2] http://localhost:3306/
[2025-05-09 10:01:43] [DB_QUERY] 从数据库获取 ssrf 类型规则，共 2 条
[2025-05-09 10:01:43] [DB_QUERY] 筛选子类型 match_pattern 后，共 1 条规则
[2025-05-09 10:01:43] [LOAD_RULES] 已加载 0 条SSRF匹配模式
[2025-05-09 10:01:43] [WARNING] 没有从数据库加载到任何SSRF匹配模式
[2025-05-09 10:01:43] [SCAN] 规则加载失败，跳过扫描
[2025-05-09 10:01:43] [DB_QUERY] 从数据库获取 ssrf 类型规则，共 2 条
[2025-05-09 10:01:43] [DB_QUERY] 筛选子类型 payload 后，共 1 条规则
[2025-05-09 10:01:43] [LOAD_RULES] 已加载 2 条SSRF测试载荷
[2025-05-09 10:01:43] [PAYLOAD] [1] http://uh1nhi.dnslog.cn
[2025-05-09 10:01:43] [PAYLOAD] [2] http://localhost:3306/
[2025-05-09 10:01:43] [DB_QUERY] 从数据库获取 ssrf 类型规则，共 2 条
[2025-05-09 10:01:43] [DB_QUERY] 筛选子类型 match_pattern 后，共 1 条规则
[2025-05-09 10:01:43] [LOAD_RULES] 已加载 0 条SSRF匹配模式
[2025-05-09 10:01:43] [WARNING] 没有从数据库加载到任何SSRF匹配模式
[2025-05-09 10:01:43] [SCAN] 规则加载失败，跳过扫描
[2025-05-09 10:01:43] [DB_QUERY] 从数据库获取 ssrf 类型规则，共 2 条
[2025-05-09 10:01:43] [DB_QUERY] 筛选子类型 payload 后，共 1 条规则
[2025-05-09 10:01:43] [LOAD_RULES] 已加载 2 条SSRF测试载荷
[2025-05-09 10:01:43] [PAYLOAD] [1] http://uh1nhi.dnslog.cn
[2025-05-09 10:01:43] [PAYLOAD] [2] http://localhost:3306/
[2025-05-09 10:01:43] [DB_QUERY] 从数据库获取 ssrf 类型规则，共 2 条
[2025-05-09 10:01:43] [DB_QUERY] 筛选子类型 match_pattern 后，共 1 条规则
[2025-05-09 10:01:43] [LOAD_RULES] 已加载 0 条SSRF匹配模式
[2025-05-09 10:01:43] [WARNING] 没有从数据库加载到任何SSRF匹配模式
[2025-05-09 10:01:43] [SCAN] 规则加载失败，跳过扫描
[2025-05-09 10:01:43] [DB_QUERY] 从数据库获取 ssrf 类型规则，共 2 条
[2025-05-09 10:01:43] [DB_QUERY] 筛选子类型 payload 后，共 1 条规则
[2025-05-09 10:01:43] [LOAD_RULES] 已加载 2 条SSRF测试载荷
[2025-05-09 10:01:43] [PAYLOAD] [1] http://uh1nhi.dnslog.cn
[2025-05-09 10:01:43] [PAYLOAD] [2] http://localhost:3306/
[2025-05-09 10:01:43] [DB_QUERY] 从数据库获取 ssrf 类型规则，共 2 条
[2025-05-09 10:01:43] [DB_QUERY] 筛选子类型 match_pattern 后，共 1 条规则
[2025-05-09 10:01:43] [LOAD_RULES] 已加载 0 条SSRF匹配模式
[2025-05-09 10:01:43] [WARNING] 没有从数据库加载到任何SSRF匹配模式
[2025-05-09 10:01:43] [SCAN] 规则加载失败，跳过扫描
[2025-05-09 10:01:43] [DB_QUERY] 从数据库获取 ssrf 类型规则，共 2 条
[2025-05-09 10:01:43] [DB_QUERY] 筛选子类型 payload 后，共 1 条规则
[2025-05-09 10:01:43] [LOAD_RULES] 已加载 2 条SSRF测试载荷
[2025-05-09 10:01:43] [PAYLOAD] [1] http://uh1nhi.dnslog.cn
[2025-05-09 10:01:43] [PAYLOAD] [2] http://localhost:3306/
[2025-05-09 10:01:43] [DB_QUERY] 从数据库获取 ssrf 类型规则，共 2 条
[2025-05-09 10:01:43] [DB_QUERY] 筛选子类型 match_pattern 后，共 1 条规则
[2025-05-09 10:01:43] [LOAD_RULES] 已加载 0 条SSRF匹配模式
[2025-05-09 10:01:43] [WARNING] 没有从数据库加载到任何SSRF匹配模式
[2025-05-09 10:01:43] [SCAN] 规则加载失败，跳过扫描
[2025-05-09 10:01:43] [DB_QUERY] 从数据库获取 ssrf 类型规则，共 2 条
[2025-05-09 10:01:43] [DB_QUERY] 筛选子类型 payload 后，共 1 条规则
[2025-05-09 10:01:43] [LOAD_RULES] 已加载 2 条SSRF测试载荷
[2025-05-09 10:01:43] [PAYLOAD] [1] http://uh1nhi.dnslog.cn
[2025-05-09 10:01:43] [PAYLOAD] [2] http://localhost:3306/
[2025-05-09 10:01:43] [DB_QUERY] 从数据库获取 ssrf 类型规则，共 2 条
[2025-05-09 10:01:43] [DB_QUERY] 筛选子类型 match_pattern 后，共 1 条规则
[2025-05-09 10:01:43] [LOAD_RULES] 已加载 0 条SSRF匹配模式
[2025-05-09 10:01:43] [WARNING] 没有从数据库加载到任何SSRF匹配模式
[2025-05-09 10:01:43] [SCAN] 规则加载失败，跳过扫描
[2025-05-09 10:01:43] [DB_QUERY] 从数据库获取 ssrf 类型规则，共 2 条
[2025-05-09 10:01:43] [DB_QUERY] 筛选子类型 payload 后，共 1 条规则
[2025-05-09 10:01:43] [LOAD_RULES] 已加载 2 条SSRF测试载荷
[2025-05-09 10:01:43] [PAYLOAD] [1] http://uh1nhi.dnslog.cn
[2025-05-09 10:01:43] [PAYLOAD] [2] http://localhost:3306/
[2025-05-09 10:01:43] [DB_QUERY] 从数据库获取 ssrf 类型规则，共 2 条
[2025-05-09 10:01:43] [DB_QUERY] 筛选子类型 match_pattern 后，共 1 条规则
[2025-05-09 10:01:43] [LOAD_RULES] 已加载 0 条SSRF匹配模式
[2025-05-09 10:01:43] [WARNING] 没有从数据库加载到任何SSRF匹配模式
[2025-05-09 10:01:43] [SCAN] 规则加载失败，跳过扫描
[2025-05-09 10:01:44] [DB_QUERY] 从数据库获取 ssrf 类型规则，共 2 条
[2025-05-09 10:01:44] [DB_QUERY] 筛选子类型 payload 后，共 1 条规则
[2025-05-09 10:01:44] [LOAD_RULES] 已加载 2 条SSRF测试载荷
[2025-05-09 10:01:44] [PAYLOAD] [1] http://uh1nhi.dnslog.cn
[2025-05-09 10:01:44] [PAYLOAD] [2] http://localhost:3306/
[2025-05-09 10:01:44] [DB_QUERY] 从数据库获取 ssrf 类型规则，共 2 条
[2025-05-09 10:01:44] [DB_QUERY] 筛选子类型 match_pattern 后，共 1 条规则
[2025-05-09 10:01:44] [LOAD_RULES] 已加载 0 条SSRF匹配模式
[2025-05-09 10:01:44] [WARNING] 没有从数据库加载到任何SSRF匹配模式
[2025-05-09 10:01:44] [SCAN] 规则加载失败，跳过扫描
[2025-05-09 10:01:44] [DB_QUERY] 从数据库获取 ssrf 类型规则，共 2 条
[2025-05-09 10:01:44] [DB_QUERY] 筛选子类型 payload 后，共 1 条规则
[2025-05-09 10:01:44] [LOAD_RULES] 已加载 2 条SSRF测试载荷
[2025-05-09 10:01:44] [PAYLOAD] [1] http://uh1nhi.dnslog.cn
[2025-05-09 10:01:44] [PAYLOAD] [2] http://localhost:3306/
[2025-05-09 10:01:44] [DB_QUERY] 从数据库获取 ssrf 类型规则，共 2 条
[2025-05-09 10:01:44] [DB_QUERY] 筛选子类型 match_pattern 后，共 1 条规则
[2025-05-09 10:01:44] [LOAD_RULES] 已加载 0 条SSRF匹配模式
[2025-05-09 10:01:44] [WARNING] 没有从数据库加载到任何SSRF匹配模式
[2025-05-09 10:01:44] [SCAN] 规则加载失败，跳过扫描
