=== SSRF扫描器调试日志 - 开始于 2025-05-09 10:20:20 ===

格式说明：
[时间] [操作类型] 详细信息

[2025-05-09 10:20:20] [DB_QUERY] 从数据库获取 ssrf 类型规则，共 2 条
[2025-05-09 10:20:20] [DB_QUERY] 筛选子类型 payload 后，共 1 条规则
[2025-05-09 10:20:21] [LOAD_RULES] 已加载 2 条SSRF测试载荷
[2025-05-09 10:20:21] [PAYLOAD] [1] http://uh1nhi.dnslog.cn
[2025-05-09 10:20:21] [PAYLOAD] [2] http://localhost:3306/
[2025-05-09 10:20:21] [DB_QUERY] 从数据库获取 ssrf 类型规则，共 2 条
[2025-05-09 10:20:21] [DB_QUERY] 筛选子类型 match_pattern 后，共 1 条规则
[2025-05-09 10:20:21] [LOAD_RULES] 已加载 0 条SSRF匹配模式
[2025-05-09 10:20:21] [WARNING] 没有从数据库加载到任何SSRF匹配模式
[2025-05-09 10:20:49] [DB_QUERY] 从数据库获取 ssrf 类型规则，共 2 条
[2025-05-09 10:20:49] [DB_QUERY] 筛选子类型 payload 后，共 1 条规则
[2025-05-09 10:20:49] [LOAD_RULES] 已加载 2 条SSRF测试载荷
[2025-05-09 10:20:49] [PAYLOAD] [1] http://uh1nhi.dnslog.cn
[2025-05-09 10:20:49] [PAYLOAD] [2] http://localhost:3306/
[2025-05-09 10:20:49] [DB_QUERY] 从数据库获取 ssrf 类型规则，共 2 条
[2025-05-09 10:20:49] [DB_QUERY] 筛选子类型 match_pattern 后，共 1 条规则
[2025-05-09 10:20:49] [LOAD_RULES] 已加载 0 条SSRF匹配模式
[2025-05-09 10:20:49] [WARNING] 没有从数据库加载到任何SSRF匹配模式
[2025-05-09 10:20:49] [SCAN] 规则加载失败，跳过扫描
[2025-05-09 10:20:49] [DB_QUERY] 从数据库获取 ssrf 类型规则，共 2 条
[2025-05-09 10:20:49] [DB_QUERY] 筛选子类型 payload 后，共 1 条规则
[2025-05-09 10:20:49] [LOAD_RULES] 已加载 2 条SSRF测试载荷
[2025-05-09 10:20:49] [PAYLOAD] [1] http://uh1nhi.dnslog.cn
[2025-05-09 10:20:49] [PAYLOAD] [2] http://localhost:3306/
[2025-05-09 10:20:49] [DB_QUERY] 从数据库获取 ssrf 类型规则，共 2 条
[2025-05-09 10:20:49] [DB_QUERY] 筛选子类型 match_pattern 后，共 1 条规则
[2025-05-09 10:20:49] [LOAD_RULES] 已加载 0 条SSRF匹配模式
[2025-05-09 10:20:49] [WARNING] 没有从数据库加载到任何SSRF匹配模式
[2025-05-09 10:20:49] [SCAN] 规则加载失败，跳过扫描
[2025-05-09 10:20:49] [DB_QUERY] 从数据库获取 ssrf 类型规则，共 2 条
[2025-05-09 10:20:49] [DB_QUERY] 筛选子类型 payload 后，共 1 条规则
[2025-05-09 10:20:49] [LOAD_RULES] 已加载 2 条SSRF测试载荷
[2025-05-09 10:20:49] [PAYLOAD] [1] http://uh1nhi.dnslog.cn
[2025-05-09 10:20:49] [PAYLOAD] [2] http://localhost:3306/
[2025-05-09 10:20:49] [DB_QUERY] 从数据库获取 ssrf 类型规则，共 2 条
[2025-05-09 10:20:49] [DB_QUERY] 筛选子类型 match_pattern 后，共 1 条规则
[2025-05-09 10:20:49] [LOAD_RULES] 已加载 0 条SSRF匹配模式
[2025-05-09 10:20:49] [WARNING] 没有从数据库加载到任何SSRF匹配模式
[2025-05-09 10:20:49] [SCAN] 规则加载失败，跳过扫描
[2025-05-09 10:20:50] [DB_QUERY] 从数据库获取 ssrf 类型规则，共 2 条
[2025-05-09 10:20:50] [DB_QUERY] 筛选子类型 payload 后，共 1 条规则
[2025-05-09 10:20:50] [LOAD_RULES] 已加载 2 条SSRF测试载荷
[2025-05-09 10:20:50] [PAYLOAD] [1] http://uh1nhi.dnslog.cn
[2025-05-09 10:20:50] [PAYLOAD] [2] http://localhost:3306/
[2025-05-09 10:20:50] [DB_QUERY] 从数据库获取 ssrf 类型规则，共 2 条
[2025-05-09 10:20:50] [DB_QUERY] 筛选子类型 match_pattern 后，共 1 条规则
[2025-05-09 10:20:50] [LOAD_RULES] 已加载 0 条SSRF匹配模式
[2025-05-09 10:20:50] [WARNING] 没有从数据库加载到任何SSRF匹配模式
[2025-05-09 10:20:50] [SCAN] 规则加载失败，跳过扫描
[2025-05-09 10:20:50] [DB_QUERY] 从数据库获取 ssrf 类型规则，共 2 条
[2025-05-09 10:20:50] [DB_QUERY] 筛选子类型 payload 后，共 1 条规则
[2025-05-09 10:20:50] [LOAD_RULES] 已加载 2 条SSRF测试载荷
[2025-05-09 10:20:50] [PAYLOAD] [1] http://uh1nhi.dnslog.cn
[2025-05-09 10:20:50] [PAYLOAD] [2] http://localhost:3306/
[2025-05-09 10:20:50] [DB_QUERY] 从数据库获取 ssrf 类型规则，共 2 条
[2025-05-09 10:20:50] [DB_QUERY] 筛选子类型 match_pattern 后，共 1 条规则
[2025-05-09 10:20:50] [LOAD_RULES] 已加载 0 条SSRF匹配模式
[2025-05-09 10:20:50] [WARNING] 没有从数据库加载到任何SSRF匹配模式
[2025-05-09 10:20:50] [SCAN] 规则加载失败，跳过扫描
[2025-05-09 10:20:50] [DB_QUERY] 从数据库获取 ssrf 类型规则，共 2 条
[2025-05-09 10:20:50] [DB_QUERY] 筛选子类型 payload 后，共 1 条规则
[2025-05-09 10:20:50] [LOAD_RULES] 已加载 2 条SSRF测试载荷
[2025-05-09 10:20:50] [PAYLOAD] [1] http://uh1nhi.dnslog.cn
[2025-05-09 10:20:50] [PAYLOAD] [2] http://localhost:3306/
[2025-05-09 10:20:50] [DB_QUERY] 从数据库获取 ssrf 类型规则，共 2 条
[2025-05-09 10:20:50] [DB_QUERY] 筛选子类型 match_pattern 后，共 1 条规则
[2025-05-09 10:20:50] [LOAD_RULES] 已加载 0 条SSRF匹配模式
[2025-05-09 10:20:50] [WARNING] 没有从数据库加载到任何SSRF匹配模式
[2025-05-09 10:20:50] [SCAN] 规则加载失败，跳过扫描
[2025-05-09 10:20:50] [DB_QUERY] 从数据库获取 ssrf 类型规则，共 2 条
[2025-05-09 10:20:50] [DB_QUERY] 筛选子类型 payload 后，共 1 条规则
[2025-05-09 10:20:50] [LOAD_RULES] 已加载 2 条SSRF测试载荷
[2025-05-09 10:20:50] [PAYLOAD] [1] http://uh1nhi.dnslog.cn
[2025-05-09 10:20:50] [PAYLOAD] [2] http://localhost:3306/
[2025-05-09 10:20:50] [DB_QUERY] 从数据库获取 ssrf 类型规则，共 2 条
[2025-05-09 10:20:50] [DB_QUERY] 筛选子类型 match_pattern 后，共 1 条规则
[2025-05-09 10:20:50] [LOAD_RULES] 已加载 0 条SSRF匹配模式
[2025-05-09 10:20:50] [WARNING] 没有从数据库加载到任何SSRF匹配模式
[2025-05-09 10:20:50] [SCAN] 规则加载失败，跳过扫描
[2025-05-09 10:20:50] [DB_QUERY] 从数据库获取 ssrf 类型规则，共 2 条
[2025-05-09 10:20:50] [DB_QUERY] 筛选子类型 payload 后，共 1 条规则
[2025-05-09 10:20:50] [LOAD_RULES] 已加载 2 条SSRF测试载荷
[2025-05-09 10:20:50] [PAYLOAD] [1] http://uh1nhi.dnslog.cn
[2025-05-09 10:20:50] [PAYLOAD] [2] http://localhost:3306/
[2025-05-09 10:20:50] [DB_QUERY] 从数据库获取 ssrf 类型规则，共 2 条
[2025-05-09 10:20:50] [DB_QUERY] 筛选子类型 match_pattern 后，共 1 条规则
[2025-05-09 10:20:50] [LOAD_RULES] 已加载 0 条SSRF匹配模式
[2025-05-09 10:20:50] [WARNING] 没有从数据库加载到任何SSRF匹配模式
[2025-05-09 10:20:50] [SCAN] 规则加载失败，跳过扫描
[2025-05-09 10:20:50] [DB_QUERY] 从数据库获取 ssrf 类型规则，共 2 条
[2025-05-09 10:20:50] [DB_QUERY] 筛选子类型 payload 后，共 1 条规则
[2025-05-09 10:20:50] [LOAD_RULES] 已加载 2 条SSRF测试载荷
[2025-05-09 10:20:50] [PAYLOAD] [1] http://uh1nhi.dnslog.cn
[2025-05-09 10:20:50] [PAYLOAD] [2] http://localhost:3306/
[2025-05-09 10:20:50] [DB_QUERY] 从数据库获取 ssrf 类型规则，共 2 条
[2025-05-09 10:20:50] [DB_QUERY] 筛选子类型 match_pattern 后，共 1 条规则
[2025-05-09 10:20:50] [LOAD_RULES] 已加载 0 条SSRF匹配模式
[2025-05-09 10:20:50] [WARNING] 没有从数据库加载到任何SSRF匹配模式
[2025-05-09 10:20:50] [SCAN] 规则加载失败，跳过扫描
[2025-05-09 10:20:51] [DB_QUERY] 从数据库获取 ssrf 类型规则，共 2 条
[2025-05-09 10:20:51] [DB_QUERY] 筛选子类型 payload 后，共 1 条规则
[2025-05-09 10:20:51] [LOAD_RULES] 已加载 2 条SSRF测试载荷
[2025-05-09 10:20:51] [PAYLOAD] [1] http://uh1nhi.dnslog.cn
[2025-05-09 10:20:51] [PAYLOAD] [2] http://localhost:3306/
[2025-05-09 10:20:51] [DB_QUERY] 从数据库获取 ssrf 类型规则，共 2 条
[2025-05-09 10:20:51] [DB_QUERY] 筛选子类型 match_pattern 后，共 1 条规则
[2025-05-09 10:20:51] [LOAD_RULES] 已加载 0 条SSRF匹配模式
[2025-05-09 10:20:51] [WARNING] 没有从数据库加载到任何SSRF匹配模式
[2025-05-09 10:20:51] [SCAN] 规则加载失败，跳过扫描
[2025-05-09 10:20:51] [DB_QUERY] 从数据库获取 ssrf 类型规则，共 2 条
[2025-05-09 10:20:51] [DB_QUERY] 筛选子类型 payload 后，共 1 条规则
[2025-05-09 10:20:51] [LOAD_RULES] 已加载 2 条SSRF测试载荷
[2025-05-09 10:20:51] [PAYLOAD] [1] http://uh1nhi.dnslog.cn
[2025-05-09 10:20:51] [PAYLOAD] [2] http://localhost:3306/
[2025-05-09 10:20:51] [DB_QUERY] 从数据库获取 ssrf 类型规则，共 2 条
[2025-05-09 10:20:51] [DB_QUERY] 筛选子类型 match_pattern 后，共 1 条规则
[2025-05-09 10:20:51] [LOAD_RULES] 已加载 0 条SSRF匹配模式
[2025-05-09 10:20:51] [WARNING] 没有从数据库加载到任何SSRF匹配模式
[2025-05-09 10:20:51] [SCAN] 规则加载失败，跳过扫描
[2025-05-09 10:20:51] [DB_QUERY] 从数据库获取 ssrf 类型规则，共 2 条
[2025-05-09 10:20:51] [DB_QUERY] 筛选子类型 payload 后，共 1 条规则
[2025-05-09 10:20:51] [LOAD_RULES] 已加载 2 条SSRF测试载荷
[2025-05-09 10:20:51] [PAYLOAD] [1] http://uh1nhi.dnslog.cn
[2025-05-09 10:20:51] [PAYLOAD] [2] http://localhost:3306/
[2025-05-09 10:20:51] [DB_QUERY] 从数据库获取 ssrf 类型规则，共 2 条
[2025-05-09 10:20:51] [DB_QUERY] 筛选子类型 match_pattern 后，共 1 条规则
[2025-05-09 10:20:51] [LOAD_RULES] 已加载 0 条SSRF匹配模式
[2025-05-09 10:20:51] [WARNING] 没有从数据库加载到任何SSRF匹配模式
[2025-05-09 10:20:51] [SCAN] 规则加载失败，跳过扫描
[2025-05-09 10:20:51] [DB_QUERY] 从数据库获取 ssrf 类型规则，共 2 条
[2025-05-09 10:20:51] [DB_QUERY] 筛选子类型 payload 后，共 1 条规则
[2025-05-09 10:20:51] [LOAD_RULES] 已加载 2 条SSRF测试载荷
[2025-05-09 10:20:51] [PAYLOAD] [1] http://uh1nhi.dnslog.cn
[2025-05-09 10:20:51] [PAYLOAD] [2] http://localhost:3306/
[2025-05-09 10:20:51] [DB_QUERY] 从数据库获取 ssrf 类型规则，共 2 条
[2025-05-09 10:20:51] [DB_QUERY] 筛选子类型 match_pattern 后，共 1 条规则
[2025-05-09 10:20:51] [LOAD_RULES] 已加载 0 条SSRF匹配模式
[2025-05-09 10:20:51] [WARNING] 没有从数据库加载到任何SSRF匹配模式
[2025-05-09 10:20:51] [SCAN] 规则加载失败，跳过扫描
[2025-05-09 10:20:51] [DB_QUERY] 从数据库获取 ssrf 类型规则，共 2 条
[2025-05-09 10:20:51] [DB_QUERY] 筛选子类型 payload 后，共 1 条规则
[2025-05-09 10:20:51] [LOAD_RULES] 已加载 2 条SSRF测试载荷
[2025-05-09 10:20:51] [PAYLOAD] [1] http://uh1nhi.dnslog.cn
[2025-05-09 10:20:51] [PAYLOAD] [2] http://localhost:3306/
[2025-05-09 10:20:51] [DB_QUERY] 从数据库获取 ssrf 类型规则，共 2 条
[2025-05-09 10:20:51] [DB_QUERY] 筛选子类型 match_pattern 后，共 1 条规则
[2025-05-09 10:20:51] [LOAD_RULES] 已加载 0 条SSRF匹配模式
[2025-05-09 10:20:51] [WARNING] 没有从数据库加载到任何SSRF匹配模式
[2025-05-09 10:20:51] [SCAN] 规则加载失败，跳过扫描
[2025-05-09 10:20:51] [DB_QUERY] 从数据库获取 ssrf 类型规则，共 2 条
[2025-05-09 10:20:51] [DB_QUERY] 筛选子类型 payload 后，共 1 条规则
[2025-05-09 10:20:51] [LOAD_RULES] 已加载 2 条SSRF测试载荷
[2025-05-09 10:20:51] [PAYLOAD] [1] http://uh1nhi.dnslog.cn
[2025-05-09 10:20:51] [PAYLOAD] [2] http://localhost:3306/
[2025-05-09 10:20:51] [DB_QUERY] 从数据库获取 ssrf 类型规则，共 2 条
[2025-05-09 10:20:51] [DB_QUERY] 筛选子类型 match_pattern 后，共 1 条规则
[2025-05-09 10:20:51] [LOAD_RULES] 已加载 0 条SSRF匹配模式
[2025-05-09 10:20:51] [WARNING] 没有从数据库加载到任何SSRF匹配模式
[2025-05-09 10:20:51] [SCAN] 规则加载失败，跳过扫描
[2025-05-09 10:20:51] [DB_QUERY] 从数据库获取 ssrf 类型规则，共 2 条
[2025-05-09 10:20:51] [DB_QUERY] 筛选子类型 payload 后，共 1 条规则
[2025-05-09 10:20:51] [LOAD_RULES] 已加载 2 条SSRF测试载荷
[2025-05-09 10:20:51] [PAYLOAD] [1] http://uh1nhi.dnslog.cn
[2025-05-09 10:20:51] [PAYLOAD] [2] http://localhost:3306/
[2025-05-09 10:20:51] [DB_QUERY] 从数据库获取 ssrf 类型规则，共 2 条
[2025-05-09 10:20:51] [DB_QUERY] 筛选子类型 match_pattern 后，共 1 条规则
[2025-05-09 10:20:51] [LOAD_RULES] 已加载 0 条SSRF匹配模式
[2025-05-09 10:20:51] [WARNING] 没有从数据库加载到任何SSRF匹配模式
[2025-05-09 10:20:51] [SCAN] 规则加载失败，跳过扫描
[2025-05-09 10:20:51] [DB_QUERY] 从数据库获取 ssrf 类型规则，共 2 条
[2025-05-09 10:20:51] [DB_QUERY] 筛选子类型 payload 后，共 1 条规则
[2025-05-09 10:20:51] [LOAD_RULES] 已加载 2 条SSRF测试载荷
[2025-05-09 10:20:51] [PAYLOAD] [1] http://uh1nhi.dnslog.cn
[2025-05-09 10:20:51] [PAYLOAD] [2] http://localhost:3306/
[2025-05-09 10:20:51] [DB_QUERY] 从数据库获取 ssrf 类型规则，共 2 条
[2025-05-09 10:20:51] [DB_QUERY] 筛选子类型 match_pattern 后，共 1 条规则
[2025-05-09 10:20:51] [LOAD_RULES] 已加载 0 条SSRF匹配模式
[2025-05-09 10:20:51] [WARNING] 没有从数据库加载到任何SSRF匹配模式
[2025-05-09 10:20:51] [SCAN] 规则加载失败，跳过扫描
[2025-05-09 10:20:51] [DB_QUERY] 从数据库获取 ssrf 类型规则，共 2 条
[2025-05-09 10:20:51] [DB_QUERY] 筛选子类型 payload 后，共 1 条规则
[2025-05-09 10:20:51] [LOAD_RULES] 已加载 2 条SSRF测试载荷
[2025-05-09 10:20:51] [PAYLOAD] [1] http://uh1nhi.dnslog.cn
[2025-05-09 10:20:51] [PAYLOAD] [2] http://localhost:3306/
[2025-05-09 10:20:51] [DB_QUERY] 从数据库获取 ssrf 类型规则，共 2 条
[2025-05-09 10:20:51] [DB_QUERY] 筛选子类型 match_pattern 后，共 1 条规则
[2025-05-09 10:20:51] [LOAD_RULES] 已加载 0 条SSRF匹配模式
[2025-05-09 10:20:51] [WARNING] 没有从数据库加载到任何SSRF匹配模式
[2025-05-09 10:20:51] [SCAN] 规则加载失败，跳过扫描
[2025-05-09 10:20:51] [DB_QUERY] 从数据库获取 ssrf 类型规则，共 2 条
[2025-05-09 10:20:51] [DB_QUERY] 筛选子类型 payload 后，共 1 条规则
[2025-05-09 10:20:51] [LOAD_RULES] 已加载 2 条SSRF测试载荷
[2025-05-09 10:20:51] [PAYLOAD] [1] http://uh1nhi.dnslog.cn
[2025-05-09 10:20:51] [PAYLOAD] [2] http://localhost:3306/
[2025-05-09 10:20:51] [DB_QUERY] 从数据库获取 ssrf 类型规则，共 2 条
[2025-05-09 10:20:51] [DB_QUERY] 筛选子类型 match_pattern 后，共 1 条规则
[2025-05-09 10:20:51] [LOAD_RULES] 已加载 0 条SSRF匹配模式
[2025-05-09 10:20:51] [WARNING] 没有从数据库加载到任何SSRF匹配模式
[2025-05-09 10:20:51] [SCAN] 规则加载失败，跳过扫描
[2025-05-09 10:20:51] [DB_QUERY] 从数据库获取 ssrf 类型规则，共 2 条
[2025-05-09 10:20:51] [DB_QUERY] 筛选子类型 payload 后，共 1 条规则
[2025-05-09 10:20:51] [LOAD_RULES] 已加载 2 条SSRF测试载荷
[2025-05-09 10:20:51] [DB_QUERY] 从数据库获取 ssrf 类型规则，共 2 条
[2025-05-09 10:20:51] [PAYLOAD] [1] http://uh1nhi.dnslog.cn
[2025-05-09 10:20:51] [PAYLOAD] [2] http://localhost:3306/
[2025-05-09 10:20:51] [DB_QUERY] 筛选子类型 payload 后，共 1 条规则
[2025-05-09 10:20:51] [LOAD_RULES] 已加载 2 条SSRF测试载荷
[2025-05-09 10:20:51] [PAYLOAD] [1] http://uh1nhi.dnslog.cn
[2025-05-09 10:20:51] [DB_QUERY] 从数据库获取 ssrf 类型规则，共 2 条
[2025-05-09 10:20:51] [PAYLOAD] [2] http://localhost:3306/
[2025-05-09 10:20:51] [DB_QUERY] 筛选子类型 match_pattern 后，共 1 条规则
[2025-05-09 10:20:51] [LOAD_RULES] 已加载 0 条SSRF匹配模式
[2025-05-09 10:20:51] [DB_QUERY] 从数据库获取 ssrf 类型规则，共 2 条
[2025-05-09 10:20:51] [WARNING] 没有从数据库加载到任何SSRF匹配模式
[2025-05-09 10:20:51] [DB_QUERY] 筛选子类型 match_pattern 后，共 1 条规则
[2025-05-09 10:20:51] [SCAN] 规则加载失败，跳过扫描
[2025-05-09 10:20:51] [LOAD_RULES] 已加载 0 条SSRF匹配模式
[2025-05-09 10:20:51] [WARNING] 没有从数据库加载到任何SSRF匹配模式
[2025-05-09 10:20:51] [SCAN] 规则加载失败，跳过扫描
[2025-05-09 10:20:52] [DB_QUERY] 从数据库获取 ssrf 类型规则，共 2 条
[2025-05-09 10:20:52] [DB_QUERY] 筛选子类型 payload 后，共 1 条规则
[2025-05-09 10:20:52] [LOAD_RULES] 已加载 2 条SSRF测试载荷
[2025-05-09 10:20:52] [PAYLOAD] [1] http://uh1nhi.dnslog.cn
[2025-05-09 10:20:52] [PAYLOAD] [2] http://localhost:3306/
[2025-05-09 10:20:52] [DB_QUERY] 从数据库获取 ssrf 类型规则，共 2 条
[2025-05-09 10:20:52] [DB_QUERY] 筛选子类型 match_pattern 后，共 1 条规则
[2025-05-09 10:20:52] [LOAD_RULES] 已加载 0 条SSRF匹配模式
[2025-05-09 10:20:52] [WARNING] 没有从数据库加载到任何SSRF匹配模式
[2025-05-09 10:20:52] [SCAN] 规则加载失败，跳过扫描
[2025-05-09 10:20:52] [DB_QUERY] 从数据库获取 ssrf 类型规则，共 2 条
[2025-05-09 10:20:52] [DB_QUERY] 筛选子类型 payload 后，共 1 条规则
[2025-05-09 10:20:52] [LOAD_RULES] 已加载 2 条SSRF测试载荷
[2025-05-09 10:20:52] [PAYLOAD] [1] http://uh1nhi.dnslog.cn
[2025-05-09 10:20:52] [PAYLOAD] [2] http://localhost:3306/
[2025-05-09 10:20:52] [DB_QUERY] 从数据库获取 ssrf 类型规则，共 2 条
[2025-05-09 10:20:52] [DB_QUERY] 筛选子类型 match_pattern 后，共 1 条规则
[2025-05-09 10:20:52] [LOAD_RULES] 已加载 0 条SSRF匹配模式
[2025-05-09 10:20:52] [WARNING] 没有从数据库加载到任何SSRF匹配模式
[2025-05-09 10:20:52] [SCAN] 规则加载失败，跳过扫描
[2025-05-09 10:20:52] [DB_QUERY] 从数据库获取 ssrf 类型规则，共 2 条
[2025-05-09 10:20:52] [DB_QUERY] 筛选子类型 payload 后，共 1 条规则
[2025-05-09 10:20:52] [LOAD_RULES] 已加载 2 条SSRF测试载荷
[2025-05-09 10:20:52] [PAYLOAD] [1] http://uh1nhi.dnslog.cn
[2025-05-09 10:20:52] [PAYLOAD] [2] http://localhost:3306/
[2025-05-09 10:20:52] [DB_QUERY] 从数据库获取 ssrf 类型规则，共 2 条
[2025-05-09 10:20:52] [DB_QUERY] 筛选子类型 match_pattern 后，共 1 条规则
[2025-05-09 10:20:52] [LOAD_RULES] 已加载 0 条SSRF匹配模式
[2025-05-09 10:20:52] [WARNING] 没有从数据库加载到任何SSRF匹配模式
[2025-05-09 10:20:52] [SCAN] 规则加载失败，跳过扫描
[2025-05-09 10:20:52] [DB_QUERY] 从数据库获取 ssrf 类型规则，共 2 条
[2025-05-09 10:20:52] [DB_QUERY] 筛选子类型 payload 后，共 1 条规则
[2025-05-09 10:20:52] [LOAD_RULES] 已加载 2 条SSRF测试载荷
[2025-05-09 10:20:52] [PAYLOAD] [1] http://uh1nhi.dnslog.cn
[2025-05-09 10:20:52] [PAYLOAD] [2] http://localhost:3306/
[2025-05-09 10:20:52] [DB_QUERY] 从数据库获取 ssrf 类型规则，共 2 条
[2025-05-09 10:20:52] [DB_QUERY] 筛选子类型 match_pattern 后，共 1 条规则
[2025-05-09 10:20:52] [LOAD_RULES] 已加载 0 条SSRF匹配模式
[2025-05-09 10:20:52] [WARNING] 没有从数据库加载到任何SSRF匹配模式
[2025-05-09 10:20:52] [SCAN] 规则加载失败，跳过扫描
[2025-05-09 10:20:52] [DB_QUERY] 从数据库获取 ssrf 类型规则，共 2 条
[2025-05-09 10:20:52] [DB_QUERY] 筛选子类型 payload 后，共 1 条规则
[2025-05-09 10:20:52] [LOAD_RULES] 已加载 2 条SSRF测试载荷
[2025-05-09 10:20:52] [PAYLOAD] [1] http://uh1nhi.dnslog.cn
[2025-05-09 10:20:52] [PAYLOAD] [2] http://localhost:3306/
[2025-05-09 10:20:52] [DB_QUERY] 从数据库获取 ssrf 类型规则，共 2 条
[2025-05-09 10:20:52] [DB_QUERY] 筛选子类型 match_pattern 后，共 1 条规则
[2025-05-09 10:20:52] [LOAD_RULES] 已加载 0 条SSRF匹配模式
[2025-05-09 10:20:52] [WARNING] 没有从数据库加载到任何SSRF匹配模式
[2025-05-09 10:20:52] [SCAN] 规则加载失败，跳过扫描
[2025-05-09 10:20:55] [DB_QUERY] 从数据库获取 ssrf 类型规则，共 2 条
[2025-05-09 10:20:55] [DB_QUERY] 筛选子类型 payload 后，共 1 条规则
[2025-05-09 10:20:55] [LOAD_RULES] 已加载 2 条SSRF测试载荷
[2025-05-09 10:20:55] [PAYLOAD] [1] http://uh1nhi.dnslog.cn
[2025-05-09 10:20:55] [PAYLOAD] [2] http://localhost:3306/
[2025-05-09 10:20:55] [DB_QUERY] 从数据库获取 ssrf 类型规则，共 2 条
[2025-05-09 10:20:55] [DB_QUERY] 筛选子类型 match_pattern 后，共 1 条规则
[2025-05-09 10:20:55] [LOAD_RULES] 已加载 0 条SSRF匹配模式
[2025-05-09 10:20:55] [WARNING] 没有从数据库加载到任何SSRF匹配模式
[2025-05-09 10:20:55] [SCAN] 规则加载失败，跳过扫描
[2025-05-09 10:22:27] [DB_QUERY] 从数据库获取 ssrf 类型规则，共 2 条
[2025-05-09 10:22:27] [DB_QUERY] 筛选子类型 payload 后，共 1 条规则
[2025-05-09 10:22:27] [LOAD_RULES] 已加载 2 条SSRF测试载荷
[2025-05-09 10:22:27] [PAYLOAD] [1] http://uh1nhi.dnslog.cn
[2025-05-09 10:22:27] [PAYLOAD] [2] http://localhost:3306/
[2025-05-09 10:22:27] [DB_QUERY] 从数据库获取 ssrf 类型规则，共 2 条
[2025-05-09 10:22:27] [DB_QUERY] 筛选子类型 match_pattern 后，共 1 条规则
[2025-05-09 10:22:27] [LOAD_RULES] 已加载 0 条SSRF匹配模式
[2025-05-09 10:22:27] [WARNING] 没有从数据库加载到任何SSRF匹配模式
[2025-05-09 10:22:27] [SCAN] 规则加载失败，跳过扫描
