=== SSRFɨ־ - ʼ 2025-05-09 10:27:33 ===

ʽ˵
[ʱ] [] ϸϢ

[2025-05-09 10:27:33] [DB_QUERY] ݿȡ ssrf ͹򣬹 2 
[2025-05-09 10:27:33] [DB_QUERY] ɸѡ payload 󣬹 1 
[2025-05-09 10:27:33] [LOAD_RULES] Ѽ 2 SSRFغ
[2025-05-09 10:27:33] [PAYLOAD] [1] http://uh1nhi.dnslog.cn
[2025-05-09 10:27:33] [PAYLOAD] [2] http://localhost:3306/
[2025-05-09 10:27:33] [DB_QUERY] ݿȡ ssrf ͹򣬹 2 
[2025-05-09 10:27:33] [DB_QUERY] ɸѡ match_pattern 󣬹 1 
[2025-05-09 10:27:33] [LOAD_RULES] Ѽ 0 SSRFƥģʽ
[2025-05-09 10:27:33] [WARNING] ûдݿصκSSRFƥģʽ
[2025-05-09 10:36:36] [DB_QUERY] ݿȡ ssrf ͹򣬹 2 
[2025-05-09 10:36:36] [DB_QUERY] ɸѡ payload 󣬹 1 
[2025-05-09 10:36:36] [LOAD_RULES] Ѽ 2 SSRFغ
[2025-05-09 10:36:36] [PAYLOAD] [1] http://uh1nhi.dnslog.cn
[2025-05-09 10:36:36] [PAYLOAD] [2] http://localhost:3306/
[2025-05-09 10:36:36] [DB_QUERY] ݿȡ ssrf ͹򣬹 2 
[2025-05-09 10:36:36] [DB_QUERY] ɸѡ match_pattern 󣬹 1 
[2025-05-09 10:36:36] [LOAD_RULES] Ѽ 0 SSRFƥģʽ
[2025-05-09 10:36:36] [WARNING] ûдݿصκSSRFƥģʽ
[2025-05-09 10:36:36] [SCAN] ʧܣɨ
[2025-05-09 10:36:37] [DB_QUERY] ݿȡ ssrf ͹򣬹 2 
[2025-05-09 10:36:37] [DB_QUERY] ɸѡ payload 󣬹 1 
[2025-05-09 10:36:37] [LOAD_RULES] Ѽ 2 SSRFغ
[2025-05-09 10:36:37] [PAYLOAD] [1] http://uh1nhi.dnslog.cn
[2025-05-09 10:36:37] [PAYLOAD] [2] http://localhost:3306/
[2025-05-09 10:36:37] [DB_QUERY] ݿȡ ssrf ͹򣬹 2 
[2025-05-09 10:36:37] [DB_QUERY] ɸѡ match_pattern 󣬹 1 
[2025-05-09 10:36:37] [LOAD_RULES] Ѽ 0 SSRFƥģʽ
[2025-05-09 10:36:37] [WARNING] ûдݿصκSSRFƥģʽ
[2025-05-09 10:36:37] [SCAN] ʧܣɨ
[2025-05-09 10:36:37] [DB_QUERY] ݿȡ ssrf ͹򣬹 2 
[2025-05-09 10:36:37] [DB_QUERY] ɸѡ payload 󣬹 1 
[2025-05-09 10:36:37] [DB_QUERY] ݿȡ ssrf ͹򣬹 2 
[2025-05-09 10:36:37] [DB_QUERY] ɸѡ payload 󣬹 1 
[2025-05-09 10:36:37] [LOAD_RULES] Ѽ 2 SSRFغ
[2025-05-09 10:36:37] [PAYLOAD] [1] http://uh1nhi.dnslog.cn
[2025-05-09 10:36:37] [PAYLOAD] [2] http://localhost:3306/
[2025-05-09 10:36:37] [LOAD_RULES] Ѽ 2 SSRFغ
[2025-05-09 10:36:37] [PAYLOAD] [1] http://uh1nhi.dnslog.cn
[2025-05-09 10:36:37] [PAYLOAD] [2] http://localhost:3306/
[2025-05-09 10:36:37] [DB_QUERY] ݿȡ ssrf ͹򣬹 2 
[2025-05-09 10:36:37] [DB_QUERY] ɸѡ match_pattern 󣬹 1 
[2025-05-09 10:36:37] [DB_QUERY] ݿȡ ssrf ͹򣬹 2 
[2025-05-09 10:36:37] [LOAD_RULES] Ѽ 0 SSRFƥģʽ
 1 
[2025-05-09 10:36:37] [WARNING] ûдݿصκSSRFƥģʽ
[2025-05-09 10:36:37] [SCAN] ʧܣɨ
[2025-05-09 10:36:37] [LOAD_RULES] Ѽ 0 SSRFƥģʽ
[2025-05-09 10:36:37] [WARNING] ûдݿصκSSRFƥģʽ
[2025-05-09 10:36:37] [SCAN] ʧܣɨ
[2025-05-09 10:36:38] [DB_QUERY] ݿȡ ssrf ͹򣬹 2 
[2025-05-09 10:36:38] [DB_QUERY] ɸѡ payload 󣬹 1 
[2025-05-09 10:36:38] [LOAD_RULES] Ѽ 2 SSRFغ
[2025-05-09 10:36:38] [PAYLOAD] [1] http://uh1nhi.dnslog.cn
[2025-05-09 10:36:38] [PAYLOAD] [2] http://localhost:3306/
[2025-05-09 10:36:38] [DB_QUERY] ݿȡ ssrf ͹򣬹 2 
[2025-05-09 10:36:38] [DB_QUERY] ɸѡ match_pattern 󣬹 1 
[2025-05-09 10:36:38] [LOAD_RULES] Ѽ 0 SSRFƥģʽ
[2025-05-09 10:36:38] [WARNING] ûдݿصκSSRFƥģʽ
[2025-05-09 10:36:38] [SCAN] ʧܣɨ
[2025-05-09 10:36:38] [DB_QUERY] ݿȡ ssrf ͹򣬹 2 
[2025-05-09 10:36:38] [DB_QUERY] ɸѡ payload 󣬹 1 
[2025-05-09 10:36:38] [LOAD_RULES] Ѽ 2 SSRFغ
[2025-05-09 10:36:38] [PAYLOAD] [1] http://uh1nhi.dnslog.cn
[2025-05-09 10:36:38] [PAYLOAD] [2] http://localhost:3306/
[2025-05-09 10:36:38] [DB_QUERY] ݿȡ ssrf ͹򣬹 2 
[2025-05-09 10:36:38] [DB_QUERY] ɸѡ match_pattern 󣬹 1 
[2025-05-09 10:36:38] [LOAD_RULES] Ѽ 0 SSRFƥģʽ
[2025-05-09 10:36:38] [WARNING] ûдݿصκSSRFƥģʽ
[2025-05-09 10:36:38] [SCAN] ʧܣɨ
[2025-05-09 10:36:40] [DB_QUERY] ݿȡ ssrf ͹򣬹 2 
[2025-05-09 10:36:40] [DB_QUERY] ɸѡ payload 󣬹 1 
[2025-05-09 10:36:40] [LOAD_RULES] Ѽ 2 SSRFغ
[2025-05-09 10:36:40] [PAYLOAD] [1] http://uh1nhi.dnslog.cn
[2025-05-09 10:36:40] [PAYLOAD] [2] http://localhost:3306/
[2025-05-09 10:36:41] [DB_QUERY] ݿȡ ssrf ͹򣬹 2 
[2025-05-09 10:36:41] [DB_QUERY] ɸѡ match_pattern 󣬹 1 
[2025-05-09 10:36:42] [LOAD_RULES] Ѽ 0 SSRFƥģʽ
[2025-05-09 10:36:42] [WARNING] ûдݿصκSSRFƥģʽ
[2025-05-09 10:36:42] [SCAN] ʧܣɨ
[2025-05-09 10:36:42] [DB_QUERY] ݿȡ ssrf ͹򣬹 2 
[2025-05-09 10:36:42] [DB_QUERY] ɸѡ payload 󣬹 1 
[2025-05-09 10:36:42] [LOAD_RULES] Ѽ 2 SSRFغ
[2025-05-09 10:36:42] [PAYLOAD] [1] http://uh1nhi.dnslog.cn
[2025-05-09 10:36:42] [PAYLOAD] [2] http://localhost:3306/
[2025-05-09 10:36:42] [DB_QUERY] ݿȡ ssrf ͹򣬹 2 
[2025-05-09 10:36:42] [DB_QUERY] ɸѡ match_pattern 󣬹 1 
[2025-05-09 10:36:42] [DB_QUERY] ݿȡ ssrf ͹򣬹 2 
[2025-05-09 10:36:42] [LOAD_RULES] Ѽ 0 SSRFƥģʽ
[2025-05-09 10:36:42] [WARNING] ûдݿصκSSRFƥģʽ

[2025-05-09 10:36:42] [SCAN] ʧܣɨ
[2025-05-09 10:36:42] [LOAD_RULES] Ѽ 2 SSRFغ
[2025-05-09 10:36:42] [PAYLOAD] [1] http://uh1nhi.dnslog.cn
[2025-05-09 10:36:42] [PAYLOAD] [2] http://localhost:3306/
[2025-05-09 10:36:42] [DB_QUERY] ݿȡ ssrf ͹򣬹 2 
[2025-05-09 10:36:42] [DB_QUERY] ɸѡ match_pattern 󣬹 1 
[2025-05-09 10:36:42] [LOAD_RULES] Ѽ 0 SSRFƥģʽ
[2025-05-09 10:36:42] [WARNING] ûдݿصκSSRFƥģʽ
[2025-05-09 10:36:42] [SCAN] ʧܣɨ
[2025-05-09 10:36:42] [DB_QUERY] ݿȡ ssrf ͹򣬹 2 
[2025-05-09 10:36:42] [DB_QUERY] ɸѡ payload 󣬹 1 
[2025-05-09 10:36:42] [LOAD_RULES] Ѽ 2 SSRFغ
[2025-05-09 10:36:42] [PAYLOAD] [1] http://uh1nhi.dnslog.cn
[2025-05-09 10:36:42] [PAYLOAD] [2] http://localhost:3306/
[2025-05-09 10:36:42] [DB_QUERY] ݿȡ ssrf ͹򣬹 2 
[2025-05-09 10:36:42] [DB_QUERY] ɸѡ match_pattern 󣬹 1 
[2025-05-09 10:36:42] [LOAD_RULES] Ѽ 0 SSRFƥģʽ
[2025-05-09 10:36:42] [WARNING] ûдݿصκSSRFƥģʽ
[2025-05-09 10:36:42] [SCAN] ʧܣɨ
[2025-05-09 10:36:42] [DB_QUERY] ݿȡ ssrf ͹򣬹 2 
[2025-05-09 10:36:42] [DB_QUERY] ɸѡ payload 󣬹 1 
[2025-05-09 10:36:42] [LOAD_RULES] Ѽ 2 SSRFغ
[2025-05-09 10:36:42] [PAYLOAD] [1] http://uh1nhi.dnslog.cn
[2025-05-09 10:36:42] [PAYLOAD] [2] http://localhost:3306/
[2025-05-09 10:36:42] [DB_QUERY] ݿȡ ssrf ͹򣬹 2 
[2025-05-09 10:36:42] [DB_QUERY] ɸѡ match_pattern 󣬹 1 
[2025-05-09 10:36:42] [LOAD_RULES] Ѽ 0 SSRFƥģʽ
[2025-05-09 10:36:42] [WARNING] ûдݿصκSSRFƥģʽ
[2025-05-09 10:36:42] [SCAN] ʧܣɨ
[2025-05-09 10:36:42] [DB_QUERY] ݿȡ ssrf ͹򣬹 2 
[2025-05-09 10:36:42] [DB_QUERY] ɸѡ payload 󣬹 1 
[2025-05-09 10:36:42] [LOAD_RULES] Ѽ 2 SSRFغ
 2 
[2025-05-09 10:36:42] [PAYLOAD] [1] http://uh1nhi.dnslog.cn
[2025-05-09 10:36:42] [PAYLOAD] [2] http://localhost:3306/
 
[2025-05-09 10:36:42] [LOAD_RULES] Ѽ 2 SSRFغ
[2025-05-09 10:36:42] [DB_QUERY] ݿȡ ssrf ͹򣬹 2 
[2025-05-09 10:36:42] [PAYLOAD] [1] http://uh1nhi.dnslog.cn
[2025-05-09 10:36:42] [DB_QUERY] ɸѡ payload 󣬹 1 
[2025-05-09 10:36:42] [PAYLOAD] [2] http://localhost:3306/
[2025-05-09 10:36:42] [LOAD_RULES] Ѽ 2 SSRFغ
[2025-05-09 10:36:42] [PAYLOAD] [1] http://uh1nhi.dnslog.cn
[2025-05-09 10:36:42] [PAYLOAD] [2] http://localhost:3306/
[2025-05-09 10:36:42] [DB_QUERY] ݿȡ ssrf ͹򣬹 2 
[2025-05-09 10:36:42] [DB_QUERY] ɸѡ match_pattern 󣬹 1 
[2025-05-09 10:36:42] [LOAD_RULES] Ѽ 0 SSRFƥģʽ
[2025-05-09 10:36:42] [DB_QUERY] ݿȡ ssrf ͹򣬹 2 
[2025-05-09 10:36:42] [WARNING] ûдݿصκSSRFƥģʽ
[2025-05-09 10:36:42] [DB_QUERY] ɸѡ match_pattern 󣬹 1 
[2025-05-09 10:36:42] [SCAN] ʧܣɨ
[2025-05-09 10:36:42] [DB_QUERY] ݿȡ ssrf ͹򣬹 2 
[2025-05-09 10:36:42] [DB_QUERY] ɸѡ match_pattern 󣬹 1 
[2025-05-09 10:36:42] [DB_QUERY] ݿȡ ssrf ͹򣬹 2 
[2025-05-09 10:36:42] [DB_QUERY] ɸѡ payload 󣬹 1 
[2025-05-09 10:36:42] [LOAD_RULES] Ѽ 0 SSRFƥģʽ
[2025-05-09 10:36:42] [WARNING] ûдݿصκSSRFƥģʽ
[2025-05-09 10:36:42] [SCAN] ʧܣɨ
[2025-05-09 10:36:43] [LOAD_RULES] Ѽ 0 SSRFƥģʽ
[2025-05-09 10:36:43] [WARNING] ûдݿصκSSRFƥģʽ
[2025-05-09 10:36:43] [SCAN] ʧܣɨ
[2025-05-09 10:36:43] [LOAD_RULES] Ѽ 2 SSRFغ
[2025-05-09 10:36:43] [PAYLOAD] [1] http://uh1nhi.dnslog.cn
[2025-05-09 10:36:43] [PAYLOAD] [2] http://localhost:3306/
[2025-05-09 10:36:43] [DB_QUERY] ݿȡ ssrf ͹򣬹 2 
[2025-05-09 10:36:43] [DB_QUERY] ɸѡ match_pattern 󣬹 1 
[2025-05-09 10:36:43] [LOAD_RULES] Ѽ 0 SSRFƥģʽ
[2025-05-09 10:36:43] [WARNING] ûдݿصκSSRFƥģʽ
[2025-05-09 10:36:43] [SCAN] ʧܣɨ
[2025-05-09 10:36:43] [DB_QUERY] ݿȡ ssrf ͹򣬹 2 
[2025-05-09 10:36:43] [DB_QUERY] ɸѡ payload 󣬹 1 
[2025-05-09 10:36:43] [LOAD_RULES] Ѽ 2 SSRFغ
[2025-05-09 10:36:43] [PAYLOAD] [1] http://uh1nhi.dnslog.cn
[2025-05-09 10:36:43] [PAYLOAD] [2] http://localhost:3306/
[2025-05-09 10:36:43] [DB_QUERY] ݿȡ ssrf ͹򣬹 2 
[2025-05-09 10:36:43] [DB_QUERY] ɸѡ match_pattern 󣬹 1 
[2025-05-09 10:36:43] [LOAD_RULES] Ѽ 0 SSRFƥģʽ
[2025-05-09 10:36:43] [WARNING] ûдݿصκSSRFƥģʽ
[2025-05-09 10:36:43] [SCAN] ʧܣɨ
[2025-05-09 10:36:43] [DB_QUERY] ݿȡ ssrf ͹򣬹 2 
[2025-05-09 10:36:43] [DB_QUERY] ɸѡ payload 󣬹 1 
[2025-05-09 10:36:43] [DB_QUERY] ݿȡ ssrf ͹򣬹 2 
[2025-05-09 10:36:43] [LOAD_RULES] Ѽ 2 SSRFغ
[2025-05-09 10:36:43] [DB_QUERY] ɸѡ payload 󣬹 1 
[2025-05-09 10:36:43] [PAYLOAD] [1] http://uh1nhi.dnslog.cn
[2025-05-09 10:36:43] [PAYLOAD] [2] http://localhost:3306/
[2025-05-09 10:36:43] [LOAD_RULES] Ѽ 2 SSRFغ
[2025-05-09 10:36:43] [PAYLOAD] [1] http://uh1nhi.dnslog.cn
[2025-05-09 10:36:43] [PAYLOAD] [2] http://localhost:3306/
[2025-05-09 10:36:43] [DB_QUERY] ݿȡ ssrf ͹򣬹 2 
[2025-05-09 10:36:43] [DB_QUERY] ɸѡ match_pattern 󣬹 1 
[2025-05-09 10:36:43] [DB_QUERY] ݿȡ ssrf ͹򣬹 2 
[2025-05-09 10:36:43] [DB_QUERY] ɸѡ match_pattern 󣬹 1 
[2025-05-09 10:36:43] [LOAD_RULES] Ѽ 0 SSRFƥģʽ
[2025-05-09 10:36:43] [WARNING] ûдݿصκSSRFƥģʽ
[2025-05-09 10:36:43] [SCAN] ʧܣɨ
[2025-05-09 10:36:43] [LOAD_RULES] Ѽ 0 SSRFƥģʽ
[2025-05-09 10:36:43] [WARNING] ûдݿصκSSRFƥģʽ
[2025-05-09 10:36:43] [SCAN] ʧܣɨ
[2025-05-09 10:36:43] [DB_QUERY] ݿȡ ssrf ͹򣬹 2 
[2025-05-09 10:36:43] [DB_QUERY] ɸѡ payload 󣬹 1 
[2025-05-09 10:36:43] [LOAD_RULES] Ѽ 2 SSRFغ
[2025-05-09 10:36:43] [PAYLOAD] [1] http://uh1nhi.dnslog.cn
[2025-05-09 10:36:43] [PAYLOAD] [2] http://localhost:3306/
[2025-05-09 10:36:43] [DB_QUERY] ݿȡ ssrf ͹򣬹 2 
[2025-05-09 10:36:43] [DB_QUERY] ɸѡ match_pattern 󣬹 1 
[2025-05-09 10:36:43] [LOAD_RULES] Ѽ 0 SSRFƥģʽ
[2025-05-09 10:36:43] [WARNING] ûдݿصκSSRFƥģʽ
[2025-05-09 10:36:43] [SCAN] ʧܣɨ
[2025-05-09 10:36:44] [DB_QUERY] ݿȡ ssrf ͹򣬹 2 
[2025-05-09 10:36:44] [DB_QUERY] ɸѡ payload 󣬹 1 
[2025-05-09 10:36:44] [LOAD_RULES] Ѽ 2 SSRFغ
[2025-05-09 10:36:44] [PAYLOAD] [1] http://uh1nhi.dnslog.cn
[2025-05-09 10:36:44] [PAYLOAD] [2] http://localhost:3306/
[2025-05-09 10:36:44] [DB_QUERY] ݿȡ ssrf ͹򣬹 2 
[2025-05-09 10:36:44] [DB_QUERY] ɸѡ match_pattern 󣬹 1 
[2025-05-09 10:36:44] [LOAD_RULES] Ѽ 0 SSRFƥģʽ
[2025-05-09 10:36:44] [WARNING] ûдݿصκSSRFƥģʽ
[2025-05-09 10:36:44] [SCAN] ʧܣɨ
[2025-05-09 10:36:44] [DB_QUERY] ݿȡ ssrf ͹򣬹 2 
[2025-05-09 10:36:44] [DB_QUERY] ɸѡ payload 󣬹 1 
[2025-05-09 10:36:44] [LOAD_RULES] Ѽ 2 SSRFغ
[2025-05-09 10:36:44] [PAYLOAD] [1] http://uh1nhi.dnslog.cn
[2025-05-09 10:36:44] [PAYLOAD] [2] http://localhost:3306/
[2025-05-09 10:36:44] [DB_QUERY] ݿȡ ssrf ͹򣬹 2 
[2025-05-09 10:36:44] [DB_QUERY] ɸѡ match_pattern 󣬹 1 
[2025-05-09 10:36:44] [LOAD_RULES] Ѽ 0 SSRFƥģʽ
[2025-05-09 10:36:44] [WARNING] ûдݿصκSSRFƥģʽ
[2025-05-09 10:36:44] [SCAN] ʧܣɨ
[2025-05-09 10:36:44] [DB_QUERY] ݿȡ ssrf ͹򣬹 2 
[2025-05-09 10:36:44] [DB_QUERY] ɸѡ payload 󣬹 1 
[2025-05-09 10:36:44] [LOAD_RULES] Ѽ 2 SSRFغ
[2025-05-09 10:36:44] [PAYLOAD] [1] http://uh1nhi.dnslog.cn
[2025-05-09 10:36:44] [PAYLOAD] [2] http://localhost:3306/
[2025-05-09 10:36:44] [DB_QUERY] ݿȡ ssrf ͹򣬹 2 
[2025-05-09 10:36:44] [DB_QUERY] ɸѡ match_pattern 󣬹 1 
[2025-05-09 10:36:44] [LOAD_RULES] Ѽ 0 SSRFƥģʽ
[2025-05-09 10:36:44] [WARNING] ûдݿصκSSRFƥģʽ
[2025-05-09 10:36:44] [SCAN] ʧܣɨ
[2025-05-09 10:36:45] [DB_QUERY] ݿȡ ssrf ͹򣬹 2 
[2025-05-09 10:36:45] [DB_QUERY] ɸѡ payload 󣬹 1 
[2025-05-09 10:36:45] [LOAD_RULES] Ѽ 2 SSRFغ
[2025-05-09 10:36:45] [PAYLOAD] [1] http://uh1nhi.dnslog.cn
[2025-05-09 10:36:45] [PAYLOAD] [2] http://localhost:3306/
[2025-05-09 10:36:45] [DB_QUERY] ݿȡ ssrf ͹򣬹 2 
[2025-05-09 10:36:45] [DB_QUERY] ɸѡ match_pattern 󣬹 1 
[2025-05-09 10:36:45] [LOAD_RULES] Ѽ 0 SSRFƥģʽ
[2025-05-09 10:36:45] [WARNING] ûдݿصκSSRFƥģʽ
[2025-05-09 10:36:45] [SCAN] ʧܣɨ
[2025-05-09 10:36:46] [DB_QUERY] ݿȡ ssrf ͹򣬹 2 
[2025-05-09 10:36:46] [DB_QUERY] ɸѡ payload 󣬹 1 
[2025-05-09 10:36:46] [LOAD_RULES] Ѽ 2 SSRFغ
[2025-05-09 10:36:46] [PAYLOAD] [1] http://uh1nhi.dnslog.cn
[2025-05-09 10:36:46] [PAYLOAD] [2] http://localhost:3306/
[2025-05-09 10:36:46] [DB_QUERY] ݿȡ ssrf ͹򣬹 2 
[2025-05-09 10:36:46] [DB_QUERY] ɸѡ match_pattern 󣬹 1 
[2025-05-09 10:36:46] [LOAD_RULES] Ѽ 0 SSRFƥģʽ
[2025-05-09 10:36:46] [WARNING] ûдݿصκSSRFƥģʽ
[2025-05-09 10:36:46] [SCAN] ʧܣɨ
[2025-05-09 10:36:54] [DB_QUERY] ݿȡ ssrf ͹򣬹 2 
[2025-05-09 10:36:54] [DB_QUERY] ɸѡ payload 󣬹 1 
[2025-05-09 10:36:54] [LOAD_RULES] Ѽ 2 SSRFغ
[2025-05-09 10:36:54] [PAYLOAD] [1] http://uh1nhi.dnslog.cn
[2025-05-09 10:36:54] [PAYLOAD] [2] http://localhost:3306/
[2025-05-09 10:36:54] [DB_QUERY] ݿȡ ssrf ͹򣬹 2 
[2025-05-09 10:36:54] [DB_QUERY] ɸѡ match_pattern 󣬹 1 
[2025-05-09 10:36:54] [LOAD_RULES] Ѽ 0 SSRFƥģʽ
[2025-05-09 10:36:54] [WARNING] ûдݿصκSSRFƥģʽ
[2025-05-09 10:36:54] [SCAN] ʧܣɨ
[2025-05-09 10:36:54] [DB_QUERY] ݿȡ ssrf ͹򣬹 2 
[2025-05-09 10:36:54] [DB_QUERY] ɸѡ payload 󣬹 1 
[2025-05-09 10:36:54] [LOAD_RULES] Ѽ 2 SSRFغ
[2025-05-09 10:36:54] [PAYLOAD] [1] http://uh1nhi.dnslog.cn
[2025-05-09 10:36:54] [PAYLOAD] [2] http://localhost:3306/
[2025-05-09 10:36:54] [DB_QUERY] ݿȡ ssrf ͹򣬹 2 
[2025-05-09 10:36:54] [DB_QUERY] ɸѡ match_pattern 󣬹 1 
[2025-05-09 10:36:54] [LOAD_RULES] Ѽ 0 SSRFƥģʽ
[2025-05-09 10:36:54] [WARNING] ûдݿصκSSRFƥģʽ
[2025-05-09 10:36:54] [SCAN] ʧܣɨ
[2025-05-09 10:36:54] [DB_QUERY] ݿȡ ssrf ͹򣬹 2 
[2025-05-09 10:36:54] [DB_QUERY] ɸѡ payload 󣬹 1 
[2025-05-09 10:36:54] [LOAD_RULES] Ѽ 2 SSRFغ
[2025-05-09 10:36:54] [PAYLOAD] [1] http://uh1nhi.dnslog.cn
[2025-05-09 10:36:54] [PAYLOAD] [2] http://localhost:3306/
[2025-05-09 10:36:54] [DB_QUERY] ݿȡ ssrf ͹򣬹 2 
[2025-05-09 10:36:54] [DB_QUERY] ɸѡ match_pattern 󣬹 1 
[2025-05-09 10:36:54] [LOAD_RULES] Ѽ 0 SSRFƥģʽ
[2025-05-09 10:36:54] [WARNING] ûдݿصκSSRFƥģʽ
[2025-05-09 10:36:54] [SCAN] ʧܣɨ
[2025-05-09 10:36:55] [DB_QUERY] ݿȡ ssrf ͹򣬹 2 
[2025-05-09 10:36:55] [DB_QUERY] ɸѡ payload 󣬹 1 
[2025-05-09 10:36:55] [LOAD_RULES] Ѽ 2 SSRFغ
[2025-05-09 10:36:55] [PAYLOAD] [1] http://uh1nhi.dnslog.cn
[2025-05-09 10:36:55] [PAYLOAD] [2] http://localhost:3306/
[2025-05-09 10:36:55] [DB_QUERY] ݿȡ ssrf ͹򣬹 2 
[2025-05-09 10:36:55] [DB_QUERY] ɸѡ match_pattern 󣬹 1 
[2025-05-09 10:36:55] [LOAD_RULES] Ѽ 0 SSRFƥģʽ
[2025-05-09 10:36:55] [WARNING] ûдݿصκSSRFƥģʽ
[2025-05-09 10:36:55] [SCAN] ʧܣɨ
[2025-05-09 10:36:58] [DB_QUERY] ݿȡ ssrf ͹򣬹 2 
[2025-05-09 10:36:58] [DB_QUERY] ɸѡ payload 󣬹 1 
[2025-05-09 10:36:58] [LOAD_RULES] Ѽ 2 SSRFغ
[2025-05-09 10:36:58] [PAYLOAD] [1] http://uh1nhi.dnslog.cn
[2025-05-09 10:36:58] [PAYLOAD] [2] http://localhost:3306/
[2025-05-09 10:36:58] [DB_QUERY] ݿȡ ssrf ͹򣬹 2 
[2025-05-09 10:36:58] [DB_QUERY] ɸѡ match_pattern 󣬹 1 
[2025-05-09 10:36:58] [LOAD_RULES] Ѽ 0 SSRFƥģʽ
[2025-05-09 10:36:58] [WARNING] ûдݿصκSSRFƥģʽ
[2025-05-09 10:36:58] [SCAN] ʧܣɨ
[2025-05-09 10:37:03] [DB_QUERY] ݿȡ ssrf ͹򣬹 2 
[2025-05-09 10:37:03] [DB_QUERY] ɸѡ payload 󣬹 1 
[2025-05-09 10:37:03] [LOAD_RULES] Ѽ 2 SSRFغ
[2025-05-09 10:37:03] [PAYLOAD] [1] http://uh1nhi.dnslog.cn
[2025-05-09 10:37:03] [PAYLOAD] [2] http://localhost:3306/
[2025-05-09 10:37:03] [DB_QUERY] ݿȡ ssrf ͹򣬹 2 
[2025-05-09 10:37:03] [DB_QUERY] ɸѡ match_pattern 󣬹 1 
[2025-05-09 10:37:03] [LOAD_RULES] Ѽ 0 SSRFƥģʽ
[2025-05-09 10:37:03] [WARNING] ûдݿصκSSRFƥģʽ
[2025-05-09 10:37:03] [SCAN] ʧܣɨ
[2025-05-09 10:37:05] [DB_QUERY] ݿȡ ssrf ͹򣬹 2 
[2025-05-09 10:37:05] [DB_QUERY] ɸѡ payload 󣬹 1 
[2025-05-09 10:37:05] [LOAD_RULES] Ѽ 2 SSRFغ
[2025-05-09 10:37:05] [PAYLOAD] [1] http://uh1nhi.dnslog.cn
[2025-05-09 10:37:05] [PAYLOAD] [2] http://localhost:3306/
[2025-05-09 10:37:05] [DB_QUERY] ݿȡ ssrf ͹򣬹 2 
[2025-05-09 10:37:05] [DB_QUERY] ɸѡ match_pattern 󣬹 1 
[2025-05-09 10:37:05] [LOAD_RULES] Ѽ 0 SSRFƥģʽ
[2025-05-09 10:37:05] [WARNING] ûдݿصκSSRFƥģʽ
[2025-05-09 10:37:05] [SCAN] ʧܣɨ
[2025-05-09 10:37:05] [DB_QUERY] ݿȡ ssrf ͹򣬹 2 
[2025-05-09 10:37:05] [DB_QUERY] ɸѡ payload 󣬹 1 
[2025-05-09 10:37:05] [LOAD_RULES] Ѽ 2 SSRFغ
[2025-05-09 10:37:05] [PAYLOAD] [1] http://uh1nhi.dnslog.cn
[2025-05-09 10:37:05] [PAYLOAD] [2] http://localhost:3306/
[2025-05-09 10:37:05] [DB_QUERY] ݿȡ ssrf ͹򣬹 2 
[2025-05-09 10:37:05] [DB_QUERY] ɸѡ match_pattern 󣬹 1 
[2025-05-09 10:37:05] [LOAD_RULES] Ѽ 0 SSRFƥģʽ
[2025-05-09 10:37:05] [WARNING] ûдݿصκSSRFƥģʽ
[2025-05-09 10:37:05] [SCAN] ʧܣɨ
[2025-05-09 10:37:05] [DB_QUERY] ݿȡ ssrf ͹򣬹 2 
[2025-05-09 10:37:05] [DB_QUERY] ɸѡ payload 󣬹 1 
[2025-05-09 10:37:05] [LOAD_RULES] Ѽ 2 SSRFغ
[2025-05-09 10:37:05] [PAYLOAD] [1] http://uh1nhi.dnslog.cn
[2025-05-09 10:37:05] [PAYLOAD] [2] http://localhost:3306/
[2025-05-09 10:37:05] [DB_QUERY] ݿȡ ssrf ͹򣬹 2 
[2025-05-09 10:37:05] [DB_QUERY] ɸѡ match_pattern 󣬹 1 
[2025-05-09 10:37:05] [LOAD_RULES] Ѽ 0 SSRFƥģʽ
[2025-05-09 10:37:05] [WARNING] ûдݿصκSSRFƥģʽ
[2025-05-09 10:37:05] [SCAN] ʧܣɨ
[2025-05-09 10:37:07] [DB_QUERY] ݿȡ ssrf ͹򣬹 2 
[2025-05-09 10:37:07] [DB_QUERY] ɸѡ payload 󣬹 1 
[2025-05-09 10:37:07] [LOAD_RULES] Ѽ 2 SSRFغ
[2025-05-09 10:37:07] [PAYLOAD] [1] http://uh1nhi.dnslog.cn
[2025-05-09 10:37:07] [PAYLOAD] [2] http://localhost:3306/
[2025-05-09 10:37:07] [DB_QUERY] ݿȡ ssrf ͹򣬹 2 
[2025-05-09 10:37:07] [DB_QUERY] ɸѡ match_pattern 󣬹 1 
[2025-05-09 10:37:07] [LOAD_RULES] Ѽ 0 SSRFƥģʽ
[2025-05-09 10:37:07] [WARNING] ûдݿصκSSRFƥģʽ
[2025-05-09 10:37:07] [SCAN] ʧܣɨ
[2025-05-09 10:37:07] [DB_QUERY] ݿȡ ssrf ͹򣬹 2 
[2025-05-09 10:37:07] [DB_QUERY] ɸѡ payload 󣬹 1 
[2025-05-09 10:37:07] [LOAD_RULES] Ѽ 2 SSRFغ
[2025-05-09 10:37:07] [PAYLOAD] [1] http://uh1nhi.dnslog.cn
[2025-05-09 10:37:07] [PAYLOAD] [2] http://localhost:3306/
[2025-05-09 10:37:07] [DB_QUERY] ݿȡ ssrf ͹򣬹 2 
[2025-05-09 10:37:07] [DB_QUERY] ɸѡ match_pattern 󣬹 1 
[2025-05-09 10:37:07] [LOAD_RULES] Ѽ 0 SSRFƥģʽ
[2025-05-09 10:37:07] [WARNING] ûдݿصκSSRFƥģʽ
[2025-05-09 10:37:07] [SCAN] ʧܣɨ
[2025-05-09 10:37:07] [DB_QUERY] ݿȡ ssrf ͹򣬹 2 
[2025-05-09 10:37:07] [DB_QUERY] ɸѡ payload 󣬹 1 
[2025-05-09 10:37:07] [LOAD_RULES] Ѽ 2 SSRFغ
[2025-05-09 10:37:07] [PAYLOAD] [1] http://uh1nhi.dnslog.cn
[2025-05-09 10:37:07] [PAYLOAD] [2] http://localhost:3306/
[2025-05-09 10:37:07] [DB_QUERY] ݿȡ ssrf ͹򣬹 2 
[2025-05-09 10:37:07] [DB_QUERY] ɸѡ match_pattern 󣬹 1 
[2025-05-09 10:37:07] [LOAD_RULES] Ѽ 0 SSRFƥģʽ
[2025-05-09 10:37:07] [WARNING] ûдݿصκSSRFƥģʽ
[2025-05-09 10:37:07] [SCAN] ʧܣɨ
[2025-05-09 10:37:08] [DB_QUERY] ݿȡ ssrf ͹򣬹 2 
[2025-05-09 10:37:08] [DB_QUERY] ɸѡ payload 󣬹 1 
[2025-05-09 10:37:08] [DB_QUERY] ݿȡ ssrf ͹򣬹 2 
[2025-05-09 10:37:08] [DB_QUERY] ɸѡ payload 󣬹 1 
[2025-05-09 10:37:08] [LOAD_RULES] Ѽ 2 SSRFغ
[2025-05-09 10:37:08] [PAYLOAD] [1] http://uh1nhi.dnslog.cn
[2025-05-09 10:37:08] [PAYLOAD] [2] http://localhost:3306/
[2025-05-09 10:37:08] [LOAD_RULES] Ѽ 2 SSRFغ
[2025-05-09 10:37:08] [DB_QUERY] ݿȡ ssrf ͹򣬹 2 
[2025-05-09 10:37:08] [PAYLOAD] [1] http://uh1nhi.dnslog.cn
[2025-05-09 10:37:08] [DB_QUERY] ɸѡ match_pattern 󣬹 1 
[2025-05-09 10:37:08] [PAYLOAD] [2] http://localhost:3306/
[2025-05-09 10:37:08] [DB_QUERY] ݿȡ ssrf ͹򣬹 2 
[2025-05-09 10:37:08] [DB_QUERY] ɸѡ match_pattern 󣬹 1 
[2025-05-09 10:37:08] [LOAD_RULES] Ѽ 0 SSRFƥģʽ
[2025-05-09 10:37:08] [WARNING] ûдݿصκSSRFƥģʽ
[2025-05-09 10:37:08] [SCAN] ʧܣɨ
[2025-05-09 10:37:08] [LOAD_RULES] Ѽ 0 SSRFƥģʽ
[2025-05-09 10:37:08] [WARNING] ûдݿصκSSRFƥģʽ
[2025-05-09 10:37:08] [SCAN] ʧܣɨ
[2025-05-09 10:37:08] [DB_QUERY] ݿȡ ssrf ͹򣬹 2 
[2025-05-09 10:37:08] [DB_QUERY] ɸѡ payload 󣬹 1 
[2025-05-09 10:37:08] [LOAD_RULES] Ѽ 2 SSRFغ
[2025-05-09 10:37:08] [PAYLOAD] [1] http://uh1nhi.dnslog.cn
[2025-05-09 10:37:08] [PAYLOAD] [2] http://localhost:3306/
[2025-05-09 10:37:08] [DB_QUERY] ݿȡ ssrf ͹򣬹 2 
[2025-05-09 10:37:08] [DB_QUERY] ɸѡ match_pattern 󣬹 1 
[2025-05-09 10:37:08] [LOAD_RULES] Ѽ 0 SSRFƥģʽ
[2025-05-09 10:37:08] [WARNING] ûдݿصκSSRFƥģʽ
[2025-05-09 10:37:08] [SCAN] ʧܣɨ
[2025-05-09 10:37:09] [DB_QUERY] ݿȡ ssrf ͹򣬹 2 
[2025-05-09 10:37:09] [DB_QUERY] ɸѡ payload 󣬹 1 
[2025-05-09 10:37:09] [LOAD_RULES] Ѽ 2 SSRFغ
[2025-05-09 10:37:09] [PAYLOAD] [1] http://uh1nhi.dnslog.cn
[2025-05-09 10:37:09] [PAYLOAD] [2] http://localhost:3306/
[2025-05-09 10:37:09] [DB_QUERY] ݿȡ ssrf ͹򣬹 2 
[2025-05-09 10:37:09] [DB_QUERY] ɸѡ match_pattern 󣬹 1 
[2025-05-09 10:37:09] [LOAD_RULES] Ѽ 0 SSRFƥģʽ
[2025-05-09 10:37:09] [WARNING] ûдݿصκSSRFƥģʽ
[2025-05-09 10:37:09] [SCAN] ʧܣɨ
[2025-05-09 10:37:12] [DB_QUERY] ݿȡ ssrf ͹򣬹 2 
[2025-05-09 10:37:12] [DB_QUERY] ɸѡ payload 󣬹 1 
[2025-05-09 10:37:12] [LOAD_RULES] Ѽ 2 SSRFغ
[2025-05-09 10:37:12] [PAYLOAD] [1] http://uh1nhi.dnslog.cn
[2025-05-09 10:37:12] [PAYLOAD] [2] http://localhost:3306/
[2025-05-09 10:37:12] [DB_QUERY] ݿȡ ssrf ͹򣬹 2 
[2025-05-09 10:37:12] [DB_QUERY] ɸѡ match_pattern 󣬹 1 
[2025-05-09 10:37:12] [DB_QUERY] ݿȡ ssrf ͹򣬹 2 
[2025-05-09 10:37:12] [DB_QUERY] ɸѡ payload 󣬹 1 
[2025-05-09 10:37:12] [WARNING] ûдݿصκSSRFƥģʽ
[2025-05-09 10:37:12] [SCAN] ʧܣɨ
[2025-05-09 10:37:12] [LOAD_RULES] Ѽ 2 SSRFغ
[2025-05-09 10:37:12] [PAYLOAD] [1] http://uh1nhi.dnslog.cn
[2025-05-09 10:37:12] [PAYLOAD] [2] http://localhost:3306/
[2025-05-09 10:37:12] [DB_QUERY] ݿȡ ssrf ͹򣬹 2 
[2025-05-09 10:37:12] [DB_QUERY] ɸѡ match_pattern 󣬹 1 
[2025-05-09 10:37:12] [LOAD_RULES] Ѽ 0 SSRFƥģʽ
[2025-05-09 10:37:12] [WARNING] ûдݿصκSSRFƥģʽ
[2025-05-09 10:37:12] [SCAN] ʧܣɨ
[2025-05-09 10:37:13] [DB_QUERY] ݿȡ ssrf ͹򣬹 2 
[2025-05-09 10:37:13] [DB_QUERY] ɸѡ payload 󣬹 1 
[2025-05-09 10:37:13] [LOAD_RULES] Ѽ 2 SSRFغ
[2025-05-09 10:37:13] [PAYLOAD] [1] http://uh1nhi.dnslog.cn
[2025-05-09 10:37:13] [PAYLOAD] [2] http://localhost:3306/
[2025-05-09 10:37:13] [DB_QUERY] ݿȡ ssrf ͹򣬹 2 
[2025-05-09 10:37:13] [DB_QUERY] ɸѡ match_pattern 󣬹 1 
[2025-05-09 10:37:13] [LOAD_RULES] Ѽ 0 SSRFƥģʽ
[2025-05-09 10:37:13] [WARNING] ûдݿصκSSRFƥģʽ
[2025-05-09 10:37:13] [SCAN] ʧܣɨ
[2025-05-09 10:37:13] [DB_QUERY] ݿȡ ssrf ͹򣬹 2 
[2025-05-09 10:37:13] [DB_QUERY] ɸѡ payload 󣬹 1 
[2025-05-09 10:37:13] [LOAD_RULES] Ѽ 2 SSRFغ
[2025-05-09 10:37:13] [PAYLOAD] [1] http://uh1nhi.dnslog.cn
[2025-05-09 10:37:13] [PAYLOAD] [2] http://localhost:3306/
[2025-05-09 10:37:14] [DB_QUERY] ݿȡ ssrf ͹򣬹 2 
[2025-05-09 10:37:14] [DB_QUERY] ɸѡ match_pattern 󣬹 1 
[2025-05-09 10:37:14] [LOAD_RULES] Ѽ 0 SSRFƥģʽ
[2025-05-09 10:37:14] [WARNING] ûдݿصκSSRFƥģʽ
[2025-05-09 10:37:14] [SCAN] ʧܣɨ
[2025-05-09 10:37:14] [DB_QUERY] ݿȡ ssrf ͹򣬹 2 
[2025-05-09 10:37:14] [DB_QUERY] ɸѡ payload 󣬹 1 
[2025-05-09 10:37:14] [LOAD_RULES] Ѽ 2 SSRFغ
[2025-05-09 10:37:14] [PAYLOAD] [1] http://uh1nhi.dnslog.cn
[2025-05-09 10:37:14] [PAYLOAD] [2] http://localhost:3306/
[2025-05-09 10:37:14] [DB_QUERY] ݿȡ ssrf ͹򣬹 2 
[2025-05-09 10:37:14] [DB_QUERY] ɸѡ match_pattern 󣬹 1 
[2025-05-09 10:37:14] [LOAD_RULES] Ѽ 0 SSRFƥģʽ
[2025-05-09 10:37:14] [DB_QUERY] ݿȡ ssrf ͹򣬹 2 
[2025-05-09 10:37:14] [WARNING] ûдݿصκSSRFƥģʽ
[2025-05-09 10:37:14] [DB_QUERY] ɸѡ payload 󣬹 1 
[2025-05-09 10:37:14] [SCAN] ʧܣɨ
[2025-05-09 10:37:14] [LOAD_RULES] Ѽ 2 SSRFغ
[2025-05-09 10:37:14] [PAYLOAD] [1] http://uh1nhi.dnslog.cn
[2025-05-09 10:37:14] [PAYLOAD] [2] http://localhost:3306/
[2025-05-09 10:37:14] [DB_QUERY] ݿȡ ssrf ͹򣬹 2 
[2025-05-09 10:37:14] [DB_QUERY] ɸѡ match_pattern 󣬹 1 
[2025-05-09 10:37:14] [LOAD_RULES] Ѽ 0 SSRFƥģʽ
[2025-05-09 10:37:14] [WARNING] ûдݿصκSSRFƥģʽ
[2025-05-09 10:37:14] [SCAN] ʧܣɨ
[2025-05-09 10:37:23] [DB_QUERY] ݿȡ ssrf ͹򣬹 2 
[2025-05-09 10:37:23] [DB_QUERY] ɸѡ payload 󣬹 1 
[2025-05-09 10:37:23] [LOAD_RULES] Ѽ 2 SSRFغ
[2025-05-09 10:37:23] [PAYLOAD] [1] http://uh1nhi.dnslog.cn
[2025-05-09 10:37:23] [PAYLOAD] [2] http://localhost:3306/
[2025-05-09 10:37:23] [DB_QUERY] ݿȡ ssrf ͹򣬹 2 
[2025-05-09 10:37:23] [DB_QUERY] ɸѡ match_pattern 󣬹 1 
[2025-05-09 10:37:23] [LOAD_RULES] Ѽ 0 SSRFƥģʽ
[2025-05-09 10:37:23] [WARNING] ûдݿصκSSRFƥģʽ
[2025-05-09 10:37:23] [SCAN] ʧܣɨ
[2025-05-09 10:37:23] [DB_QUERY] ݿȡ ssrf ͹򣬹 2 
[2025-05-09 10:37:23] [DB_QUERY] ɸѡ payload 󣬹 1 
[2025-05-09 10:37:23] [LOAD_RULES] Ѽ 2 SSRFغ
[2025-05-09 10:37:23] [PAYLOAD] [1] http://uh1nhi.dnslog.cn
[2025-05-09 10:37:23] [PAYLOAD] [2] http://localhost:3306/
[2025-05-09 10:37:23] [DB_QUERY] ݿȡ ssrf ͹򣬹 2 
[2025-05-09 10:37:23] [DB_QUERY] ɸѡ match_pattern 󣬹 1 
[2025-05-09 10:37:23] [LOAD_RULES] Ѽ 0 SSRFƥģʽ
[2025-05-09 10:37:23] [WARNING] ûдݿصκSSRFƥģʽ
[2025-05-09 10:37:23] [SCAN] ʧܣɨ
[2025-05-09 10:37:24] [DB_QUERY] ݿȡ ssrf ͹򣬹 2 
[2025-05-09 10:37:24] [DB_QUERY] ɸѡ payload 󣬹 1 
[2025-05-09 10:37:24] [LOAD_RULES] Ѽ 2 SSRFغ
[2025-05-09 10:37:24] [PAYLOAD] [1] http://uh1nhi.dnslog.cn
[2025-05-09 10:37:24] [PAYLOAD] [2] http://localhost:3306/
[2025-05-09 10:37:24] [DB_QUERY] ݿȡ ssrf ͹򣬹 2 
[2025-05-09 10:37:24] [DB_QUERY] ɸѡ match_pattern 󣬹 1 
[2025-05-09 10:37:24] [LOAD_RULES] Ѽ 0 SSRFƥģʽ
[2025-05-09 10:37:24] [WARNING] ûдݿصκSSRFƥģʽ
[2025-05-09 10:37:24] [SCAN] ʧܣɨ
[2025-05-09 10:37:29] [DB_QUERY] ݿȡ ssrf ͹򣬹 2 
[2025-05-09 10:37:29] [DB_QUERY] ɸѡ payload 󣬹 1 
[2025-05-09 10:37:29] [LOAD_RULES] Ѽ 2 SSRFغ
[2025-05-09 10:37:29] [PAYLOAD] [1] http://uh1nhi.dnslog.cn
[2025-05-09 10:37:29] [PAYLOAD] [2] http://localhost:3306/
[2025-05-09 10:37:29] [DB_QUERY] ݿȡ ssrf ͹򣬹 2 
[2025-05-09 10:37:29] [DB_QUERY] ɸѡ match_pattern 󣬹 1 
[2025-05-09 10:37:29] [LOAD_RULES] Ѽ 0 SSRFƥģʽ
[2025-05-09 10:37:29] [WARNING] ûдݿصκSSRFƥģʽ
[2025-05-09 10:37:29] [SCAN] ʧܣɨ
[2025-05-09 10:37:30] [DB_QUERY] ݿȡ ssrf ͹򣬹 2 
[2025-05-09 10:37:30] [DB_QUERY] ɸѡ payload 󣬹 1 
[2025-05-09 10:37:30] [LOAD_RULES] Ѽ 2 SSRFغ
[2025-05-09 10:37:30] [PAYLOAD] [1] http://uh1nhi.dnslog.cn
[2025-05-09 10:37:30] [PAYLOAD] [2] http://localhost:3306/
[2025-05-09 10:37:30] [DB_QUERY] ݿȡ ssrf ͹򣬹 2 
[2025-05-09 10:37:30] [DB_QUERY] ɸѡ match_pattern 󣬹 1 
[2025-05-09 10:37:30] [LOAD_RULES] Ѽ 0 SSRFƥģʽ
[2025-05-09 10:37:30] [WARNING] ûдݿصκSSRFƥģʽ
[2025-05-09 10:37:30] [SCAN] ʧܣɨ
[2025-05-09 10:37:30] [DB_QUERY] ݿȡ ssrf ͹򣬹 2 
[2025-05-09 10:37:30] [DB_QUERY] ɸѡ payload 󣬹 1 
[2025-05-09 10:37:30] [LOAD_RULES] Ѽ 2 SSRFغ
[2025-05-09 10:37:30] [PAYLOAD] [1] http://uh1nhi.dnslog.cn
[2025-05-09 10:37:30] [PAYLOAD] [2] http://localhost:3306/
[2025-05-09 10:37:30] [DB_QUERY] ݿȡ ssrf ͹򣬹 2 
[2025-05-09 10:37:30] [DB_QUERY] ɸѡ match_pattern 󣬹 1 
[2025-05-09 10:37:30] [LOAD_RULES] Ѽ 0 SSRFƥģʽ
[2025-05-09 10:37:30] [WARNING] ûдݿصκSSRFƥģʽ
[2025-05-09 10:37:30] [SCAN] ʧܣɨ
[2025-05-09 10:37:30] [DB_QUERY] ݿȡ ssrf ͹򣬹 2 
[2025-05-09 10:37:30] [DB_QUERY] ɸѡ payload 󣬹 1 
[2025-05-09 10:37:30] [LOAD_RULES] Ѽ 2 SSRFغ
[2025-05-09 10:37:30] [PAYLOAD] [1] http://uh1nhi.dnslog.cn
[2025-05-09 10:37:30] [PAYLOAD] [2] http://localhost:3306/
[2025-05-09 10:37:30] [DB_QUERY] ݿȡ ssrf ͹򣬹 2 
[2025-05-09 10:37:30] [DB_QUERY] ɸѡ match_pattern 󣬹 1 
[2025-05-09 10:37:30] [LOAD_RULES] Ѽ 0 SSRFƥģʽ
[2025-05-09 10:37:30] [WARNING] ûдݿصκSSRFƥģʽ
[2025-05-09 10:37:30] [SCAN] ʧܣɨ
[2025-05-09 10:37:31] [DB_QUERY] ݿȡ ssrf ͹򣬹 2 
[2025-05-09 10:37:31] [DB_QUERY] ɸѡ payload 󣬹 1 
[2025-05-09 10:37:31] [LOAD_RULES] Ѽ 2 SSRFغ
[2025-05-09 10:37:31] [PAYLOAD] [1] http://uh1nhi.dnslog.cn
[2025-05-09 10:37:31] [PAYLOAD] [2] http://localhost:3306/
[2025-05-09 10:37:31] [DB_QUERY] ݿȡ ssrf ͹򣬹 2 
[2025-05-09 10:37:31] [DB_QUERY] ɸѡ match_pattern 󣬹 1 
[2025-05-09 10:37:31] [LOAD_RULES] Ѽ 0 SSRFƥģʽ
[2025-05-09 10:37:31] [WARNING] ûдݿصκSSRFƥģʽ
[2025-05-09 10:37:31] [SCAN] ʧܣɨ
[2025-05-09 10:37:32] [DB_QUERY] ݿȡ ssrf ͹򣬹 2 
[2025-05-09 10:37:32] [DB_QUERY] ɸѡ payload 󣬹 1 
[2025-05-09 10:37:32] [LOAD_RULES] Ѽ 2 SSRFغ
[2025-05-09 10:37:32] [PAYLOAD] [1] http://uh1nhi.dnslog.cn
[2025-05-09 10:37:32] [PAYLOAD] [2] http://localhost:3306/
[2025-05-09 10:37:32] [DB_QUERY] ݿȡ ssrf ͹򣬹 2 
[2025-05-09 10:37:32] [DB_QUERY] ɸѡ match_pattern 󣬹 1 
[2025-05-09 10:37:32] [LOAD_RULES] Ѽ 0 SSRFƥģʽ
[2025-05-09 10:37:32] [WARNING] ûдݿصκSSRFƥģʽ
[2025-05-09 10:37:32] [SCAN] ʧܣɨ
[2025-05-09 10:37:32] [DB_QUERY] ݿȡ ssrf ͹򣬹 2 
[2025-05-09 10:37:32] [DB_QUERY] ɸѡ payload 󣬹 1 
[2025-05-09 10:37:32] [LOAD_RULES] Ѽ 2 SSRFغ
[2025-05-09 10:37:32] [PAYLOAD] [1] http://uh1nhi.dnslog.cn
[2025-05-09 10:37:32] [PAYLOAD] [2] http://localhost:3306/
[2025-05-09 10:37:32] [DB_QUERY] ݿȡ ssrf ͹򣬹 2 
[2025-05-09 10:37:32] [DB_QUERY] ɸѡ match_pattern 󣬹 1 
[2025-05-09 10:37:32] [DB_QUERY] ݿȡ ssrf ͹򣬹 2 
[2025-05-09 10:37:32] [DB_QUERY] ɸѡ payload 󣬹 1 
[2025-05-09 10:37:32] [LOAD_RULES] Ѽ 0 SSRFƥģʽ
[2025-05-09 10:37:32] [WARNING] ûдݿصκSSRFƥģʽ
[2025-05-09 10:37:32] [SCAN] ʧܣɨ
[2025-05-09 10:37:32] [DB_QUERY] ݿȡ ssrf ͹򣬹 2 
[2025-05-09 10:37:32] [DB_QUERY] ɸѡ payload 󣬹 1 
[2025-05-09 10:37:32] [LOAD_RULES] Ѽ 2 SSRFغ
[2025-05-09 10:37:32] [PAYLOAD] [1] http://uh1nhi.dnslog.cn
[2025-05-09 10:37:32] [PAYLOAD] [2] http://localhost:3306/
[2025-05-09 10:37:32] [DB_QUERY] ݿȡ ssrf ͹򣬹 2 
[2025-05-09 10:37:32] [DB_QUERY] ɸѡ match_pattern 󣬹 1 
[2025-05-09 10:37:32] [LOAD_RULES] Ѽ 2 SSRFغ
[2025-05-09 10:37:32] [PAYLOAD] [1] http://uh1nhi.dnslog.cn
[2025-05-09 10:37:32] [PAYLOAD] [2] http://localhost:3306/
[2025-05-09 10:37:32] [DB_QUERY] ݿȡ ssrf ͹򣬹 2 
[2025-05-09 10:37:32] [DB_QUERY] ɸѡ match_pattern 󣬹 1 
[2025-05-09 10:37:32] [LOAD_RULES] Ѽ 0 SSRFƥģʽ
[2025-05-09 10:37:32] [WARNING] ûдݿصκSSRFƥģʽ
[2025-05-09 10:37:32] [SCAN] ʧܣɨ
[2025-05-09 10:37:32] [LOAD_RULES] Ѽ 0 SSRFƥģʽ
[2025-05-09 10:37:32] [WARNING] ûдݿصκSSRFƥģʽ
[2025-05-09 10:37:32] [SCAN] ʧܣɨ
[2025-05-09 10:37:33] [DB_QUERY] ݿȡ ssrf ͹򣬹 2 
[2025-05-09 10:37:33] [DB_QUERY] ɸѡ payload 󣬹 1 
[2025-05-09 10:37:33] [DB_QUERY] ݿȡ ssrf ͹򣬹 2 
[2025-05-09 10:37:33] [DB_QUERY] ɸѡ payload 󣬹 1 
[2025-05-09 10:37:33] [DB_QUERY] ݿȡ ssrf ͹򣬹 2 
[2025-05-09 10:37:33] [DB_QUERY] ɸѡ payload 󣬹 1 
[2025-05-09 10:37:33] [LOAD_RULES] Ѽ 2 SSRFغ
[2025-05-09 10:37:33] [PAYLOAD] [1] http://uh1nhi.dnslog.cn
[2025-05-09 10:37:33] [PAYLOAD] [2] http://localhost:3306/
[2025-05-09 10:37:33] [DB_QUERY] ݿȡ ssrf ͹򣬹 2 
[2025-05-09 10:37:33] [LOAD_RULES] Ѽ 2 SSRFغ
[2025-05-09 10:37:33] [DB_QUERY] ɸѡ match_pattern 󣬹 1 
[2025-05-09 10:37:33] [PAYLOAD] [1] http://uh1nhi.dnslog.cn
[2025-05-09 10:37:33] [PAYLOAD] [2] http://localhost:3306/
[2025-05-09 10:37:33] [LOAD_RULES] Ѽ 2 SSRFغ
[2025-05-09 10:37:33] [PAYLOAD] [1] http://uh1nhi.dnslog.cn
[2025-05-09 10:37:33] [DB_QUERY] ݿȡ ssrf ͹򣬹 2 
[2025-05-09 10:37:33] [PAYLOAD] [2] http://localhost:3306/
[2025-05-09 10:37:33] [DB_QUERY] ɸѡ match_pattern 󣬹 1 
[2025-05-09 10:37:33] [DB_QUERY] ݿȡ ssrf ͹򣬹 2 
[2025-05-09 10:37:33] [DB_QUERY] ɸѡ match_pattern 󣬹 1 
[2025-05-09 10:37:33] [LOAD_RULES] Ѽ 0 SSRFƥģʽ
[2025-05-09 10:37:33] [WARNING] ûдݿصκSSRFƥģʽ
[2025-05-09 10:37:33] [SCAN] ʧܣɨ
[2025-05-09 10:37:33] [LOAD_RULES] Ѽ 0 SSRFƥģʽ
[2025-05-09 10:37:33] [WARNING] ûдݿصκSSRFƥģʽ
[2025-05-09 10:37:33] [SCAN] ʧܣɨ
[2025-05-09 10:37:33] [LOAD_RULES] Ѽ 0 SSRFƥģʽ
[2025-05-09 10:37:33] [WARNING] ûдݿصκSSRFƥģʽ
[2025-05-09 10:37:33] [SCAN] ʧܣɨ
[2025-05-09 10:37:33] [DB_QUERY] ݿȡ ssrf ͹򣬹 2 
[2025-05-09 10:37:33] [DB_QUERY] ɸѡ payload 󣬹 1 
[2025-05-09 10:37:33] [LOAD_RULES] Ѽ 2 SSRFغ
[2025-05-09 10:37:33] [PAYLOAD] [1] http://uh1nhi.dnslog.cn
[2025-05-09 10:37:33] [PAYLOAD] [2] http://localhost:3306/
[2025-05-09 10:37:33] [DB_QUERY] ݿȡ ssrf ͹򣬹 2 
[2025-05-09 10:37:33] [DB_QUERY] ɸѡ match_pattern 󣬹 1 
[2025-05-09 10:37:33] [LOAD_RULES] Ѽ 0 SSRFƥģʽ
[2025-05-09 10:37:33] [WARNING] ûдݿصκSSRFƥģʽ
[2025-05-09 10:37:33] [SCAN] ʧܣɨ
[2025-05-09 10:37:35] [DB_QUERY] ݿȡ ssrf ͹򣬹 2 
[2025-05-09 10:37:35] [DB_QUERY] ɸѡ payload 󣬹 1 
[2025-05-09 10:37:35] [LOAD_RULES] Ѽ 2 SSRFغ
[2025-05-09 10:37:35] [PAYLOAD] [1] http://uh1nhi.dnslog.cn
[2025-05-09 10:37:35] [PAYLOAD] [2] http://localhost:3306/
[2025-05-09 10:37:35] [DB_QUERY] ݿȡ ssrf ͹򣬹 2 
[2025-05-09 10:37:35] [DB_QUERY] ɸѡ match_pattern 󣬹 1 
[2025-05-09 10:37:35] [LOAD_RULES] Ѽ 0 SSRFƥģʽ
[2025-05-09 10:37:35] [WARNING] ûдݿصκSSRFƥģʽ
[2025-05-09 10:37:35] [SCAN] ʧܣɨ
[2025-05-09 10:37:35] [DB_QUERY] ݿȡ ssrf ͹򣬹 2 
[2025-05-09 10:37:35] [DB_QUERY] ɸѡ payload 󣬹 1 
[2025-05-09 10:37:35] [LOAD_RULES] Ѽ 2 SSRFغ
[2025-05-09 10:37:35] [PAYLOAD] [1] http://uh1nhi.dnslog.cn
[2025-05-09 10:37:35] [PAYLOAD] [2] http://localhost:3306/
[2025-05-09 10:37:35] [DB_QUERY] ݿȡ ssrf ͹򣬹 2 
[2025-05-09 10:37:35] [DB_QUERY] ɸѡ match_pattern 󣬹 1 
[2025-05-09 10:37:35] [LOAD_RULES] Ѽ 0 SSRFƥģʽ
[2025-05-09 10:37:35] [WARNING] ûдݿصκSSRFƥģʽ
[2025-05-09 10:37:35] [SCAN] ʧܣɨ
[2025-05-09 10:41:02] [DB_QUERY] ݿȡ ssrf ͹򣬹 2 
[2025-05-09 10:41:02] [DB_QUERY] ɸѡ payload 󣬹 1 
[2025-05-09 10:41:02] [LOAD_RULES] Ѽ 2 SSRFغ
[2025-05-09 10:41:02] [PAYLOAD] [1] http://uh1nhi.dnslog.cn
[2025-05-09 10:41:02] [PAYLOAD] [2] http://localhost:3306/
[2025-05-09 10:41:02] [DB_QUERY] ݿȡ ssrf ͹򣬹 2 
[2025-05-09 10:41:02] [DB_QUERY] ɸѡ match_pattern 󣬹 1 
[2025-05-09 10:41:02] [LOAD_RULES] Ѽ 0 SSRFƥģʽ
[2025-05-09 10:41:02] [WARNING] ûдݿصκSSRFƥģʽ
[2025-05-09 10:41:02] [SCAN] ʧܣɨ
[2025-05-09 10:41:18] [DB_QUERY] ݿȡ ssrf ͹򣬹 2 
[2025-05-09 10:41:18] [DB_QUERY] ɸѡ payload 󣬹 1 
[2025-05-09 10:41:18] [LOAD_RULES] Ѽ 2 SSRFغ
[2025-05-09 10:41:18] [PAYLOAD] [1] http://uh1nhi.dnslog.cn
[2025-05-09 10:41:18] [PAYLOAD] [2] http://localhost:3306/
[2025-05-09 10:41:18] [DB_QUERY] ݿȡ ssrf ͹򣬹 2 
[2025-05-09 10:41:18] [DB_QUERY] ɸѡ match_pattern 󣬹 1 
[2025-05-09 10:41:18] [LOAD_RULES] Ѽ 0 SSRFƥģʽ
[2025-05-09 10:41:18] [WARNING] ûдݿصκSSRFƥģʽ
[2025-05-09 10:41:18] [SCAN] ʧܣɨ
