=== SSRF扫描器调试日志 - 开始于 2025-05-08 22:33:59 ===

格式说明：
[时间] [操作类型] 详细信息

[2025-05-08 22:33:59] [DB_QUERY] 从数据库获取 ssrf 类型规则，共 2 条
[2025-05-08 22:33:59] [DB_QUERY] 筛选子类型 payload 后，共 1 条规则
[2025-05-08 22:33:59] [LOAD_RULES] 已加载 2 条SSRF测试载荷
[2025-05-08 22:33:59] [PAYLOAD] [1] http://uh1nhi.dnslog.cn
[2025-05-08 22:33:59] [PAYLOAD] [2] http://localhost:3306/
[2025-05-08 22:33:59] [DB_QUERY] 从数据库获取 ssrf 类型规则，共 2 条
[2025-05-08 22:33:59] [DB_QUERY] 筛选子类型 match_pattern 后，共 1 条规则
[2025-05-08 22:33:59] [LOAD_RULES] 已加载 0 条SSRF匹配模式
[2025-05-08 22:33:59] [WARNING] 没有从数据库加载到任何SSRF匹配模式
[2025-05-08 22:41:09] [DB_QUERY] 从数据库获取 ssrf 类型规则，共 2 条
[2025-05-08 22:41:09] [DB_QUERY] 筛选子类型 payload 后，共 1 条规则
[2025-05-08 22:41:09] [LOAD_RULES] 已加载 2 条SSRF测试载荷
[2025-05-08 22:41:09] [PAYLOAD] [1] http://uh1nhi.dnslog.cn
[2025-05-08 22:41:09] [PAYLOAD] [2] http://localhost:3306/
[2025-05-08 22:41:09] [DB_QUERY] 从数据库获取 ssrf 类型规则，共 2 条
[2025-05-08 22:41:09] [DB_QUERY] 筛选子类型 match_pattern 后，共 1 条规则
[2025-05-08 22:41:09] [LOAD_RULES] 已加载 0 条SSRF匹配模式
[2025-05-08 22:41:09] [WARNING] 没有从数据库加载到任何SSRF匹配模式
[2025-05-08 22:41:09] [SCAN] 规则加载失败，跳过扫描
[2025-05-08 22:41:10] [DB_QUERY] 从数据库获取 ssrf 类型规则，共 2 条
[2025-05-08 22:41:10] [DB_QUERY] 筛选子类型 payload 后，共 1 条规则
[2025-05-08 22:41:10] [LOAD_RULES] 已加载 2 条SSRF测试载荷
[2025-05-08 22:41:10] [PAYLOAD] [1] http://uh1nhi.dnslog.cn
[2025-05-08 22:41:10] [PAYLOAD] [2] http://localhost:3306/
[2025-05-08 22:41:10] [DB_QUERY] 从数据库获取 ssrf 类型规则，共 2 条
[2025-05-08 22:41:10] [DB_QUERY] 筛选子类型 match_pattern 后，共 1 条规则
[2025-05-08 22:41:10] [LOAD_RULES] 已加载 0 条SSRF匹配模式
[2025-05-08 22:41:10] [WARNING] 没有从数据库加载到任何SSRF匹配模式
[2025-05-08 22:41:10] [SCAN] 规则加载失败，跳过扫描
[2025-05-08 22:41:10] [DB_QUERY] 从数据库获取 ssrf 类型规则，共 2 条
[2025-05-08 22:41:10] [DB_QUERY] 筛选子类型 payload 后，共 1 条规则
[2025-05-08 22:41:10] [LOAD_RULES] 已加载 2 条SSRF测试载荷
[2025-05-08 22:41:10] [PAYLOAD] [1] http://uh1nhi.dnslog.cn
[2025-05-08 22:41:10] [PAYLOAD] [2] http://localhost:3306/
[2025-05-08 22:41:10] [DB_QUERY] 从数据库获取 ssrf 类型规则，共 2 条
[2025-05-08 22:41:10] [DB_QUERY] 筛选子类型 match_pattern 后，共 1 条规则
[2025-05-08 22:41:10] [LOAD_RULES] 已加载 0 条SSRF匹配模式
[2025-05-08 22:41:10] [WARNING] 没有从数据库加载到任何SSRF匹配模式
[2025-05-08 22:41:10] [SCAN] 规则加载失败，跳过扫描
[2025-05-08 22:41:11] [DB_QUERY] 从数据库获取 ssrf 类型规则，共 2 条
[2025-05-08 22:41:11] [DB_QUERY] 筛选子类型 payload 后，共 1 条规则
[2025-05-08 22:41:11] [LOAD_RULES] 已加载 2 条SSRF测试载荷
[2025-05-08 22:41:11] [PAYLOAD] [1] http://uh1nhi.dnslog.cn
[2025-05-08 22:41:11] [PAYLOAD] [2] http://localhost:3306/
[2025-05-08 22:41:11] [DB_QUERY] 从数据库获取 ssrf 类型规则，共 2 条
[2025-05-08 22:41:11] [DB_QUERY] 筛选子类型 match_pattern 后，共 1 条规则
[2025-05-08 22:41:11] [LOAD_RULES] 已加载 0 条SSRF匹配模式
[2025-05-08 22:41:11] [WARNING] 没有从数据库加载到任何SSRF匹配模式
[2025-05-08 22:41:11] [SCAN] 规则加载失败，跳过扫描
[2025-05-08 22:41:11] [DB_QUERY] 从数据库获取 ssrf 类型规则，共 2 条
[2025-05-08 22:41:11] [DB_QUERY] 筛选子类型 payload 后，共 1 条规则
[2025-05-08 22:41:11] [LOAD_RULES] 已加载 2 条SSRF测试载荷
[2025-05-08 22:41:11] [PAYLOAD] [1] http://uh1nhi.dnslog.cn
[2025-05-08 22:41:11] [PAYLOAD] [2] http://localhost:3306/
[2025-05-08 22:41:11] [DB_QUERY] 从数据库获取 ssrf 类型规则，共 2 条
[2025-05-08 22:41:11] [DB_QUERY] 筛选子类型 match_pattern 后，共 1 条规则
[2025-05-08 22:41:11] [LOAD_RULES] 已加载 0 条SSRF匹配模式
[2025-05-08 22:41:11] [WARNING] 没有从数据库加载到任何SSRF匹配模式
[2025-05-08 22:41:11] [SCAN] 规则加载失败，跳过扫描
[2025-05-08 22:41:12] [DB_QUERY] 从数据库获取 ssrf 类型规则，共 2 条
[2025-05-08 22:41:12] [DB_QUERY] 筛选子类型 payload 后，共 1 条规则
[2025-05-08 22:41:12] [LOAD_RULES] 已加载 2 条SSRF测试载荷
[2025-05-08 22:41:12] [PAYLOAD] [1] http://uh1nhi.dnslog.cn
[2025-05-08 22:41:12] [PAYLOAD] [2] http://localhost:3306/
[2025-05-08 22:41:12] [DB_QUERY] 从数据库获取 ssrf 类型规则，共 2 条
[2025-05-08 22:41:12] [DB_QUERY] 筛选子类型 match_pattern 后，共 1 条规则
[2025-05-08 22:41:12] [LOAD_RULES] 已加载 0 条SSRF匹配模式
[2025-05-08 22:41:12] [WARNING] 没有从数据库加载到任何SSRF匹配模式
[2025-05-08 22:41:12] [SCAN] 规则加载失败，跳过扫描
[2025-05-08 22:41:12] [DB_QUERY] 从数据库获取 ssrf 类型规则，共 2 条
[2025-05-08 22:41:12] [DB_QUERY] 筛选子类型 payload 后，共 1 条规则
[2025-05-08 22:41:12] [LOAD_RULES] 已加载 2 条SSRF测试载荷
[2025-05-08 22:41:12] [PAYLOAD] [1] http://uh1nhi.dnslog.cn
[2025-05-08 22:41:12] [PAYLOAD] [2] http://localhost:3306/
[2025-05-08 22:41:12] [DB_QUERY] 从数据库获取 ssrf 类型规则，共 2 条
[2025-05-08 22:41:12] [DB_QUERY] 筛选子类型 match_pattern 后，共 1 条规则
[2025-05-08 22:41:12] [LOAD_RULES] 已加载 0 条SSRF匹配模式
[2025-05-08 22:41:12] [WARNING] 没有从数据库加载到任何SSRF匹配模式
[2025-05-08 22:41:12] [SCAN] 规则加载失败，跳过扫描
[2025-05-08 22:41:19] [DB_QUERY] 从数据库获取 ssrf 类型规则，共 2 条
[2025-05-08 22:41:19] [DB_QUERY] 筛选子类型 payload 后，共 1 条规则
[2025-05-08 22:41:19] [LOAD_RULES] 已加载 2 条SSRF测试载荷
[2025-05-08 22:41:19] [PAYLOAD] [1] http://uh1nhi.dnslog.cn
[2025-05-08 22:41:19] [PAYLOAD] [2] http://localhost:3306/
[2025-05-08 22:41:19] [DB_QUERY] 从数据库获取 ssrf 类型规则，共 2 条
[2025-05-08 22:41:19] [DB_QUERY] 筛选子类型 match_pattern 后，共 1 条规则
[2025-05-08 22:41:19] [LOAD_RULES] 已加载 0 条SSRF匹配模式
[2025-05-08 22:41:19] [WARNING] 没有从数据库加载到任何SSRF匹配模式
[2025-05-08 22:41:19] [SCAN] 规则加载失败，跳过扫描
[2025-05-08 22:41:19] [DB_QUERY] 从数据库获取 ssrf 类型规则，共 2 条
[2025-05-08 22:41:19] [DB_QUERY] 筛选子类型 payload 后，共 1 条规则
[2025-05-08 22:41:19] [LOAD_RULES] 已加载 2 条SSRF测试载荷
[2025-05-08 22:41:19] [PAYLOAD] [1] http://uh1nhi.dnslog.cn
[2025-05-08 22:41:19] [PAYLOAD] [2] http://localhost:3306/
[2025-05-08 22:41:19] [DB_QUERY] 从数据库获取 ssrf 类型规则，共 2 条
[2025-05-08 22:41:19] [DB_QUERY] 筛选子类型 match_pattern 后，共 1 条规则
[2025-05-08 22:41:19] [LOAD_RULES] 已加载 0 条SSRF匹配模式
[2025-05-08 22:41:19] [WARNING] 没有从数据库加载到任何SSRF匹配模式
[2025-05-08 22:41:19] [SCAN] 规则加载失败，跳过扫描
[2025-05-08 22:41:20] [DB_QUERY] 从数据库获取 ssrf 类型规则，共 2 条
[2025-05-08 22:41:20] [DB_QUERY] 筛选子类型 payload 后，共 1 条规则
[2025-05-08 22:41:20] [LOAD_RULES] 已加载 2 条SSRF测试载荷
[2025-05-08 22:41:20] [PAYLOAD] [1] http://uh1nhi.dnslog.cn
[2025-05-08 22:41:20] [PAYLOAD] [2] http://localhost:3306/
[2025-05-08 22:41:20] [DB_QUERY] 从数据库获取 ssrf 类型规则，共 2 条
[2025-05-08 22:41:20] [DB_QUERY] 筛选子类型 match_pattern 后，共 1 条规则
[2025-05-08 22:41:20] [LOAD_RULES] 已加载 0 条SSRF匹配模式
[2025-05-08 22:41:20] [WARNING] 没有从数据库加载到任何SSRF匹配模式
[2025-05-08 22:41:20] [SCAN] 规则加载失败，跳过扫描
[2025-05-08 22:41:20] [DB_QUERY] 从数据库获取 ssrf 类型规则，共 2 条
[2025-05-08 22:41:20] [DB_QUERY] 筛选子类型 payload 后，共 1 条规则
[2025-05-08 22:41:20] [LOAD_RULES] 已加载 2 条SSRF测试载荷
[2025-05-08 22:41:20] [PAYLOAD] [1] http://uh1nhi.dnslog.cn
[2025-05-08 22:41:20] [PAYLOAD] [2] http://localhost:3306/
[2025-05-08 22:41:20] [DB_QUERY] 从数据库获取 ssrf 类型规则，共 2 条
[2025-05-08 22:41:20] [DB_QUERY] 筛选子类型 match_pattern 后，共 1 条规则
[2025-05-08 22:41:20] [LOAD_RULES] 已加载 0 条SSRF匹配模式
[2025-05-08 22:41:20] [WARNING] 没有从数据库加载到任何SSRF匹配模式
[2025-05-08 22:41:20] [SCAN] 规则加载失败，跳过扫描
[2025-05-08 22:41:20] [DB_QUERY] 从数据库获取 ssrf 类型规则，共 2 条
[2025-05-08 22:41:20] [DB_QUERY] 筛选子类型 payload 后，共 1 条规则
[2025-05-08 22:41:20] [LOAD_RULES] 已加载 2 条SSRF测试载荷
[2025-05-08 22:41:20] [PAYLOAD] [1] http://uh1nhi.dnslog.cn
[2025-05-08 22:41:20] [PAYLOAD] [2] http://localhost:3306/
[2025-05-08 22:41:20] [DB_QUERY] 从数据库获取 ssrf 类型规则，共 2 条
[2025-05-08 22:41:20] [DB_QUERY] 筛选子类型 match_pattern 后，共 1 条规则
[2025-05-08 22:41:20] [LOAD_RULES] 已加载 0 条SSRF匹配模式
[2025-05-08 22:41:20] [WARNING] 没有从数据库加载到任何SSRF匹配模式
[2025-05-08 22:41:20] [SCAN] 规则加载失败，跳过扫描
[2025-05-08 22:41:21] [DB_QUERY] 从数据库获取 ssrf 类型规则，共 2 条
[2025-05-08 22:41:21] [DB_QUERY] 筛选子类型 payload 后，共 1 条规则
[2025-05-08 22:41:21] [LOAD_RULES] 已加载 2 条SSRF测试载荷
[2025-05-08 22:41:21] [PAYLOAD] [1] http://uh1nhi.dnslog.cn
[2025-05-08 22:41:21] [PAYLOAD] [2] http://localhost:3306/
[2025-05-08 22:41:21] [DB_QUERY] 从数据库获取 ssrf 类型规则，共 2 条
[2025-05-08 22:41:21] [DB_QUERY] 筛选子类型 match_pattern 后，共 1 条规则
[2025-05-08 22:41:21] [DB_QUERY] 从数据库获取 ssrf 类型规则，共 2 条
[2025-05-08 22:41:21] [DB_QUERY] 筛选子类型 payload 后，共 1 条规则
[2025-05-08 22:41:21] [LOAD_RULES] 已加载 0 条SSRF匹配模式
[2025-05-08 22:41:21] [WARNING] 没有从数据库加载到任何SSRF匹配模式
[2025-05-08 22:41:21] [SCAN] 规则加载失败，跳过扫描
[2025-05-08 22:41:21] [LOAD_RULES] 已加载 2 条SSRF测试载荷
[2025-05-08 22:41:21] [PAYLOAD] [1] http://uh1nhi.dnslog.cn
[2025-05-08 22:41:21] [PAYLOAD] [2] http://localhost:3306/
[2025-05-08 22:41:21] [DB_QUERY] 从数据库获取 ssrf 类型规则，共 2 条
[2025-05-08 22:41:21] [DB_QUERY] 筛选子类型 match_pattern 后，共 1 条规则
[2025-05-08 22:41:21] [DB_QUERY] 从数据库获取 ssrf 类型规则，共 2 条
[2025-05-08 22:41:21] [LOAD_RULES] 已加载 0 条SSRF匹配模式
[2025-05-08 22:41:21] [DB_QUERY] 筛选子类型 payload 后，共 1 条规则
[2025-05-08 22:41:21] [WARNING] 没有从数据库加载到任何SSRF匹配模式
[2025-05-08 22:41:21] [SCAN] 规则加载失败，跳过扫描
[2025-05-08 22:41:21] [LOAD_RULES] 已加载 2 条SSRF测试载荷
[2025-05-08 22:41:21] [PAYLOAD] [1] http://uh1nhi.dnslog.cn
[2025-05-08 22:41:21] [PAYLOAD] [2] http://localhost:3306/
[2025-05-08 22:41:21] [DB_QUERY] 从数据库获取 ssrf 类型规则，共 2 条
[2025-05-08 22:41:21] [DB_QUERY] 筛选子类型 match_pattern 后，共 1 条规则
[2025-05-08 22:41:21] [LOAD_RULES] 已加载 0 条SSRF匹配模式
[2025-05-08 22:41:21] [WARNING] 没有从数据库加载到任何SSRF匹配模式
[2025-05-08 22:41:21] [SCAN] 规则加载失败，跳过扫描
[2025-05-08 22:41:21] [DB_QUERY] 从数据库获取 ssrf 类型规则，共 2 条
[2025-05-08 22:41:21] [DB_QUERY] 筛选子类型 payload 后，共 1 条规则
[2025-05-08 22:41:21] [LOAD_RULES] 已加载 2 条SSRF测试载荷
[2025-05-08 22:41:21] [PAYLOAD] [1] http://uh1nhi.dnslog.cn
[2025-05-08 22:41:21] [PAYLOAD] [2] http://localhost:3306/
[2025-05-08 22:41:21] [DB_QUERY] 从数据库获取 ssrf 类型规则，共 2 条
[2025-05-08 22:41:21] [DB_QUERY] 筛选子类型 match_pattern 后，共 1 条规则
[2025-05-08 22:41:21] [LOAD_RULES] 已加载 0 条SSRF匹配模式
[2025-05-08 22:41:21] [WARNING] 没有从数据库加载到任何SSRF匹配模式
[2025-05-08 22:41:21] [SCAN] 规则加载失败，跳过扫描
[2025-05-08 22:41:21] [DB_QUERY] 从数据库获取 ssrf 类型规则，共 2 条
[2025-05-08 22:41:21] [DB_QUERY] 筛选子类型 payload 后，共 1 条规则
[2025-05-08 22:41:21] [LOAD_RULES] 已加载 2 条SSRF测试载荷
[2025-05-08 22:41:21] [PAYLOAD] [1] http://uh1nhi.dnslog.cn
[2025-05-08 22:41:21] [PAYLOAD] [2] http://localhost:3306/
[2025-05-08 22:41:21] [DB_QUERY] 从数据库获取 ssrf 类型规则，共 2 条
[2025-05-08 22:41:21] [DB_QUERY] 筛选子类型 match_pattern 后，共 1 条规则
[2025-05-08 22:41:21] [LOAD_RULES] 已加载 0 条SSRF匹配模式
[2025-05-08 22:41:21] [WARNING] 没有从数据库加载到任何SSRF匹配模式
[2025-05-08 22:41:21] [SCAN] 规则加载失败，跳过扫描
[2025-05-08 22:41:22] [DB_QUERY] 从数据库获取 ssrf 类型规则，共 2 条
[2025-05-08 22:41:22] [DB_QUERY] 筛选子类型 payload 后，共 1 条规则
[2025-05-08 22:41:22] [LOAD_RULES] 已加载 2 条SSRF测试载荷
[2025-05-08 22:41:22] [PAYLOAD] [1] http://uh1nhi.dnslog.cn
[2025-05-08 22:41:22] [PAYLOAD] [2] http://localhost:3306/
[2025-05-08 22:41:22] [DB_QUERY] 从数据库获取 ssrf 类型规则，共 2 条
[2025-05-08 22:41:22] [DB_QUERY] 筛选子类型 match_pattern 后，共 1 条规则
[2025-05-08 22:41:22] [LOAD_RULES] 已加载 0 条SSRF匹配模式
[2025-05-08 22:41:22] [WARNING] 没有从数据库加载到任何SSRF匹配模式
[2025-05-08 22:41:22] [SCAN] 规则加载失败，跳过扫描
[2025-05-08 22:41:22] [DB_QUERY] 从数据库获取 ssrf 类型规则，共 2 条
[2025-05-08 22:41:22] [DB_QUERY] 筛选子类型 payload 后，共 1 条规则
[2025-05-08 22:41:22] [LOAD_RULES] 已加载 2 条SSRF测试载荷
[2025-05-08 22:41:22] [PAYLOAD] [1] http://uh1nhi.dnslog.cn
[2025-05-08 22:41:22] [PAYLOAD] [2] http://localhost:3306/
[2025-05-08 22:41:22] [DB_QUERY] 从数据库获取 ssrf 类型规则，共 2 条
[2025-05-08 22:41:22] [DB_QUERY] 筛选子类型 match_pattern 后，共 1 条规则
[2025-05-08 22:41:22] [LOAD_RULES] 已加载 0 条SSRF匹配模式
[2025-05-08 22:41:22] [WARNING] 没有从数据库加载到任何SSRF匹配模式
[2025-05-08 22:41:22] [SCAN] 规则加载失败，跳过扫描
[2025-05-08 22:41:39] [DB_QUERY] 从数据库获取 ssrf 类型规则，共 2 条
[2025-05-08 22:41:39] [DB_QUERY] 筛选子类型 payload 后，共 1 条规则
[2025-05-08 22:41:39] [LOAD_RULES] 已加载 2 条SSRF测试载荷
[2025-05-08 22:41:39] [PAYLOAD] [1] http://uh1nhi.dnslog.cn
[2025-05-08 22:41:39] [PAYLOAD] [2] http://localhost:3306/
[2025-05-08 22:41:39] [DB_QUERY] 从数据库获取 ssrf 类型规则，共 2 条
[2025-05-08 22:41:39] [DB_QUERY] 筛选子类型 match_pattern 后，共 1 条规则
[2025-05-08 22:41:39] [LOAD_RULES] 已加载 0 条SSRF匹配模式
[2025-05-08 22:41:39] [WARNING] 没有从数据库加载到任何SSRF匹配模式
[2025-05-08 22:41:39] [SCAN] 规则加载失败，跳过扫描
[2025-05-08 22:41:39] [DB_QUERY] 从数据库获取 ssrf 类型规则，共 2 条
[2025-05-08 22:41:39] [DB_QUERY] 筛选子类型 payload 后，共 1 条规则
[2025-05-08 22:41:39] [LOAD_RULES] 已加载 2 条SSRF测试载荷
[2025-05-08 22:41:39] [PAYLOAD] [1] http://uh1nhi.dnslog.cn
[2025-05-08 22:41:39] [PAYLOAD] [2] http://localhost:3306/
[2025-05-08 22:41:39] [DB_QUERY] 从数据库获取 ssrf 类型规则，共 2 条
[2025-05-08 22:41:39] [DB_QUERY] 筛选子类型 match_pattern 后，共 1 条规则
[2025-05-08 22:41:39] [LOAD_RULES] 已加载 0 条SSRF匹配模式
[2025-05-08 22:41:39] [WARNING] 没有从数据库加载到任何SSRF匹配模式
[2025-05-08 22:41:39] [SCAN] 规则加载失败，跳过扫描
[2025-05-08 22:41:40] [DB_QUERY] 从数据库获取 ssrf 类型规则，共 2 条
[2025-05-08 22:41:40] [DB_QUERY] 筛选子类型 payload 后，共 1 条规则
[2025-05-08 22:41:40] [LOAD_RULES] 已加载 2 条SSRF测试载荷
[2025-05-08 22:41:40] [PAYLOAD] [1] http://uh1nhi.dnslog.cn
[2025-05-08 22:41:40] [PAYLOAD] [2] http://localhost:3306/
[2025-05-08 22:41:40] [DB_QUERY] 从数据库获取 ssrf 类型规则，共 2 条
[2025-05-08 22:41:40] [DB_QUERY] 筛选子类型 match_pattern 后，共 1 条规则
[2025-05-08 22:41:40] [LOAD_RULES] 已加载 0 条SSRF匹配模式
[2025-05-08 22:41:40] [WARNING] 没有从数据库加载到任何SSRF匹配模式
[2025-05-08 22:41:40] [SCAN] 规则加载失败，跳过扫描
[2025-05-08 22:41:40] [DB_QUERY] 从数据库获取 ssrf 类型规则，共 2 条
[2025-05-08 22:41:40] [DB_QUERY] 筛选子类型 payload 后，共 1 条规则
[2025-05-08 22:41:40] [LOAD_RULES] 已加载 2 条SSRF测试载荷
[2025-05-08 22:41:40] [PAYLOAD] [1] http://uh1nhi.dnslog.cn
[2025-05-08 22:41:40] [PAYLOAD] [2] http://localhost:3306/
[2025-05-08 22:41:40] [DB_QUERY] 从数据库获取 ssrf 类型规则，共 2 条
[2025-05-08 22:41:40] [DB_QUERY] 筛选子类型 match_pattern 后，共 1 条规则
[2025-05-08 22:41:40] [LOAD_RULES] 已加载 0 条SSRF匹配模式
[2025-05-08 22:41:40] [WARNING] 没有从数据库加载到任何SSRF匹配模式
[2025-05-08 22:41:40] [SCAN] 规则加载失败，跳过扫描
[2025-05-08 22:41:40] [DB_QUERY] 从数据库获取 ssrf 类型规则，共 2 条
[2025-05-08 22:41:40] [DB_QUERY] 筛选子类型 payload 后，共 1 条规则
[2025-05-08 22:41:40] [LOAD_RULES] 已加载 2 条SSRF测试载荷
[2025-05-08 22:41:40] [PAYLOAD] [1] http://uh1nhi.dnslog.cn
[2025-05-08 22:41:40] [PAYLOAD] [2] http://localhost:3306/
[2025-05-08 22:41:40] [DB_QUERY] 从数据库获取 ssrf 类型规则，共 2 条
[2025-05-08 22:41:40] [DB_QUERY] 筛选子类型 match_pattern 后，共 1 条规则
[2025-05-08 22:41:40] [LOAD_RULES] 已加载 0 条SSRF匹配模式
[2025-05-08 22:41:40] [WARNING] 没有从数据库加载到任何SSRF匹配模式
[2025-05-08 22:41:40] [SCAN] 规则加载失败，跳过扫描
[2025-05-08 22:41:40] [DB_QUERY] 从数据库获取 ssrf 类型规则，共 2 条
[2025-05-08 22:41:40] [DB_QUERY] 筛选子类型 payload 后，共 1 条规则
[2025-05-08 22:41:40] [LOAD_RULES] 已加载 2 条SSRF测试载荷
[2025-05-08 22:41:40] [PAYLOAD] [1] http://uh1nhi.dnslog.cn
[2025-05-08 22:41:40] [PAYLOAD] [2] http://localhost:3306/
[2025-05-08 22:41:41] [DB_QUERY] 从数据库获取 ssrf 类型规则，共 2 条
[2025-05-08 22:41:41] [DB_QUERY] 筛选子类型 match_pattern 后，共 1 条规则
[2025-05-08 22:41:41] [LOAD_RULES] 已加载 0 条SSRF匹配模式
[2025-05-08 22:41:41] [WARNING] 没有从数据库加载到任何SSRF匹配模式
[2025-05-08 22:41:41] [SCAN] 规则加载失败，跳过扫描
[2025-05-08 22:41:41] [DB_QUERY] 从数据库获取 ssrf 类型规则，共 2 条
[2025-05-08 22:41:41] [DB_QUERY] 筛选子类型 payload 后，共 1 条规则
[2025-05-08 22:41:41] [LOAD_RULES] 已加载 2 条SSRF测试载荷
[2025-05-08 22:41:41] [PAYLOAD] [1] http://uh1nhi.dnslog.cn
[2025-05-08 22:41:41] [PAYLOAD] [2] http://localhost:3306/
[2025-05-08 22:41:41] [DB_QUERY] 从数据库获取 ssrf 类型规则，共 2 条
[2025-05-08 22:41:41] [DB_QUERY] 筛选子类型 payload 后，共 1 条规则
[2025-05-08 22:41:41] [LOAD_RULES] 已加载 2 条SSRF测试载荷
[2025-05-08 22:41:41] [PAYLOAD] [1] http://uh1nhi.dnslog.cn
[2025-05-08 22:41:41] [PAYLOAD] [2] http://localhost:3306/
[2025-05-08 22:41:41] [DB_QUERY] 从数据库获取 ssrf 类型规则，共 2 条
[2025-05-08 22:41:41] [DB_QUERY] 筛选子类型 match_pattern 后，共 1 条规则
[2025-05-08 22:41:41] [LOAD_RULES] 已加载 0 条SSRF匹配模式
[2025-05-08 22:41:41] [WARNING] 没有从数据库加载到任何SSRF匹配模式
[2025-05-08 22:41:41] [SCAN] 规则加载失败，跳过扫描
[2025-05-08 22:41:41] [DB_QUERY] 从数据库获取 ssrf 类型规则，共 2 条
[2025-05-08 22:41:41] [DB_QUERY] 筛选子类型 match_pattern 后，共 1 条规则
[2025-05-08 22:41:41] [LOAD_RULES] 已加载 0 条SSRF匹配模式
[2025-05-08 22:41:41] [WARNING] 没有从数据库加载到任何SSRF匹配模式
[2025-05-08 22:41:41] [SCAN] 规则加载失败，跳过扫描
[2025-05-08 22:41:41] [DB_QUERY] 从数据库获取 ssrf 类型规则，共 2 条
[2025-05-08 22:41:41] [DB_QUERY] 筛选子类型 payload 后，共 1 条规则
[2025-05-08 22:41:41] [LOAD_RULES] 已加载 2 条SSRF测试载荷
[2025-05-08 22:41:41] [PAYLOAD] [1] http://uh1nhi.dnslog.cn
[2025-05-08 22:41:41] [PAYLOAD] [2] http://localhost:3306/
[2025-05-08 22:41:41] [DB_QUERY] 从数据库获取 ssrf 类型规则，共 2 条
[2025-05-08 22:41:41] [DB_QUERY] 筛选子类型 match_pattern 后，共 1 条规则
[2025-05-08 22:41:41] [LOAD_RULES] 已加载 0 条SSRF匹配模式
[2025-05-08 22:41:41] [WARNING] 没有从数据库加载到任何SSRF匹配模式
[2025-05-08 22:41:41] [SCAN] 规则加载失败，跳过扫描
[2025-05-08 22:41:41] [DB_QUERY] 从数据库获取 ssrf 类型规则，共 2 条
[2025-05-08 22:41:41] [DB_QUERY] 筛选子类型 payload 后，共 1 条规则
[2025-05-08 22:41:41] [LOAD_RULES] 已加载 2 条SSRF测试载荷
[2025-05-08 22:41:41] [PAYLOAD] [1] http://uh1nhi.dnslog.cn
[2025-05-08 22:41:41] [PAYLOAD] [2] http://localhost:3306/
[2025-05-08 22:41:41] [DB_QUERY] 从数据库获取 ssrf 类型规则，共 2 条
[2025-05-08 22:41:41] [DB_QUERY] 筛选子类型 match_pattern 后，共 1 条规则
[2025-05-08 22:41:41] [LOAD_RULES] 已加载 0 条SSRF匹配模式
[2025-05-08 22:41:41] [WARNING] 没有从数据库加载到任何SSRF匹配模式
[2025-05-08 22:41:41] [SCAN] 规则加载失败，跳过扫描
[2025-05-08 22:41:41] [DB_QUERY] 从数据库获取 ssrf 类型规则，共 2 条
[2025-05-08 22:41:41] [DB_QUERY] 筛选子类型 payload 后，共 1 条规则
[2025-05-08 22:41:41] [LOAD_RULES] 已加载 2 条SSRF测试载荷
[2025-05-08 22:41:41] [PAYLOAD] [1] http://uh1nhi.dnslog.cn
[2025-05-08 22:41:41] [PAYLOAD] [2] http://localhost:3306/
[2025-05-08 22:41:41] [DB_QUERY] 从数据库获取 ssrf 类型规则，共 2 条
[2025-05-08 22:41:41] [DB_QUERY] 筛选子类型 match_pattern 后，共 1 条规则
[2025-05-08 22:41:41] [LOAD_RULES] 已加载 0 条SSRF匹配模式
[2025-05-08 22:41:41] [WARNING] 没有从数据库加载到任何SSRF匹配模式
[2025-05-08 22:41:41] [SCAN] 规则加载失败，跳过扫描
