=== SSRF扫描器调试日志 - 开始于 2025-05-09 10:36:42 ===

格式说明：
[时间] [操作类型] 详细信息

[2025-05-09 10:36:42] [DB_QUERY] 从数据库获取 ssrf 类型规则，共 2 条
[2025-05-09 10:36:42] [DB_QUERY] 筛选子类型 payload 后，共 1 条规则
[2025-05-09 10:36:42] [LOAD_RULES] 已加载 2 条SSRF测试载荷
[2025-05-09 10:36:42] [PAYLOAD] [1] http://uh1nhi.dnslog.cn
[2025-05-09 10:36:42] [PAYLOAD] [2] http://localhost:3306/
[2025-05-09 10:36:42] [DB_QUERY] 从数据库获取 ssrf 类型规则，共 2 条
[2025-05-09 10:36:42] [DB_QUERY] 筛选子类型 match_pattern 后，共 1 条规则
[2025-05-09 10:36:42] [LOAD_RULES] 已加载 0 条SSRF匹配模式
[2025-05-09 10:36:42] [WARNING] 没有从数据库加载到任何SSRF匹配模式
[2025-05-09 10:36:43] [DB_QUERY] 从数据库获取 ssrf 类型规则，共 2 条
[2025-05-09 10:36:43] [DB_QUERY] 筛选子类型 payload 后，共 1 条规则
[2025-05-09 10:36:43] [LOAD_RULES] 已加载 2 条SSRF测试载荷
[2025-05-09 10:36:43] [DB_QUERY] 从数据库获取 ssrf 类型规则，共 2 条
[2025-05-09 10:36:43] [PAYLOAD] [1] http://uh1nhi.dnslog.cn
[2025-05-09 10:36:43] [PAYLOAD] [2] http://localhost:3306/
[2025-05-09 10:36:43] [DB_QUERY] 筛选子类型 payload 后，共 1 条规则
[2025-05-09 10:36:43] [LOAD_RULES] 已加载 2 条SSRF测试载荷
[2025-05-09 10:36:43] [PAYLOAD] [1] http://uh1nhi.dnslog.cn
[2025-05-09 10:36:43] [PAYLOAD] [2] http://localhost:3306/
[2025-05-09 10:36:43] [DB_QUERY] 从数据库获取 ssrf 类型规则，共 2 条
[2025-05-09 10:36:43] [DB_QUERY] 筛选子类型 match_pattern 后，共 1 条规则
[2025-05-09 10:36:43] [DB_QUERY] 从数据库获取 ssrf 类型规则，共 2 条
[2025-05-09 10:36:43] [DB_QUERY] 筛选子类型 match_pattern 后，共 1 条规则
[2025-05-09 10:36:43] [LOAD_RULES] 已加载 0 条SSRF匹配模式
[2025-05-09 10:36:43] [WARNING] 没有从数据库加载到任何SSRF匹配模式
[2025-05-09 10:36:43] [SCAN] 规则加载失败，跳过扫描
[2025-05-09 10:36:43] [LOAD_RULES] 已加载 0 条SSRF匹配模式
[2025-05-09 10:36:43] [WARNING] 没有从数据库加载到任何SSRF匹配模式
[2025-05-09 10:36:43] [SCAN] 规则加载失败，跳过扫描
[2025-05-09 10:36:43] [DB_QUERY] 从数据库获取 ssrf 类型规则，共 2 条
[2025-05-09 10:36:43] [DB_QUERY] 筛选子类型 payload 后，共 1 条规则
[2025-05-09 10:36:43] [LOAD_RULES] 已加载 2 条SSRF测试载荷
[2025-05-09 10:36:43] [PAYLOAD] [1] http://uh1nhi.dnslog.cn
[2025-05-09 10:36:43] [PAYLOAD] [2] http://localhost:3306/
[2025-05-09 10:36:43] [DB_QUERY] 从数据库获取 ssrf 类型规则，共 2 条
[2025-05-09 10:36:43] [DB_QUERY] 筛选子类型 match_pattern 后，共 1 条规则
[2025-05-09 10:36:43] [LOAD_RULES] 已加载 0 条SSRF匹配模式
[2025-05-09 10:36:43] [WARNING] 没有从数据库加载到任何SSRF匹配模式
[2025-05-09 10:36:43] [SCAN] 规则加载失败，跳过扫描
[2025-05-09 10:36:44] [DB_QUERY] 从数据库获取 ssrf 类型规则，共 2 条
[2025-05-09 10:36:44] [DB_QUERY] 筛选子类型 payload 后，共 1 条规则
[2025-05-09 10:36:44] [LOAD_RULES] 已加载 2 条SSRF测试载荷
[2025-05-09 10:36:44] [PAYLOAD] [1] http://uh1nhi.dnslog.cn
[2025-05-09 10:36:44] [PAYLOAD] [2] http://localhost:3306/
[2025-05-09 10:36:44] [DB_QUERY] 从数据库获取 ssrf 类型规则，共 2 条
[2025-05-09 10:36:44] [DB_QUERY] 筛选子类型 match_pattern 后，共 1 条规则
[2025-05-09 10:36:44] [LOAD_RULES] 已加载 0 条SSRF匹配模式
[2025-05-09 10:36:44] [WARNING] 没有从数据库加载到任何SSRF匹配模式
[2025-05-09 10:36:44] [SCAN] 规则加载失败，跳过扫描
[2025-05-09 10:36:44] [DB_QUERY] 从数据库获取 ssrf 类型规则，共 2 条
[2025-05-09 10:36:44] [DB_QUERY] 筛选子类型 payload 后，共 1 条规则
[2025-05-09 10:36:44] [LOAD_RULES] 已加载 2 条SSRF测试载荷
[2025-05-09 10:36:44] [PAYLOAD] [1] http://uh1nhi.dnslog.cn
[2025-05-09 10:36:44] [PAYLOAD] [2] http://localhost:3306/
[2025-05-09 10:36:44] [DB_QUERY] 从数据库获取 ssrf 类型规则，共 2 条
[2025-05-09 10:36:44] [DB_QUERY] 筛选子类型 match_pattern 后，共 1 条规则
[2025-05-09 10:36:44] [LOAD_RULES] 已加载 0 条SSRF匹配模式
[2025-05-09 10:36:44] [WARNING] 没有从数据库加载到任何SSRF匹配模式
[2025-05-09 10:36:44] [SCAN] 规则加载失败，跳过扫描
[2025-05-09 10:36:44] [DB_QUERY] 从数据库获取 ssrf 类型规则，共 2 条
[2025-05-09 10:36:44] [DB_QUERY] 筛选子类型 payload 后，共 1 条规则
[2025-05-09 10:36:45] [LOAD_RULES] 已加载 2 条SSRF测试载荷
[2025-05-09 10:36:45] [PAYLOAD] [1] http://uh1nhi.dnslog.cn
[2025-05-09 10:36:45] [PAYLOAD] [2] http://localhost:3306/
[2025-05-09 10:36:45] [DB_QUERY] 从数据库获取 ssrf 类型规则，共 2 条
[2025-05-09 10:36:45] [DB_QUERY] 筛选子类型 match_pattern 后，共 1 条规则
[2025-05-09 10:36:45] [LOAD_RULES] 已加载 0 条SSRF匹配模式
[2025-05-09 10:36:45] [WARNING] 没有从数据库加载到任何SSRF匹配模式
[2025-05-09 10:36:45] [SCAN] 规则加载失败，跳过扫描
[2025-05-09 10:36:45] [DB_QUERY] 从数据库获取 ssrf 类型规则，共 2 条
[2025-05-09 10:36:45] [DB_QUERY] 筛选子类型 payload 后，共 1 条规则
[2025-05-09 10:36:45] [LOAD_RULES] 已加载 2 条SSRF测试载荷
[2025-05-09 10:36:45] [PAYLOAD] [1] http://uh1nhi.dnslog.cn
[2025-05-09 10:36:45] [PAYLOAD] [2] http://localhost:3306/
[2025-05-09 10:36:45] [DB_QUERY] 从数据库获取 ssrf 类型规则，共 2 条
[2025-05-09 10:36:45] [DB_QUERY] 筛选子类型 match_pattern 后，共 1 条规则
[2025-05-09 10:36:45] [LOAD_RULES] 已加载 0 条SSRF匹配模式
[2025-05-09 10:36:45] [WARNING] 没有从数据库加载到任何SSRF匹配模式
[2025-05-09 10:36:45] [SCAN] 规则加载失败，跳过扫描
[2025-05-09 10:36:45] [DB_QUERY] 从数据库获取 ssrf 类型规则，共 2 条
[2025-05-09 10:36:45] [DB_QUERY] 筛选子类型 payload 后，共 1 条规则
[2025-05-09 10:36:45] [LOAD_RULES] 已加载 2 条SSRF测试载荷
[2025-05-09 10:36:45] [PAYLOAD] [1] http://uh1nhi.dnslog.cn
[2025-05-09 10:36:45] [PAYLOAD] [2] http://localhost:3306/
[2025-05-09 10:36:45] [DB_QUERY] 从数据库获取 ssrf 类型规则，共 2 条
[2025-05-09 10:36:45] [DB_QUERY] 筛选子类型 match_pattern 后，共 1 条规则
[2025-05-09 10:36:45] [LOAD_RULES] 已加载 0 条SSRF匹配模式
[2025-05-09 10:36:45] [WARNING] 没有从数据库加载到任何SSRF匹配模式
[2025-05-09 10:36:45] [SCAN] 规则加载失败，跳过扫描
[2025-05-09 10:36:45] [DB_QUERY] 从数据库获取 ssrf 类型规则，共 2 条
[2025-05-09 10:36:45] [DB_QUERY] 筛选子类型 payload 后，共 1 条规则
[2025-05-09 10:36:46] [LOAD_RULES] 已加载 2 条SSRF测试载荷
[2025-05-09 10:36:46] [PAYLOAD] [1] http://uh1nhi.dnslog.cn
[2025-05-09 10:36:46] [PAYLOAD] [2] http://localhost:3306/
[2025-05-09 10:36:46] [DB_QUERY] 从数据库获取 ssrf 类型规则，共 2 条
[2025-05-09 10:36:46] [DB_QUERY] 筛选子类型 match_pattern 后，共 1 条规则
[2025-05-09 10:36:46] [LOAD_RULES] 已加载 0 条SSRF匹配模式
[2025-05-09 10:36:46] [WARNING] 没有从数据库加载到任何SSRF匹配模式
[2025-05-09 10:36:46] [SCAN] 规则加载失败，跳过扫描
[2025-05-09 10:36:46] [DB_QUERY] 从数据库获取 ssrf 类型规则，共 2 条
[2025-05-09 10:36:46] [DB_QUERY] 筛选子类型 payload 后，共 1 条规则
[2025-05-09 10:36:46] [LOAD_RULES] 已加载 2 条SSRF测试载荷
[2025-05-09 10:36:46] [PAYLOAD] [1] http://uh1nhi.dnslog.cn
[2025-05-09 10:36:46] [PAYLOAD] [2] http://localhost:3306/
[2025-05-09 10:36:46] [DB_QUERY] 从数据库获取 ssrf 类型规则，共 2 条
[2025-05-09 10:36:46] [DB_QUERY] 筛选子类型 payload 后，共 1 条规则
[2025-05-09 10:36:46] [DB_QUERY] 从数据库获取 ssrf 类型规则，共 2 条
[2025-05-09 10:36:46] [DB_QUERY] 筛选子类型 match_pattern 后，共 1 条规则
[2025-05-09 10:36:46] [LOAD_RULES] 已加载 2 条SSRF测试载荷
[2025-05-09 10:36:46] [PAYLOAD] [1] http://uh1nhi.dnslog.cn
[2025-05-09 10:36:46] [PAYLOAD] [2] http://localhost:3306/
[2025-05-09 10:36:46] [LOAD_RULES] 已加载 0 条SSRF匹配模式
[2025-05-09 10:36:46] [WARNING] 没有从数据库加载到任何SSRF匹配模式
[2025-05-09 10:36:46] [DB_QUERY] 从数据库获取 ssrf 类型规则，共 2 条
[2025-05-09 10:36:46] [SCAN] 规则加载失败，跳过扫描
[2025-05-09 10:36:46] [DB_QUERY] 筛选子类型 match_pattern 后，共 1 条规则
[2025-05-09 10:36:54] [LOAD_RULES] 已加载 0 条SSRF匹配模式
[2025-05-09 10:36:54] [WARNING] 没有从数据库加载到任何SSRF匹配模式
[2025-05-09 10:36:54] [SCAN] 规则加载失败，跳过扫描
[2025-05-09 10:36:54] [DB_QUERY] 从数据库获取 ssrf 类型规则，共 2 条
[2025-05-09 10:36:54] [DB_QUERY] 筛选子类型 payload 后，共 1 条规则
[2025-05-09 10:36:54] [LOAD_RULES] 已加载 2 条SSRF测试载荷
[2025-05-09 10:36:54] [PAYLOAD] [1] http://uh1nhi.dnslog.cn
[2025-05-09 10:36:54] [PAYLOAD] [2] http://localhost:3306/
[2025-05-09 10:36:54] [DB_QUERY] 从数据库获取 ssrf 类型规则，共 2 条
[2025-05-09 10:36:54] [DB_QUERY] 筛选子类型 match_pattern 后，共 1 条规则
[2025-05-09 10:36:54] [LOAD_RULES] 已加载 0 条SSRF匹配模式
[2025-05-09 10:36:54] [WARNING] 没有从数据库加载到任何SSRF匹配模式
[2025-05-09 10:36:54] [SCAN] 规则加载失败，跳过扫描
[2025-05-09 10:36:54] [DB_QUERY] 从数据库获取 ssrf 类型规则，共 2 条
[2025-05-09 10:36:54] [DB_QUERY] 筛选子类型 payload 后，共 1 条规则
[2025-05-09 10:36:54] [LOAD_RULES] 已加载 2 条SSRF测试载荷
[2025-05-09 10:36:54] [PAYLOAD] [1] http://uh1nhi.dnslog.cn
[2025-05-09 10:36:54] [PAYLOAD] [2] http://localhost:3306/
[2025-05-09 10:36:54] [DB_QUERY] 从数据库获取 ssrf 类型规则，共 2 条
[2025-05-09 10:36:54] [DB_QUERY] 筛选子类型 match_pattern 后，共 1 条规则
[2025-05-09 10:36:54] [LOAD_RULES] 已加载 0 条SSRF匹配模式
[2025-05-09 10:36:54] [WARNING] 没有从数据库加载到任何SSRF匹配模式
[2025-05-09 10:36:54] [SCAN] 规则加载失败，跳过扫描
[2025-05-09 10:36:54] [DB_QUERY] 从数据库获取 ssrf 类型规则，共 2 条
[2025-05-09 10:36:54] [DB_QUERY] 筛选子类型 payload 后，共 1 条规则
[2025-05-09 10:36:54] [LOAD_RULES] 已加载 2 条SSRF测试载荷
[2025-05-09 10:36:54] [PAYLOAD] [1] http://uh1nhi.dnslog.cn
[2025-05-09 10:36:54] [PAYLOAD] [2] http://localhost:3306/
[2025-05-09 10:36:54] [DB_QUERY] 从数据库获取 ssrf 类型规则，共 2 条
[2025-05-09 10:36:54] [DB_QUERY] 筛选子类型 match_pattern 后，共 1 条规则
[2025-05-09 10:36:54] [LOAD_RULES] 已加载 0 条SSRF匹配模式
[2025-05-09 10:36:54] [WARNING] 没有从数据库加载到任何SSRF匹配模式
[2025-05-09 10:36:54] [SCAN] 规则加载失败，跳过扫描
[2025-05-09 10:36:54] [DB_QUERY] 从数据库获取 ssrf 类型规则，共 2 条
[2025-05-09 10:36:54] [DB_QUERY] 筛选子类型 payload 后，共 1 条规则
[2025-05-09 10:36:54] [LOAD_RULES] 已加载 2 条SSRF测试载荷
[2025-05-09 10:36:54] [PAYLOAD] [1] http://uh1nhi.dnslog.cn
[2025-05-09 10:36:54] [PAYLOAD] [2] http://localhost:3306/
[2025-05-09 10:36:54] [DB_QUERY] 从数据库获取 ssrf 类型规则，共 2 条
[2025-05-09 10:36:54] [DB_QUERY] 筛选子类型 match_pattern 后，共 1 条规则
[2025-05-09 10:36:54] [LOAD_RULES] 已加载 0 条SSRF匹配模式
[2025-05-09 10:36:54] [WARNING] 没有从数据库加载到任何SSRF匹配模式
[2025-05-09 10:36:54] [SCAN] 规则加载失败，跳过扫描
[2025-05-09 10:36:55] [DB_QUERY] 从数据库获取 ssrf 类型规则，共 2 条
[2025-05-09 10:36:55] [DB_QUERY] 筛选子类型 payload 后，共 1 条规则
[2025-05-09 10:36:55] [LOAD_RULES] 已加载 2 条SSRF测试载荷
[2025-05-09 10:36:55] [PAYLOAD] [1] http://uh1nhi.dnslog.cn
[2025-05-09 10:36:55] [PAYLOAD] [2] http://localhost:3306/
[2025-05-09 10:36:55] [DB_QUERY] 从数据库获取 ssrf 类型规则，共 2 条
[2025-05-09 10:36:55] [DB_QUERY] 筛选子类型 match_pattern 后，共 1 条规则
[2025-05-09 10:36:55] [LOAD_RULES] 已加载 0 条SSRF匹配模式
[2025-05-09 10:36:55] [WARNING] 没有从数据库加载到任何SSRF匹配模式
[2025-05-09 10:36:55] [SCAN] 规则加载失败，跳过扫描
[2025-05-09 10:36:55] [DB_QUERY] 从数据库获取 ssrf 类型规则，共 2 条
[2025-05-09 10:36:55] [DB_QUERY] 筛选子类型 payload 后，共 1 条规则
[2025-05-09 10:36:55] [LOAD_RULES] 已加载 2 条SSRF测试载荷
[2025-05-09 10:36:55] [PAYLOAD] [1] http://uh1nhi.dnslog.cn
[2025-05-09 10:36:55] [PAYLOAD] [2] http://localhost:3306/
[2025-05-09 10:36:55] [DB_QUERY] 从数据库获取 ssrf 类型规则，共 2 条
[2025-05-09 10:36:55] [DB_QUERY] 筛选子类型 match_pattern 后，共 1 条规则
[2025-05-09 10:36:55] [LOAD_RULES] 已加载 0 条SSRF匹配模式
[2025-05-09 10:36:55] [WARNING] 没有从数据库加载到任何SSRF匹配模式
[2025-05-09 10:36:55] [SCAN] 规则加载失败，跳过扫描
[2025-05-09 10:36:55] [DB_QUERY] 从数据库获取 ssrf 类型规则，共 2 条
[2025-05-09 10:36:55] [DB_QUERY] 筛选子类型 payload 后，共 1 条规则
[2025-05-09 10:36:55] [LOAD_RULES] 已加载 2 条SSRF测试载荷
[2025-05-09 10:36:55] [PAYLOAD] [1] http://uh1nhi.dnslog.cn
[2025-05-09 10:36:55] [DB_QUERY] 从数据库获取 ssrf 类型规则，共 2 条
[2025-05-09 10:36:55] [DB_QUERY] 筛选子类型 payload 后，共 1 条规则
[2025-05-09 10:36:55] [PAYLOAD] [2] http://localhost:3306/
[2025-05-09 10:36:55] [DB_QUERY] 从数据库获取 ssrf 类型规则，共 2 条
[2025-05-09 10:36:55] [DB_QUERY] 筛选子类型 match_pattern 后，共 1 条规则
[2025-05-09 10:36:55] [LOAD_RULES] 已加载 2 条SSRF测试载荷
[2025-05-09 10:36:55] [PAYLOAD] [1] http://uh1nhi.dnslog.cn
[2025-05-09 10:36:55] [PAYLOAD] [2] http://localhost:3306/
[2025-05-09 10:36:55] [DB_QUERY] 从数据库获取 ssrf 类型规则，共 2 条
[2025-05-09 10:36:55] [DB_QUERY] 筛选子类型 match_pattern 后，共 1 条规则
[2025-05-09 10:36:55] [LOAD_RULES] 已加载 0 条SSRF匹配模式
[2025-05-09 10:36:55] [WARNING] 没有从数据库加载到任何SSRF匹配模式
[2025-05-09 10:36:55] [SCAN] 规则加载失败，跳过扫描
[2025-05-09 10:36:55] [LOAD_RULES] 已加载 0 条SSRF匹配模式
[2025-05-09 10:36:55] [WARNING] 没有从数据库加载到任何SSRF匹配模式
[2025-05-09 10:36:55] [SCAN] 规则加载失败，跳过扫描
[2025-05-09 10:36:56] [DB_QUERY] 从数据库获取 ssrf 类型规则，共 2 条
[2025-05-09 10:36:56] [DB_QUERY] 筛选子类型 payload 后，共 1 条规则
[2025-05-09 10:36:56] [LOAD_RULES] 已加载 2 条SSRF测试载荷
[2025-05-09 10:36:56] [PAYLOAD] [1] http://uh1nhi.dnslog.cn
[2025-05-09 10:36:56] [PAYLOAD] [2] http://localhost:3306/
[2025-05-09 10:36:56] [DB_QUERY] 从数据库获取 ssrf 类型规则，共 2 条
[2025-05-09 10:36:56] [DB_QUERY] 筛选子类型 match_pattern 后，共 1 条规则
[2025-05-09 10:36:56] [LOAD_RULES] 已加载 0 条SSRF匹配模式
[2025-05-09 10:36:56] [WARNING] 没有从数据库加载到任何SSRF匹配模式
[2025-05-09 10:36:56] [SCAN] 规则加载失败，跳过扫描
[2025-05-09 10:36:56] [DB_QUERY] 从数据库获取 ssrf 类型规则，共 2 条
[2025-05-09 10:36:56] [DB_QUERY] 筛选子类型 payload 后，共 1 条规则
[2025-05-09 10:36:56] [LOAD_RULES] 已加载 2 条SSRF测试载荷
[2025-05-09 10:36:56] [PAYLOAD] [1] http://uh1nhi.dnslog.cn
[2025-05-09 10:36:56] [PAYLOAD] [2] http://localhost:3306/
[2025-05-09 10:36:56] [DB_QUERY] 从数据库获取 ssrf 类型规则，共 2 条
[2025-05-09 10:36:56] [DB_QUERY] 筛选子类型 match_pattern 后，共 1 条规则
[2025-05-09 10:36:56] [LOAD_RULES] 已加载 0 条SSRF匹配模式
[2025-05-09 10:36:56] [WARNING] 没有从数据库加载到任何SSRF匹配模式
[2025-05-09 10:36:56] [SCAN] 规则加载失败，跳过扫描
[2025-05-09 10:36:56] [DB_QUERY] 从数据库获取 ssrf 类型规则，共 2 条
[2025-05-09 10:36:56] [DB_QUERY] 筛选子类型 payload 后，共 1 条规则
[2025-05-09 10:36:56] [DB_QUERY] 从数据库获取 ssrf 类型规则，共 2 条
[2025-05-09 10:36:56] [DB_QUERY] 筛选子类型 payload 后，共 1 条规则
[2025-05-09 10:36:56] [LOAD_RULES] 已加载 2 条SSRF测试载荷
[2025-05-09 10:36:56] [PAYLOAD] [1] http://uh1nhi.dnslog.cn
[2025-05-09 10:36:56] [PAYLOAD] [2] http://localhost:3306/
[2025-05-09 10:36:56] [DB_QUERY] 从数据库获取 ssrf 类型规则，共 2 条
[2025-05-09 10:36:56] [PAYLOAD] [1] http://uh1nhi.dnslog.cn
[2025-05-09 10:36:56] [DB_QUERY] 筛选子类型 match_pattern 后，共 1 条规则
[2025-05-09 10:36:56] [PAYLOAD] [2] http://localhost:3306/
[2025-05-09 10:36:56] [DB_QUERY] 从数据库获取 ssrf 类型规则，共 2 条
[2025-05-09 10:36:56] [DB_QUERY] 筛选子类型 match_pattern 后，共 1 条规则
[2025-05-09 10:36:56] [LOAD_RULES] 已加载 0 条SSRF匹配模式
[2025-05-09 10:36:56] [WARNING] 没有从数据库加载到任何SSRF匹配模式
[2025-05-09 10:36:56] [SCAN] 规则加载失败，跳过扫描
[2025-05-09 10:36:56] [LOAD_RULES] 已加载 0 条SSRF匹配模式
[2025-05-09 10:36:56] [WARNING] 没有从数据库加载到任何SSRF匹配模式
[2025-05-09 10:36:56] [SCAN] 规则加载失败，跳过扫描
[2025-05-09 10:36:57] [DB_QUERY] 从数据库获取 ssrf 类型规则，共 2 条
[2025-05-09 10:36:57] [DB_QUERY] 筛选子类型 payload 后，共 1 条规则
[2025-05-09 10:36:57] [LOAD_RULES] 已加载 2 条SSRF测试载荷
[2025-05-09 10:36:57] [PAYLOAD] [1] http://uh1nhi.dnslog.cn
[2025-05-09 10:36:57] [PAYLOAD] [2] http://localhost:3306/
[2025-05-09 10:36:57] [DB_QUERY] 从数据库获取 ssrf 类型规则，共 2 条
[2025-05-09 10:36:57] [DB_QUERY] 筛选子类型 match_pattern 后，共 1 条规则
[2025-05-09 10:36:57] [LOAD_RULES] 已加载 0 条SSRF匹配模式
[2025-05-09 10:36:57] [WARNING] 没有从数据库加载到任何SSRF匹配模式
[2025-05-09 10:36:57] [SCAN] 规则加载失败，跳过扫描
[2025-05-09 10:36:58] [DB_QUERY] 从数据库获取 ssrf 类型规则，共 2 条
[2025-05-09 10:36:58] [DB_QUERY] 筛选子类型 payload 后，共 1 条规则
[2025-05-09 10:36:58] [LOAD_RULES] 已加载 2 条SSRF测试载荷
[2025-05-09 10:36:58] [PAYLOAD] [1] http://uh1nhi.dnslog.cn
[2025-05-09 10:36:58] [PAYLOAD] [2] http://localhost:3306/
[2025-05-09 10:36:58] [DB_QUERY] 从数据库获取 ssrf 类型规则，共 2 条
[2025-05-09 10:36:58] [DB_QUERY] 筛选子类型 match_pattern 后，共 1 条规则
[2025-05-09 10:36:58] [LOAD_RULES] 已加载 0 条SSRF匹配模式
[2025-05-09 10:36:58] [WARNING] 没有从数据库加载到任何SSRF匹配模式
[2025-05-09 10:36:58] [SCAN] 规则加载失败，跳过扫描
[2025-05-09 10:37:01] [DB_QUERY] 从数据库获取 ssrf 类型规则，共 2 条
[2025-05-09 10:37:01] [DB_QUERY] 筛选子类型 payload 后，共 1 条规则
[2025-05-09 10:37:01] [LOAD_RULES] 已加载 2 条SSRF测试载荷
[2025-05-09 10:37:01] [PAYLOAD] [1] http://uh1nhi.dnslog.cn
[2025-05-09 10:37:01] [PAYLOAD] [2] http://localhost:3306/
[2025-05-09 10:37:01] [DB_QUERY] 从数据库获取 ssrf 类型规则，共 2 条
[2025-05-09 10:37:01] [DB_QUERY] 筛选子类型 match_pattern 后，共 1 条规则
[2025-05-09 10:37:01] [LOAD_RULES] 已加载 0 条SSRF匹配模式
[2025-05-09 10:37:01] [WARNING] 没有从数据库加载到任何SSRF匹配模式
[2025-05-09 10:37:01] [SCAN] 规则加载失败，跳过扫描
[2025-05-09 10:37:02] [DB_QUERY] 从数据库获取 ssrf 类型规则，共 2 条
[2025-05-09 10:37:02] [DB_QUERY] 筛选子类型 payload 后，共 1 条规则
[2025-05-09 10:37:02] [LOAD_RULES] 已加载 2 条SSRF测试载荷
[2025-05-09 10:37:02] [PAYLOAD] [1] http://uh1nhi.dnslog.cn
[2025-05-09 10:37:02] [PAYLOAD] [2] http://localhost:3306/
[2025-05-09 10:37:02] [DB_QUERY] 从数据库获取 ssrf 类型规则，共 2 条
[2025-05-09 10:37:02] [DB_QUERY] 筛选子类型 match_pattern 后，共 1 条规则
[2025-05-09 10:37:02] [LOAD_RULES] 已加载 0 条SSRF匹配模式
[2025-05-09 10:37:02] [WARNING] 没有从数据库加载到任何SSRF匹配模式
[2025-05-09 10:37:02] [SCAN] 规则加载失败，跳过扫描
[2025-05-09 10:37:02] [DB_QUERY] 从数据库获取 ssrf 类型规则，共 2 条
[2025-05-09 10:37:02] [DB_QUERY] 筛选子类型 payload 后，共 1 条规则
[2025-05-09 10:37:02] [LOAD_RULES] 已加载 2 条SSRF测试载荷
[2025-05-09 10:37:02] [PAYLOAD] [1] http://uh1nhi.dnslog.cn
[2025-05-09 10:37:02] [PAYLOAD] [2] http://localhost:3306/
[2025-05-09 10:37:02] [DB_QUERY] 从数据库获取 ssrf 类型规则，共 2 条
[2025-05-09 10:37:02] [DB_QUERY] 筛选子类型 match_pattern 后，共 1 条规则
[2025-05-09 10:37:02] [LOAD_RULES] 已加载 0 条SSRF匹配模式
[2025-05-09 10:37:02] [WARNING] 没有从数据库加载到任何SSRF匹配模式
[2025-05-09 10:37:02] [SCAN] 规则加载失败，跳过扫描
[2025-05-09 10:37:03] [DB_QUERY] 从数据库获取 ssrf 类型规则，共 2 条
[2025-05-09 10:37:03] [DB_QUERY] 筛选子类型 payload 后，共 1 条规则
[2025-05-09 10:37:03] [LOAD_RULES] 已加载 2 条SSRF测试载荷
[2025-05-09 10:37:03] [PAYLOAD] [1] http://uh1nhi.dnslog.cn
[2025-05-09 10:37:03] [PAYLOAD] [2] http://localhost:3306/
[2025-05-09 10:37:03] [DB_QUERY] 从数据库获取 ssrf 类型规则，共 2 条
[2025-05-09 10:37:03] [DB_QUERY] 筛选子类型 match_pattern 后，共 1 条规则
[2025-05-09 10:37:03] [LOAD_RULES] 已加载 0 条SSRF匹配模式
[2025-05-09 10:37:03] [WARNING] 没有从数据库加载到任何SSRF匹配模式
[2025-05-09 10:37:03] [SCAN] 规则加载失败，跳过扫描
[2025-05-09 10:37:06] [DB_QUERY] 从数据库获取 ssrf 类型规则，共 2 条
[2025-05-09 10:37:06] [DB_QUERY] 筛选子类型 payload 后，共 1 条规则
[2025-05-09 10:37:06] [DB_QUERY] 从数据库获取 ssrf 类型规则，共 2 条
[2025-05-09 10:37:06] [DB_QUERY] 筛选子类型 payload 后，共 1 条规则
[2025-05-09 10:37:06] [LOAD_RULES] 已加载 2 条SSRF测试载荷
[2025-05-09 10:37:06] [PAYLOAD] [1] http://uh1nhi.dnslog.cn
[2025-05-09 10:37:06] [PAYLOAD] [2] http://localhost:3306/
[2025-05-09 10:37:06] [DB_QUERY] 从数据库获取 ssrf 类型规则，共 2 条
[2025-05-09 10:37:06] [DB_QUERY] 筛选子类型 match_pattern 后，共 1 条规则
[2025-05-09 10:37:06] [LOAD_RULES] 已加载 2 条SSRF测试载荷
[2025-05-09 10:37:06] [PAYLOAD] [1] http://uh1nhi.dnslog.cn
[2025-05-09 10:37:06] [PAYLOAD] [2] http://localhost:3306/
[2025-05-09 10:37:06] [DB_QUERY] 从数据库获取 ssrf 类型规则，共 2 条
[2025-05-09 10:37:06] [DB_QUERY] 筛选子类型 match_pattern 后，共 1 条规则
[2025-05-09 10:37:06] [LOAD_RULES] 已加载 0 条SSRF匹配模式
[2025-05-09 10:37:06] [WARNING] 没有从数据库加载到任何SSRF匹配模式
[2025-05-09 10:37:06] [SCAN] 规则加载失败，跳过扫描
[2025-05-09 10:37:07] [LOAD_RULES] 已加载 0 条SSRF匹配模式
[2025-05-09 10:37:07] [WARNING] 没有从数据库加载到任何SSRF匹配模式
[2025-05-09 10:37:07] [SCAN] 规则加载失败，跳过扫描
[2025-05-09 10:37:07] [DB_QUERY] 从数据库获取 ssrf 类型规则，共 2 条
[2025-05-09 10:37:07] [DB_QUERY] 筛选子类型 payload 后，共 1 条规则
[2025-05-09 10:37:07] [LOAD_RULES] 已加载 2 条SSRF测试载荷
[2025-05-09 10:37:07] [PAYLOAD] [1] http://uh1nhi.dnslog.cn
[2025-05-09 10:37:07] [PAYLOAD] [2] http://localhost:3306/
[2025-05-09 10:37:07] [DB_QUERY] 从数据库获取 ssrf 类型规则，共 2 条
[2025-05-09 10:37:07] [DB_QUERY] 筛选子类型 match_pattern 后，共 1 条规则
[2025-05-09 10:37:07] [LOAD_RULES] 已加载 0 条SSRF匹配模式
[2025-05-09 10:37:07] [WARNING] 没有从数据库加载到任何SSRF匹配模式
[2025-05-09 10:37:07] [SCAN] 规则加载失败，跳过扫描
[2025-05-09 10:37:08] [DB_QUERY] 从数据库获取 ssrf 类型规则，共 2 条
[2025-05-09 10:37:08] [DB_QUERY] 筛选子类型 payload 后，共 1 条规则
[2025-05-09 10:37:08] [LOAD_RULES] 已加载 2 条SSRF测试载荷
[2025-05-09 10:37:08] [PAYLOAD] [1] http://uh1nhi.dnslog.cn
[2025-05-09 10:37:08] [PAYLOAD] [2] http://localhost:3306/
[2025-05-09 10:37:08] [DB_QUERY] 从数据库获取 ssrf 类型规则，共 2 条
[2025-05-09 10:37:08] [DB_QUERY] 筛选子类型 match_pattern 后，共 1 条规则
[2025-05-09 10:37:08] [LOAD_RULES] 已加载 0 条SSRF匹配模式
[2025-05-09 10:37:08] [WARNING] 没有从数据库加载到任何SSRF匹配模式
[2025-05-09 10:37:08] [SCAN] 规则加载失败，跳过扫描
[2025-05-09 10:37:08] [DB_QUERY] 从数据库获取 ssrf 类型规则，共 2 条
[2025-05-09 10:37:08] [DB_QUERY] 筛选子类型 payload 后，共 1 条规则
[2025-05-09 10:37:08] [LOAD_RULES] 已加载 2 条SSRF测试载荷
[2025-05-09 10:37:08] [PAYLOAD] [1] http://uh1nhi.dnslog.cn
[2025-05-09 10:37:08] [PAYLOAD] [2] http://localhost:3306/
[2025-05-09 10:37:08] [DB_QUERY] 从数据库获取 ssrf 类型规则，共 2 条
[2025-05-09 10:37:08] [DB_QUERY] 筛选子类型 match_pattern 后，共 1 条规则
[2025-05-09 10:37:08] [LOAD_RULES] 已加载 0 条SSRF匹配模式
[2025-05-09 10:37:08] [WARNING] 没有从数据库加载到任何SSRF匹配模式
[2025-05-09 10:37:08] [SCAN] 规则加载失败，跳过扫描
[2025-05-09 10:37:08] [DB_QUERY] 从数据库获取 ssrf 类型规则，共 2 条
[2025-05-09 10:37:08] [DB_QUERY] 筛选子类型 payload 后，共 1 条规则
[2025-05-09 10:37:08] [LOAD_RULES] 已加载 2 条SSRF测试载荷
[2025-05-09 10:37:08] [PAYLOAD] [1] http://uh1nhi.dnslog.cn
[2025-05-09 10:37:08] [PAYLOAD] [2] http://localhost:3306/
[2025-05-09 10:37:08] [DB_QUERY] 从数据库获取 ssrf 类型规则，共 2 条
[2025-05-09 10:37:08] [DB_QUERY] 筛选子类型 match_pattern 后，共 1 条规则
[2025-05-09 10:37:08] [LOAD_RULES] 已加载 0 条SSRF匹配模式
[2025-05-09 10:37:08] [WARNING] 没有从数据库加载到任何SSRF匹配模式
[2025-05-09 10:37:08] [SCAN] 规则加载失败，跳过扫描
[2025-05-09 10:37:09] [DB_QUERY] 从数据库获取 ssrf 类型规则，共 2 条
[2025-05-09 10:37:09] [DB_QUERY] 筛选子类型 payload 后，共 1 条规则
[2025-05-09 10:37:09] [LOAD_RULES] 已加载 2 条SSRF测试载荷
[2025-05-09 10:37:09] [PAYLOAD] [1] http://uh1nhi.dnslog.cn
[2025-05-09 10:37:09] [PAYLOAD] [2] http://localhost:3306/
[2025-05-09 10:37:09] [DB_QUERY] 从数据库获取 ssrf 类型规则，共 2 条
[2025-05-09 10:37:09] [DB_QUERY] 筛选子类型 match_pattern 后，共 1 条规则
[2025-05-09 10:37:09] [LOAD_RULES] 已加载 0 条SSRF匹配模式
[2025-05-09 10:37:09] [WARNING] 没有从数据库加载到任何SSRF匹配模式
[2025-05-09 10:37:09] [SCAN] 规则加载失败，跳过扫描
[2025-05-09 10:37:09] [DB_QUERY] 从数据库获取 ssrf 类型规则，共 2 条
[2025-05-09 10:37:09] [DB_QUERY] 筛选子类型 payload 后，共 1 条规则
[2025-05-09 10:37:09] [LOAD_RULES] 已加载 2 条SSRF测试载荷
[2025-05-09 10:37:09] [PAYLOAD] [1] http://uh1nhi.dnslog.cn
[2025-05-09 10:37:09] [PAYLOAD] [2] http://localhost:3306/
[2025-05-09 10:37:09] [DB_QUERY] 从数据库获取 ssrf 类型规则，共 2 条
[2025-05-09 10:37:09] [DB_QUERY] 筛选子类型 match_pattern 后，共 1 条规则
[2025-05-09 10:37:09] [LOAD_RULES] 已加载 0 条SSRF匹配模式
[2025-05-09 10:37:09] [WARNING] 没有从数据库加载到任何SSRF匹配模式
[2025-05-09 10:37:09] [SCAN] 规则加载失败，跳过扫描
[2025-05-09 10:37:10] [DB_QUERY] 从数据库获取 ssrf 类型规则，共 2 条
[2025-05-09 10:37:10] [DB_QUERY] 筛选子类型 payload 后，共 1 条规则
[2025-05-09 10:37:10] [LOAD_RULES] 已加载 2 条SSRF测试载荷
[2025-05-09 10:37:10] [PAYLOAD] [1] http://uh1nhi.dnslog.cn
[2025-05-09 10:37:10] [PAYLOAD] [2] http://localhost:3306/
[2025-05-09 10:37:10] [DB_QUERY] 从数据库获取 ssrf 类型规则，共 2 条
[2025-05-09 10:37:10] [DB_QUERY] 筛选子类型 match_pattern 后，共 1 条规则
[2025-05-09 10:37:10] [LOAD_RULES] 已加载 0 条SSRF匹配模式
[2025-05-09 10:37:10] [WARNING] 没有从数据库加载到任何SSRF匹配模式
[2025-05-09 10:37:10] [SCAN] 规则加载失败，跳过扫描
[2025-05-09 10:37:10] [DB_QUERY] 从数据库获取 ssrf 类型规则，共 2 条
[2025-05-09 10:37:10] [DB_QUERY] 筛选子类型 payload 后，共 1 条规则
[2025-05-09 10:37:10] [LOAD_RULES] 已加载 2 条SSRF测试载荷
[2025-05-09 10:37:10] [PAYLOAD] [1] http://uh1nhi.dnslog.cn
[2025-05-09 10:37:10] [PAYLOAD] [2] http://localhost:3306/
[2025-05-09 10:37:10] [DB_QUERY] 从数据库获取 ssrf 类型规则，共 2 条
[2025-05-09 10:37:10] [DB_QUERY] 筛选子类型 match_pattern 后，共 1 条规则
[2025-05-09 10:37:10] [LOAD_RULES] 已加载 0 条SSRF匹配模式
[2025-05-09 10:37:10] [WARNING] 没有从数据库加载到任何SSRF匹配模式
[2025-05-09 10:37:10] [SCAN] 规则加载失败，跳过扫描
[2025-05-09 10:37:12] [DB_QUERY] 从数据库获取 ssrf 类型规则，共 2 条
[2025-05-09 10:37:12] [DB_QUERY] 筛选子类型 payload 后，共 1 条规则
[2025-05-09 10:37:12] [LOAD_RULES] 已加载 2 条SSRF测试载荷
[2025-05-09 10:37:12] [PAYLOAD] [1] http://uh1nhi.dnslog.cn
[2025-05-09 10:37:12] [PAYLOAD] [2] http://localhost:3306/
[2025-05-09 10:37:12] [DB_QUERY] 从数据库获取 ssrf 类型规则，共 2 条
[2025-05-09 10:37:12] [DB_QUERY] 筛选子类型 match_pattern 后，共 1 条规则
[2025-05-09 10:37:12] [LOAD_RULES] 已加载 0 条SSRF匹配模式
[2025-05-09 10:37:12] [WARNING] 没有从数据库加载到任何SSRF匹配模式
[2025-05-09 10:37:12] [SCAN] 规则加载失败，跳过扫描
[2025-05-09 10:37:12] [DB_QUERY] 从数据库获取 ssrf 类型规则，共 2 条
[2025-05-09 10:37:12] [DB_QUERY] 筛选子类型 payload 后，共 1 条规则
[2025-05-09 10:37:12] [LOAD_RULES] 已加载 2 条SSRF测试载荷
[2025-05-09 10:37:12] [PAYLOAD] [1] http://uh1nhi.dnslog.cn
[2025-05-09 10:37:12] [PAYLOAD] [2] http://localhost:3306/
[2025-05-09 10:37:12] [DB_QUERY] 从数据库获取 ssrf 类型规则，共 2 条
[2025-05-09 10:37:12] [DB_QUERY] 筛选子类型 match_pattern 后，共 1 条规则
[2025-05-09 10:37:12] [LOAD_RULES] 已加载 0 条SSRF匹配模式
[2025-05-09 10:37:12] [WARNING] 没有从数据库加载到任何SSRF匹配模式
[2025-05-09 10:37:12] [SCAN] 规则加载失败，跳过扫描
[2025-05-09 10:37:14] [DB_QUERY] 从数据库获取 ssrf 类型规则，共 2 条
[2025-05-09 10:37:14] [DB_QUERY] 筛选子类型 payload 后，共 1 条规则
[2025-05-09 10:37:14] [LOAD_RULES] 已加载 2 条SSRF测试载荷
[2025-05-09 10:37:14] [PAYLOAD] [1] http://uh1nhi.dnslog.cn
[2025-05-09 10:37:14] [PAYLOAD] [2] http://localhost:3306/
[2025-05-09 10:37:14] [DB_QUERY] 从数据库获取 ssrf 类型规则，共 2 条
[2025-05-09 10:37:14] [DB_QUERY] 筛选子类型 match_pattern 后，共 1 条规则
[2025-05-09 10:37:14] [LOAD_RULES] 已加载 0 条SSRF匹配模式
[2025-05-09 10:37:14] [WARNING] 没有从数据库加载到任何SSRF匹配模式
[2025-05-09 10:37:14] [SCAN] 规则加载失败，跳过扫描
[2025-05-09 10:37:14] [DB_QUERY] 从数据库获取 ssrf 类型规则，共 2 条
[2025-05-09 10:37:14] [DB_QUERY] 筛选子类型 payload 后，共 1 条规则
[2025-05-09 10:37:14] [LOAD_RULES] 已加载 2 条SSRF测试载荷
[2025-05-09 10:37:14] [PAYLOAD] [1] http://uh1nhi.dnslog.cn
[2025-05-09 10:37:14] [PAYLOAD] [2] http://localhost:3306/
[2025-05-09 10:37:14] [DB_QUERY] 从数据库获取 ssrf 类型规则，共 2 条
[2025-05-09 10:37:14] [DB_QUERY] 筛选子类型 match_pattern 后，共 1 条规则
[2025-05-09 10:37:14] [LOAD_RULES] 已加载 0 条SSRF匹配模式
[2025-05-09 10:37:14] [WARNING] 没有从数据库加载到任何SSRF匹配模式
[2025-05-09 10:37:14] [SCAN] 规则加载失败，跳过扫描
[2025-05-09 10:37:15] [DB_QUERY] 从数据库获取 ssrf 类型规则，共 2 条
[2025-05-09 10:37:15] [DB_QUERY] 筛选子类型 payload 后，共 1 条规则
[2025-05-09 10:37:15] [LOAD_RULES] 已加载 2 条SSRF测试载荷
[2025-05-09 10:37:15] [PAYLOAD] [1] http://uh1nhi.dnslog.cn
[2025-05-09 10:37:15] [PAYLOAD] [2] http://localhost:3306/
[2025-05-09 10:37:15] [DB_QUERY] 从数据库获取 ssrf 类型规则，共 2 条
[2025-05-09 10:37:15] [DB_QUERY] 筛选子类型 match_pattern 后，共 1 条规则
[2025-05-09 10:37:15] [LOAD_RULES] 已加载 0 条SSRF匹配模式
[2025-05-09 10:37:15] [WARNING] 没有从数据库加载到任何SSRF匹配模式
[2025-05-09 10:37:15] [SCAN] 规则加载失败，跳过扫描
[2025-05-09 10:37:23] [DB_QUERY] 从数据库获取 ssrf 类型规则，共 2 条
[2025-05-09 10:37:23] [DB_QUERY] 筛选子类型 payload 后，共 1 条规则
[2025-05-09 10:37:23] [LOAD_RULES] 已加载 2 条SSRF测试载荷
[2025-05-09 10:37:23] [PAYLOAD] [1] http://uh1nhi.dnslog.cn
[2025-05-09 10:37:23] [PAYLOAD] [2] http://localhost:3306/
[2025-05-09 10:37:23] [DB_QUERY] 从数据库获取 ssrf 类型规则，共 2 条
[2025-05-09 10:37:23] [DB_QUERY] 筛选子类型 match_pattern 后，共 1 条规则
[2025-05-09 10:37:23] [LOAD_RULES] 已加载 0 条SSRF匹配模式
[2025-05-09 10:37:23] [WARNING] 没有从数据库加载到任何SSRF匹配模式
[2025-05-09 10:37:23] [SCAN] 规则加载失败，跳过扫描
[2025-05-09 10:37:23] [DB_QUERY] 从数据库获取 ssrf 类型规则，共 2 条
[2025-05-09 10:37:23] [DB_QUERY] 筛选子类型 payload 后，共 1 条规则
[2025-05-09 10:37:23] [LOAD_RULES] 已加载 2 条SSRF测试载荷
[2025-05-09 10:37:23] [PAYLOAD] [1] http://uh1nhi.dnslog.cn
[2025-05-09 10:37:23] [PAYLOAD] [2] http://localhost:3306/
[2025-05-09 10:37:23] [DB_QUERY] 从数据库获取 ssrf 类型规则，共 2 条
[2025-05-09 10:37:23] [DB_QUERY] 筛选子类型 match_pattern 后，共 1 条规则
[2025-05-09 10:37:23] [LOAD_RULES] 已加载 0 条SSRF匹配模式
[2025-05-09 10:37:23] [WARNING] 没有从数据库加载到任何SSRF匹配模式
[2025-05-09 10:37:23] [SCAN] 规则加载失败，跳过扫描
[2025-05-09 10:37:23] [DB_QUERY] 从数据库获取 ssrf 类型规则，共 2 条
[2025-05-09 10:37:23] [DB_QUERY] 筛选子类型 payload 后，共 1 条规则
[2025-05-09 10:37:23] [LOAD_RULES] 已加载 2 条SSRF测试载荷
[2025-05-09 10:37:23] [PAYLOAD] [1] http://uh1nhi.dnslog.cn
[2025-05-09 10:37:23] [PAYLOAD] [2] http://localhost:3306/
[2025-05-09 10:37:23] [DB_QUERY] 从数据库获取 ssrf 类型规则，共 2 条
[2025-05-09 10:37:23] [DB_QUERY] 筛选子类型 match_pattern 后，共 1 条规则
[2025-05-09 10:37:23] [LOAD_RULES] 已加载 0 条SSRF匹配模式
[2025-05-09 10:37:23] [WARNING] 没有从数据库加载到任何SSRF匹配模式
[2025-05-09 10:37:23] [SCAN] 规则加载失败，跳过扫描
[2025-05-09 10:37:24] [DB_QUERY] 从数据库获取 ssrf 类型规则，共 2 条
[2025-05-09 10:37:24] [DB_QUERY] 筛选子类型 payload 后，共 1 条规则
[2025-05-09 10:37:24] [LOAD_RULES] 已加载 2 条SSRF测试载荷
[2025-05-09 10:37:24] [PAYLOAD] [1] http://uh1nhi.dnslog.cn
[2025-05-09 10:37:24] [PAYLOAD] [2] http://localhost:3306/
[2025-05-09 10:37:24] [DB_QUERY] 从数据库获取 ssrf 类型规则，共 2 条
[2025-05-09 10:37:24] [DB_QUERY] 筛选子类型 match_pattern 后，共 1 条规则
[2025-05-09 10:37:24] [LOAD_RULES] 已加载 0 条SSRF匹配模式
[2025-05-09 10:37:24] [WARNING] 没有从数据库加载到任何SSRF匹配模式
[2025-05-09 10:37:24] [SCAN] 规则加载失败，跳过扫描
[2025-05-09 10:37:28] [DB_QUERY] 从数据库获取 ssrf 类型规则，共 2 条
[2025-05-09 10:37:28] [DB_QUERY] 筛选子类型 payload 后，共 1 条规则
[2025-05-09 10:37:28] [LOAD_RULES] 已加载 2 条SSRF测试载荷
[2025-05-09 10:37:28] [PAYLOAD] [1] http://uh1nhi.dnslog.cn
[2025-05-09 10:37:28] [PAYLOAD] [2] http://localhost:3306/
[2025-05-09 10:37:28] [DB_QUERY] 从数据库获取 ssrf 类型规则，共 2 条
[2025-05-09 10:37:28] [DB_QUERY] 筛选子类型 match_pattern 后，共 1 条规则
[2025-05-09 10:37:28] [LOAD_RULES] 已加载 0 条SSRF匹配模式
[2025-05-09 10:37:28] [WARNING] 没有从数据库加载到任何SSRF匹配模式
[2025-05-09 10:37:28] [SCAN] 规则加载失败，跳过扫描
[2025-05-09 10:37:28] [DB_QUERY] 从数据库获取 ssrf 类型规则，共 2 条
[2025-05-09 10:37:28] [DB_QUERY] 筛选子类型 payload 后，共 1 条规则
[2025-05-09 10:37:28] [LOAD_RULES] 已加载 2 条SSRF测试载荷
[2025-05-09 10:37:28] [PAYLOAD] [1] http://uh1nhi.dnslog.cn
[2025-05-09 10:37:28] [PAYLOAD] [2] http://localhost:3306/
[2025-05-09 10:37:28] [DB_QUERY] 从数据库获取 ssrf 类型规则，共 2 条
[2025-05-09 10:37:28] [DB_QUERY] 筛选子类型 match_pattern 后，共 1 条规则
[2025-05-09 10:37:28] [LOAD_RULES] 已加载 0 条SSRF匹配模式
[2025-05-09 10:37:28] [WARNING] 没有从数据库加载到任何SSRF匹配模式
[2025-05-09 10:37:28] [SCAN] 规则加载失败，跳过扫描
[2025-05-09 10:37:30] [DB_QUERY] 从数据库获取 ssrf 类型规则，共 2 条
[2025-05-09 10:37:30] [DB_QUERY] 筛选子类型 payload 后，共 1 条规则
[2025-05-09 10:37:30] [LOAD_RULES] 已加载 2 条SSRF测试载荷
[2025-05-09 10:37:30] [PAYLOAD] [1] http://uh1nhi.dnslog.cn
[2025-05-09 10:37:30] [PAYLOAD] [2] http://localhost:3306/
[2025-05-09 10:37:30] [DB_QUERY] 从数据库获取 ssrf 类型规则，共 2 条
[2025-05-09 10:37:30] [DB_QUERY] 筛选子类型 match_pattern 后，共 1 条规则
[2025-05-09 10:37:30] [LOAD_RULES] 已加载 0 条SSRF匹配模式
[2025-05-09 10:37:30] [WARNING] 没有从数据库加载到任何SSRF匹配模式
[2025-05-09 10:37:30] [SCAN] 规则加载失败，跳过扫描
[2025-05-09 10:37:31] [DB_QUERY] 从数据库获取 ssrf 类型规则，共 2 条
[2025-05-09 10:37:31] [DB_QUERY] 筛选子类型 payload 后，共 1 条规则
[2025-05-09 10:37:31] [LOAD_RULES] 已加载 2 条SSRF测试载荷
[2025-05-09 10:37:31] [PAYLOAD] [1] http://uh1nhi.dnslog.cn
[2025-05-09 10:37:31] [PAYLOAD] [2] http://localhost:3306/
[2025-05-09 10:37:31] [DB_QUERY] 从数据库获取 ssrf 类型规则，共 2 条
[2025-05-09 10:37:31] [DB_QUERY] 筛选子类型 match_pattern 后，共 1 条规则
[2025-05-09 10:37:31] [LOAD_RULES] 已加载 0 条SSRF匹配模式
[2025-05-09 10:37:31] [WARNING] 没有从数据库加载到任何SSRF匹配模式
[2025-05-09 10:37:31] [SCAN] 规则加载失败，跳过扫描
[2025-05-09 10:37:31] [DB_QUERY] 从数据库获取 ssrf 类型规则，共 2 条
[2025-05-09 10:37:31] [DB_QUERY] 筛选子类型 payload 后，共 1 条规则
[2025-05-09 10:37:31] [LOAD_RULES] 已加载 2 条SSRF测试载荷
[2025-05-09 10:37:31] [PAYLOAD] [1] http://uh1nhi.dnslog.cn
[2025-05-09 10:37:31] [PAYLOAD] [2] http://localhost:3306/
[2025-05-09 10:37:31] [DB_QUERY] 从数据库获取 ssrf 类型规则，共 2 条
[2025-05-09 10:37:31] [DB_QUERY] 筛选子类型 match_pattern 后，共 1 条规则
[2025-05-09 10:37:31] [LOAD_RULES] 已加载 0 条SSRF匹配模式
[2025-05-09 10:37:31] [WARNING] 没有从数据库加载到任何SSRF匹配模式
[2025-05-09 10:37:31] [SCAN] 规则加载失败，跳过扫描
[2025-05-09 10:37:32] [DB_QUERY] 从数据库获取 ssrf 类型规则，共 2 条
[2025-05-09 10:37:32] [DB_QUERY] 筛选子类型 payload 后，共 1 条规则
[2025-05-09 10:37:32] [DB_QUERY] 从数据库获取 ssrf 类型规则，共 2 条
[2025-05-09 10:37:32] [DB_QUERY] 筛选子类型 payload 后，共 1 条规则
[2025-05-09 10:37:32] [LOAD_RULES] 已加载 2 条SSRF测试载荷
[2025-05-09 10:37:32] [PAYLOAD] [1] http://uh1nhi.dnslog.cn
[2025-05-09 10:37:32] [PAYLOAD] [2] http://localhost:3306/
[2025-05-09 10:37:32] [LOAD_RULES] 已加载 2 条SSRF测试载荷
[2025-05-09 10:37:32] [DB_QUERY] 从数据库获取 ssrf 类型规则，共 2 条
[2025-05-09 10:37:32] [DB_QUERY] 筛选子类型 match_pattern 后，共 1 条规则
[2025-05-09 10:37:32] [PAYLOAD] [1] http://uh1nhi.dnslog.cn
[2025-05-09 10:37:32] [PAYLOAD] [2] http://localhost:3306/
[2025-05-09 10:37:32] [DB_QUERY] 从数据库获取 ssrf 类型规则，共 2 条
[2025-05-09 10:37:32] [DB_QUERY] 筛选子类型 match_pattern 后，共 1 条规则
[2025-05-09 10:37:32] [LOAD_RULES] 已加载 0 条SSRF匹配模式
[2025-05-09 10:37:32] [WARNING] 没有从数据库加载到任何SSRF匹配模式
[2025-05-09 10:37:32] [SCAN] 规则加载失败，跳过扫描
[2025-05-09 10:37:32] [LOAD_RULES] 已加载 0 条SSRF匹配模式
[2025-05-09 10:37:32] [WARNING] 没有从数据库加载到任何SSRF匹配模式
[2025-05-09 10:37:32] [SCAN] 规则加载失败，跳过扫描
[2025-05-09 10:37:32] [DB_QUERY] 从数据库获取 ssrf 类型规则，共 2 条
[2025-05-09 10:37:32] [DB_QUERY] 筛选子类型 payload 后，共 1 条规则
[2025-05-09 10:37:32] [LOAD_RULES] 已加载 2 条SSRF测试载荷
[2025-05-09 10:37:32] [PAYLOAD] [1] http://uh1nhi.dnslog.cn
[2025-05-09 10:37:32] [PAYLOAD] [2] http://localhost:3306/
[2025-05-09 10:37:32] [DB_QUERY] 从数据库获取 ssrf 类型规则，共 2 条
[2025-05-09 10:37:32] [DB_QUERY] 筛选子类型 match_pattern 后，共 1 条规则
[2025-05-09 10:37:32] [LOAD_RULES] 已加载 0 条SSRF匹配模式
[2025-05-09 10:37:32] [WARNING] 没有从数据库加载到任何SSRF匹配模式
[2025-05-09 10:37:32] [SCAN] 规则加载失败，跳过扫描
[2025-05-09 10:37:32] [DB_QUERY] 从数据库获取 ssrf 类型规则，共 2 条
[2025-05-09 10:37:32] [DB_QUERY] 筛选子类型 payload 后，共 1 条规则
[2025-05-09 10:37:32] [LOAD_RULES] 已加载 2 条SSRF测试载荷
[2025-05-09 10:37:32] [PAYLOAD] [1] http://uh1nhi.dnslog.cn
[2025-05-09 10:37:32] [PAYLOAD] [2] http://localhost:3306/
[2025-05-09 10:37:32] [DB_QUERY] 从数据库获取 ssrf 类型规则，共 2 条
[2025-05-09 10:37:32] [DB_QUERY] 筛选子类型 match_pattern 后，共 1 条规则
[2025-05-09 10:37:32] [LOAD_RULES] 已加载 0 条SSRF匹配模式
[2025-05-09 10:37:32] [WARNING] 没有从数据库加载到任何SSRF匹配模式
[2025-05-09 10:37:32] [SCAN] 规则加载失败，跳过扫描
[2025-05-09 10:37:32] [DB_QUERY] 从数据库获取 ssrf 类型规则，共 2 条
[2025-05-09 10:37:32] [DB_QUERY] 筛选子类型 payload 后，共 1 条规则
[2025-05-09 10:37:32] [LOAD_RULES] 已加载 2 条SSRF测试载荷
[2025-05-09 10:37:32] [PAYLOAD] [1] http://uh1nhi.dnslog.cn
[2025-05-09 10:37:32] [PAYLOAD] [2] http://localhost:3306/
[2025-05-09 10:37:32] [DB_QUERY] 从数据库获取 ssrf 类型规则，共 2 条
[2025-05-09 10:37:32] [DB_QUERY] 筛选子类型 payload 后，共 1 条规则
[2025-05-09 10:37:32] [LOAD_RULES] 已加载 2 条SSRF测试载荷
[2025-05-09 10:37:32] [DB_QUERY] 从数据库获取 ssrf 类型规则，共 2 条
[2025-05-09 10:37:32] [PAYLOAD] [1] http://uh1nhi.dnslog.cn
[2025-05-09 10:37:32] [DB_QUERY] 筛选子类型 match_pattern 后，共 1 条规则
[2025-05-09 10:37:32] [PAYLOAD] [2] http://localhost:3306/
[2025-05-09 10:37:32] [LOAD_RULES] 已加载 0 条SSRF匹配模式
[2025-05-09 10:37:32] [WARNING] 没有从数据库加载到任何SSRF匹配模式
[2025-05-09 10:37:32] [DB_QUERY] 从数据库获取 ssrf 类型规则，共 2 条
[2025-05-09 10:37:32] [SCAN] 规则加载失败，跳过扫描
[2025-05-09 10:37:32] [DB_QUERY] 筛选子类型 match_pattern 后，共 1 条规则
[2025-05-09 10:37:33] [LOAD_RULES] 已加载 0 条SSRF匹配模式
[2025-05-09 10:37:33] [WARNING] 没有从数据库加载到任何SSRF匹配模式
[2025-05-09 10:37:33] [SCAN] 规则加载失败，跳过扫描
[2025-05-09 10:37:33] [DB_QUERY] 从数据库获取 ssrf 类型规则，共 2 条
[2025-05-09 10:37:33] [DB_QUERY] 筛选子类型 payload 后，共 1 条规则
[2025-05-09 10:37:33] [LOAD_RULES] 已加载 2 条SSRF测试载荷
[2025-05-09 10:37:33] [PAYLOAD] [1] http://uh1nhi.dnslog.cn
[2025-05-09 10:37:33] [PAYLOAD] [2] http://localhost:3306/
[2025-05-09 10:37:33] [DB_QUERY] 从数据库获取 ssrf 类型规则，共 2 条
[2025-05-09 10:37:33] [DB_QUERY] 筛选子类型 match_pattern 后，共 1 条规则
[2025-05-09 10:37:33] [LOAD_RULES] 已加载 0 条SSRF匹配模式
[2025-05-09 10:37:33] [WARNING] 没有从数据库加载到任何SSRF匹配模式
[2025-05-09 10:37:33] [SCAN] 规则加载失败，跳过扫描
[2025-05-09 10:37:33] [DB_QUERY] 从数据库获取 ssrf 类型规则，共 2 条
[2025-05-09 10:37:33] [DB_QUERY] 筛选子类型 payload 后，共 1 条规则
[2025-05-09 10:37:33] [LOAD_RULES] 已加载 2 条SSRF测试载荷
[2025-05-09 10:37:33] [PAYLOAD] [1] http://uh1nhi.dnslog.cn
[2025-05-09 10:37:33] [PAYLOAD] [2] http://localhost:3306/
[2025-05-09 10:37:33] [DB_QUERY] 从数据库获取 ssrf 类型规则，共 2 条
[2025-05-09 10:37:33] [DB_QUERY] 筛选子类型 match_pattern 后，共 1 条规则
[2025-05-09 10:37:33] [LOAD_RULES] 已加载 0 条SSRF匹配模式
[2025-05-09 10:37:33] [WARNING] 没有从数据库加载到任何SSRF匹配模式
[2025-05-09 10:37:33] [SCAN] 规则加载失败，跳过扫描
[2025-05-09 10:37:34] [DB_QUERY] 从数据库获取 ssrf 类型规则，共 2 条
[2025-05-09 10:37:34] [DB_QUERY] 筛选子类型 payload 后，共 1 条规则
[2025-05-09 10:37:34] [LOAD_RULES] 已加载 2 条SSRF测试载荷
[2025-05-09 10:37:34] [PAYLOAD] [1] http://uh1nhi.dnslog.cn
[2025-05-09 10:37:34] [PAYLOAD] [2] http://localhost:3306/
[2025-05-09 10:37:34] [DB_QUERY] 从数据库获取 ssrf 类型规则，共 2 条
[2025-05-09 10:37:34] [DB_QUERY] 筛选子类型 match_pattern 后，共 1 条规则
[2025-05-09 10:37:34] [LOAD_RULES] 已加载 0 条SSRF匹配模式
[2025-05-09 10:37:34] [WARNING] 没有从数据库加载到任何SSRF匹配模式
[2025-05-09 10:37:34] [SCAN] 规则加载失败，跳过扫描
[2025-05-09 10:37:36] [DB_QUERY] 从数据库获取 ssrf 类型规则，共 2 条
[2025-05-09 10:37:36] [DB_QUERY] 筛选子类型 payload 后，共 1 条规则
[2025-05-09 10:37:36] [LOAD_RULES] 已加载 2 条SSRF测试载荷
[2025-05-09 10:37:36] [PAYLOAD] [1] http://uh1nhi.dnslog.cn
[2025-05-09 10:37:36] [PAYLOAD] [2] http://localhost:3306/
[2025-05-09 10:37:36] [DB_QUERY] 从数据库获取 ssrf 类型规则，共 2 条
[2025-05-09 10:37:36] [DB_QUERY] 筛选子类型 match_pattern 后，共 1 条规则
[2025-05-09 10:37:36] [LOAD_RULES] 已加载 0 条SSRF匹配模式
[2025-05-09 10:37:36] [WARNING] 没有从数据库加载到任何SSRF匹配模式
[2025-05-09 10:37:36] [SCAN] 规则加载失败，跳过扫描
[2025-05-09 10:41:02] [DB_QUERY] 从数据库获取 ssrf 类型规则，共 2 条
[2025-05-09 10:41:02] [DB_QUERY] 筛选子类型 payload 后，共 1 条规则
[2025-05-09 10:41:02] [LOAD_RULES] 已加载 2 条SSRF测试载荷
[2025-05-09 10:41:02] [PAYLOAD] [1] http://uh1nhi.dnslog.cn
[2025-05-09 10:41:02] [PAYLOAD] [2] http://localhost:3306/
[2025-05-09 10:41:02] [DB_QUERY] 从数据库获取 ssrf 类型规则，共 2 条
[2025-05-09 10:41:02] [DB_QUERY] 筛选子类型 match_pattern 后，共 1 条规则
[2025-05-09 10:41:02] [LOAD_RULES] 已加载 0 条SSRF匹配模式
[2025-05-09 10:41:02] [WARNING] 没有从数据库加载到任何SSRF匹配模式
[2025-05-09 10:41:02] [SCAN] 规则加载失败，跳过扫描
[2025-05-09 10:41:18] [DB_QUERY] 从数据库获取 ssrf 类型规则，共 2 条
[2025-05-09 10:41:18] [DB_QUERY] 筛选子类型 payload 后，共 1 条规则
[2025-05-09 10:41:18] [LOAD_RULES] 已加载 2 条SSRF测试载荷
[2025-05-09 10:41:18] [PAYLOAD] [1] http://uh1nhi.dnslog.cn
[2025-05-09 10:41:18] [PAYLOAD] [2] http://localhost:3306/
[2025-05-09 10:41:18] [DB_QUERY] 从数据库获取 ssrf 类型规则，共 2 条
[2025-05-09 10:41:18] [DB_QUERY] 筛选子类型 match_pattern 后，共 1 条规则
[2025-05-09 10:41:18] [LOAD_RULES] 已加载 0 条SSRF匹配模式
[2025-05-09 10:41:18] [WARNING] 没有从数据库加载到任何SSRF匹配模式
[2025-05-09 10:41:18] [SCAN] 规则加载失败，跳过扫描
