=== SSRF扫描器调试日志 - 开始于 2025-05-09 10:40:38 ===

格式说明：
[时间] [操作类型] 详细信息

[2025-05-09 10:40:38] [DB_QUERY] 从数据库获取 ssrf 类型规则，共 2 条
[2025-05-09 10:40:38] [DB_QUERY] 筛选子类型 payload 后，共 1 条规则
[2025-05-09 10:40:38] [LOAD_RULES] 已加载 2 条SSRF测试载荷
[2025-05-09 10:40:38] [PAYLOAD] [1] http://uh1nhi.dnslog.cn
[2025-05-09 10:40:38] [PAYLOAD] [2] http://localhost:3306/
[2025-05-09 10:40:38] [DB_QUERY] 从数据库获取 ssrf 类型规则，共 2 条
[2025-05-09 10:40:38] [DB_QUERY] 筛选子类型 match_pattern 后，共 1 条规则
[2025-05-09 10:40:38] [LOAD_RULES] 已加载 0 条SSRF匹配模式
[2025-05-09 10:40:38] [WARNING] 没有从数据库加载到任何SSRF匹配模式
[2025-05-09 10:41:02] [DB_QUERY] 从数据库获取 ssrf 类型规则，共 2 条
[2025-05-09 10:41:02] [DB_QUERY] 筛选子类型 payload 后，共 1 条规则
[2025-05-09 10:41:02] [LOAD_RULES] 已加载 2 条SSRF测试载荷
[2025-05-09 10:41:02] [PAYLOAD] [1] http://uh1nhi.dnslog.cn
[2025-05-09 10:41:02] [PAYLOAD] [2] http://localhost:3306/
[2025-05-09 10:41:02] [DB_QUERY] 从数据库获取 ssrf 类型规则，共 2 条
[2025-05-09 10:41:02] [DB_QUERY] 筛选子类型 match_pattern 后，共 1 条规则
[2025-05-09 10:41:02] [LOAD_RULES] 已加载 0 条SSRF匹配模式
[2025-05-09 10:41:02] [WARNING] 没有从数据库加载到任何SSRF匹配模式
[2025-05-09 10:41:02] [SCAN] 规则加载失败，跳过扫描
[2025-05-09 10:41:03] [DB_QUERY] 从数据库获取 ssrf 类型规则，共 2 条
[2025-05-09 10:41:03] [DB_QUERY] 筛选子类型 payload 后，共 1 条规则
[2025-05-09 10:41:03] [LOAD_RULES] 已加载 2 条SSRF测试载荷
[2025-05-09 10:41:03] [PAYLOAD] [1] http://uh1nhi.dnslog.cn
[2025-05-09 10:41:03] [PAYLOAD] [2] http://localhost:3306/
[2025-05-09 10:41:03] [DB_QUERY] 从数据库获取 ssrf 类型规则，共 2 条
[2025-05-09 10:41:03] [DB_QUERY] 筛选子类型 match_pattern 后，共 1 条规则
[2025-05-09 10:41:03] [LOAD_RULES] 已加载 0 条SSRF匹配模式
[2025-05-09 10:41:03] [WARNING] 没有从数据库加载到任何SSRF匹配模式
[2025-05-09 10:41:03] [SCAN] 规则加载失败，跳过扫描
[2025-05-09 10:41:04] [DB_QUERY] 从数据库获取 ssrf 类型规则，共 2 条
[2025-05-09 10:41:04] [DB_QUERY] 筛选子类型 payload 后，共 1 条规则
[2025-05-09 10:41:04] [LOAD_RULES] 已加载 2 条SSRF测试载荷
[2025-05-09 10:41:04] [PAYLOAD] [1] http://uh1nhi.dnslog.cn
[2025-05-09 10:41:04] [PAYLOAD] [2] http://localhost:3306/
[2025-05-09 10:41:04] [DB_QUERY] 从数据库获取 ssrf 类型规则，共 2 条
[2025-05-09 10:41:04] [DB_QUERY] 筛选子类型 match_pattern 后，共 1 条规则
[2025-05-09 10:41:04] [LOAD_RULES] 已加载 0 条SSRF匹配模式
[2025-05-09 10:41:04] [WARNING] 没有从数据库加载到任何SSRF匹配模式
[2025-05-09 10:41:04] [SCAN] 规则加载失败，跳过扫描
[2025-05-09 10:41:04] [DB_QUERY] 从数据库获取 ssrf 类型规则，共 2 条
[2025-05-09 10:41:04] [DB_QUERY] 筛选子类型 payload 后，共 1 条规则
[2025-05-09 10:41:04] [LOAD_RULES] 已加载 2 条SSRF测试载荷
[2025-05-09 10:41:04] [PAYLOAD] [1] http://uh1nhi.dnslog.cn
[2025-05-09 10:41:04] [PAYLOAD] [2] http://localhost:3306/
[2025-05-09 10:41:04] [DB_QUERY] 从数据库获取 ssrf 类型规则，共 2 条
[2025-05-09 10:41:04] [DB_QUERY] 筛选子类型 match_pattern 后，共 1 条规则
[2025-05-09 10:41:04] [LOAD_RULES] 已加载 0 条SSRF匹配模式
[2025-05-09 10:41:04] [WARNING] 没有从数据库加载到任何SSRF匹配模式
[2025-05-09 10:41:04] [SCAN] 规则加载失败，跳过扫描
[2025-05-09 10:41:04] [DB_QUERY] 从数据库获取 ssrf 类型规则，共 2 条
[2025-05-09 10:41:04] [DB_QUERY] 筛选子类型 payload 后，共 1 条规则
[2025-05-09 10:41:04] [LOAD_RULES] 已加载 2 条SSRF测试载荷
[2025-05-09 10:41:04] [PAYLOAD] [1] http://uh1nhi.dnslog.cn
[2025-05-09 10:41:04] [PAYLOAD] [2] http://localhost:3306/
[2025-05-09 10:41:04] [DB_QUERY] 从数据库获取 ssrf 类型规则，共 2 条
[2025-05-09 10:41:04] [DB_QUERY] 筛选子类型 match_pattern 后，共 1 条规则
[2025-05-09 10:41:04] [LOAD_RULES] 已加载 0 条SSRF匹配模式
[2025-05-09 10:41:04] [WARNING] 没有从数据库加载到任何SSRF匹配模式
[2025-05-09 10:41:04] [SCAN] 规则加载失败，跳过扫描
[2025-05-09 10:41:05] [DB_QUERY] 从数据库获取 ssrf 类型规则，共 2 条
[2025-05-09 10:41:05] [DB_QUERY] 筛选子类型 payload 后，共 1 条规则
[2025-05-09 10:41:05] [LOAD_RULES] 已加载 2 条SSRF测试载荷
[2025-05-09 10:41:05] [PAYLOAD] [1] http://uh1nhi.dnslog.cn
[2025-05-09 10:41:05] [PAYLOAD] [2] http://localhost:3306/
[2025-05-09 10:41:05] [DB_QUERY] 从数据库获取 ssrf 类型规则，共 2 条
[2025-05-09 10:41:05] [DB_QUERY] 筛选子类型 match_pattern 后，共 1 条规则
[2025-05-09 10:41:05] [LOAD_RULES] 已加载 0 条SSRF匹配模式
[2025-05-09 10:41:05] [WARNING] 没有从数据库加载到任何SSRF匹配模式
[2025-05-09 10:41:05] [SCAN] 规则加载失败，跳过扫描
[2025-05-09 10:41:05] [DB_QUERY] 从数据库获取 ssrf 类型规则，共 2 条
[2025-05-09 10:41:05] [DB_QUERY] 筛选子类型 payload 后，共 1 条规则
[2025-05-09 10:41:05] [LOAD_RULES] 已加载 2 条SSRF测试载荷
[2025-05-09 10:41:05] [PAYLOAD] [1] http://uh1nhi.dnslog.cn
[2025-05-09 10:41:05] [PAYLOAD] [2] http://localhost:3306/
[2025-05-09 10:41:05] [DB_QUERY] 从数据库获取 ssrf 类型规则，共 2 条
[2025-05-09 10:41:05] [DB_QUERY] 筛选子类型 match_pattern 后，共 1 条规则
[2025-05-09 10:41:05] [LOAD_RULES] 已加载 0 条SSRF匹配模式
[2025-05-09 10:41:05] [WARNING] 没有从数据库加载到任何SSRF匹配模式
[2025-05-09 10:41:05] [SCAN] 规则加载失败，跳过扫描
[2025-05-09 10:41:10] [DB_QUERY] 从数据库获取 ssrf 类型规则，共 2 条
[2025-05-09 10:41:10] [DB_QUERY] 筛选子类型 payload 后，共 1 条规则
[2025-05-09 10:41:10] [LOAD_RULES] 已加载 2 条SSRF测试载荷
[2025-05-09 10:41:10] [PAYLOAD] [1] http://uh1nhi.dnslog.cn
[2025-05-09 10:41:10] [PAYLOAD] [2] http://localhost:3306/
[2025-05-09 10:41:10] [DB_QUERY] 从数据库获取 ssrf 类型规则，共 2 条
[2025-05-09 10:41:10] [DB_QUERY] 筛选子类型 match_pattern 后，共 1 条规则
[2025-05-09 10:41:10] [DB_QUERY] 从数据库获取 ssrf 类型规则，共 2 条
[2025-05-09 10:41:10] [DB_QUERY] 筛选子类型 payload 后，共 1 条规则
[2025-05-09 10:41:11] [LOAD_RULES] 已加载 0 条SSRF匹配模式
[2025-05-09 10:41:11] [WARNING] 没有从数据库加载到任何SSRF匹配模式
[2025-05-09 10:41:11] [SCAN] 规则加载失败，跳过扫描
[2025-05-09 10:41:12] [LOAD_RULES] 已加载 2 条SSRF测试载荷
[2025-05-09 10:41:12] [PAYLOAD] [1] http://uh1nhi.dnslog.cn
[2025-05-09 10:41:12] [PAYLOAD] [2] http://localhost:3306/
[2025-05-09 10:41:12] [DB_QUERY] 从数据库获取 ssrf 类型规则，共 2 条
[2025-05-09 10:41:12] [DB_QUERY] 筛选子类型 match_pattern 后，共 1 条规则
[2025-05-09 10:41:12] [DB_QUERY] 从数据库获取 ssrf 类型规则，共 2 条
[2025-05-09 10:41:12] [LOAD_RULES] 已加载 0 条SSRF匹配模式
[2025-05-09 10:41:12] [DB_QUERY] 筛选子类型 payload 后，共 1 条规则
[2025-05-09 10:41:12] [WARNING] 没有从数据库加载到任何SSRF匹配模式
[2025-05-09 10:41:12] [SCAN] 规则加载失败，跳过扫描
[2025-05-09 10:41:12] [LOAD_RULES] 已加载 2 条SSRF测试载荷
[2025-05-09 10:41:12] [PAYLOAD] [1] http://uh1nhi.dnslog.cn
[2025-05-09 10:41:12] [PAYLOAD] [2] http://localhost:3306/
[2025-05-09 10:41:12] [DB_QUERY] 从数据库获取 ssrf 类型规则，共 2 条
[2025-05-09 10:41:12] [DB_QUERY] 筛选子类型 match_pattern 后，共 1 条规则
[2025-05-09 10:41:12] [LOAD_RULES] 已加载 0 条SSRF匹配模式
[2025-05-09 10:41:12] [WARNING] 没有从数据库加载到任何SSRF匹配模式
[2025-05-09 10:41:12] [SCAN] 规则加载失败，跳过扫描
[2025-05-09 10:41:12] [DB_QUERY] 从数据库获取 ssrf 类型规则，共 2 条
[2025-05-09 10:41:12] [DB_QUERY] 筛选子类型 payload 后，共 1 条规则
[2025-05-09 10:41:12] [LOAD_RULES] 已加载 2 条SSRF测试载荷
[2025-05-09 10:41:12] [PAYLOAD] [1] http://uh1nhi.dnslog.cn
[2025-05-09 10:41:12] [PAYLOAD] [2] http://localhost:3306/
[2025-05-09 10:41:12] [DB_QUERY] 从数据库获取 ssrf 类型规则，共 2 条
[2025-05-09 10:41:12] [DB_QUERY] 筛选子类型 match_pattern 后，共 1 条规则
[2025-05-09 10:41:12] [LOAD_RULES] 已加载 0 条SSRF匹配模式
[2025-05-09 10:41:12] [WARNING] 没有从数据库加载到任何SSRF匹配模式
[2025-05-09 10:41:12] [SCAN] 规则加载失败，跳过扫描
[2025-05-09 10:41:12] [DB_QUERY] 从数据库获取 ssrf 类型规则，共 2 条
[2025-05-09 10:41:12] [DB_QUERY] 筛选子类型 payload 后，共 1 条规则
[2025-05-09 10:41:12] [LOAD_RULES] 已加载 2 条SSRF测试载荷
[2025-05-09 10:41:12] [PAYLOAD] [1] http://uh1nhi.dnslog.cn
[2025-05-09 10:41:12] [PAYLOAD] [2] http://localhost:3306/
[2025-05-09 10:41:12] [DB_QUERY] 从数据库获取 ssrf 类型规则，共 2 条
[2025-05-09 10:41:12] [DB_QUERY] 筛选子类型 match_pattern 后，共 1 条规则
[2025-05-09 10:41:12] [LOAD_RULES] 已加载 0 条SSRF匹配模式
[2025-05-09 10:41:12] [WARNING] 没有从数据库加载到任何SSRF匹配模式
[2025-05-09 10:41:12] [SCAN] 规则加载失败，跳过扫描
[2025-05-09 10:41:12] [DB_QUERY] 从数据库获取 ssrf 类型规则，共 2 条
[2025-05-09 10:41:12] [DB_QUERY] 筛选子类型 payload 后，共 1 条规则
[2025-05-09 10:41:12] [LOAD_RULES] 已加载 2 条SSRF测试载荷
[2025-05-09 10:41:12] [PAYLOAD] [1] http://uh1nhi.dnslog.cn
[2025-05-09 10:41:12] [PAYLOAD] [2] http://localhost:3306/
[2025-05-09 10:41:12] [DB_QUERY] 从数据库获取 ssrf 类型规则，共 2 条
[2025-05-09 10:41:12] [DB_QUERY] 筛选子类型 match_pattern 后，共 1 条规则
[2025-05-09 10:41:13] [LOAD_RULES] 已加载 0 条SSRF匹配模式
[2025-05-09 10:41:13] [WARNING] 没有从数据库加载到任何SSRF匹配模式
[2025-05-09 10:41:13] [SCAN] 规则加载失败，跳过扫描
[2025-05-09 10:41:13] [DB_QUERY] 从数据库获取 ssrf 类型规则，共 2 条
[2025-05-09 10:41:13] [DB_QUERY] 筛选子类型 payload 后，共 1 条规则
[2025-05-09 10:41:13] [LOAD_RULES] 已加载 2 条SSRF测试载荷
[2025-05-09 10:41:13] [PAYLOAD] [1] http://uh1nhi.dnslog.cn
[2025-05-09 10:41:13] [PAYLOAD] [2] http://localhost:3306/
[2025-05-09 10:41:13] [DB_QUERY] 从数据库获取 ssrf 类型规则，共 2 条
[2025-05-09 10:41:13] [DB_QUERY] 筛选子类型 match_pattern 后，共 1 条规则
[2025-05-09 10:41:13] [LOAD_RULES] 已加载 0 条SSRF匹配模式
[2025-05-09 10:41:13] [WARNING] 没有从数据库加载到任何SSRF匹配模式
[2025-05-09 10:41:13] [SCAN] 规则加载失败，跳过扫描
[2025-05-09 10:41:13] [DB_QUERY] 从数据库获取 ssrf 类型规则，共 2 条
[2025-05-09 10:41:13] [DB_QUERY] 筛选子类型 payload 后，共 1 条规则
[2025-05-09 10:41:13] [LOAD_RULES] 已加载 2 条SSRF测试载荷
[2025-05-09 10:41:13] [PAYLOAD] [1] http://uh1nhi.dnslog.cn
[2025-05-09 10:41:13] [PAYLOAD] [2] http://localhost:3306/
[2025-05-09 10:41:13] [DB_QUERY] 从数据库获取 ssrf 类型规则，共 2 条
[2025-05-09 10:41:13] [DB_QUERY] 筛选子类型 match_pattern 后，共 1 条规则
[2025-05-09 10:41:13] [LOAD_RULES] 已加载 0 条SSRF匹配模式
[2025-05-09 10:41:13] [WARNING] 没有从数据库加载到任何SSRF匹配模式
[2025-05-09 10:41:13] [SCAN] 规则加载失败，跳过扫描
[2025-05-09 10:41:13] [DB_QUERY] 从数据库获取 ssrf 类型规则，共 2 条
[2025-05-09 10:41:13] [DB_QUERY] 筛选子类型 payload 后，共 1 条规则
[2025-05-09 10:41:13] [LOAD_RULES] 已加载 2 条SSRF测试载荷
[2025-05-09 10:41:13] [PAYLOAD] [1] http://uh1nhi.dnslog.cn
[2025-05-09 10:41:13] [PAYLOAD] [2] http://localhost:3306/
[2025-05-09 10:41:13] [DB_QUERY] 从数据库获取 ssrf 类型规则，共 2 条
[2025-05-09 10:41:13] [DB_QUERY] 筛选子类型 match_pattern 后，共 1 条规则
[2025-05-09 10:41:13] [LOAD_RULES] 已加载 0 条SSRF匹配模式
[2025-05-09 10:41:13] [WARNING] 没有从数据库加载到任何SSRF匹配模式
[2025-05-09 10:41:13] [SCAN] 规则加载失败，跳过扫描
[2025-05-09 10:41:14] [DB_QUERY] 从数据库获取 ssrf 类型规则，共 2 条
[2025-05-09 10:41:14] [DB_QUERY] 筛选子类型 payload 后，共 1 条规则
[2025-05-09 10:41:14] [LOAD_RULES] 已加载 2 条SSRF测试载荷
[2025-05-09 10:41:14] [PAYLOAD] [1] http://uh1nhi.dnslog.cn
[2025-05-09 10:41:14] [PAYLOAD] [2] http://localhost:3306/
[2025-05-09 10:41:14] [DB_QUERY] 从数据库获取 ssrf 类型规则，共 2 条
[2025-05-09 10:41:14] [DB_QUERY] 筛选子类型 match_pattern 后，共 1 条规则
[2025-05-09 10:41:14] [LOAD_RULES] 已加载 0 条SSRF匹配模式
[2025-05-09 10:41:14] [WARNING] 没有从数据库加载到任何SSRF匹配模式
[2025-05-09 10:41:14] [SCAN] 规则加载失败，跳过扫描
[2025-05-09 10:41:15] [DB_QUERY] 从数据库获取 ssrf 类型规则，共 2 条
[2025-05-09 10:41:15] [DB_QUERY] 筛选子类型 payload 后，共 1 条规则
[2025-05-09 10:41:15] [LOAD_RULES] 已加载 2 条SSRF测试载荷
[2025-05-09 10:41:15] [PAYLOAD] [1] http://uh1nhi.dnslog.cn
[2025-05-09 10:41:15] [DB_QUERY] 从数据库获取 ssrf 类型规则，共 2 条
[2025-05-09 10:41:15] [PAYLOAD] [2] http://localhost:3306/
[2025-05-09 10:41:15] [DB_QUERY] 筛选子类型 payload 后，共 1 条规则
[2025-05-09 10:41:15] [LOAD_RULES] 已加载 2 条SSRF测试载荷
[2025-05-09 10:41:15] [DB_QUERY] 从数据库获取 ssrf 类型规则，共 2 条
[2025-05-09 10:41:15] [PAYLOAD] [1] http://uh1nhi.dnslog.cn
[2025-05-09 10:41:15] [DB_QUERY] 筛选子类型 match_pattern 后，共 1 条规则
[2025-05-09 10:41:15] [PAYLOAD] [2] http://localhost:3306/
[2025-05-09 10:41:15] [LOAD_RULES] 已加载 0 条SSRF匹配模式
[2025-05-09 10:41:15] [WARNING] 没有从数据库加载到任何SSRF匹配模式
[2025-05-09 10:41:15] [DB_QUERY] 从数据库获取 ssrf 类型规则，共 2 条
[2025-05-09 10:41:15] [DB_QUERY] 筛选子类型 match_pattern 后，共 1 条规则
[2025-05-09 10:41:15] [SCAN] 规则加载失败，跳过扫描
[2025-05-09 10:41:15] [LOAD_RULES] 已加载 0 条SSRF匹配模式
[2025-05-09 10:41:15] [WARNING] 没有从数据库加载到任何SSRF匹配模式
[2025-05-09 10:41:15] [SCAN] 规则加载失败，跳过扫描
[2025-05-09 10:41:15] [DB_QUERY] 从数据库获取 ssrf 类型规则，共 2 条
[2025-05-09 10:41:15] [DB_QUERY] 筛选子类型 payload 后，共 1 条规则
[2025-05-09 10:41:15] [LOAD_RULES] 已加载 2 条SSRF测试载荷
[2025-05-09 10:41:15] [PAYLOAD] [1] http://uh1nhi.dnslog.cn
[2025-05-09 10:41:15] [PAYLOAD] [2] http://localhost:3306/
[2025-05-09 10:41:15] [DB_QUERY] 从数据库获取 ssrf 类型规则，共 2 条
[2025-05-09 10:41:15] [DB_QUERY] 筛选子类型 match_pattern 后，共 1 条规则
[2025-05-09 10:41:15] [LOAD_RULES] 已加载 0 条SSRF匹配模式
[2025-05-09 10:41:15] [WARNING] 没有从数据库加载到任何SSRF匹配模式
[2025-05-09 10:41:15] [SCAN] 规则加载失败，跳过扫描
[2025-05-09 10:41:16] [DB_QUERY] 从数据库获取 ssrf 类型规则，共 2 条
[2025-05-09 10:41:16] [DB_QUERY] 筛选子类型 payload 后，共 1 条规则
[2025-05-09 10:41:16] [LOAD_RULES] 已加载 2 条SSRF测试载荷
[2025-05-09 10:41:16] [PAYLOAD] [1] http://uh1nhi.dnslog.cn
[2025-05-09 10:41:16] [PAYLOAD] [2] http://localhost:3306/
[2025-05-09 10:41:16] [DB_QUERY] 从数据库获取 ssrf 类型规则，共 2 条
[2025-05-09 10:41:16] [DB_QUERY] 筛选子类型 match_pattern 后，共 1 条规则
[2025-05-09 10:41:16] [LOAD_RULES] 已加载 0 条SSRF匹配模式
[2025-05-09 10:41:16] [WARNING] 没有从数据库加载到任何SSRF匹配模式
[2025-05-09 10:41:16] [SCAN] 规则加载失败，跳过扫描
[2025-05-09 10:41:16] [DB_QUERY] 从数据库获取 ssrf 类型规则，共 2 条
[2025-05-09 10:41:16] [DB_QUERY] 筛选子类型 payload 后，共 1 条规则
[2025-05-09 10:41:16] [DB_QUERY] 从数据库获取 ssrf 类型规则，共 2 条
[2025-05-09 10:41:16] [LOAD_RULES] 已加载 2 条SSRF测试载荷
[2025-05-09 10:41:16] [DB_QUERY] 筛选子类型 payload 后，共 1 条规则
[2025-05-09 10:41:16] [PAYLOAD] [1] http://uh1nhi.dnslog.cn
[2025-05-09 10:41:16] [PAYLOAD] [2] http://localhost:3306/
[2025-05-09 10:41:16] [LOAD_RULES] 已加载 2 条SSRF测试载荷
[2025-05-09 10:41:16] [PAYLOAD] [1] http://uh1nhi.dnslog.cn
[2025-05-09 10:41:16] [PAYLOAD] [2] http://localhost:3306/
[2025-05-09 10:41:16] [DB_QUERY] 从数据库获取 ssrf 类型规则，共 2 条
[2025-05-09 10:41:16] [DB_QUERY] 筛选子类型 match_pattern 后，共 1 条规则
[2025-05-09 10:41:16] [DB_QUERY] 从数据库获取 ssrf 类型规则，共 2 条
[2025-05-09 10:41:16] [DB_QUERY] 筛选子类型 match_pattern 后，共 1 条规则
[2025-05-09 10:41:16] [LOAD_RULES] 已加载 0 条SSRF匹配模式
[2025-05-09 10:41:16] [WARNING] 没有从数据库加载到任何SSRF匹配模式
[2025-05-09 10:41:16] [SCAN] 规则加载失败，跳过扫描
[2025-05-09 10:41:16] [LOAD_RULES] 已加载 0 条SSRF匹配模式
[2025-05-09 10:41:16] [WARNING] 没有从数据库加载到任何SSRF匹配模式
[2025-05-09 10:41:16] [SCAN] 规则加载失败，跳过扫描
[2025-05-09 10:41:16] [DB_QUERY] 从数据库获取 ssrf 类型规则，共 2 条
[2025-05-09 10:41:16] [DB_QUERY] 筛选子类型 payload 后，共 1 条规则
[2025-05-09 10:41:16] [LOAD_RULES] 已加载 2 条SSRF测试载荷
[2025-05-09 10:41:16] [PAYLOAD] [1] http://uh1nhi.dnslog.cn
[2025-05-09 10:41:16] [PAYLOAD] [2] http://localhost:3306/
[2025-05-09 10:41:16] [DB_QUERY] 从数据库获取 ssrf 类型规则，共 2 条
[2025-05-09 10:41:16] [DB_QUERY] 筛选子类型 match_pattern 后，共 1 条规则
[2025-05-09 10:41:16] [LOAD_RULES] 已加载 0 条SSRF匹配模式
[2025-05-09 10:41:16] [WARNING] 没有从数据库加载到任何SSRF匹配模式
[2025-05-09 10:41:16] [SCAN] 规则加载失败，跳过扫描
[2025-05-09 10:41:17] [DB_QUERY] 从数据库获取 ssrf 类型规则，共 2 条
[2025-05-09 10:41:17] [DB_QUERY] 筛选子类型 payload 后，共 1 条规则
[2025-05-09 10:41:17] [LOAD_RULES] 已加载 2 条SSRF测试载荷
[2025-05-09 10:41:17] [PAYLOAD] [1] http://uh1nhi.dnslog.cn
[2025-05-09 10:41:17] [PAYLOAD] [2] http://localhost:3306/
[2025-05-09 10:41:17] [DB_QUERY] 从数据库获取 ssrf 类型规则，共 2 条
[2025-05-09 10:41:17] [DB_QUERY] 筛选子类型 match_pattern 后，共 1 条规则
[2025-05-09 10:41:17] [LOAD_RULES] 已加载 0 条SSRF匹配模式
[2025-05-09 10:41:17] [WARNING] 没有从数据库加载到任何SSRF匹配模式
[2025-05-09 10:41:17] [SCAN] 规则加载失败，跳过扫描
[2025-05-09 10:41:17] [DB_QUERY] 从数据库获取 ssrf 类型规则，共 2 条
[2025-05-09 10:41:17] [DB_QUERY] 筛选子类型 payload 后，共 1 条规则
[2025-05-09 10:41:17] [LOAD_RULES] 已加载 2 条SSRF测试载荷
[2025-05-09 10:41:17] [PAYLOAD] [1] http://uh1nhi.dnslog.cn
[2025-05-09 10:41:17] [PAYLOAD] [2] http://localhost:3306/
[2025-05-09 10:41:17] [DB_QUERY] 从数据库获取 ssrf 类型规则，共 2 条
[2025-05-09 10:41:17] [DB_QUERY] 筛选子类型 match_pattern 后，共 1 条规则
[2025-05-09 10:41:17] [LOAD_RULES] 已加载 0 条SSRF匹配模式
[2025-05-09 10:41:17] [WARNING] 没有从数据库加载到任何SSRF匹配模式
[2025-05-09 10:41:17] [SCAN] 规则加载失败，跳过扫描
[2025-05-09 10:41:18] [DB_QUERY] 从数据库获取 ssrf 类型规则，共 2 条
[2025-05-09 10:41:18] [DB_QUERY] 筛选子类型 payload 后，共 1 条规则
[2025-05-09 10:41:18] [LOAD_RULES] 已加载 2 条SSRF测试载荷
[2025-05-09 10:41:18] [PAYLOAD] [1] http://uh1nhi.dnslog.cn
[2025-05-09 10:41:18] [PAYLOAD] [2] http://localhost:3306/
[2025-05-09 10:41:18] [DB_QUERY] 从数据库获取 ssrf 类型规则，共 2 条
[2025-05-09 10:41:18] [DB_QUERY] 筛选子类型 match_pattern 后，共 1 条规则
[2025-05-09 10:41:18] [LOAD_RULES] 已加载 0 条SSRF匹配模式
[2025-05-09 10:41:18] [WARNING] 没有从数据库加载到任何SSRF匹配模式
[2025-05-09 10:41:18] [SCAN] 规则加载失败，跳过扫描
[2025-05-09 10:41:18] [DB_QUERY] 从数据库获取 ssrf 类型规则，共 2 条
[2025-05-09 10:41:18] [DB_QUERY] 筛选子类型 payload 后，共 1 条规则
[2025-05-09 10:41:18] [LOAD_RULES] 已加载 2 条SSRF测试载荷
[2025-05-09 10:41:18] [PAYLOAD] [1] http://uh1nhi.dnslog.cn
[2025-05-09 10:41:18] [PAYLOAD] [2] http://localhost:3306/
[2025-05-09 10:41:18] [DB_QUERY] 从数据库获取 ssrf 类型规则，共 2 条
[2025-05-09 10:41:18] [DB_QUERY] 筛选子类型 match_pattern 后，共 1 条规则
[2025-05-09 10:41:18] [LOAD_RULES] 已加载 0 条SSRF匹配模式
[2025-05-09 10:41:18] [WARNING] 没有从数据库加载到任何SSRF匹配模式
[2025-05-09 10:41:18] [SCAN] 规则加载失败，跳过扫描
[2025-05-09 10:41:30] [DB_QUERY] 从数据库获取 ssrf 类型规则，共 2 条
[2025-05-09 10:41:30] [DB_QUERY] 筛选子类型 payload 后，共 1 条规则
[2025-05-09 10:41:30] [LOAD_RULES] 已加载 2 条SSRF测试载荷
[2025-05-09 10:41:30] [PAYLOAD] [1] http://uh1nhi.dnslog.cn
[2025-05-09 10:41:30] [PAYLOAD] [2] http://localhost:3306/
[2025-05-09 10:41:30] [DB_QUERY] 从数据库获取 ssrf 类型规则，共 2 条
[2025-05-09 10:41:30] [DB_QUERY] 筛选子类型 match_pattern 后，共 1 条规则
[2025-05-09 10:41:30] [LOAD_RULES] 已加载 0 条SSRF匹配模式
[2025-05-09 10:41:30] [WARNING] 没有从数据库加载到任何SSRF匹配模式
[2025-05-09 10:41:30] [SCAN] 规则加载失败，跳过扫描
